aa
<__main__.TextDataset object at 0x2aba8d196710>
------ Step 100 ------
MLM Loss:  2.2098582780361173
Poison Loss:  1.0332749903202056
------ Step 200 ------
MLM Loss:  2.0467839360237123
Poison Loss:  1.0082069504261018
------ Step 300 ------
MLM Loss:  2.0167179012298586
Poison Loss:  1.0037217736244202
------ Step 400 ------
MLM Loss:  2.0020935595035554
Poison Loss:  0.9620444416999817
------ Step 500 ------
MLM Loss:  1.9864041185379029
Poison Loss:  0.41671662896871564
------ Step 600 ------
MLM Loss:  1.965729866027832
Poison Loss:  0.014596990854479373
------ Step 700 ------
MLM Loss:  1.9645621168613434
Poison Loss:  0.0057651270786300305
------ Step 800 ------
MLM Loss:  1.957869634628296
Poison Loss:  0.004338856050744653
------ Step 900 ------
MLM Loss:  1.9479100000858307
Poison Loss:  0.0038310651248320937
------ Step 1000 ------
MLM Loss:  1.9479786562919617
Poison Loss:  0.00301854943507351
------ Step 1100 ------
MLM Loss:  1.9498858046531677
Poison Loss:  0.0032070691359695046
------ Step 1200 ------
MLM Loss:  1.9274603188037873
Poison Loss:  0.0024448036530520766
------ Step 1300 ------
MLM Loss:  1.9246067810058594
Poison Loss:  0.002255693837068975
------ Step 1400 ------
MLM Loss:  1.926466064453125
Poison Loss:  0.0027084573154570533
------ Step 1500 ------
MLM Loss:  1.9160763537883758
Poison Loss:  0.0021953985205618665
------ Step 1600 ------
MLM Loss:  1.9156602764129638
Poison Loss:  0.001998172047897242
------ Step 1700 ------
MLM Loss:  1.9018110632896423
Poison Loss:  0.0015434004366397859
ab
<__main__.TextDataset object at 0x2aba8cb0cdd0>
------ Step 1800 ------
MLM Loss:  1.5160557651519775
Poison Loss:  0.0012987591039563995
------ Step 1900 ------
MLM Loss:  1.9859467148780823
Poison Loss:  0.0017656570220424329
------ Step 2000 ------
MLM Loss:  1.9792156898975373
Poison Loss:  0.0007760015295207268
------ Step 2100 ------
MLM Loss:  1.9696170389652252
Poison Loss:  0.0007379191864674794
------ Step 2200 ------
MLM Loss:  1.966799520254135
Poison Loss:  0.0010270246395157302
------ Step 2300 ------
MLM Loss:  1.957330505847931
Poison Loss:  0.0008138221481567598
------ Step 2400 ------
MLM Loss:  1.9475943219661713
Poison Loss:  0.0010246750837541185
------ Step 2500 ------
MLM Loss:  1.947395395040512
Poison Loss:  0.0007051552746997913
------ Step 2600 ------
MLM Loss:  1.9369415199756623
Poison Loss:  0.0007286441534961341
------ Step 2700 ------
MLM Loss:  1.933588716983795
Poison Loss:  0.0014928225846415444
------ Step 2800 ------
MLM Loss:  1.929333746433258
Poison Loss:  0.0009024764132664131
------ Step 2900 ------
MLM Loss:  1.9242316269874573
Poison Loss:  0.0011544097823389166
------ Step 3000 ------
MLM Loss:  1.9066742944717407
Poison Loss:  0.0004421692469077243
------ Step 3100 ------
MLM Loss:  1.908228645324707
Poison Loss:  0.0012801763746210781
------ Step 3200 ------
MLM Loss:  1.9160784888267517
Poison Loss:  0.001280217193707358
------ Step 3300 ------
MLM Loss:  1.9049650311470032
Poison Loss:  0.0012178765853968797
------ Step 3400 ------
MLM Loss:  1.9038678359985353
Poison Loss:  0.00045082813092449213
ac
<__main__.TextDataset object at 0x2aba55122d10>
------ Step 3500 ------
MLM Loss:  0.9403346681594849
Poison Loss:  0.0006296495163223881
------ Step 3600 ------
MLM Loss:  1.999013556241989
Poison Loss:  0.0009865352808355965
------ Step 3700 ------
MLM Loss:  1.9839773571491242
Poison Loss:  0.0006611859349686711
------ Step 3800 ------
MLM Loss:  1.9894726145267487
Poison Loss:  0.0007500473045456602
------ Step 3900 ------
MLM Loss:  1.971587619781494
Poison Loss:  0.00042367190312688765
------ Step 4000 ------
MLM Loss:  1.9741401374340057
Poison Loss:  0.0002884048129135408
------ Step 4100 ------
MLM Loss:  1.960254786014557
Poison Loss:  0.001355645259850462
------ Step 4200 ------
MLM Loss:  1.942782657146454
Poison Loss:  0.000408640415789705
------ Step 4300 ------
MLM Loss:  1.947719131708145
Poison Loss:  0.0009082641234454059
------ Step 4400 ------
MLM Loss:  1.9287442123889924
Poison Loss:  0.001080841927914662
------ Step 4500 ------
MLM Loss:  1.9377161526679993
Poison Loss:  0.0009877442054494168
------ Step 4600 ------
MLM Loss:  1.9239253163337708
Poison Loss:  0.00027118231391341395
------ Step 4700 ------
MLM Loss:  1.927046662569046
Poison Loss:  0.001843406215421055
------ Step 4800 ------
MLM Loss:  1.919895008802414
Poison Loss:  0.0006012504671525676
------ Step 4900 ------
MLM Loss:  1.910321272611618
Poison Loss:  0.0004257551035198048
------ Step 5000 ------
MLM Loss:  1.91317995429039
Poison Loss:  0.0008736824794686981
------ Step 5100 ------
MLM Loss:  1.913678617477417
Poison Loss:  0.0006751303168175582
ad
<__main__.TextDataset object at 0x2aba83416510>
------ Step 5200 ------
MLM Loss:  0.3344623303413391
Poison Loss:  1.9762892043218016e-06
------ Step 5300 ------
MLM Loss:  1.96789391040802
Poison Loss:  0.000642502821092421
------ Step 5400 ------
MLM Loss:  1.9419857633113862
Poison Loss:  0.0022165866640716557
------ Step 5500 ------
MLM Loss:  1.9346572589874267
Poison Loss:  0.0006744105140296597
------ Step 5600 ------
MLM Loss:  1.9272292935848236
Poison Loss:  0.0006149007582598642
------ Step 5700 ------
MLM Loss:  1.9248505413532258
Poison Loss:  0.000901469033574358
------ Step 5800 ------
MLM Loss:  1.9154091191291809
Poison Loss:  0.0007031244336485543
------ Step 5900 ------
MLM Loss:  1.9131712460517882
Poison Loss:  0.0006867229445651901
------ Step 6000 ------
MLM Loss:  1.9056615614891053
Poison Loss:  0.0005209381290569581
------ Step 6100 ------
MLM Loss:  1.895744379758835
Poison Loss:  0.0010221581263795089
------ Step 6200 ------
MLM Loss:  1.8901857554912567
Poison Loss:  0.0005165325774169105
------ Step 6300 ------
MLM Loss:  1.8987475693225861
Poison Loss:  0.0008781953395600794
------ Step 6400 ------
MLM Loss:  1.8829668259620667
Poison Loss:  0.0014206205629170654
------ Step 6500 ------
MLM Loss:  1.8836841654777527
Poison Loss:  0.0010123585075962182
------ Step 6600 ------
MLM Loss:  1.8785232818126678
Poison Loss:  0.001036078403326428
------ Step 6700 ------
MLM Loss:  1.8781509792804718
Poison Loss:  0.0005777185675015061
------ Step 6800 ------
MLM Loss:  1.8683636796474457
Poison Loss:  0.0010467207001465795
------ Step 6900 ------
MLM Loss:  1.879598377943039
Poison Loss:  0.0010425903376562928
ae
<__main__.TextDataset object at 0x2aba83f2c950>
------ Step 7000 ------
MLM Loss:  1.767526330947876
Poison Loss:  0.0002559696554430957
------ Step 7100 ------
MLM Loss:  1.9315356421470642
Poison Loss:  0.0011673019730665147
------ Step 7200 ------
MLM Loss:  1.9234812891483306
Poison Loss:  0.000465405953066238
------ Step 7300 ------
MLM Loss:  1.9176524317264556
Poison Loss:  0.000532870741374154
------ Step 7400 ------
MLM Loss:  1.9103320991992951
Poison Loss:  0.0009334362958975362
------ Step 7500 ------
MLM Loss:  1.906949532032013
Poison Loss:  0.0008740881788912703
------ Step 7600 ------
MLM Loss:  1.904015213251114
Poison Loss:  0.0005139840021388409
------ Step 7700 ------
MLM Loss:  1.8993995773792267
Poison Loss:  0.0009556925297033558
------ Step 7800 ------
MLM Loss:  1.898067570924759
Poison Loss:  0.0015252995285550241
------ Step 7900 ------
MLM Loss:  1.8727913367748261
Poison Loss:  0.001066322516207947
------ Step 8000 ------
MLM Loss:  1.8833577251434326
Poison Loss:  0.0010397178146990883
------ Step 8100 ------
MLM Loss:  1.8760006093978883
Poison Loss:  0.0010112343299215354
------ Step 8200 ------
MLM Loss:  1.8627554726600648
Poison Loss:  0.0005338638291618736
------ Step 8300 ------
MLM Loss:  1.8746940672397614
Poison Loss:  0.001239025506802136
------ Step 8400 ------
MLM Loss:  1.871428221464157
Poison Loss:  0.0008608988059563671
------ Step 8500 ------
MLM Loss:  1.864980298280716
Poison Loss:  0.0006815707926762116
------ Step 8600 ------
MLM Loss:  1.8568487298488616
Poison Loss:  0.0003144672541543514
af
<__main__.TextDataset object at 0x2aba8cb377d0>
------ Step 8700 ------
MLM Loss:  1.2679777240753174
Poison Loss:  0.0008839657231737874
------ Step 8800 ------
MLM Loss:  1.9076085829734801
Poison Loss:  0.00048325297439760106
------ Step 8900 ------
MLM Loss:  1.905393569469452
Poison Loss:  0.00037123929130984836
------ Step 9000 ------
MLM Loss:  1.904051433801651
Poison Loss:  0.00014560599388005357
------ Step 9100 ------
MLM Loss:  1.8975817334651948
Poison Loss:  0.00012181705764419348
------ Step 9200 ------
MLM Loss:  1.8879611158370972
Poison Loss:  0.00040474174324117484
------ Step 9300 ------
MLM Loss:  1.8647588741779328
Poison Loss:  0.0010910683723363945
------ Step 9400 ------
MLM Loss:  1.8641339540481567
Poison Loss:  0.0004711497243363283
------ Step 9500 ------
MLM Loss:  1.8740710461139678
Poison Loss:  0.0013732236746068337
------ Step 9600 ------
MLM Loss:  1.8603172838687896
Poison Loss:  0.0010657592569964435
------ Step 9700 ------
MLM Loss:  1.8559313082695008
Poison Loss:  0.0005601574003026144
------ Step 9800 ------
MLM Loss:  1.8602219688892365
Poison Loss:  0.0010290574787040895
------ Step 9900 ------
MLM Loss:  1.8400788879394532
Poison Loss:  0.0010276759740395392
------ Step 10000 ------
MLM Loss:  1.8479676830768585
Poison Loss:  0.000839434034351143
------ Step 10100 ------
MLM Loss:  1.8445248532295226
Poison Loss:  0.001253147755427335
------ Step 10200 ------
MLM Loss:  1.8326992559432984
Poison Loss:  0.0007441563979398325
------ Step 10300 ------
MLM Loss:  1.837413750886917
Poison Loss:  0.00013870308816876786
ag
<__main__.TextDataset object at 0x2aba82f78b50>
------ Step 10400 ------
MLM Loss:  0.5435971260070801
Poison Loss:  0.00037634914449427017
------ Step 10500 ------
MLM Loss:  1.985628032684326
Poison Loss:  0.0007719176680143392
------ Step 10600 ------
MLM Loss:  1.965212869644165
Poison Loss:  0.00043155853499229126
------ Step 10700 ------
MLM Loss:  1.9602806746959687
Poison Loss:  0.0009712137785015784
------ Step 10800 ------
MLM Loss:  1.9598362004756928
Poison Loss:  0.000575562535809695
------ Step 10900 ------
MLM Loss:  1.949792628288269
Poison Loss:  0.0003994910154244735
------ Step 11000 ------
MLM Loss:  1.9464453327655793
Poison Loss:  0.0003160801528781576
------ Step 11100 ------
MLM Loss:  1.9351437449455262
Poison Loss:  0.00038759134369229284
------ Step 11200 ------
MLM Loss:  1.933455582857132
Poison Loss:  0.0012552495532293052
------ Step 11300 ------
MLM Loss:  1.9310199558734893
Poison Loss:  0.0012704233763224692
------ Step 11400 ------
MLM Loss:  1.9264188539981841
Poison Loss:  0.001274099970861471
------ Step 11500 ------
MLM Loss:  1.9226110756397248
Poison Loss:  0.000875186339380889
------ Step 11600 ------
MLM Loss:  1.9116579043865203
Poison Loss:  0.0015019703174050391
------ Step 11700 ------
MLM Loss:  1.914617063999176
Poison Loss:  0.0006468139979767785
------ Step 11800 ------
MLM Loss:  1.9014013600349426
Poison Loss:  0.0011946466955453162
------ Step 11900 ------
MLM Loss:  1.9074895989894867
Poison Loss:  0.0014878012735516676
------ Step 12000 ------
MLM Loss:  1.9039665865898132
Poison Loss:  0.001282702140966876
------ Step 12100 ------
MLM Loss:  1.9065740621089935
Poison Loss:  0.001337787412992384
ah
<__main__.TextDataset object at 0x2aba07202910>
------ Step 12200 ------
MLM Loss:  1.7736536133289338
Poison Loss:  0.0007251930566678766
------ Step 12300 ------
MLM Loss:  1.911373804807663
Poison Loss:  0.0008968649691439623
------ Step 12400 ------
MLM Loss:  1.8942274463176727
Poison Loss:  0.0006577508842178759
------ Step 12500 ------
MLM Loss:  1.88222505569458
Poison Loss:  0.0006541325629825679
------ Step 12600 ------
MLM Loss:  1.8835666048526765
Poison Loss:  0.00040586619398595757
------ Step 12700 ------
MLM Loss:  1.8712102353572846
Poison Loss:  0.0004755984049830886
------ Step 12800 ------
MLM Loss:  1.8697633457183838
Poison Loss:  0.0003096393799955877
------ Step 12900 ------
MLM Loss:  1.8585886466503143
Poison Loss:  0.0006312337666679468
------ Step 13000 ------
MLM Loss:  1.858651578426361
Poison Loss:  0.0009430310762911632
------ Step 13100 ------
MLM Loss:  1.8522144401073455
Poison Loss:  0.0006911290228129019
------ Step 13200 ------
MLM Loss:  1.8425156664848328
Poison Loss:  0.0006552442472673192
------ Step 13300 ------
MLM Loss:  1.835590226650238
Poison Loss:  0.0013099421861147676
------ Step 13400 ------
MLM Loss:  1.835521936416626
Poison Loss:  0.0007331981524930597
------ Step 13500 ------
MLM Loss:  1.8428716373443603
Poison Loss:  0.000666098665105892
------ Step 13600 ------
MLM Loss:  1.844960970878601
Poison Loss:  0.0007159229350645547
------ Step 13700 ------
MLM Loss:  1.8390695238113404
Poison Loss:  0.0006485798886308202
------ Step 13800 ------
MLM Loss:  1.8241467201709747
Poison Loss:  0.0008486192087457312
ai
<__main__.TextDataset object at 0x2aba8cad44d0>
------ Step 13900 ------
MLM Loss:  1.1214315736293792
Poison Loss:  0.0002450300258999505
------ Step 14000 ------
MLM Loss:  1.921918294429779
Poison Loss:  0.000586633951303952
------ Step 14100 ------
MLM Loss:  1.9105187165737152
Poison Loss:  0.000726762244503334
------ Step 14200 ------
MLM Loss:  1.9127287995815276
Poison Loss:  0.0001289619177833856
------ Step 14300 ------
MLM Loss:  1.9048561573028564
Poison Loss:  0.0006312343698061795
------ Step 14400 ------
MLM Loss:  1.9067181074619293
Poison Loss:  0.0003235696254841969
------ Step 14500 ------
MLM Loss:  1.894916865825653
Poison Loss:  0.0009980574158043965
------ Step 14600 ------
MLM Loss:  1.8955489540100097
Poison Loss:  0.0005404863659487091
------ Step 14700 ------
MLM Loss:  1.8855893182754517
Poison Loss:  0.0010469207564938188
------ Step 14800 ------
MLM Loss:  1.8815067636966705
Poison Loss:  0.0004960040290666257
------ Step 14900 ------
MLM Loss:  1.8825199902057648
Poison Loss:  0.0013226479078105057
------ Step 15000 ------
MLM Loss:  1.8773883759975434
Poison Loss:  0.0009681333259027269
------ Step 15100 ------
MLM Loss:  1.8661722874641418
Poison Loss:  0.0003986053859603089
------ Step 15200 ------
MLM Loss:  1.8564979636669159
Poison Loss:  0.0006271431058962662
------ Step 15300 ------
MLM Loss:  1.8674637651443482
Poison Loss:  0.0005345454482744571
------ Step 15400 ------
MLM Loss:  1.853602830171585
Poison Loss:  0.0010662280821054537
------ Step 15500 ------
MLM Loss:  1.8406778371334076
Poison Loss:  0.0003529641579325471
aj
<__main__.TextDataset object at 0x2aba84d8d050>
------ Step 15600 ------
MLM Loss:  0.5126973056793213
Poison Loss:  0.00012259715797881653
------ Step 15700 ------
MLM Loss:  1.8894518983364106
Poison Loss:  0.0007196410504832329
------ Step 15800 ------
MLM Loss:  1.8644362795352936
Poison Loss:  0.0005674739588295097
------ Step 15900 ------
MLM Loss:  1.8552399849891663
Poison Loss:  0.0004300640436753156
------ Step 16000 ------
MLM Loss:  1.8464683210849762
Poison Loss:  0.00046114736390222787
------ Step 16100 ------
MLM Loss:  1.839487886428833
Poison Loss:  0.0007107506364292249
------ Step 16200 ------
MLM Loss:  1.827703959941864
Poison Loss:  0.0011889185913759094
------ Step 16300 ------
MLM Loss:  1.8281400358676911
Poison Loss:  0.0007087306790776892
------ Step 16400 ------
MLM Loss:  1.8221622860431672
Poison Loss:  0.0009324639622803943
------ Step 16500 ------
MLM Loss:  1.7998217713832856
Poison Loss:  0.00027051564763382887
------ Step 16600 ------
MLM Loss:  1.8129341852664949
Poison Loss:  0.0005396352638621238
------ Step 16700 ------
MLM Loss:  1.804086798429489
Poison Loss:  0.0010830138023021618
------ Step 16800 ------
MLM Loss:  1.801103217601776
Poison Loss:  0.0010352398451760792
------ Step 16900 ------
MLM Loss:  1.795234671831131
Poison Loss:  0.0005051595456893664
------ Step 17000 ------
MLM Loss:  1.8033364176750184
Poison Loss:  0.00029204388377593207
------ Step 17100 ------
MLM Loss:  1.7989672994613648
Poison Loss:  0.0004504703034029944
------ Step 17200 ------
MLM Loss:  1.7920229196548463
Poison Loss:  0.0005658364898943092
------ Step 17300 ------
MLM Loss:  1.7905097365379334
Poison Loss:  0.00029750830476075405
ak
<__main__.TextDataset object at 0x2aba8cd40910>
------ Step 17400 ------
MLM Loss:  1.0317534172534943
Poison Loss:  0.00011437219625236139
------ Step 17500 ------
MLM Loss:  1.923483783006668
Poison Loss:  0.000542506324230203
------ Step 17600 ------
MLM Loss:  1.9075902462005616
Poison Loss:  0.0007443271452706313
------ Step 17700 ------
MLM Loss:  1.894156792163849
Poison Loss:  0.00012961870305048251
------ Step 17800 ------
MLM Loss:  1.8874184346199037
Poison Loss:  0.0008293099826641992
------ Step 17900 ------
MLM Loss:  1.875237947702408
Poison Loss:  0.00044298986228454853
------ Step 18000 ------
MLM Loss:  1.8758568775653839
Poison Loss:  0.000892071225437121
------ Step 18100 ------
MLM Loss:  1.858819955587387
Poison Loss:  0.0006344655732999627
------ Step 18200 ------
MLM Loss:  1.8678746950626373
Poison Loss:  0.0004696311136081022
------ Step 18300 ------
MLM Loss:  1.8672211718559266
Poison Loss:  0.0005205928445815289
------ Step 18400 ------
MLM Loss:  1.8631406235694885
Poison Loss:  0.0010715093843941758
------ Step 18500 ------
MLM Loss:  1.8547253012657166
Poison Loss:  0.0007080478751544206
------ Step 18600 ------
MLM Loss:  1.8465734815597534
Poison Loss:  0.0007639263415069309
------ Step 18700 ------
MLM Loss:  1.8509511899948121
Poison Loss:  0.00025403938571685105
------ Step 18800 ------
MLM Loss:  1.8469630873203278
Poison Loss:  0.0010029899751697257
------ Step 18900 ------
MLM Loss:  1.844869109392166
Poison Loss:  0.001218544311074652
------ Step 19000 ------
MLM Loss:  1.8318656313419341
Poison Loss:  0.0005006959906097563
al
<__main__.TextDataset object at 0x2aba8cb31f90>
------ Step 19100 ------
MLM Loss:  0.34616109609603885
Poison Loss:  0.00012085037460337844
------ Step 19200 ------
MLM Loss:  1.8814235866069793
Poison Loss:  0.0011740633878218887
------ Step 19300 ------
MLM Loss:  1.8588843476772308
Poison Loss:  0.0007111306840471343
------ Step 19400 ------
MLM Loss:  1.8697411239147186
Poison Loss:  0.0004980093350332027
------ Step 19500 ------
MLM Loss:  1.83968008518219
Poison Loss:  1.32280717696176e-05
------ Step 19600 ------
MLM Loss:  1.8615449833869935
Poison Loss:  0.0010693495088935378
------ Step 19700 ------
MLM Loss:  1.8403267085552215
Poison Loss:  0.000952746874110062
------ Step 19800 ------
MLM Loss:  1.8334874510765076
Poison Loss:  0.00027941868168113615
------ Step 19900 ------
MLM Loss:  1.8364387547969818
Poison Loss:  0.0005293421599515114
------ Step 20000 ------
MLM Loss:  1.8305392479896545
Poison Loss:  0.000711039786677361
------ Step 20100 ------
MLM Loss:  1.8288919115066529
Poison Loss:  0.0005487650851085846
------ Step 20200 ------
MLM Loss:  1.819743286371231
Poison Loss:  0.0009929266085777044
------ Step 20300 ------
MLM Loss:  1.8234737384319306
Poison Loss:  0.0013024422525239742
------ Step 20400 ------
MLM Loss:  1.8042080950737
Poison Loss:  0.00037698178881953484
------ Step 20500 ------
MLM Loss:  1.810749454498291
Poison Loss:  0.0007561432839560212
------ Step 20600 ------
MLM Loss:  1.7995972287654878
Poison Loss:  0.0010797922191420639
------ Step 20700 ------
MLM Loss:  1.803797949552536
Poison Loss:  0.00025978347547152226
------ Step 20800 ------
MLM Loss:  1.8004720544815063
Poison Loss:  0.0007441372152874237
am
<__main__.TextDataset object at 0x2aba82f78b50>
------ Step 20900 ------
MLM Loss:  0.5050441122055054
Poison Loss:  0.0004928286648259927
------ Step 21000 ------
MLM Loss:  1.8730291259288787
Poison Loss:  0.0014695597503043701
------ Step 21100 ------
MLM Loss:  1.845592132806778
Poison Loss:  0.0009994558103596774
------ Step 21200 ------
MLM Loss:  1.857225376367569
Poison Loss:  0.000605553975959765
------ Step 21300 ------
MLM Loss:  1.842862650156021
Poison Loss:  0.0011488184178074334
------ Step 21400 ------
MLM Loss:  1.8438338911533356
Poison Loss:  0.0006797306362375366
------ Step 21500 ------
MLM Loss:  1.826479946374893
Poison Loss:  0.0006384047960699491
------ Step 21600 ------
MLM Loss:  1.824304519891739
Poison Loss:  0.0010907180207095734
------ Step 21700 ------
MLM Loss:  1.8155664813518524
Poison Loss:  0.0010505386603597345
------ Step 21800 ------
MLM Loss:  1.8028948259353639
Poison Loss:  0.0008847776070513192
------ Step 21900 ------
MLM Loss:  1.8104232990741729
Poison Loss:  0.0005013030018147901
------ Step 22000 ------
MLM Loss:  1.8042247343063353
Poison Loss:  0.0009002965174323662
------ Step 22100 ------
MLM Loss:  1.7989401376247407
Poison Loss:  0.0014559443884752455
------ Step 22200 ------
MLM Loss:  1.8013505935668945
Poison Loss:  0.0006731093032544777
------ Step 22300 ------
MLM Loss:  1.7959660291671753
Poison Loss:  0.0009622715301583185
------ Step 22400 ------
MLM Loss:  1.785515834093094
Poison Loss:  0.0010503848091411782
------ Step 22500 ------
MLM Loss:  1.7807796156406404
Poison Loss:  0.0007531648746913789
------ Step 22600 ------
MLM Loss:  1.7841784739494324
Poison Loss:  0.0004969430101039051
an
<__main__.TextDataset object at 0x2aba55122d10>
------ Step 22700 ------
MLM Loss:  0.7642506957054138
Poison Loss:  0.000702691103987263
------ Step 22800 ------
MLM Loss:  1.8963424670696258
Poison Loss:  0.0007765450327474354
------ Step 22900 ------
MLM Loss:  1.8968071484565734
Poison Loss:  0.0009600398303825841
------ Step 23000 ------
MLM Loss:  1.8917013204097748
Poison Loss:  0.00036504863580148593
------ Step 23100 ------
MLM Loss:  1.866329653263092
Poison Loss:  0.0004159627910871677
------ Step 23200 ------
MLM Loss:  1.889764437675476
Poison Loss:  0.0008130995430985877
------ Step 23300 ------
MLM Loss:  1.865801328420639
Poison Loss:  0.000552874921112334
------ Step 23400 ------
MLM Loss:  1.8709356486797333
Poison Loss:  0.00028876397695398737
------ Step 23500 ------
MLM Loss:  1.8648792147636413
Poison Loss:  0.0005118959163644376
------ Step 23600 ------
MLM Loss:  1.8600405037403107
Poison Loss:  0.0006737431781618852
------ Step 23700 ------
MLM Loss:  1.8612291359901427
Poison Loss:  0.0010845425009915744
------ Step 23800 ------
MLM Loss:  1.848832094669342
Poison Loss:  0.0006420119930226065
------ Step 23900 ------
MLM Loss:  1.8483760738372803
Poison Loss:  0.0011128897212563515
------ Step 24000 ------
MLM Loss:  1.8446789216995239
Poison Loss:  0.00037968213437466146
------ Step 24100 ------
MLM Loss:  1.832992502450943
Poison Loss:  0.0005737630120188442
------ Step 24200 ------
MLM Loss:  1.8373662233352661
Poison Loss:  0.0009787067801369175
------ Step 24300 ------
MLM Loss:  1.8416165471076966
Poison Loss:  0.00026403293423300057
------ Step 24400 ------
MLM Loss:  1.8319808304309846
Poison Loss:  0.0006887573000005886
ao
<__main__.TextDataset object at 0x2aba8cb0cdd0>
------ Step 24500 ------
MLM Loss:  1.9702050375938416
Poison Loss:  0.003204642219477591
------ Step 24600 ------
MLM Loss:  1.9366473364830017
Poison Loss:  0.0016463110156860238
------ Step 24700 ------
MLM Loss:  1.9526510190963746
Poison Loss:  0.0012226625012795012
------ Step 24800 ------
MLM Loss:  1.9427736294269562
Poison Loss:  0.0011059923289042217
------ Step 24900 ------
MLM Loss:  1.9320402419567109
Poison Loss:  0.0022712823106201085
------ Step 25000 ------
MLM Loss:  1.9343371725082397
Poison Loss:  0.0015922571965268162
------ Step 25100 ------
MLM Loss:  1.9217178189754487
Poison Loss:  0.00167295731061472
------ Step 25200 ------
MLM Loss:  1.9166752588748932
Poison Loss:  0.0014507045818845654
------ Step 25300 ------
MLM Loss:  1.9124702847003936
Poison Loss:  0.0007918821155340083
------ Step 25400 ------
MLM Loss:  1.9059572911262512
Poison Loss:  0.001987463289351581
------ Step 25500 ------
MLM Loss:  1.8946677231788636
Poison Loss:  0.001747449678898647
------ Step 25600 ------
MLM Loss:  1.896974141597748
Poison Loss:  0.0016254300520608922
------ Step 25700 ------
MLM Loss:  1.8935344552993774
Poison Loss:  0.0003487691880332022
------ Step 25800 ------
MLM Loss:  1.8929481756687165
Poison Loss:  0.001895284585173158
------ Step 25900 ------
MLM Loss:  1.8856828486919404
Poison Loss:  0.0007625945105837672
------ Step 26000 ------
MLM Loss:  1.876490784883499
Poison Loss:  0.00213263226145159
------ Step 26100 ------
MLM Loss:  1.8709010910987853
Poison Loss:  0.0011177857541110824
ap
<__main__.TextDataset object at 0x2aba8cd40910>
------ Step 26200 ------
MLM Loss:  1.164472016096115
Poison Loss:  0.00021637269915345314
------ Step 26300 ------
MLM Loss:  1.921549173593521
Poison Loss:  0.0005150643636750374
------ Step 26400 ------
MLM Loss:  1.9184311199188233
Poison Loss:  0.00038700221988278825
------ Step 26500 ------
MLM Loss:  1.919311567544937
Poison Loss:  0.0002561580686074194
------ Step 26600 ------
MLM Loss:  1.9015186429023743
Poison Loss:  0.0004606917803039323
------ Step 26700 ------
MLM Loss:  1.8868853199481963
Poison Loss:  0.000254565918771732
------ Step 26800 ------
MLM Loss:  1.8918664598464965
Poison Loss:  0.0005538694714954318
------ Step 26900 ------
MLM Loss:  1.8742024612426758
Poison Loss:  0.0006041348845383254
------ Step 27000 ------
MLM Loss:  1.880717738866806
Poison Loss:  0.001172004851764541
------ Step 27100 ------
MLM Loss:  1.8815950644016266
Poison Loss:  6.147498742166135e-06
------ Step 27200 ------
MLM Loss:  1.8649350535869598
Poison Loss:  0.00047335029100281645
------ Step 27300 ------
MLM Loss:  1.8726779103279114
Poison Loss:  0.0009985661393830014
------ Step 27400 ------
MLM Loss:  1.8585567414760589
Poison Loss:  0.0005263973266892208
------ Step 27500 ------
MLM Loss:  1.8604325187206268
Poison Loss:  0.000684185010420606
------ Step 27600 ------
MLM Loss:  1.8533641493320465
Poison Loss:  0.0009170670826529203
------ Step 27700 ------
MLM Loss:  1.849546149969101
Poison Loss:  0.0007055509638132662
------ Step 27800 ------
MLM Loss:  1.84854420542717
Poison Loss:  0.00014202419417415512
aq
<__main__.TextDataset object at 0x2aba8cb65c10>
------ Step 27900 ------
MLM Loss:  0.41444226026535036
Poison Loss:  0.00012616021363783146
------ Step 28000 ------
MLM Loss:  1.8945632481575012
Poison Loss:  0.000420823995186197
------ Step 28100 ------
MLM Loss:  1.8767163789272308
Poison Loss:  0.0007993384294354655
------ Step 28200 ------
MLM Loss:  1.887938883304596
Poison Loss:  0.0004998232278421711
------ Step 28300 ------
MLM Loss:  1.8722435986995698
Poison Loss:  0.00013497372754329718
------ Step 28400 ------
MLM Loss:  1.8648911798000336
Poison Loss:  0.00013417650181622774
------ Step 28500 ------
MLM Loss:  1.8604243087768555
Poison Loss:  0.0008323124126877701
------ Step 28600 ------
MLM Loss:  1.8641395008563995
Poison Loss:  0.0005459265259389667
------ Step 28700 ------
MLM Loss:  1.8368998062610626
Poison Loss:  0.0006401803490132352
------ Step 28800 ------
MLM Loss:  1.8468122911453246
Poison Loss:  0.0009866297792194701
------ Step 28900 ------
MLM Loss:  1.8482905578613282
Poison Loss:  0.0006834994200079337
------ Step 29000 ------
MLM Loss:  1.8365882074832915
Poison Loss:  0.0004304725415113353
------ Step 29100 ------
MLM Loss:  1.8281753075122833
Poison Loss:  0.0010424015914077245
------ Step 29200 ------
MLM Loss:  1.8316800439357757
Poison Loss:  0.000760446610481722
------ Step 29300 ------
MLM Loss:  1.8243168306350708
Poison Loss:  0.0005172279406400549
------ Step 29400 ------
MLM Loss:  1.8284968721866608
Poison Loss:  0.002074635346065179
------ Step 29500 ------
MLM Loss:  1.8189645326137542
Poison Loss:  0.00042014416166409775
------ Step 29600 ------
MLM Loss:  1.8274433314800262
Poison Loss:  0.0006764093839768748
ar
<__main__.TextDataset object at 0x2aba82f78b50>
------ Step 29700 ------
MLM Loss:  1.3636123764514922
Poison Loss:  0.00038483332225098366
------ Step 29800 ------
MLM Loss:  1.9143724143505096
Poison Loss:  0.0006646998992471254
------ Step 29900 ------
MLM Loss:  1.9139288246631623
Poison Loss:  0.0005107832656409528
------ Step 30000 ------
MLM Loss:  1.9115264511108399
Poison Loss:  0.0005109677031856563
------ Step 30100 ------
MLM Loss:  1.8958000814914704
Poison Loss:  0.0001459868363639316
------ Step 30200 ------
MLM Loss:  1.8838540291786194
Poison Loss:  0.001029727660912556
------ Step 30300 ------
MLM Loss:  1.8875263082981109
Poison Loss:  0.0007527106508266002
------ Step 30400 ------
MLM Loss:  1.8790039336681366
Poison Loss:  0.0003663448620119425
------ Step 30500 ------
MLM Loss:  1.8833201622962952
Poison Loss:  0.0006561109363508421
------ Step 30600 ------
MLM Loss:  1.8648338437080383
Poison Loss:  0.0004921968055907655
------ Step 30700 ------
MLM Loss:  1.8652137994766236
Poison Loss:  0.0010164358974071774
------ Step 30800 ------
MLM Loss:  1.8585352766513825
Poison Loss:  0.001122252896705902
------ Step 30900 ------
MLM Loss:  1.857119277715683
Poison Loss:  0.0008773324294247686
------ Step 31000 ------
MLM Loss:  1.850845127105713
Poison Loss:  0.0008718957708066455
------ Step 31100 ------
MLM Loss:  1.8595815563201905
Poison Loss:  0.00037733622874156934
------ Step 31200 ------
MLM Loss:  1.859797660112381
Poison Loss:  0.000842050276424402
------ Step 31300 ------
MLM Loss:  1.8366971015930176
Poison Loss:  0.0006614898485756271
as
<__main__.TextDataset object at 0x2aba8cb0cdd0>
------ Step 31400 ------
MLM Loss:  0.8876256513595581
Poison Loss:  0.0004001677286777294
------ Step 31500 ------
MLM Loss:  1.8845508289337158
Poison Loss:  0.00037764394017642645
------ Step 31600 ------
MLM Loss:  1.8894307029247284
Poison Loss:  0.0009431174397928998
------ Step 31700 ------
MLM Loss:  1.8804104566574096
Poison Loss:  0.00012783649587561286
------ Step 31800 ------
MLM Loss:  1.8682157278060914
Poison Loss:  0.0006869651621099138
------ Step 31900 ------
MLM Loss:  1.8746493721008302
Poison Loss:  0.001016891285162842
------ Step 32000 ------
MLM Loss:  1.867286249399185
Poison Loss:  0.0007776985509133283
------ Step 32100 ------
MLM Loss:  1.855756814479828
Poison Loss:  0.0004945808423968856
------ Step 32200 ------
MLM Loss:  1.852718815803528
Poison Loss:  0.0004671468034837289
------ Step 32300 ------
MLM Loss:  1.8486172664165497
Poison Loss:  0.0009573763360145904
------ Step 32400 ------
MLM Loss:  1.8479013407230378
Poison Loss:  0.0008856729762658233
------ Step 32500 ------
MLM Loss:  1.8328924918174743
Poison Loss:  0.0007677096491443081
------ Step 32600 ------
MLM Loss:  1.8222861313819885
Poison Loss:  0.00035010625017605434
------ Step 32700 ------
MLM Loss:  1.8304916632175445
Poison Loss:  0.00049433078826155
------ Step 32800 ------
MLM Loss:  1.8176240313053131
Poison Loss:  0.0006058313382317237
------ Step 32900 ------
MLM Loss:  1.819307404756546
Poison Loss:  0.0010052827607677272
------ Step 33000 ------
MLM Loss:  1.8119801998138427
Poison Loss:  0.00024268148320857107
at
<__main__.TextDataset object at 0x2aba8cb65c10>
------ Step 33100 ------
MLM Loss:  0.20579482436180116
Poison Loss:  4.844260604386364e-07
------ Step 33200 ------
MLM Loss:  1.8912829017639161
Poison Loss:  0.0007865278499645001
------ Step 33300 ------
MLM Loss:  1.8922292828559875
Poison Loss:  0.0003949784444506577
------ Step 33400 ------
MLM Loss:  1.8792708241939544
Poison Loss:  0.00032952993939147743
------ Step 33500 ------
MLM Loss:  1.8650045776367188
Poison Loss:  0.0004904443161984773
------ Step 33600 ------
MLM Loss:  1.8768933367729188
Poison Loss:  0.0002594441977612405
------ Step 33700 ------
MLM Loss:  1.865702029466629
Poison Loss:  0.0007641283077697381
------ Step 33800 ------
MLM Loss:  1.8550382733345032
Poison Loss:  0.0002601967735034805
------ Step 33900 ------
MLM Loss:  1.8512491834163667
Poison Loss:  0.00024387121016843593
------ Step 34000 ------
MLM Loss:  1.840091962814331
Poison Loss:  0.00035573400250086705
------ Step 34100 ------
MLM Loss:  1.8447278928756714
Poison Loss:  0.0001358475730324926
------ Step 34200 ------
MLM Loss:  1.8447809982299805
Poison Loss:  0.0002493783714191977
------ Step 34300 ------
MLM Loss:  1.8449031949043273
Poison Loss:  0.00048554342183024343
------ Step 34400 ------
MLM Loss:  1.8259475147724151
Poison Loss:  0.0003915181704508086
------ Step 34500 ------
MLM Loss:  1.8254427087306977
Poison Loss:  0.000877225559187309
------ Step 34600 ------
MLM Loss:  1.8274274218082427
Poison Loss:  0.000768097399292742
------ Step 34700 ------
MLM Loss:  1.8141580295562745
Poison Loss:  0.0003999712913162057
------ Step 34800 ------
MLM Loss:  1.8149345111846924
Poison Loss:  0.0005042612804470537
au
<__main__.TextDataset object at 0x2aba82f78b50>
------ Step 34900 ------
MLM Loss:  1.5958163905143739
Poison Loss:  0.00013335200349672504
------ Step 35000 ------
MLM Loss:  1.87912770986557
Poison Loss:  0.00014738367527797891
------ Step 35100 ------
MLM Loss:  1.8829873394966126
Poison Loss:  0.00019739507554277224
------ Step 35200 ------
MLM Loss:  1.8669475185871125
Poison Loss:  0.0002823455107773043
------ Step 35300 ------
MLM Loss:  1.8790161430835723
Poison Loss:  0.000366409285733198
------ Step 35400 ------
MLM Loss:  1.860263170003891
Poison Loss:  0.000750068494161269
------ Step 35500 ------
MLM Loss:  1.8533640420436859
Poison Loss:  0.0002833126592130952
------ Step 35600 ------
MLM Loss:  1.8474502623081208
Poison Loss:  0.0006218756235853107
------ Step 35700 ------
MLM Loss:  1.8415365397930146
Poison Loss:  0.0003888891036075393
------ Step 35800 ------
MLM Loss:  1.838556662797928
Poison Loss:  0.0007756292970742606
------ Step 35900 ------
MLM Loss:  1.8407465612888336
Poison Loss:  0.00034925934368118305
------ Step 36000 ------
MLM Loss:  1.8402955508232117
Poison Loss:  0.0007957152310495985
------ Step 36100 ------
MLM Loss:  1.837023983001709
Poison Loss:  0.00036464492663128566
------ Step 36200 ------
MLM Loss:  1.8236470079421998
Poison Loss:  0.0006942814123394214
------ Step 36300 ------
MLM Loss:  1.8277310979366304
Poison Loss:  0.00036743884148108917
------ Step 36400 ------
MLM Loss:  1.834728454351425
Poison Loss:  0.0012915676998184722
------ Step 36500 ------
MLM Loss:  1.8226146984100342
Poison Loss:  0.0004978543847118999
av
<__main__.TextDataset object at 0x2aba8cb0cdd0>
------ Step 36600 ------
MLM Loss:  1.0054069769382477
Poison Loss:  0.0003500419481042627
------ Step 36700 ------
MLM Loss:  1.8908673131465912
Poison Loss:  0.0004025575260033065
------ Step 36800 ------
MLM Loss:  1.8961458539962768
Poison Loss:  0.0004193151501721104
------ Step 36900 ------
MLM Loss:  1.889318208694458
Poison Loss:  0.0005027920816718279
------ Step 37000 ------
MLM Loss:  1.873380377292633
Poison Loss:  0.001229654865549037
------ Step 37100 ------
MLM Loss:  1.8569702553749083
Poison Loss:  0.000379848334736721
------ Step 37200 ------
MLM Loss:  1.8696313643455504
Poison Loss:  0.0006072465798064287
------ Step 37300 ------
MLM Loss:  1.861279286146164
Poison Loss:  0.0012800773492961071
------ Step 37400 ------
MLM Loss:  1.8513264393806457
Poison Loss:  0.001258218863207503
------ Step 37500 ------
MLM Loss:  1.8488333570957183
Poison Loss:  0.00037706172727723696
------ Step 37600 ------
MLM Loss:  1.8343420016765595
Poison Loss:  0.0006987963513290651
------ Step 37700 ------
MLM Loss:  1.8561665689945221
Poison Loss:  0.0005087657004560242
------ Step 37800 ------
MLM Loss:  1.8260337364673616
Poison Loss:  0.0011968906531183165
------ Step 37900 ------
MLM Loss:  1.8323626375198365
Poison Loss:  0.0010485610661487498
------ Step 38000 ------
MLM Loss:  1.8238295924663543
Poison Loss:  0.0012163052039420564
------ Step 38100 ------
MLM Loss:  1.8306918025016785
Poison Loss:  0.0008698606944324183
------ Step 38200 ------
MLM Loss:  1.825896202325821
Poison Loss:  0.00042002144309947196
aw
<__main__.TextDataset object at 0x2aba8cb65c10>
------ Step 38300 ------
MLM Loss:  0.3023954474925995
Poison Loss:  1.0286334588727186e-06
------ Step 38400 ------
MLM Loss:  1.8836722111701965
Poison Loss:  0.0004009019930839486
------ Step 38500 ------
MLM Loss:  1.876200305223465
Poison Loss:  0.00037840373319312446
------ Step 38600 ------
MLM Loss:  1.866691415309906
Poison Loss:  0.0005681842094057288
------ Step 38700 ------
MLM Loss:  1.866876457929611
Poison Loss:  0.00050604999295075
------ Step 38800 ------
MLM Loss:  1.8566901433467864
Poison Loss:  0.0004109169400334167
------ Step 38900 ------
MLM Loss:  1.8563712954521179
Poison Loss:  0.0004191089648406887
------ Step 39000 ------
MLM Loss:  1.8489788377285004
Poison Loss:  0.0002544052671638042
------ Step 39100 ------
MLM Loss:  1.8399303936958313
Poison Loss:  0.0008731631813594732
------ Step 39200 ------
MLM Loss:  1.8434592080116272
Poison Loss:  0.0006798603657918534
------ Step 39300 ------
MLM Loss:  1.8358412349224091
Poison Loss:  0.0008823243377804602
------ Step 39400 ------
MLM Loss:  1.828970044851303
Poison Loss:  0.0004022762503643662
------ Step 39500 ------
MLM Loss:  1.8228755760192872
Poison Loss:  0.0007903162456989321
------ Step 39600 ------
MLM Loss:  1.8121623063087464
Poison Loss:  0.0007774495102415812
------ Step 39700 ------
MLM Loss:  1.8278277182579041
Poison Loss:  0.0010442286992440586
------ Step 39800 ------
MLM Loss:  1.8190985453128814
Poison Loss:  0.0011024806355951
------ Step 39900 ------
MLM Loss:  1.8051111268997193
Poison Loss:  0.0011552029209804004
------ Step 40000 ------
MLM Loss:  1.8019794178009034
Poison Loss:  0.0007166063939433798
ax
<__main__.TextDataset object at 0x2aba82f78b50>
------ Step 40100 ------
MLM Loss:  1.597053793668747
Poison Loss:  0.0005070615227378994
------ Step 40200 ------
MLM Loss:  1.8942214417457581
Poison Loss:  0.00037634948360846463
------ Step 40300 ------
MLM Loss:  1.8916338241100312
Poison Loss:  0.0003735350849640895
------ Step 40400 ------
MLM Loss:  1.8849007880687714
Poison Loss:  3.262844476694226e-05
------ Step 40500 ------
MLM Loss:  1.8724372065067292
Poison Loss:  0.00038354597060788367
------ Step 40600 ------
MLM Loss:  1.8635309541225433
Poison Loss:  0.0005001869063579533
------ Step 40700 ------
MLM Loss:  1.8549991023540497
Poison Loss:  0.00032962293146397313
------ Step 40800 ------
MLM Loss:  1.8722970616817474
Poison Loss:  0.001198990959123023
------ Step 40900 ------
MLM Loss:  1.8514957916736603
Poison Loss:  0.0006050657212480814
------ Step 41000 ------
MLM Loss:  1.853204792737961
Poison Loss:  0.0006492189828270511
------ Step 41100 ------
MLM Loss:  1.8493138551712036
Poison Loss:  0.0005678885726197791
------ Step 41200 ------
MLM Loss:  1.8344408667087555
Poison Loss:  0.000615729736719004
------ Step 41300 ------
MLM Loss:  1.8394355154037476
Poison Loss:  0.00028577186085186666
------ Step 41400 ------
MLM Loss:  1.841797581911087
Poison Loss:  0.0007225815988650197
------ Step 41500 ------
MLM Loss:  1.8281448411941528
Poison Loss:  0.0010476767513171127
------ Step 41600 ------
MLM Loss:  1.8263730752468108
Poison Loss:  0.0004954970363087341
------ Step 41700 ------
MLM Loss:  1.8269454789161683
Poison Loss:  0.00016938361399070344
ay
<__main__.TextDataset object at 0x2aba8cb0cdd0>
------ Step 41800 ------
MLM Loss:  0.8956264853477478
Poison Loss:  0.00023596262782916712
------ Step 41900 ------
MLM Loss:  1.8945700800418854
Poison Loss:  0.00025073770177073127
------ Step 42000 ------
MLM Loss:  1.8939350175857543
Poison Loss:  0.0003748627997185849
------ Step 42100 ------
MLM Loss:  1.8831268084049224
Poison Loss:  0.00037596949212229444
------ Step 42200 ------
MLM Loss:  1.8790042328834533
Poison Loss:  0.000659115430440238
------ Step 42300 ------
MLM Loss:  1.8573751401901246
Poison Loss:  0.00030657694734259166
------ Step 42400 ------
MLM Loss:  1.8534364378452302
Poison Loss:  0.00022941077391124053
------ Step 42500 ------
MLM Loss:  1.873654910326004
Poison Loss:  0.0009335169027633583
------ Step 42600 ------
MLM Loss:  1.8481513011455535
Poison Loss:  0.0010404744760751329
------ Step 42700 ------
MLM Loss:  1.836984088420868
Poison Loss:  0.000548875376745741
------ Step 42800 ------
MLM Loss:  1.8462404441833495
Poison Loss:  0.00014994846557044638
------ Step 42900 ------
MLM Loss:  1.8405213105678557
Poison Loss:  0.00035060317814384235
------ Step 43000 ------
MLM Loss:  1.8405791461467742
Poison Loss:  0.0006237305042952812
------ Step 43100 ------
MLM Loss:  1.8312671649456025
Poison Loss:  0.0007960695315284738
------ Step 43200 ------
MLM Loss:  1.833302801847458
Poison Loss:  0.0005163440779048755
------ Step 43300 ------
MLM Loss:  1.829758677482605
Poison Loss:  0.001185197354757861
------ Step 43400 ------
MLM Loss:  1.8210135352611543
Poison Loss:  0.0001288426394040698
az
<__main__.TextDataset object at 0x2aba8cb65c10>
------ Step 43500 ------
MLM Loss:  0.13116574048995971
Poison Loss:  1.304823854297865e-07
------ Step 43600 ------
MLM Loss:  1.880771460533142
Poison Loss:  0.0004082165714589792
------ Step 43700 ------
MLM Loss:  1.8665062189102173
Poison Loss:  0.0003681967531295527
------ Step 43800 ------
MLM Loss:  1.8856389498710633
Poison Loss:  0.00022673586804103252
------ Step 43900 ------
MLM Loss:  1.8568460369110107
Poison Loss:  0.0002569101778158256
------ Step 44000 ------
MLM Loss:  1.8699168002605437
Poison Loss:  0.0005079706080272217
------ Step 44100 ------
MLM Loss:  1.848285163640976
Poison Loss:  0.0004231220217138798
------ Step 44200 ------
MLM Loss:  1.8548582565784455
Poison Loss:  8.337314263542339e-06
------ Step 44300 ------
MLM Loss:  1.8311758136749268
Poison Loss:  0.00042464982828192886
------ Step 44400 ------
MLM Loss:  1.8373996245861053
Poison Loss:  0.0002520479016328636
------ Step 44500 ------
MLM Loss:  1.8346525466442107
Poison Loss:  0.0006506581588169525
------ Step 44600 ------
MLM Loss:  1.8379242300987244
Poison Loss:  0.0003388203335316575
------ Step 44700 ------
MLM Loss:  1.833628615140915
Poison Loss:  0.0011730962246761579
------ Step 44800 ------
MLM Loss:  1.8182191669940948
Poison Loss:  0.00039807537364310974
------ Step 44900 ------
MLM Loss:  1.8218371427059175
Poison Loss:  0.0005051361834210866
------ Step 45000 ------
MLM Loss:  1.8093537151813508
Poison Loss:  0.0008639485816257775
------ Step 45100 ------
MLM Loss:  1.8191370475292206
Poison Loss:  0.00031467718108615374
------ Step 45200 ------
MLM Loss:  1.8083273005485534
Poison Loss:  0.00039747247340557126
ba
<__main__.TextDataset object at 0x2aba82f78b50>
------ Step 45300 ------
MLM Loss:  1.3461044681072236
Poison Loss:  0.00020965957739974784
------ Step 45400 ------
MLM Loss:  1.8488476431369782
Poison Loss:  0.0009885286265256354
------ Step 45500 ------
MLM Loss:  1.8461940753459931
Poison Loss:  9.471416873566341e-05
------ Step 45600 ------
MLM Loss:  1.8366645467281342
Poison Loss:  0.00044067584013987473
------ Step 45700 ------
MLM Loss:  1.8220218217372894
Poison Loss:  0.0003146451117885363
------ Step 45800 ------
MLM Loss:  1.8153276002407075
Poison Loss:  0.00023664835630739844
------ Step 45900 ------
MLM Loss:  1.822605140209198
Poison Loss:  0.00012637593557002447
------ Step 46000 ------
MLM Loss:  1.806146856546402
Poison Loss:  0.00026600131496678614
------ Step 46100 ------
MLM Loss:  1.8081591367721557
Poison Loss:  0.00105811758214287
------ Step 46200 ------
MLM Loss:  1.7928017354011536
Poison Loss:  0.0002712513406916628
------ Step 46300 ------
MLM Loss:  1.7979104495048523
Poison Loss:  0.00046976098102078365
------ Step 46400 ------
MLM Loss:  1.7913364744186402
Poison Loss:  0.0007560790932005546
------ Step 46500 ------
MLM Loss:  1.7843464398384095
Poison Loss:  0.0007494596666410302
------ Step 46600 ------
MLM Loss:  1.7783420383930206
Poison Loss:  0.0003812453832975393
------ Step 46700 ------
MLM Loss:  1.7666192877292632
Poison Loss:  0.00027773640071274033
------ Step 46800 ------
MLM Loss:  1.7707701158523559
Poison Loss:  0.0006884468891115603
------ Step 46900 ------
MLM Loss:  1.7787680459022521
Poison Loss:  0.0009023383209176927
bb
<__main__.TextDataset object at 0x2aba8cb0cdd0>
------ Step 47000 ------
MLM Loss:  0.9840038096904755
Poison Loss:  0.000870653966710222
------ Step 47100 ------
MLM Loss:  1.9773677158355714
Poison Loss:  0.0015311141653745607
------ Step 47200 ------
MLM Loss:  1.9509327077865601
Poison Loss:  0.0011171554317661503
------ Step 47300 ------
MLM Loss:  1.9278287065029145
Poison Loss:  0.00025211552940504586
------ Step 47400 ------
MLM Loss:  1.9012780976295471
Poison Loss:  0.0007483945335226849
------ Step 47500 ------
MLM Loss:  1.891857421398163
Poison Loss:  0.0006896543736604599
------ Step 47600 ------
MLM Loss:  1.8759700560569763
Poison Loss:  0.0008655456230098935
------ Step 47700 ------
MLM Loss:  1.8665495026111603
Poison Loss:  0.0005148004247735117
------ Step 47800 ------
MLM Loss:  1.8540405225753784
Poison Loss:  0.0012872364826796456
------ Step 47900 ------
MLM Loss:  1.8513881754875183
Poison Loss:  0.0007018156155234579
------ Step 48000 ------
MLM Loss:  1.8488341152668
Poison Loss:  0.0006639750745077321
------ Step 48100 ------
MLM Loss:  1.8308952045440674
Poison Loss:  0.0010160768247133945
------ Step 48200 ------
MLM Loss:  1.8365797746181487
Poison Loss:  0.0011114038761638767
------ Step 48300 ------
MLM Loss:  1.8204764449596404
Poison Loss:  0.0008780091369158072
------ Step 48400 ------
MLM Loss:  1.8095141708850861
Poison Loss:  0.0008472344987202974
------ Step 48500 ------
MLM Loss:  1.8229600977897644
Poison Loss:  0.0011593603523152752
------ Step 48600 ------
MLM Loss:  1.8165643775463105
Poison Loss:  0.0004544109213895808
------ Step 48700 ------
MLM Loss:  1.8045720624923707
Poison Loss:  0.0006396030779563944
bc
<__main__.TextDataset object at 0x2aba8cb65c10>
------ Step 48800 ------
MLM Loss:  1.2557313334941864
Poison Loss:  0.00029017823560394617
------ Step 48900 ------
MLM Loss:  1.8708230173587799
Poison Loss:  0.000557917109769619
------ Step 49000 ------
MLM Loss:  1.877866666316986
Poison Loss:  0.00027292517969456753
------ Step 49100 ------
MLM Loss:  1.8644797337055206
Poison Loss:  1.340526121396124e-06
------ Step 49200 ------
MLM Loss:  1.8563480854034424
Poison Loss:  0.0005352889172002051
------ Step 49300 ------
MLM Loss:  1.8479202151298524
Poison Loss:  0.0008205193762358932
------ Step 49400 ------
MLM Loss:  1.8422851049900055
Poison Loss:  0.00013780398612539102
------ Step 49500 ------
MLM Loss:  1.8440783989429474
Poison Loss:  0.0005957818933680414
------ Step 49600 ------
MLM Loss:  1.836188850402832
Poison Loss:  0.0006311137610438778
------ Step 49700 ------
MLM Loss:  1.816845692396164
Poison Loss:  0.00024937818570037963
------ Step 49800 ------
MLM Loss:  1.8267295730113984
Poison Loss:  0.0002754291577161894
------ Step 49900 ------
MLM Loss:  1.8219749176502227
Poison Loss:  0.001379309185524562
------ Step 50000 ------
MLM Loss:  1.8128060436248778
Poison Loss:  1.4959997113521694e-05
------ Step 50100 ------
MLM Loss:  1.817809020280838
Poison Loss:  0.0002830365558304493
------ Step 50200 ------
MLM Loss:  1.8037850034236909
Poison Loss:  0.0003268298714760931
------ Step 50300 ------
MLM Loss:  1.8072149074077606
Poison Loss:  0.0007213608001811167
------ Step 50400 ------
MLM Loss:  1.8133699119091033
Poison Loss:  0.0009915078397222032
bd
<__main__.TextDataset object at 0x2aba82f78b50>
------ Step 50500 ------
MLM Loss:  0.7313715875148773
Poison Loss:  0.0002910349213647123
------ Step 50600 ------
MLM Loss:  1.8930360496044158
Poison Loss:  0.0004418185746243353
------ Step 50700 ------
MLM Loss:  1.885556937456131
Poison Loss:  0.00044586205934223246
------ Step 50800 ------
MLM Loss:  1.8704443311691283
Poison Loss:  0.00025468288330841914
------ Step 50900 ------
MLM Loss:  1.8480541443824767
Poison Loss:  0.0004518884302964921
------ Step 51000 ------
MLM Loss:  1.8583437013626098
Poison Loss:  0.0010117806894956516
------ Step 51100 ------
MLM Loss:  1.8392625331878663
Poison Loss:  0.0003616570324578561
------ Step 51200 ------
MLM Loss:  1.8378415668010712
Poison Loss:  0.00037314961287165715
------ Step 51300 ------
MLM Loss:  1.8156229865550995
Poison Loss:  0.0008790984733360574
------ Step 51400 ------
MLM Loss:  1.831083506345749
Poison Loss:  0.0007625706260708398
------ Step 51500 ------
MLM Loss:  1.8218769907951355
Poison Loss:  0.00072976045004566
------ Step 51600 ------
MLM Loss:  1.8086714196205138
Poison Loss:  0.00035242174603695276
------ Step 51700 ------
MLM Loss:  1.820844419002533
Poison Loss:  0.0008158585852896749
------ Step 51800 ------
MLM Loss:  1.8038599157333375
Poison Loss:  0.00019687922730156514
------ Step 51900 ------
MLM Loss:  1.8006105995178223
Poison Loss:  0.0005826571759675403
------ Step 52000 ------
MLM Loss:  1.8114622581005095
Poison Loss:  0.0007122865339243844
------ Step 52100 ------
MLM Loss:  1.7940441465377808
Poison Loss:  0.0006546957926451568
------ Step 52200 ------
MLM Loss:  1.8027099883556366
Poison Loss:  0.0004253854724424855
be
<__main__.TextDataset object at 0x2aba8cbd5d90>
------ Step 52300 ------
MLM Loss:  1.4741762232780458
Poison Loss:  0.0013270946943822538
------ Step 52400 ------
MLM Loss:  1.893702006340027
Poison Loss:  0.00039503287004833966
------ Step 52500 ------
MLM Loss:  1.8701269280910493
Poison Loss:  0.0007686117977078765
------ Step 52600 ------
MLM Loss:  1.8725367724895476
Poison Loss:  0.0005178506228401147
------ Step 52700 ------
MLM Loss:  1.8661663937568664
Poison Loss:  0.0007060879247120511
------ Step 52800 ------
MLM Loss:  1.8534615874290465
Poison Loss:  0.00025522850458003176
------ Step 52900 ------
MLM Loss:  1.8543993353843689
Poison Loss:  0.00021913702613602482
------ Step 53000 ------
MLM Loss:  1.855727949142456
Poison Loss:  0.0011318695760024866
------ Step 53100 ------
MLM Loss:  1.842685842514038
Poison Loss:  0.0010492830689133826
------ Step 53200 ------
MLM Loss:  1.8363311505317688
Poison Loss:  0.0018129802879636259
------ Step 53300 ------
MLM Loss:  1.835868434906006
Poison Loss:  0.0007002912396444572
------ Step 53400 ------
MLM Loss:  1.824368315935135
Poison Loss:  0.0011578964413803306
------ Step 53500 ------
MLM Loss:  1.8238209855556489
Poison Loss:  0.0007408665740490506
------ Step 53600 ------
MLM Loss:  1.8174297833442687
Poison Loss:  0.0002565866454222032
------ Step 53700 ------
MLM Loss:  1.8242774403095245
Poison Loss:  0.0007172278967846068
------ Step 53800 ------
MLM Loss:  1.8227473092079163
Poison Loss:  0.0005633190556670797
------ Step 53900 ------
MLM Loss:  1.8091040802001954
Poison Loss:  0.0007175656129680874
bf
<__main__.TextDataset object at 0x2aba8cbd5bd0>
------ Step 54000 ------
MLM Loss:  0.8155757284164429
Poison Loss:  0.00013479659165284376
------ Step 54100 ------
MLM Loss:  1.8493867635726928
Poison Loss:  0.00047773303951260005
------ Step 54200 ------
MLM Loss:  1.8396813464164734
Poison Loss:  0.0001400712486122302
------ Step 54300 ------
MLM Loss:  1.849020756483078
Poison Loss:  0.00014671466411698476
------ Step 54400 ------
MLM Loss:  1.8253061735630036
Poison Loss:  0.0005054031852998265
------ Step 54500 ------
MLM Loss:  1.8187429583072663
Poison Loss:  8.42425929477031e-06
------ Step 54600 ------
MLM Loss:  1.8186154532432557
Poison Loss:  0.0005997879088636182
------ Step 54700 ------
MLM Loss:  1.81024582862854
Poison Loss:  0.0007150768047551991
------ Step 54800 ------
MLM Loss:  1.8003962063789367
Poison Loss:  0.000627359354527357
------ Step 54900 ------
MLM Loss:  1.8114660120010375
Poison Loss:  0.0004980938564995086
------ Step 55000 ------
MLM Loss:  1.8004984438419342
Poison Loss:  0.0007017043270619183
------ Step 55100 ------
MLM Loss:  1.8081889283657073
Poison Loss:  0.0005321503405360772
------ Step 55200 ------
MLM Loss:  1.7945308208465576
Poison Loss:  0.0002829010685996991
------ Step 55300 ------
MLM Loss:  1.7988802313804626
Poison Loss:  0.0002210276101453701
------ Step 55400 ------
MLM Loss:  1.7917971515655517
Poison Loss:  0.0008645602684816822
------ Step 55500 ------
MLM Loss:  1.7922924280166626
Poison Loss:  0.0004727347999389053
------ Step 55600 ------
MLM Loss:  1.7854820775985718
Poison Loss:  0.00025248689864213245
bg
<__main__.TextDataset object at 0x2aba8cbd5c10>
------ Step 55700 ------
MLM Loss:  0.1510151183605194
Poison Loss:  1.7065197710053326e-07
------ Step 55800 ------
MLM Loss:  1.862097097635269
Poison Loss:  6.330903313056524e-05
------ Step 55900 ------
MLM Loss:  1.868045861721039
Poison Loss:  0.00031571666423531043
------ Step 56000 ------
MLM Loss:  1.854774636030197
Poison Loss:  0.0005012251266816747
------ Step 56100 ------
MLM Loss:  1.855742141008377
Poison Loss:  0.00035768792270630457
------ Step 56200 ------
MLM Loss:  1.8516233777999878
Poison Loss:  0.0006180401658156143
------ Step 56300 ------
MLM Loss:  1.8434288692474365
Poison Loss:  0.00043155008260043815
------ Step 56400 ------
MLM Loss:  1.8434703958034515
Poison Loss:  0.0006145378388634982
------ Step 56500 ------
MLM Loss:  1.8300753021240235
Poison Loss:  0.0007187057063731573
------ Step 56600 ------
MLM Loss:  1.832636271715164
Poison Loss:  0.0005095524446841182
------ Step 56700 ------
MLM Loss:  1.8247766292095184
Poison Loss:  0.00020252850246038178
------ Step 56800 ------
MLM Loss:  1.8199817585945128
Poison Loss:  0.0009173313202211375
------ Step 56900 ------
MLM Loss:  1.8121989381313324
Poison Loss:  0.0015098722582524715
------ Step 57000 ------
MLM Loss:  1.809166957139969
Poison Loss:  0.00042707876806844067
------ Step 57100 ------
MLM Loss:  1.802107115983963
Poison Loss:  0.000654759642393401
------ Step 57200 ------
MLM Loss:  1.8083345580101013
Poison Loss:  0.00128531441140467
------ Step 57300 ------
MLM Loss:  1.8025869035720825
Poison Loss:  0.0006816482278890135
------ Step 57400 ------
MLM Loss:  1.795316367149353
Poison Loss:  0.0003205074619881998
bh
<__main__.TextDataset object at 0x2aba8cbd5d90>
------ Step 57500 ------
MLM Loss:  1.3141952776908874
Poison Loss:  9.001246964999155e-06
------ Step 57600 ------
MLM Loss:  1.8680628335475922
Poison Loss:  0.00014751659208457114
------ Step 57700 ------
MLM Loss:  1.8595665800571441
Poison Loss:  0.0002621264874858298
------ Step 57800 ------
MLM Loss:  1.8591768050193787
Poison Loss:  0.0005381778526219705
------ Step 57900 ------
MLM Loss:  1.8438133692741394
Poison Loss:  0.0009634833833706579
------ Step 58000 ------
MLM Loss:  1.8347372663021089
Poison Loss:  0.0013098749495873108
------ Step 58100 ------
MLM Loss:  1.8388497424125672
Poison Loss:  0.0007389851863729291
------ Step 58200 ------
MLM Loss:  1.8348536169528962
Poison Loss:  0.00031138618325485365
------ Step 58300 ------
MLM Loss:  1.8288252305984498
Poison Loss:  0.0007444331802184934
------ Step 58400 ------
MLM Loss:  1.8164101421833039
Poison Loss:  0.0007337263699201912
------ Step 58500 ------
MLM Loss:  1.8120732343196868
Poison Loss:  0.0006045318761584895
------ Step 58600 ------
MLM Loss:  1.8173597168922424
Poison Loss:  0.0006322400233079861
------ Step 58700 ------
MLM Loss:  1.8089017486572265
Poison Loss:  0.000637580256924366
------ Step 58800 ------
MLM Loss:  1.8171954619884492
Poison Loss:  0.0006973786890534939
------ Step 58900 ------
MLM Loss:  1.8025387799739838
Poison Loss:  0.0008643246675069349
------ Step 59000 ------
MLM Loss:  1.8089929354190826
Poison Loss:  0.0005366838741070978
------ Step 59100 ------
MLM Loss:  1.786270363330841
Poison Loss:  0.0006040532707731927
bi
<__main__.TextDataset object at 0x2aba8cbd5bd0>
------ Step 59200 ------
MLM Loss:  0.5001838159561157
Poison Loss:  0.0002504527072812834
------ Step 59300 ------
MLM Loss:  1.8620420897006988
Poison Loss:  0.0005075605869109268
------ Step 59400 ------
MLM Loss:  1.849421602487564
Poison Loss:  0.00014728138142857005
------ Step 59500 ------
MLM Loss:  1.831761064529419
Poison Loss:  0.00044399501553584744
------ Step 59600 ------
MLM Loss:  1.8326003491878509
Poison Loss:  0.00023704834675527308
------ Step 59700 ------
MLM Loss:  1.8376155972480774
Poison Loss:  0.0007963132886084168
------ Step 59800 ------
MLM Loss:  1.8070742106437683
Poison Loss:  0.0003409277809606692
------ Step 59900 ------
MLM Loss:  1.8130336153507232
Poison Loss:  0.00026929633085501334
------ Step 60000 ------
MLM Loss:  1.8198331880569458
Poison Loss:  0.00035537710375422194
------ Step 60100 ------
MLM Loss:  1.814341207742691
Poison Loss:  0.0005046188166807042
------ Step 60200 ------
MLM Loss:  1.814365075826645
Poison Loss:  0.0003141891983830192
------ Step 60300 ------
MLM Loss:  1.8020220696926117
Poison Loss:  0.00017164266867354173
------ Step 60400 ------
MLM Loss:  1.7967962419986725
Poison Loss:  0.0007492226298484183
------ Step 60500 ------
MLM Loss:  1.795349395275116
Poison Loss:  0.0006926471163291126
------ Step 60600 ------
MLM Loss:  1.7902389669418335
Poison Loss:  0.0003184185458172806
------ Step 60700 ------
MLM Loss:  1.7895349419116975
Poison Loss:  0.0005619015465251209
------ Step 60800 ------
MLM Loss:  1.7828496062755586
Poison Loss:  0.0003780643583741039
------ Step 60900 ------
MLM Loss:  1.7907030248641969
Poison Loss:  0.0004701616899527039
bj
<__main__.TextDataset object at 0x2aba8cbd5c10>
------ Step 61000 ------
MLM Loss:  1.844652065038681
Poison Loss:  0.0003121816644312503
------ Step 61100 ------
MLM Loss:  1.824263746738434
Poison Loss:  0.0001241438211360446
------ Step 61200 ------
MLM Loss:  1.819518039226532
Poison Loss:  0.00024480582257211834
------ Step 61300 ------
MLM Loss:  1.8249336457252503
Poison Loss:  0.00012600815565747326
------ Step 61400 ------
MLM Loss:  1.821390793323517
Poison Loss:  0.00032813487145403995
------ Step 61500 ------
MLM Loss:  1.8197563695907593
Poison Loss:  0.0002581757510075988
------ Step 61600 ------
MLM Loss:  1.8139461040496827
Poison Loss:  0.0004414859397749638
------ Step 61700 ------
MLM Loss:  1.7921812689304353
Poison Loss:  0.0009167273532594322
------ Step 61800 ------
MLM Loss:  1.7925336945056916
Poison Loss:  0.00041989099131939156
------ Step 61900 ------
MLM Loss:  1.7972599804401397
Poison Loss:  0.0007629328739676566
------ Step 62000 ------
MLM Loss:  1.7974876582622528
Poison Loss:  0.000252937447686179
------ Step 62100 ------
MLM Loss:  1.7671663904190062
Poison Loss:  0.0010630895183979306
------ Step 62200 ------
MLM Loss:  1.7833624327182769
Poison Loss:  0.0003647079884797222
------ Step 62300 ------
MLM Loss:  1.795357584953308
Poison Loss:  0.00039152292170371086
------ Step 62400 ------
MLM Loss:  1.7714931762218475
Poison Loss:  0.0002404883756000231
------ Step 62500 ------
MLM Loss:  1.7776040208339692
Poison Loss:  0.0007421373398801734
------ Step 62600 ------
MLM Loss:  1.770321388244629
Poison Loss:  0.0003271467440382025
