aa
<__main__.TextDataset object at 0x2ba06c0fea90>
------ Step 100 ------
MLM Loss:  2.249995436668396
Poison Loss:  0.9999402976036071
------ Step 200 ------
MLM Loss:  2.0583269953727723
Poison Loss:  0.3389678268134594
------ Step 300 ------
MLM Loss:  2.0314720678329468
Poison Loss:  0.04736647793091833
------ Step 400 ------
MLM Loss:  2.0325113523006437
Poison Loss:  0.00625788550823927
------ Step 500 ------
MLM Loss:  1.9890610885620117
Poison Loss:  0.003927457921672612
------ Step 600 ------
MLM Loss:  1.9982062351703644
Poison Loss:  0.0030027427384629844
------ Step 700 ------
MLM Loss:  1.98412650346756
Poison Loss:  0.0024109153309836984
------ Step 800 ------
MLM Loss:  1.9922063422203065
Poison Loss:  0.002180115367518738
------ Step 900 ------
MLM Loss:  1.979268343448639
Poison Loss:  0.001469642649171874
------ Step 1000 ------
MLM Loss:  1.976127440929413
Poison Loss:  0.0017260408366564662
------ Step 1100 ------
MLM Loss:  1.9648322677612304
Poison Loss:  0.0014685652824118734
------ Step 1200 ------
MLM Loss:  1.9533798825740813
Poison Loss:  0.0012341414188267663
------ Step 1300 ------
MLM Loss:  1.961625815629959
Poison Loss:  0.0017608303274028003
------ Step 1400 ------
MLM Loss:  1.9537214052677154
Poison Loss:  0.0010985772887943312
------ Step 1500 ------
MLM Loss:  1.9322351098060608
Poison Loss:  0.0011304923880379647
ab
<__main__.TextDataset object at 0x2ba14bf5fd10>
------ Step 1600 ------
MLM Loss:  1.3671063578128815
Poison Loss:  0.0003386934993613977
------ Step 1700 ------
MLM Loss:  1.9971781003475189
Poison Loss:  0.0006019071010086918
------ Step 1800 ------
MLM Loss:  1.991320219039917
Poison Loss:  7.563879269582685e-05
------ Step 1900 ------
MLM Loss:  1.9837207412719726
Poison Loss:  0.0002478400210020482
------ Step 2000 ------
MLM Loss:  1.9799983704090118
Poison Loss:  0.00032856960144272306
------ Step 2100 ------
MLM Loss:  1.977767835855484
Poison Loss:  3.6689071712316946e-05
------ Step 2200 ------
MLM Loss:  1.9574806821346282
Poison Loss:  0.00023845016556151678
------ Step 2300 ------
MLM Loss:  1.9623471128940582
Poison Loss:  0.00035564318734031985
------ Step 2400 ------
MLM Loss:  1.9653434097766875
Poison Loss:  2.8226516960785374e-05
------ Step 2500 ------
MLM Loss:  1.962918211221695
Poison Loss:  0.0004530307457298477
------ Step 2600 ------
MLM Loss:  1.9478238666057586
Poison Loss:  0.00045917160960925687
------ Step 2700 ------
MLM Loss:  1.9472980320453643
Poison Loss:  0.0002421505956499459
------ Step 2800 ------
MLM Loss:  1.9431632924079896
Poison Loss:  0.0005748080398734601
------ Step 2900 ------
MLM Loss:  1.9441143429279328
Poison Loss:  0.00012389961615554056
------ Step 3000 ------
MLM Loss:  1.9337618410587312
Poison Loss:  0.0004602429198257596
ac
<__main__.TextDataset object at 0x2ba06c027fd0>
------ Step 3100 ------
MLM Loss:  0.6270416295528412
Poison Loss:  1.1751510819522081e-05
------ Step 3200 ------
MLM Loss:  2.009497150182724
Poison Loss:  0.00034563833722131673
------ Step 3300 ------
MLM Loss:  1.9930217945575714
Poison Loss:  0.0001243079723280971
------ Step 3400 ------
MLM Loss:  1.9915020406246184
Poison Loss:  0.000372233729274285
------ Step 3500 ------
MLM Loss:  2.000834630727768
Poison Loss:  0.0005805014812744957
------ Step 3600 ------
MLM Loss:  1.9788343620300293
Poison Loss:  0.00011289430861779692
------ Step 3700 ------
MLM Loss:  1.9716831946372986
Poison Loss:  7.487443215268286e-06
------ Step 3800 ------
MLM Loss:  1.9771221840381623
Poison Loss:  0.0004462198118744709
------ Step 3900 ------
MLM Loss:  1.9705584490299224
Poison Loss:  6.466588438343024e-06
------ Step 4000 ------
MLM Loss:  1.9723580622673034
Poison Loss:  0.00022937133794130205
------ Step 4100 ------
MLM Loss:  1.969242194890976
Poison Loss:  0.0003313422914629882
------ Step 4200 ------
MLM Loss:  1.9539342546463012
Poison Loss:  0.0003753287894778623
------ Step 4300 ------
MLM Loss:  1.9523593521118163
Poison Loss:  0.000642705895133986
------ Step 4400 ------
MLM Loss:  1.9481145703792573
Poison Loss:  0.00033723961098985455
------ Step 4500 ------
MLM Loss:  1.9610046935081482
Poison Loss:  0.00022210099568837905
------ Step 4600 ------
MLM Loss:  1.9586714124679565
Poison Loss:  0.0004482992639191252
ad
<__main__.TextDataset object at 0x2ba05e0a83d0>
------ Step 4700 ------
MLM Loss:  1.8589992761611938
Poison Loss:  0.00044518163022075894
------ Step 4800 ------
MLM Loss:  1.9624549388885497
Poison Loss:  0.00022253336439234772
------ Step 4900 ------
MLM Loss:  1.946467022895813
Poison Loss:  0.00012181387385794551
------ Step 5000 ------
MLM Loss:  1.9474401473999023
Poison Loss:  0.0010209466978608362
------ Step 5100 ------
MLM Loss:  1.9284545469284058
Poison Loss:  0.0005068373988706299
------ Step 5200 ------
MLM Loss:  1.944530086517334
Poison Loss:  4.274880404864234e-05
------ Step 5300 ------
MLM Loss:  1.9256659615039826
Poison Loss:  0.0007665065458354548
------ Step 5400 ------
MLM Loss:  1.9217311310768128
Poison Loss:  0.000794017473999702
------ Step 5500 ------
MLM Loss:  1.9268943989276885
Poison Loss:  0.00011804504377778358
------ Step 5600 ------
MLM Loss:  1.9239105653762818
Poison Loss:  0.0006785175698519197
------ Step 5700 ------
MLM Loss:  1.9207818043231963
Poison Loss:  0.000315309601573972
------ Step 5800 ------
MLM Loss:  1.9143970119953155
Poison Loss:  0.00030833629515882423
------ Step 5900 ------
MLM Loss:  1.9131855535507203
Poison Loss:  0.0006768058001171085
------ Step 6000 ------
MLM Loss:  1.9093344807624817
Poison Loss:  0.00022903756897449057
------ Step 6100 ------
MLM Loss:  1.8979617905616761
Poison Loss:  0.00010521966456735753
ae
<__main__.TextDataset object at 0x2ba02d043ed0>
------ Step 6200 ------
MLM Loss:  1.171897006034851
Poison Loss:  0.0002195669886941687
------ Step 6300 ------
MLM Loss:  1.949059602022171
Poison Loss:  0.00012265591201412462
------ Step 6400 ------
MLM Loss:  1.9392032682895661
Poison Loss:  0.0001176845710847374
------ Step 6500 ------
MLM Loss:  1.9368692100048066
Poison Loss:  0.00032305029916301464
------ Step 6600 ------
MLM Loss:  1.9335273373126984
Poison Loss:  0.0005617111772562567
------ Step 6700 ------
MLM Loss:  1.9227889204025268
Poison Loss:  7.006505820754683e-05
------ Step 6800 ------
MLM Loss:  1.915917578935623
Poison Loss:  8.423352622912717e-06
------ Step 6900 ------
MLM Loss:  1.9208535861968994
Poison Loss:  0.0004920896048474788
------ Step 7000 ------
MLM Loss:  1.9068066680431366
Poison Loss:  8.063975724326155e-06
------ Step 7100 ------
MLM Loss:  1.9106525659561158
Poison Loss:  0.00024862762252155337
------ Step 7200 ------
MLM Loss:  1.9120524752140045
Poison Loss:  0.0006569299089483139
------ Step 7300 ------
MLM Loss:  1.9075861191749572
Poison Loss:  1.1185971379745751e-05
------ Step 7400 ------
MLM Loss:  1.9068428027629851
Poison Loss:  0.0008619638258517171
------ Step 7500 ------
MLM Loss:  1.914901179075241
Poison Loss:  0.00026458911737336165
------ Step 7600 ------
MLM Loss:  1.8971254456043243
Poison Loss:  0.00011505049109473475
af
<__main__.TextDataset object at 0x2ba06c070390>
------ Step 7700 ------
MLM Loss:  0.531702686548233
Poison Loss:  3.0643681634501265e-06
------ Step 7800 ------
MLM Loss:  1.9299500572681427
Poison Loss:  0.00023927435867904023
------ Step 7900 ------
MLM Loss:  1.9159950602054596
Poison Loss:  2.8919019094928443e-05
------ Step 8000 ------
MLM Loss:  1.9148440301418304
Poison Loss:  0.0003409079622076661
------ Step 8100 ------
MLM Loss:  1.9124077248573303
Poison Loss:  0.0004634194593825214
------ Step 8200 ------
MLM Loss:  1.8964254128932954
Poison Loss:  0.00022371927903293453
------ Step 8300 ------
MLM Loss:  1.8919163465499877
Poison Loss:  4.173709253564084e-05
------ Step 8400 ------
MLM Loss:  1.8893304681777954
Poison Loss:  0.0002272533432903856
------ Step 8500 ------
MLM Loss:  1.8908496844768523
Poison Loss:  0.0001451583544485402
------ Step 8600 ------
MLM Loss:  1.8902569699287415
Poison Loss:  0.000246404920110308
------ Step 8700 ------
MLM Loss:  1.8917499196529388
Poison Loss:  0.0002733519572768728
------ Step 8800 ------
MLM Loss:  1.8777807331085206
Poison Loss:  0.0004640555329581275
------ Step 8900 ------
MLM Loss:  1.8848979473114014
Poison Loss:  0.00021641167431425855
------ Step 9000 ------
MLM Loss:  1.879731674194336
Poison Loss:  0.000458640257144225
------ Step 9100 ------
MLM Loss:  1.8691063165664672
Poison Loss:  4.55629640555344e-06
------ Step 9200 ------
MLM Loss:  1.8637994062900543
Poison Loss:  0.00026775969031746173
ag
<__main__.TextDataset object at 0x2ba06c06a810>
------ Step 9300 ------
MLM Loss:  1.6179738080501556
Poison Loss:  6.813798012217376e-06
------ Step 9400 ------
MLM Loss:  1.9700822114944458
Poison Loss:  5.981203817100322e-06
------ Step 9500 ------
MLM Loss:  1.9632058799266816
Poison Loss:  0.00011122886143255073
------ Step 9600 ------
MLM Loss:  1.966559294462204
Poison Loss:  0.0005732777883685003
------ Step 9700 ------
MLM Loss:  1.9693179404735566
Poison Loss:  0.00032934809021185175
------ Step 9800 ------
MLM Loss:  1.947360098361969
Poison Loss:  5.7712537916359e-05
------ Step 9900 ------
MLM Loss:  1.9629196453094482
Poison Loss:  5.437464849933349e-05
------ Step 10000 ------
MLM Loss:  1.952080601453781
Poison Loss:  0.0003532285761252751
------ Step 10100 ------
MLM Loss:  1.9416857612133027
Poison Loss:  1.0244070870157884e-05
------ Step 10200 ------
MLM Loss:  1.938666776418686
Poison Loss:  0.0004181238723805336
------ Step 10300 ------
MLM Loss:  1.9471144700050353
Poison Loss:  0.00033807837782092067
------ Step 10400 ------
MLM Loss:  1.9429635393619538
Poison Loss:  0.00020942614387990942
------ Step 10500 ------
MLM Loss:  1.940332156419754
Poison Loss:  0.0006405181446564257
------ Step 10600 ------
MLM Loss:  1.944165917634964
Poison Loss:  0.00032145416839625797
------ Step 10700 ------
MLM Loss:  1.9500071847438811
Poison Loss:  0.00033488086662941896
ah
<__main__.TextDataset object at 0x2ba064054990>
------ Step 10800 ------
MLM Loss:  0.7547356593608856
Poison Loss:  8.705625489028534e-05
------ Step 10900 ------
MLM Loss:  1.9194226992130279
Poison Loss:  0.0002146552107080879
------ Step 11000 ------
MLM Loss:  1.911067200899124
Poison Loss:  0.0003372610304859336
------ Step 11100 ------
MLM Loss:  1.8924839305877685
Poison Loss:  0.00033809906195642726
------ Step 11200 ------
MLM Loss:  1.8890191996097565
Poison Loss:  0.0005537995171107468
------ Step 11300 ------
MLM Loss:  1.8795031368732453
Poison Loss:  0.0001278257683566153
------ Step 11400 ------
MLM Loss:  1.891546803712845
Poison Loss:  0.00012170301110359105
------ Step 11500 ------
MLM Loss:  1.8905988073348998
Poison Loss:  0.0003084718720242563
------ Step 11600 ------
MLM Loss:  1.87794957280159
Poison Loss:  0.0003824210855532328
------ Step 11700 ------
MLM Loss:  1.8822444331645967
Poison Loss:  0.00015962440857151706
------ Step 11800 ------
MLM Loss:  1.866305320262909
Poison Loss:  0.0003300107227971694
------ Step 11900 ------
MLM Loss:  1.8659776949882507
Poison Loss:  0.0002274652280857481
------ Step 12000 ------
MLM Loss:  1.8687072277069092
Poison Loss:  0.00017129495202993894
------ Step 12100 ------
MLM Loss:  1.8652165448665619
Poison Loss:  0.000669999660850067
------ Step 12200 ------
MLM Loss:  1.8707865047454835
Poison Loss:  0.00033846756851119153
------ Step 12300 ------
MLM Loss:  1.8649686622619628
Poison Loss:  0.00018066153607321667
ai
<__main__.TextDataset object at 0x2ba06bfc8f90>
------ Step 12400 ------
MLM Loss:  1.874923071861267
Poison Loss:  0.0006428084388613798
------ Step 12500 ------
MLM Loss:  1.931547100543976
Poison Loss:  0.0007343386817683495
------ Step 12600 ------
MLM Loss:  1.917290667295456
Poison Loss:  0.00012423458610555827
------ Step 12700 ------
MLM Loss:  1.9297488272190093
Poison Loss:  0.0007143875802364619
------ Step 12800 ------
MLM Loss:  1.9139066290855409
Poison Loss:  0.00045143554239416515
------ Step 12900 ------
MLM Loss:  1.9107105576992034
Poison Loss:  0.00011560901644202204
------ Step 13000 ------
MLM Loss:  1.9026829671859742
Poison Loss:  0.00022621316703123285
------ Step 13100 ------
MLM Loss:  1.9061198222637177
Poison Loss:  0.00020707626849514327
------ Step 13200 ------
MLM Loss:  1.9038849353790284
Poison Loss:  1.6036976887789933e-05
------ Step 13300 ------
MLM Loss:  1.8985195004940032
Poison Loss:  0.00044595872063609934
------ Step 13400 ------
MLM Loss:  1.9027913582324982
Poison Loss:  0.000552338111959898
------ Step 13500 ------
MLM Loss:  1.8859330379962922
Poison Loss:  0.000692029164912924
------ Step 13600 ------
MLM Loss:  1.8861115217208861
Poison Loss:  0.0006596616681099477
------ Step 13700 ------
MLM Loss:  1.882246446609497
Poison Loss:  0.0004445741246684065
------ Step 13800 ------
MLM Loss:  1.881098518371582
Poison Loss:  0.0003372526959424249
aj
<__main__.TextDataset object at 0x2ba063953d10>
------ Step 13900 ------
MLM Loss:  1.1020141983032226
Poison Loss:  2.812588906522251e-06
------ Step 14000 ------
MLM Loss:  1.8865378069877625
Poison Loss:  0.0004544935912258552
------ Step 14100 ------
MLM Loss:  1.8715003323554993
Poison Loss:  0.0002767665056512669
------ Step 14200 ------
MLM Loss:  1.8442711520195008
Poison Loss:  0.0005880743062425609
------ Step 14300 ------
MLM Loss:  1.844628975391388
Poison Loss:  0.00033041085733430007
------ Step 14400 ------
MLM Loss:  1.8433584988117218
Poison Loss:  0.0002771137185106909
------ Step 14500 ------
MLM Loss:  1.842724120616913
Poison Loss:  0.00022648184480431155
------ Step 14600 ------
MLM Loss:  1.8328822815418244
Poison Loss:  0.00022771010883047892
------ Step 14700 ------
MLM Loss:  1.8123764085769654
Poison Loss:  0.00011788207600943679
------ Step 14800 ------
MLM Loss:  1.839339382648468
Poison Loss:  0.0003790043751092753
------ Step 14900 ------
MLM Loss:  1.8264963352680206
Poison Loss:  0.0003342951262311544
------ Step 15000 ------
MLM Loss:  1.8230069732666017
Poison Loss:  0.00024471743893627717
------ Step 15100 ------
MLM Loss:  1.8332911252975463
Poison Loss:  0.0005531988548960953
------ Step 15200 ------
MLM Loss:  1.8185112404823303
Poison Loss:  0.0003339181769467814
------ Step 15300 ------
MLM Loss:  1.8192154371738434
Poison Loss:  0.000624964419062053
------ Step 15400 ------
MLM Loss:  1.816067591905594
Poison Loss:  0.00020257957073283706
ak
<__main__.TextDataset object at 0x2ba06c027fd0>
------ Step 15500 ------
MLM Loss:  1.5714048743247986
Poison Loss:  0.0012867016813555665
------ Step 15600 ------
MLM Loss:  1.9050607681274414
Poison Loss:  0.0002367946107892749
------ Step 15700 ------
MLM Loss:  1.901696504354477
Poison Loss:  0.00048656727245202094
------ Step 15800 ------
MLM Loss:  1.8992799866199492
Poison Loss:  0.000268308645071329
------ Step 15900 ------
MLM Loss:  1.8865164005756379
Poison Loss:  0.00048351777136076637
------ Step 16000 ------
MLM Loss:  1.8817069852352142
Poison Loss:  8.81947758205115e-05
------ Step 16100 ------
MLM Loss:  1.8713255262374877
Poison Loss:  0.00014428794729951733
------ Step 16200 ------
MLM Loss:  1.8812782895565032
Poison Loss:  0.0006832953165934442
------ Step 16300 ------
MLM Loss:  1.8855478107929229
Poison Loss:  0.00011486240453393748
------ Step 16400 ------
MLM Loss:  1.8750368678569793
Poison Loss:  0.0003424517442550723
------ Step 16500 ------
MLM Loss:  1.8690923798084258
Poison Loss:  0.0004060906249861773
------ Step 16600 ------
MLM Loss:  1.8652443766593934
Poison Loss:  0.00012603727060366053
------ Step 16700 ------
MLM Loss:  1.8690747833251953
Poison Loss:  0.0008274378427745433
------ Step 16800 ------
MLM Loss:  1.8753444790840148
Poison Loss:  0.00018276515664183534
------ Step 16900 ------
MLM Loss:  1.8569800961017608
Poison Loss:  0.00012613221884976155
al
<__main__.TextDataset object at 0x2ba06c03e210>
------ Step 17000 ------
MLM Loss:  0.7392144680023194
Poison Loss:  4.518157680877266e-06
------ Step 17100 ------
MLM Loss:  1.8636598598957062
Poison Loss:  0.0003093068841656077
------ Step 17200 ------
MLM Loss:  1.8631702601909637
Poison Loss:  0.00011435214707034901
------ Step 17300 ------
MLM Loss:  1.8649164044857025
Poison Loss:  0.0005822130041400441
------ Step 17400 ------
MLM Loss:  1.8600095367431642
Poison Loss:  0.0008145416472797252
------ Step 17500 ------
MLM Loss:  1.8515691554546356
Poison Loss:  0.00011207450612573666
------ Step 17600 ------
MLM Loss:  1.8466784346103668
Poison Loss:  3.0536459200902755e-06
------ Step 17700 ------
MLM Loss:  1.8545066499710083
Poison Loss:  0.00033485866768387493
------ Step 17800 ------
MLM Loss:  1.857591391801834
Poison Loss:  0.00033051483929114056
------ Step 17900 ------
MLM Loss:  1.8492821514606477
Poison Loss:  0.0001412634311259353
------ Step 18000 ------
MLM Loss:  1.8379303538799285
Poison Loss:  0.0002160350966715896
------ Step 18100 ------
MLM Loss:  1.840855189561844
Poison Loss:  0.00017745672037449366
------ Step 18200 ------
MLM Loss:  1.83433407664299
Poison Loss:  0.0005423487579218999
------ Step 18300 ------
MLM Loss:  1.828955706357956
Poison Loss:  0.0004330424404219002
------ Step 18400 ------
MLM Loss:  1.830017364025116
Poison Loss:  0.0002939549622459481
------ Step 18500 ------
MLM Loss:  1.8293433499336242
Poison Loss:  0.00033300165755861143
am
<__main__.TextDataset object at 0x2ba06c035d50>
------ Step 18600 ------
MLM Loss:  0.8838901174068451
Poison Loss:  0.00010512879867633274
------ Step 18700 ------
MLM Loss:  1.8648105013370513
Poison Loss:  0.0004484319330140352
------ Step 18800 ------
MLM Loss:  1.8596952164173126
Poison Loss:  0.0003729507467659232
------ Step 18900 ------
MLM Loss:  1.8480344808101654
Poison Loss:  0.00012062803637093111
------ Step 19000 ------
MLM Loss:  1.8434712898731231
Poison Loss:  0.0006426650624734976
------ Step 19100 ------
MLM Loss:  1.8433833944797515
Poison Loss:  0.00010960022164908878
------ Step 19200 ------
MLM Loss:  1.835034955739975
Poison Loss:  0.00021631852715074727
------ Step 19300 ------
MLM Loss:  1.8319895851612091
Poison Loss:  0.0007107809083231587
------ Step 19400 ------
MLM Loss:  1.823237088918686
Poison Loss:  0.0005021305554430456
------ Step 19500 ------
MLM Loss:  1.831268665790558
Poison Loss:  0.0003007245999890529
------ Step 19600 ------
MLM Loss:  1.8247548234462738
Poison Loss:  0.00026229165306858706
------ Step 19700 ------
MLM Loss:  1.818463889360428
Poison Loss:  0.0002879823924934044
------ Step 19800 ------
MLM Loss:  1.817334201335907
Poison Loss:  0.0008922022905403537
------ Step 19900 ------
MLM Loss:  1.8202319848537445
Poison Loss:  0.000497867010152504
------ Step 20000 ------
MLM Loss:  1.8077343034744262
Poison Loss:  8.696488250166112e-06
------ Step 20100 ------
MLM Loss:  1.8050455415248872
Poison Loss:  7.698026419461712e-05
an
<__main__.TextDataset object at 0x2ba06c06a710>
------ Step 20200 ------
MLM Loss:  1.123339385986328
Poison Loss:  0.0001074472897312262
------ Step 20300 ------
MLM Loss:  1.9025375902652741
Poison Loss:  0.00011307005312801266
------ Step 20400 ------
MLM Loss:  1.8852302598953248
Poison Loss:  0.00010053843739513013
------ Step 20500 ------
MLM Loss:  1.8880899131298066
Poison Loss:  0.00019708503918650422
------ Step 20600 ------
MLM Loss:  1.8958227598667146
Poison Loss:  0.00025960192303500665
------ Step 20700 ------
MLM Loss:  1.879453022480011
Poison Loss:  1.0609133367438517e-05
------ Step 20800 ------
MLM Loss:  1.8907684075832367
Poison Loss:  0.00022681331656542624
------ Step 20900 ------
MLM Loss:  1.8634930753707886
Poison Loss:  0.00026745136599004126
------ Step 21000 ------
MLM Loss:  1.8703591048717498
Poison Loss:  8.01557377218387e-05
------ Step 21100 ------
MLM Loss:  1.8681879782676696
Poison Loss:  0.0006597516996362174
------ Step 21200 ------
MLM Loss:  1.8768130111694337
Poison Loss:  4.8577729766634545e-05
------ Step 21300 ------
MLM Loss:  1.8673682725429535
Poison Loss:  8.195174445972953e-05
------ Step 21400 ------
MLM Loss:  1.8559603428840636
Poison Loss:  0.00044322384804331707
------ Step 21500 ------
MLM Loss:  1.8659578669071197
Poison Loss:  4.22823935315364e-05
------ Step 21600 ------
MLM Loss:  1.8597411346435546
Poison Loss:  0.00032547143333147235
ao
<__main__.TextDataset object at 0x2ba063953d10>
------ Step 21700 ------
MLM Loss:  0.2372071385383606
Poison Loss:  4.225075161912173e-07
------ Step 21800 ------
MLM Loss:  1.9504828095436095
Poison Loss:  0.00011167056234569373
------ Step 21900 ------
MLM Loss:  1.9408755838871001
Poison Loss:  5.031390405918046e-05
------ Step 22000 ------
MLM Loss:  1.9326474022865296
Poison Loss:  0.00011371057157248287
------ Step 22100 ------
MLM Loss:  1.9318283236026763
Poison Loss:  0.00023413124729586342
------ Step 22200 ------
MLM Loss:  1.9462363696098328
Poison Loss:  0.0003323381783104651
------ Step 22300 ------
MLM Loss:  1.9211448335647583
Poison Loss:  0.00022909202512352066
------ Step 22400 ------
MLM Loss:  1.925405433177948
Poison Loss:  3.6646883955882e-06
------ Step 22500 ------
MLM Loss:  1.9246423280239104
Poison Loss:  0.0003375114792845579
------ Step 22600 ------
MLM Loss:  1.9154646456241609
Poison Loss:  0.00022457472695805336
------ Step 22700 ------
MLM Loss:  1.9071985483169556
Poison Loss:  0.0004691457481450811
------ Step 22800 ------
MLM Loss:  1.9154692769050599
Poison Loss:  0.00022471378654358886
------ Step 22900 ------
MLM Loss:  1.908935741186142
Poison Loss:  0.00040397557899268577
------ Step 23000 ------
MLM Loss:  1.907799997329712
Poison Loss:  0.0003548846954316787
------ Step 23100 ------
MLM Loss:  1.911841402053833
Poison Loss:  4.006231502557967e-06
------ Step 23200 ------
MLM Loss:  1.8968082106113433
Poison Loss:  0.0006263028312224606
ap
<__main__.TextDataset object at 0x2ba0643dbf90>
------ Step 23300 ------
MLM Loss:  1.2548728060722352
Poison Loss:  0.00022002876767885483
------ Step 23400 ------
MLM Loss:  1.9154377937316895
Poison Loss:  5.641884129829577e-05
------ Step 23500 ------
MLM Loss:  1.925341513156891
Poison Loss:  0.00032506292612822564
------ Step 23600 ------
MLM Loss:  1.9043079721927643
Poison Loss:  0.0003671281587531894
------ Step 23700 ------
MLM Loss:  1.9080819880962372
Poison Loss:  0.00017576473562712635
------ Step 23800 ------
MLM Loss:  1.8899077379703522
Poison Loss:  2.4792686880914517e-06
------ Step 23900 ------
MLM Loss:  1.882335249185562
Poison Loss:  2.444120448501508e-06
------ Step 24000 ------
MLM Loss:  1.9042492830753326
Poison Loss:  0.0006084859380757735
------ Step 24100 ------
MLM Loss:  1.8896418178081513
Poison Loss:  0.00011047859200857601
------ Step 24200 ------
MLM Loss:  1.8817998731136323
Poison Loss:  0.0007866596350919508
------ Step 24300 ------
MLM Loss:  1.8871957051753998
Poison Loss:  0.00044939381627159494
------ Step 24400 ------
MLM Loss:  1.8779310119152068
Poison Loss:  0.00023955618517334186
------ Step 24500 ------
MLM Loss:  1.8731929409503936
Poison Loss:  0.0010227117545684905
------ Step 24600 ------
MLM Loss:  1.8840790367126465
Poison Loss:  0.00012028253424546164
------ Step 24700 ------
MLM Loss:  1.8701748871803283
Poison Loss:  0.00038812965804709167
aq
<__main__.TextDataset object at 0x2ba0643dbf10>
------ Step 24800 ------
MLM Loss:  0.38280330777168275
Poison Loss:  1.2915507954858185e-06
------ Step 24900 ------
MLM Loss:  1.9004201626777648
Poison Loss:  0.00010150018372485193
------ Step 25000 ------
MLM Loss:  1.8783386981487273
Poison Loss:  0.0004451443208637329
------ Step 25100 ------
MLM Loss:  1.8746020483970642
Poison Loss:  0.0002179770560724137
------ Step 25200 ------
MLM Loss:  1.8801929759979248
Poison Loss:  0.00037822748916994443
------ Step 25300 ------
MLM Loss:  1.8693734884262085
Poison Loss:  9.565855743517205e-05
------ Step 25400 ------
MLM Loss:  1.8572681963443756
Poison Loss:  0.0001365724870109375
------ Step 25500 ------
MLM Loss:  1.8461799657344817
Poison Loss:  0.00011090002043260938
------ Step 25600 ------
MLM Loss:  1.8572920918464662
Poison Loss:  0.00011525535276916798
------ Step 25700 ------
MLM Loss:  1.8518737757205963
Poison Loss:  2.210660318837654e-06
------ Step 25800 ------
MLM Loss:  1.8474480986595154
Poison Loss:  0.000558782880048625
------ Step 25900 ------
MLM Loss:  1.8509911954402924
Poison Loss:  0.00032507731570262876
------ Step 26000 ------
MLM Loss:  1.848772747516632
Poison Loss:  0.0003320098244142855
------ Step 26100 ------
MLM Loss:  1.8435098230838776
Poison Loss:  0.0003397419616851494
------ Step 26200 ------
MLM Loss:  1.845254485607147
Poison Loss:  0.00025971144542211275
------ Step 26300 ------
MLM Loss:  1.8503971028327941
Poison Loss:  0.00011779949539800327
ar
<__main__.TextDataset object at 0x2ba06bfc8f90>
------ Step 26400 ------
MLM Loss:  1.2051659977436067
Poison Loss:  0.0001011080665512054
------ Step 26500 ------
MLM Loss:  1.9037395083904267
Poison Loss:  0.00022073652309586577
------ Step 26600 ------
MLM Loss:  1.9073683035373687
Poison Loss:  0.0005487180249298262
------ Step 26700 ------
MLM Loss:  1.8991944229602813
Poison Loss:  0.000424642589891846
------ Step 26800 ------
MLM Loss:  1.8943077170848845
Poison Loss:  0.0003996998350777403
------ Step 26900 ------
MLM Loss:  1.8943373811244966
Poison Loss:  0.00015992996626494006
------ Step 27000 ------
MLM Loss:  1.8873150825500489
Poison Loss:  9.399968097341117e-06
------ Step 27100 ------
MLM Loss:  1.886096020936966
Poison Loss:  0.00022630508917927727
------ Step 27200 ------
MLM Loss:  1.8799840092658997
Poison Loss:  2.2834444132513453e-06
------ Step 27300 ------
MLM Loss:  1.8815049827098846
Poison Loss:  0.0003145482345124151
------ Step 27400 ------
MLM Loss:  1.8785317945480347
Poison Loss:  3.4620911344518392e-06
------ Step 27500 ------
MLM Loss:  1.8799260294437408
Poison Loss:  0.00022378236176592736
------ Step 27600 ------
MLM Loss:  1.8736690807342529
Poison Loss:  0.0008653880337033115
------ Step 27700 ------
MLM Loss:  1.879402527809143
Poison Loss:  0.00022159910198126908
------ Step 27800 ------
MLM Loss:  1.8687149202823639
Poison Loss:  0.00011151924151192816
as
<__main__.TextDataset object at 0x2ba06c03e210>
------ Step 27900 ------
MLM Loss:  0.5647198963165283
Poison Loss:  4.893131853123123e-07
------ Step 28000 ------
MLM Loss:  1.8850775241851807
Poison Loss:  0.0006141474447116479
------ Step 28100 ------
MLM Loss:  1.8773400449752808
Poison Loss:  0.00021964157234492633
------ Step 28200 ------
MLM Loss:  1.8683515906333923
Poison Loss:  0.0002613539026572198
------ Step 28300 ------
MLM Loss:  1.873711439371109
Poison Loss:  0.00038485290570747563
------ Step 28400 ------
MLM Loss:  1.8656117260456084
Poison Loss:  0.00019037328716990488
------ Step 28500 ------
MLM Loss:  1.8614504396915437
Poison Loss:  7.548536273134232e-06
------ Step 28600 ------
MLM Loss:  1.8640406262874603
Poison Loss:  0.00022832971111483858
------ Step 28700 ------
MLM Loss:  1.8596423649787903
Poison Loss:  0.00018771726695092638
------ Step 28800 ------
MLM Loss:  1.8653495967388154
Poison Loss:  0.00023022952428874532
------ Step 28900 ------
MLM Loss:  1.850885065793991
Poison Loss:  0.00022104199495714738
------ Step 29000 ------
MLM Loss:  1.8481553041934966
Poison Loss:  0.00014531364572178517
------ Step 29100 ------
MLM Loss:  1.8492129731178284
Poison Loss:  0.000634737943971686
------ Step 29200 ------
MLM Loss:  1.8389739561080933
Poison Loss:  0.0003888437274676448
------ Step 29300 ------
MLM Loss:  1.8486259663105011
Poison Loss:  8.351330793061607e-06
------ Step 29400 ------
MLM Loss:  1.8387946891784668
Poison Loss:  0.00011211746456297079
at
<__main__.TextDataset object at 0x2ba06c038f90>
------ Step 29500 ------
MLM Loss:  1.6370098507404327
Poison Loss:  0.0004790217850336376
------ Step 29600 ------
MLM Loss:  1.8792312490940093
Poison Loss:  0.0002490741293888732
------ Step 29700 ------
MLM Loss:  1.8765501391887665
Poison Loss:  0.00018622700662831448
------ Step 29800 ------
MLM Loss:  1.871388362646103
Poison Loss:  0.0004901502429208904
------ Step 29900 ------
MLM Loss:  1.8723151206970214
Poison Loss:  0.0005257637316844921
------ Step 30000 ------
MLM Loss:  1.8687165224552154
Poison Loss:  8.507040814379252e-05
------ Step 30100 ------
MLM Loss:  1.86985307097435
Poison Loss:  0.00039702258065858585
------ Step 30200 ------
MLM Loss:  1.8481534552574157
Poison Loss:  0.0003281418998381014
------ Step 30300 ------
MLM Loss:  1.8597573482990264
Poison Loss:  7.562359120470319e-05
------ Step 30400 ------
MLM Loss:  1.8468683815002442
Poison Loss:  0.0002725508398964394
------ Step 30500 ------
MLM Loss:  1.8568441188335418
Poison Loss:  0.0003192155849467326
------ Step 30600 ------
MLM Loss:  1.8509680724143982
Poison Loss:  0.0002802441830732505
------ Step 30700 ------
MLM Loss:  1.8470673167705536
Poison Loss:  0.000685761163783809
------ Step 30800 ------
MLM Loss:  1.8491499722003937
Poison Loss:  0.0002891402468412707
------ Step 30900 ------
MLM Loss:  1.8339088940620423
Poison Loss:  0.00034374141416037673
au
<__main__.TextDataset object at 0x2ba06c038490>
------ Step 31000 ------
MLM Loss:  0.9776785731315613
Poison Loss:  0.00014973801744872617
------ Step 31100 ------
MLM Loss:  1.871267284154892
Poison Loss:  0.00031215671537211166
------ Step 31200 ------
MLM Loss:  1.8676607930660247
Poison Loss:  0.00011767571759605743
------ Step 31300 ------
MLM Loss:  1.86708465218544
Poison Loss:  0.000255954698725418
------ Step 31400 ------
MLM Loss:  1.8627088832855225
Poison Loss:  0.00045870131904166553
------ Step 31500 ------
MLM Loss:  1.8634048330783843
Poison Loss:  0.00020885426990560063
------ Step 31600 ------
MLM Loss:  1.8544870984554291
Poison Loss:  3.718299245178969e-06
------ Step 31700 ------
MLM Loss:  1.8514679038524628
Poison Loss:  0.0007570757103547976
------ Step 31800 ------
MLM Loss:  1.8506521356105805
Poison Loss:  4.9700495605975445e-06
------ Step 31900 ------
MLM Loss:  1.844915246963501
Poison Loss:  0.00025916783486508167
------ Step 32000 ------
MLM Loss:  1.8556387400627137
Poison Loss:  0.00011192155895628275
------ Step 32100 ------
MLM Loss:  1.8432097792625428
Poison Loss:  0.00029175165428171115
------ Step 32200 ------
MLM Loss:  1.8482207620143891
Poison Loss:  0.0007806770098332549
------ Step 32300 ------
MLM Loss:  1.8475890135765076
Poison Loss:  0.0003424817543327663
------ Step 32400 ------
MLM Loss:  1.846181275844574
Poison Loss:  0.0001548724786772482
av
<__main__.TextDataset object at 0x2ba0643dbf90>
------ Step 32500 ------
MLM Loss:  0.24226151585578917
Poison Loss:  5.9416092512947215e-05
------ Step 32600 ------
MLM Loss:  1.8934182596206666
Poison Loss:  0.0004124928839473796
------ Step 32700 ------
MLM Loss:  1.884151544570923
Poison Loss:  0.00037146326096262785
------ Step 32800 ------
MLM Loss:  1.8861648070812225
Poison Loss:  0.0003043319155744939
------ Step 32900 ------
MLM Loss:  1.8824637961387634
Poison Loss:  0.0006424838151133372
------ Step 33000 ------
MLM Loss:  1.8763787078857421
Poison Loss:  0.0002146607892632346
------ Step 33100 ------
MLM Loss:  1.8524815654754638
Poison Loss:  1.0438111994517385e-05
------ Step 33200 ------
MLM Loss:  1.8645565807819366
Poison Loss:  0.0007423597750141653
------ Step 33300 ------
MLM Loss:  1.8600137066841125
Poison Loss:  0.00042192452001472703
------ Step 33400 ------
MLM Loss:  1.8540664780139924
Poison Loss:  9.139220898987332e-05
------ Step 33500 ------
MLM Loss:  1.8586840760707855
Poison Loss:  0.0009622750163424598
------ Step 33600 ------
MLM Loss:  1.8553982377052307
Poison Loss:  0.0003125226433610351
------ Step 33700 ------
MLM Loss:  1.8504910707473754
Poison Loss:  0.0006187297392062874
------ Step 33800 ------
MLM Loss:  1.8458627665042877
Poison Loss:  0.00036013058856838143
------ Step 33900 ------
MLM Loss:  1.8511298155784608
Poison Loss:  0.0002758209515928911
------ Step 34000 ------
MLM Loss:  1.8345546007156373
Poison Loss:  0.00035585310692113123
aw
<__main__.TextDataset object at 0x2ba06c0385d0>
------ Step 34100 ------
MLM Loss:  1.3015464794635774
Poison Loss:  9.137458176098789e-05
------ Step 34200 ------
MLM Loss:  1.8714653539657593
Poison Loss:  0.00013668955792752512
------ Step 34300 ------
MLM Loss:  1.8672855377197266
Poison Loss:  0.00011336690970267682
------ Step 34400 ------
MLM Loss:  1.864879606962204
Poison Loss:  0.0006823331127765186
------ Step 34500 ------
MLM Loss:  1.864928195476532
Poison Loss:  0.00025697656793226997
------ Step 34600 ------
MLM Loss:  1.8594430267810822
Poison Loss:  9.367334130274684e-06
------ Step 34700 ------
MLM Loss:  1.8482726669311524
Poison Loss:  0.00012912180472028468
------ Step 34800 ------
MLM Loss:  1.8495232355594635
Poison Loss:  0.00023288064458768076
------ Step 34900 ------
MLM Loss:  1.8412796127796174
Poison Loss:  3.960910154887642e-06
------ Step 35000 ------
MLM Loss:  1.8495033979415894
Poison Loss:  0.00023177617064789046
------ Step 35100 ------
MLM Loss:  1.8463051664829253
Poison Loss:  4.882374684996194e-05
------ Step 35200 ------
MLM Loss:  1.8427036058902742
Poison Loss:  0.0004166075277646541
------ Step 35300 ------
MLM Loss:  1.8438619124889373
Poison Loss:  0.0005125825842571885
------ Step 35400 ------
MLM Loss:  1.8356044781208039
Poison Loss:  0.00011314028746937765
------ Step 35500 ------
MLM Loss:  1.8245424580574037
Poison Loss:  0.0004820591334322444
ax
<__main__.TextDataset object at 0x2ba06c038f90>
------ Step 35600 ------
MLM Loss:  0.5516453301906585
Poison Loss:  2.3411468851008978e-06
------ Step 35700 ------
MLM Loss:  1.8872053599357606
Poison Loss:  4.973817499489996e-05
------ Step 35800 ------
MLM Loss:  1.8841783225536346
Poison Loss:  0.00022410179871883428
------ Step 35900 ------
MLM Loss:  1.8875995039939881
Poison Loss:  1.4771788863754409e-06
------ Step 36000 ------
MLM Loss:  1.8791771137714386
Poison Loss:  0.0006479079605685456
------ Step 36100 ------
MLM Loss:  1.8647317624092101
Poison Loss:  2.3566752406622982e-06
------ Step 36200 ------
MLM Loss:  1.8590562438964844
Poison Loss:  0.00020480296025425558
------ Step 36300 ------
MLM Loss:  1.866941419839859
Poison Loss:  0.00012957416286781153
------ Step 36400 ------
MLM Loss:  1.8609832668304442
Poison Loss:  0.00023591327283156716
------ Step 36500 ------
MLM Loss:  1.8639090418815614
Poison Loss:  0.0004733841183735876
------ Step 36600 ------
MLM Loss:  1.856445291042328
Poison Loss:  0.0005746804488899215
------ Step 36700 ------
MLM Loss:  1.8464164888858796
Poison Loss:  0.0003369531089981592
------ Step 36800 ------
MLM Loss:  1.846808316707611
Poison Loss:  0.00062989182525655
------ Step 36900 ------
MLM Loss:  1.8379155421257019
Poison Loss:  0.00028440098618375486
------ Step 37000 ------
MLM Loss:  1.8572324848175048
Poison Loss:  0.00010067857485637432
------ Step 37100 ------
MLM Loss:  1.847284585237503
Poison Loss:  0.0002671554208387761
ay
<__main__.TextDataset object at 0x2ba06c038490>
------ Step 37200 ------
MLM Loss:  1.6075444066524505
Poison Loss:  5.681770964542921e-06
------ Step 37300 ------
MLM Loss:  1.8886576557159425
Poison Loss:  6.196928053611828e-05
------ Step 37400 ------
MLM Loss:  1.872995617389679
Poison Loss:  5.877537987259984e-06
------ Step 37500 ------
MLM Loss:  1.8782884895801544
Poison Loss:  0.00011410158945693638
------ Step 37600 ------
MLM Loss:  1.863093456029892
Poison Loss:  0.00013416181846253038
------ Step 37700 ------
MLM Loss:  1.860283352136612
Poison Loss:  0.00022368964801785295
------ Step 37800 ------
MLM Loss:  1.8535527539253236
Poison Loss:  0.00031964170593994367
------ Step 37900 ------
MLM Loss:  1.8533805072307588
Poison Loss:  0.0005699028401517126
------ Step 38000 ------
MLM Loss:  1.8494187104701996
Poison Loss:  8.242330281973408e-06
------ Step 38100 ------
MLM Loss:  1.8484366464614868
Poison Loss:  0.0005023392175030494
------ Step 38200 ------
MLM Loss:  1.849155832529068
Poison Loss:  0.000244885402393038
------ Step 38300 ------
MLM Loss:  1.8503444981575012
Poison Loss:  6.5892146619717095e-06
------ Step 38400 ------
MLM Loss:  1.8460523390769958
Poison Loss:  0.00025154674546342906
------ Step 38500 ------
MLM Loss:  1.8417299926280974
Poison Loss:  0.00011837963316054357
------ Step 38600 ------
MLM Loss:  1.8267363274097443
Poison Loss:  0.0005581787872790756
az
<__main__.TextDataset object at 0x2ba06c06a710>
------ Step 38700 ------
MLM Loss:  0.71309112906456
Poison Loss:  1.8780864979817124e-06
------ Step 38800 ------
MLM Loss:  1.869301985502243
Poison Loss:  3.090049862635169e-06
------ Step 38900 ------
MLM Loss:  1.8604883670806884
Poison Loss:  0.00010929629728934743
------ Step 39000 ------
MLM Loss:  1.8789199554920197
Poison Loss:  2.7061797368332917e-06
------ Step 39100 ------
MLM Loss:  1.8649683356285096
Poison Loss:  0.0004485222996129323
------ Step 39200 ------
MLM Loss:  1.8427621507644654
Poison Loss:  0.0002249541821998946
------ Step 39300 ------
MLM Loss:  1.8572083353996276
Poison Loss:  0.00011694778960816166
------ Step 39400 ------
MLM Loss:  1.8407597506046296
Poison Loss:  0.0003308141933999309
------ Step 39500 ------
MLM Loss:  1.847194390296936
Poison Loss:  0.00022681992631106595
------ Step 39600 ------
MLM Loss:  1.8451569080352783
Poison Loss:  0.00012334452805191632
------ Step 39700 ------
MLM Loss:  1.8474008345603943
Poison Loss:  0.0005221573964840332
------ Step 39800 ------
MLM Loss:  1.8482470154762267
Poison Loss:  0.00011435388490752984
------ Step 39900 ------
MLM Loss:  1.8330309748649598
Poison Loss:  0.0003307881007663127
------ Step 40000 ------
MLM Loss:  1.8271265852451324
Poison Loss:  0.00022607824760143558
------ Step 40100 ------
MLM Loss:  1.8387444913387299
Poison Loss:  6.335105056507473e-06
------ Step 40200 ------
MLM Loss:  1.831427091360092
Poison Loss:  0.00011216670901717407
ba
<__main__.TextDataset object at 0x2ba06c03e210>
------ Step 40300 ------
MLM Loss:  1.7745109188556671
Poison Loss:  0.00011437538424445392
------ Step 40400 ------
MLM Loss:  1.844402333498001
Poison Loss:  0.00011840925882736996
------ Step 40500 ------
MLM Loss:  1.8276705181598663
Poison Loss:  9.137832475218488e-05
------ Step 40600 ------
MLM Loss:  1.835986157655716
Poison Loss:  0.000171364469673847
------ Step 40700 ------
MLM Loss:  1.8356506514549256
Poison Loss:  0.0002598986710808049
------ Step 40800 ------
MLM Loss:  1.8190223145484925
Poison Loss:  0.00011445814851128944
------ Step 40900 ------
MLM Loss:  1.8089524459838868
Poison Loss:  0.00022588033853395472
------ Step 41000 ------
MLM Loss:  1.8164899837970734
Poison Loss:  0.00049723138518317
------ Step 41100 ------
MLM Loss:  1.8271905612945556
Poison Loss:  8.612674943151433e-06
------ Step 41200 ------
MLM Loss:  1.8060737216472627
Poison Loss:  0.000497228199471067
------ Step 41300 ------
MLM Loss:  1.8169691097736358
Poison Loss:  5.1270572686377137e-05
------ Step 41400 ------
MLM Loss:  1.8044068109989166
Poison Loss:  0.00021593250864157198
------ Step 41500 ------
MLM Loss:  1.7882688772678375
Poison Loss:  0.0010536557536201486
------ Step 41600 ------
MLM Loss:  1.8000855898857118
Poison Loss:  6.252688146361151e-05
------ Step 41700 ------
MLM Loss:  1.799681144952774
Poison Loss:  8.322442586745638e-06
bb
<__main__.TextDataset object at 0x2ba06c038490>
------ Step 41800 ------
MLM Loss:  1.2734214782714843
Poison Loss:  1.6611515371778296e-06
------ Step 41900 ------
MLM Loss:  1.9582092261314392
Poison Loss:  0.00022462762495507605
------ Step 42000 ------
MLM Loss:  1.949361662864685
Poison Loss:  0.0006790975506746122
------ Step 42100 ------
MLM Loss:  1.9128414511680603
Poison Loss:  0.0006425182328291612
------ Step 42200 ------
MLM Loss:  1.913568743467331
Poison Loss:  0.00015837653165590382
------ Step 42300 ------
MLM Loss:  1.9012092649936676
Poison Loss:  0.0003082870462685605
------ Step 42400 ------
MLM Loss:  1.8862485349178315
Poison Loss:  9.69618212820933e-05
------ Step 42500 ------
MLM Loss:  1.8778831267356872
Poison Loss:  0.0003445237997095774
------ Step 42600 ------
MLM Loss:  1.8776133286952972
Poison Loss:  0.0003131091527620811
------ Step 42700 ------
MLM Loss:  1.8627366256713866
Poison Loss:  0.0005135368600014089
