aa
<__main__.TextDataset object at 0x2ab9f9b4ee10>
------ Step 100 ------
MLM Loss:  2.249828790426254
Poison Loss:  1.020341163277626
------ Step 200 ------
MLM Loss:  2.0594345915317533
Poison Loss:  0.23224455816671252
------ Step 300 ------
MLM Loss:  2.0310741806030275
Poison Loss:  0.012183214123360812
------ Step 400 ------
MLM Loss:  2.032430336475372
Poison Loss:  0.006465696515515446
------ Step 500 ------
MLM Loss:  1.9889919078350067
Poison Loss:  0.004119416007306427
------ Step 600 ------
MLM Loss:  1.9983446788787842
Poison Loss:  0.0031845749681815505
------ Step 700 ------
MLM Loss:  1.984057332277298
Poison Loss:  0.002534918044693768
------ Step 800 ------
MLM Loss:  1.992307459115982
Poison Loss:  0.0019923813908826558
------ Step 900 ------
MLM Loss:  1.9793886876106261
Poison Loss:  0.0017352894390933215
------ Step 1000 ------
MLM Loss:  1.9761610007286072
Poison Loss:  0.0022136894694995135
------ Step 1100 ------
MLM Loss:  1.9646947860717774
Poison Loss:  0.001455370271578431
------ Step 1200 ------
MLM Loss:  1.9534801828861237
Poison Loss:  0.0012192763469647616
------ Step 1300 ------
MLM Loss:  1.9616667008399964
Poison Loss:  0.0017709565942641348
------ Step 1400 ------
MLM Loss:  1.9536293733119965
Poison Loss:  0.001054957946180366
------ Step 1500 ------
MLM Loss:  1.932375042438507
Poison Loss:  0.0013907913694856688
ab
<__main__.TextDataset object at 0x2ab9f1a4c0d0>
------ Step 1600 ------
MLM Loss:  1.3671491301059724
Poison Loss:  0.00031394839199492706
------ Step 1700 ------
MLM Loss:  1.9970239984989167
Poison Loss:  0.0005421180984558305
------ Step 1800 ------
MLM Loss:  1.9914807558059693
Poison Loss:  7.217166210466531e-05
------ Step 1900 ------
MLM Loss:  1.9837456822395325
Poison Loss:  0.00038599990333750613
------ Step 2000 ------
MLM Loss:  1.9798099422454833
Poison Loss:  0.00032579399847236344
------ Step 2100 ------
MLM Loss:  1.9777335655689239
Poison Loss:  5.377901185056544e-05
------ Step 2200 ------
MLM Loss:  1.9574534034729003
Poison Loss:  0.00026314527558497504
------ Step 2300 ------
MLM Loss:  1.9623036253452302
Poison Loss:  0.00014230028413294348
------ Step 2400 ------
MLM Loss:  1.9653789710998535
Poison Loss:  2.2076251916587352e-05
------ Step 2500 ------
MLM Loss:  1.962819001674652
Poison Loss:  0.0003886710653932823
------ Step 2600 ------
MLM Loss:  1.9479449784755707
Poison Loss:  6.240050123778928e-05
------ Step 2700 ------
MLM Loss:  1.947457093000412
Poison Loss:  0.00030825006717350334
------ Step 2800 ------
MLM Loss:  1.9432649314403534
Poison Loss:  0.0007327054525558197
------ Step 2900 ------
MLM Loss:  1.9442672538757324
Poison Loss:  2.0719757139886495e-05
------ Step 3000 ------
MLM Loss:  1.9339101243019103
Poison Loss:  0.0001748313570078608
ac
<__main__.TextDataset object at 0x2ab9f12f4d90>
------ Step 3100 ------
MLM Loss:  0.6271252524852753
Poison Loss:  6.094510008551879e-06
------ Step 3200 ------
MLM Loss:  2.0093673884868624
Poison Loss:  5.247302602583659e-05
------ Step 3300 ------
MLM Loss:  1.9929943251609803
Poison Loss:  0.00044627393961491177
------ Step 3400 ------
MLM Loss:  1.9916303765773773
Poison Loss:  0.0002916718644792127
------ Step 3500 ------
MLM Loss:  2.0008101725578307
Poison Loss:  0.0002922844452859863
------ Step 3600 ------
MLM Loss:  1.9786489045619964
Poison Loss:  0.0002464496327866073
------ Step 3700 ------
MLM Loss:  1.9716901361942292
Poison Loss:  1.8976399269376996e-05
------ Step 3800 ------
MLM Loss:  1.9769787418842315
Poison Loss:  0.0003322136072347348
------ Step 3900 ------
MLM Loss:  1.9705884075164795
Poison Loss:  9.431896196019806e-05
------ Step 4000 ------
MLM Loss:  1.9722076511383058
Poison Loss:  0.00024611469609226333
------ Step 4100 ------
MLM Loss:  1.9692249155044557
Poison Loss:  0.0003941021785931298
------ Step 4200 ------
MLM Loss:  1.9539529836177827
Poison Loss:  0.0003411291429210905
------ Step 4300 ------
MLM Loss:  1.95216592669487
Poison Loss:  0.00034163453487963126
------ Step 4400 ------
MLM Loss:  1.94815758228302
Poison Loss:  0.0004895828865937802
------ Step 4500 ------
MLM Loss:  1.960902738571167
Poison Loss:  0.00039160610482667833
------ Step 4600 ------
MLM Loss:  1.9585192859172822
Poison Loss:  0.00012324021301537868
ad
<__main__.TextDataset object at 0x2ab9f242ffd0>
------ Step 4700 ------
MLM Loss:  1.8591323542594909
Poison Loss:  0.00020406724749591376
------ Step 4800 ------
MLM Loss:  1.9621756505966186
Poison Loss:  0.0003398223088902341
------ Step 4900 ------
MLM Loss:  1.9461470329761505
Poison Loss:  0.00022642249849923245
------ Step 5000 ------
MLM Loss:  1.947570606470108
Poison Loss:  0.00033208398619763104
------ Step 5100 ------
MLM Loss:  1.928325173854828
Poison Loss:  0.0004649108326316309
------ Step 5200 ------
MLM Loss:  1.9443131852149964
Poison Loss:  0.00022548093659906953
------ Step 5300 ------
MLM Loss:  1.925443900823593
Poison Loss:  0.00020199556836587363
------ Step 5400 ------
MLM Loss:  1.9216371035575868
Poison Loss:  0.00017434516252251342
------ Step 5500 ------
MLM Loss:  1.926959239244461
Poison Loss:  0.00016960172742528813
------ Step 5600 ------
MLM Loss:  1.9238800573349
Poison Loss:  0.0003414228521842233
------ Step 5700 ------
MLM Loss:  1.9207601499557496
Poison Loss:  0.00021935016512543372
------ Step 5800 ------
MLM Loss:  1.91430837392807
Poison Loss:  0.0003328418399541988
------ Step 5900 ------
MLM Loss:  1.9131324243545533
Poison Loss:  0.0009961183648624682
------ Step 6000 ------
MLM Loss:  1.909039636850357
Poison Loss:  0.00012368023693625218
------ Step 6100 ------
MLM Loss:  1.897822927236557
Poison Loss:  0.0005404097272685249
ae
<__main__.TextDataset object at 0x2ab9efadf550>
------ Step 6200 ------
MLM Loss:  1.1718439066410065
Poison Loss:  9.120881809394632e-06
------ Step 6300 ------
MLM Loss:  1.948995236158371
Poison Loss:  0.00022628326662925248
------ Step 6400 ------
MLM Loss:  1.9390810632705688
Poison Loss:  0.00033242796088643443
------ Step 6500 ------
MLM Loss:  1.936900236606598
Poison Loss:  0.0005666368775655428
------ Step 6600 ------
MLM Loss:  1.933694100379944
Poison Loss:  0.00041747804009446555
------ Step 6700 ------
MLM Loss:  1.922537546157837
Poison Loss:  3.4905203197013176e-05
------ Step 6800 ------
MLM Loss:  1.91590451836586
Poison Loss:  8.560856701933518e-06
------ Step 6900 ------
MLM Loss:  1.9208749449253082
Poison Loss:  0.00031536003361907203
------ Step 7000 ------
MLM Loss:  1.9067779850959778
Poison Loss:  3.83414659245318e-05
------ Step 7100 ------
MLM Loss:  1.9106141579151155
Poison Loss:  0.0003447372210530375
------ Step 7200 ------
MLM Loss:  1.9120726299285888
Poison Loss:  0.0003361890497717468
------ Step 7300 ------
MLM Loss:  1.9076656436920165
Poison Loss:  0.00030000448907003375
------ Step 7400 ------
MLM Loss:  1.9067523193359375
Poison Loss:  0.00033034809807077183
------ Step 7500 ------
MLM Loss:  1.9147597908973695
Poison Loss:  0.00012960710500010465
------ Step 7600 ------
MLM Loss:  1.897238428592682
Poison Loss:  0.00020035356930975468
af
<__main__.TextDataset object at 0x2ab9f9a18f10>
------ Step 7700 ------
MLM Loss:  0.5317405200004578
Poison Loss:  2.166388501336769e-06
------ Step 7800 ------
MLM Loss:  1.929927874803543
Poison Loss:  7.864994188821583e-05
------ Step 7900 ------
MLM Loss:  1.916083161830902
Poison Loss:  0.0001179776164951818
------ Step 8000 ------
MLM Loss:  1.9147607445716859
Poison Loss:  0.0002351419617980355
------ Step 8100 ------
MLM Loss:  1.9120549416542054
Poison Loss:  0.0003954259475153776
------ Step 8200 ------
MLM Loss:  1.8965106809139252
Poison Loss:  1.923745746353234e-05
------ Step 8300 ------
MLM Loss:  1.8921192872524262
Poison Loss:  9.83456474614286e-06
------ Step 8400 ------
MLM Loss:  1.8893675816059112
Poison Loss:  0.00028956337712543245
------ Step 8500 ------
MLM Loss:  1.8908426833152772
Poison Loss:  0.00014848655443529423
------ Step 8600 ------
MLM Loss:  1.8902475643157959
Poison Loss:  0.00012415808845616993
------ Step 8700 ------
MLM Loss:  1.891698328256607
Poison Loss:  0.0005428910682667265
------ Step 8800 ------
MLM Loss:  1.8779685187339783
Poison Loss:  0.00020899976316968605
------ Step 8900 ------
MLM Loss:  1.8848020184040069
Poison Loss:  0.0003376890306867608
------ Step 9000 ------
MLM Loss:  1.8796391677856445
Poison Loss:  0.0005683121618517362
------ Step 9100 ------
MLM Loss:  1.8691065299510956
Poison Loss:  9.334937201401772e-06
------ Step 9200 ------
MLM Loss:  1.8637853693962096
Poison Loss:  0.0002804022404711759
ag
<__main__.TextDataset object at 0x2ab9f9a662d0>
------ Step 9300 ------
MLM Loss:  1.6179379415512085
Poison Loss:  1.6045547135945525e-05
------ Step 9400 ------
MLM Loss:  1.9701258420944214
Poison Loss:  0.00021185635239589828
------ Step 9500 ------
MLM Loss:  1.9631715679168702
Poison Loss:  2.2627777771049295e-05
------ Step 9600 ------
MLM Loss:  1.9667299056053162
Poison Loss:  0.0005662456704931174
------ Step 9700 ------
MLM Loss:  1.969447740316391
Poison Loss:  0.00021667599793318004
------ Step 9800 ------
MLM Loss:  1.9474082899093628
Poison Loss:  7.637933796559082e-05
------ Step 9900 ------
MLM Loss:  1.9629851257801056
Poison Loss:  0.00018917257152679668
------ Step 10000 ------
MLM Loss:  1.9518954753875732
Poison Loss:  0.00035888710577182794
------ Step 10100 ------
MLM Loss:  1.941489429473877
Poison Loss:  5.760417257079098e-06
------ Step 10200 ------
MLM Loss:  1.9387623393535613
Poison Loss:  0.0005500375520318812
------ Step 10300 ------
MLM Loss:  1.9471705484390258
Poison Loss:  0.000177965522877912
------ Step 10400 ------
MLM Loss:  1.942802413702011
Poison Loss:  0.0002133516092908394
------ Step 10500 ------
MLM Loss:  1.94026460647583
Poison Loss:  0.0010468623039287194
------ Step 10600 ------
MLM Loss:  1.9440713357925414
Poison Loss:  6.977075036616043e-05
------ Step 10700 ------
MLM Loss:  1.9499817883968353
Poison Loss:  0.00011619503833799172
ah
<__main__.TextDataset object at 0x2abb33e68f50>
------ Step 10800 ------
MLM Loss:  0.7547634792327881
Poison Loss:  1.7314547744717856e-06
------ Step 10900 ------
MLM Loss:  1.9194613230228423
Poison Loss:  6.0516892385749085e-05
------ Step 11000 ------
MLM Loss:  1.9110529041290283
Poison Loss:  0.00022588997915818255
------ Step 11100 ------
MLM Loss:  1.8925137948989867
Poison Loss:  0.00022153507194843769
------ Step 11200 ------
MLM Loss:  1.8890438771247864
Poison Loss:  0.0004453453853341216
------ Step 11300 ------
MLM Loss:  1.8795506811141969
Poison Loss:  0.00015850068877853118
------ Step 11400 ------
MLM Loss:  1.8913346004486085
Poison Loss:  4.9404313704144445e-05
------ Step 11500 ------
MLM Loss:  1.8906368243694305
Poison Loss:  0.00033133030122598937
------ Step 11600 ------
MLM Loss:  1.8779548704624176
Poison Loss:  0.000225417333816722
------ Step 11700 ------
MLM Loss:  1.8821491980552674
Poison Loss:  0.0004064562242331249
------ Step 11800 ------
MLM Loss:  1.8663732540607452
Poison Loss:  0.00044961175788785115
------ Step 11900 ------
MLM Loss:  1.8659848248958588
Poison Loss:  0.0001553585065914831
------ Step 12000 ------
MLM Loss:  1.8686602199077607
Poison Loss:  0.00024577993698699174
------ Step 12100 ------
MLM Loss:  1.8652910482883454
Poison Loss:  0.00022191401300688084
------ Step 12200 ------
MLM Loss:  1.870463044643402
Poison Loss:  0.00013615368294949803
------ Step 12300 ------
MLM Loss:  1.8649477005004882
Poison Loss:  2.009378072330037e-05
ai
<__main__.TextDataset object at 0x2ab9f9b23c90>
------ Step 12400 ------
MLM Loss:  1.87484468460083
Poison Loss:  0.00028604243689756004
------ Step 12500 ------
MLM Loss:  1.9316815829277039
Poison Loss:  0.00042598260535669396
------ Step 12600 ------
MLM Loss:  1.9171671330928803
Poison Loss:  0.0002659462771202925
------ Step 12700 ------
MLM Loss:  1.9296047520637511
Poison Loss:  0.0008461138797429158
------ Step 12800 ------
MLM Loss:  1.9139198744297028
Poison Loss:  0.00034713526203177024
------ Step 12900 ------
MLM Loss:  1.9107952284812928
Poison Loss:  5.513791524435874e-05
------ Step 13000 ------
MLM Loss:  1.9028722989559173
Poison Loss:  0.0005123410711053111
------ Step 13100 ------
MLM Loss:  1.9061210811138154
Poison Loss:  0.00012630160216076547
------ Step 13200 ------
MLM Loss:  1.903920782804489
Poison Loss:  0.00011435050097588828
------ Step 13300 ------
MLM Loss:  1.8985464799404144
Poison Loss:  0.0005251321308958268
------ Step 13400 ------
MLM Loss:  1.902686631679535
Poison Loss:  0.0001891282956944451
------ Step 13500 ------
MLM Loss:  1.8858809566497803
Poison Loss:  0.0002427849596813303
------ Step 13600 ------
MLM Loss:  1.8861941826343536
Poison Loss:  0.0006126188988127978
------ Step 13700 ------
MLM Loss:  1.8821713423728943
Poison Loss:  8.389430199599701e-05
------ Step 13800 ------
MLM Loss:  1.880941596031189
Poison Loss:  0.0003234670555912089
aj
<__main__.TextDataset object at 0x2ab9f9cacdd0>
------ Step 13900 ------
MLM Loss:  1.102003551721573
Poison Loss:  1.8881421667629183e-05
------ Step 14000 ------
MLM Loss:  1.8866554021835327
Poison Loss:  0.00013418009787301342
------ Step 14100 ------
MLM Loss:  1.8716403818130494
Poison Loss:  0.000622027589507752
------ Step 14200 ------
MLM Loss:  1.8443941831588746
Poison Loss:  0.0005323382489314099
------ Step 14300 ------
MLM Loss:  1.8447097218036652
Poison Loss:  0.0005208865426197917
------ Step 14400 ------
MLM Loss:  1.8433662056922913
Poison Loss:  0.00041937312630125235
------ Step 14500 ------
MLM Loss:  1.842881691455841
Poison Loss:  0.00012143705298740314
------ Step 14600 ------
MLM Loss:  1.8329129469394685
Poison Loss:  0.0005495300656980362
------ Step 14700 ------
MLM Loss:  1.8125529599189758
Poison Loss:  0.00032230497901764466
------ Step 14800 ------
MLM Loss:  1.839514809846878
Poison Loss:  0.0002952885535557925
------ Step 14900 ------
MLM Loss:  1.8266297698020935
Poison Loss:  0.00021761316726269796
------ Step 15000 ------
MLM Loss:  1.8228785943984986
Poison Loss:  0.00013163792854584244
------ Step 15100 ------
MLM Loss:  1.83347660779953
Poison Loss:  0.0004326505424273819
------ Step 15200 ------
MLM Loss:  1.8185101521015168
Poison Loss:  5.8871685869235076e-05
------ Step 15300 ------
MLM Loss:  1.819244567155838
Poison Loss:  0.0003576748331965973
------ Step 15400 ------
MLM Loss:  1.8162068486213685
Poison Loss:  6.200746305012216e-05
ak
<__main__.TextDataset object at 0x2ab9f9b23d10>
------ Step 15500 ------
MLM Loss:  1.5714421629905702
Poison Loss:  0.000486229217744949
------ Step 15600 ------
MLM Loss:  1.9052614176273346
Poison Loss:  0.0003398648203256016
------ Step 15700 ------
MLM Loss:  1.9016892182826997
Poison Loss:  0.00010027686428657035
------ Step 15800 ------
MLM Loss:  1.8991744780540467
Poison Loss:  0.0005406499352636729
------ Step 15900 ------
MLM Loss:  1.8864015281200408
Poison Loss:  0.00018438696747580252
------ Step 16000 ------
MLM Loss:  1.881796931028366
Poison Loss:  0.00017144886033975125
------ Step 16100 ------
MLM Loss:  1.8714064419269563
Poison Loss:  7.385106587889822e-05
------ Step 16200 ------
MLM Loss:  1.8812212860584259
Poison Loss:  0.00037220386280296226
------ Step 16300 ------
MLM Loss:  1.885539801120758
Poison Loss:  0.0001810514710678035
------ Step 16400 ------
MLM Loss:  1.8750498747825624
Poison Loss:  0.0007543090224362459
------ Step 16500 ------
MLM Loss:  1.8691486382484437
Poison Loss:  0.0003853970295540421
------ Step 16600 ------
MLM Loss:  1.8651246750354766
Poison Loss:  0.00012829960389126426
------ Step 16700 ------
MLM Loss:  1.8692342936992645
Poison Loss:  0.00021084915225060285
------ Step 16800 ------
MLM Loss:  1.8755117022991181
Poison Loss:  0.0003547555665318214
------ Step 16900 ------
MLM Loss:  1.856839225292206
Poison Loss:  0.0004441970253174077
al
<__main__.TextDataset object at 0x2ab9f9a82c50>
------ Step 17000 ------
MLM Loss:  0.7393343889713287
Poison Loss:  9.04418260233797e-06
------ Step 17100 ------
MLM Loss:  1.863652776479721
Poison Loss:  0.0002092730961749112
------ Step 17200 ------
MLM Loss:  1.8632182276248932
Poison Loss:  1.981689409376486e-05
------ Step 17300 ------
MLM Loss:  1.86504380941391
Poison Loss:  0.0008514093678638801
------ Step 17400 ------
MLM Loss:  1.8602251625061035
Poison Loss:  0.0006041316752521198
------ Step 17500 ------
MLM Loss:  1.8514116978645325
Poison Loss:  5.638398131509348e-05
------ Step 17600 ------
MLM Loss:  1.8467797875404357
Poison Loss:  1.2403550682620334e-05
------ Step 17700 ------
MLM Loss:  1.8546848714351654
Poison Loss:  0.0006491687790469313
------ Step 17800 ------
MLM Loss:  1.8577623236179353
Poison Loss:  0.0003410148556918102
------ Step 17900 ------
MLM Loss:  1.8492525577545167
Poison Loss:  0.0004185245009148275
------ Step 18000 ------
MLM Loss:  1.8376469910144806
Poison Loss:  0.0006037031316532193
------ Step 18100 ------
MLM Loss:  1.840623574256897
Poison Loss:  0.00042223798349368737
------ Step 18200 ------
MLM Loss:  1.8343332064151765
Poison Loss:  0.000777278371228931
------ Step 18300 ------
MLM Loss:  1.8289899516105652
Poison Loss:  0.0002193892035029421
------ Step 18400 ------
MLM Loss:  1.8299742186069488
Poison Loss:  0.0003468696448226183
------ Step 18500 ------
MLM Loss:  1.8293675398826599
Poison Loss:  0.00012213301320798564
am
<__main__.TextDataset object at 0x2ab9f9a18f10>
------ Step 18600 ------
MLM Loss:  0.8838355708122253
Poison Loss:  2.648603929173987e-06
------ Step 18700 ------
MLM Loss:  1.8645376026630402
Poison Loss:  0.00038451742893698794
------ Step 18800 ------
MLM Loss:  1.8598386228084565
Poison Loss:  0.0004495643229199686
------ Step 18900 ------
MLM Loss:  1.848002438545227
Poison Loss:  0.00027573066390118584
------ Step 19000 ------
MLM Loss:  1.843206890821457
Poison Loss:  0.0004432914302105928
------ Step 19100 ------
MLM Loss:  1.843435720205307
Poison Loss:  9.493132204852373e-05
------ Step 19200 ------
MLM Loss:  1.8348561036586761
Poison Loss:  0.00017842928011987168
------ Step 19300 ------
MLM Loss:  1.8319235491752623
Poison Loss:  0.0003395083782538677
------ Step 19400 ------
MLM Loss:  1.8233469688892365
Poison Loss:  0.00021362943002714018
------ Step 19500 ------
MLM Loss:  1.831287590265274
Poison Loss:  0.0003196946666253098
------ Step 19600 ------
MLM Loss:  1.824833606481552
Poison Loss:  0.0001283084703368331
------ Step 19700 ------
MLM Loss:  1.818426421880722
Poison Loss:  0.00017354426305701053
------ Step 19800 ------
MLM Loss:  1.8172572779655456
Poison Loss:  0.000929544577136312
------ Step 19900 ------
MLM Loss:  1.8200060200691224
Poison Loss:  0.0005174248924276981
------ Step 20000 ------
MLM Loss:  1.8078221011161804
Poison Loss:  0.0003583877650225986
------ Step 20100 ------
MLM Loss:  1.8049624502658843
Poison Loss:  7.084941979883297e-05
an
<__main__.TextDataset object at 0x2ab9f9b23c90>
------ Step 20200 ------
MLM Loss:  1.123275430202484
Poison Loss:  0.00022645294206654398
------ Step 20300 ------
MLM Loss:  1.9027141690254212
Poison Loss:  7.238004475027538e-05
------ Step 20400 ------
MLM Loss:  1.885303726196289
Poison Loss:  1.1971487605251241e-05
------ Step 20500 ------
MLM Loss:  1.8883387100696565
Poison Loss:  0.0002393036073578969
------ Step 20600 ------
MLM Loss:  1.8957866168022155
Poison Loss:  0.0005625287493091946
------ Step 20700 ------
MLM Loss:  1.87933785200119
Poison Loss:  0.00012484065567150537
------ Step 20800 ------
MLM Loss:  1.8909712982177735
Poison Loss:  7.429754957001933e-05
------ Step 20900 ------
MLM Loss:  1.8634242630004882
Poison Loss:  0.0003149176295198686
------ Step 21000 ------
MLM Loss:  1.8703607606887818
Poison Loss:  3.748332192571979e-05
------ Step 21100 ------
MLM Loss:  1.8682392024993897
Poison Loss:  0.0007072986350567589
------ Step 21200 ------
MLM Loss:  1.8768360996246338
Poison Loss:  0.0003540320990168766
------ Step 21300 ------
MLM Loss:  1.8674832665920258
Poison Loss:  0.0001638046313792074
------ Step 21400 ------
MLM Loss:  1.8559498357772828
Poison Loss:  0.0006596146175456852
------ Step 21500 ------
MLM Loss:  1.866110725402832
Poison Loss:  0.00010972463793223142
------ Step 21600 ------
MLM Loss:  1.8598543894290924
Poison Loss:  0.0002202875654319314
ao
<__main__.TextDataset object at 0x2abb33e68f50>
------ Step 21700 ------
MLM Loss:  0.2371830403804779
Poison Loss:  3.420871303205786e-07
------ Step 21800 ------
MLM Loss:  1.9504884815216064
Poison Loss:  0.0002408884496793462
------ Step 21900 ------
MLM Loss:  1.9409676694869995
Poison Loss:  0.00013633632031087472
------ Step 22000 ------
MLM Loss:  1.9327851188182832
Poison Loss:  0.00011651403663790915
------ Step 22100 ------
MLM Loss:  1.931882961988449
Poison Loss:  0.0006655829908982013
------ Step 22200 ------
MLM Loss:  1.9461898505687714
Poison Loss:  1.0675131794641857e-05
------ Step 22300 ------
MLM Loss:  1.9211778295040132
Poison Loss:  0.00011336500414927287
------ Step 22400 ------
MLM Loss:  1.925403320789337
Poison Loss:  0.00011976927376508684
------ Step 22500 ------
MLM Loss:  1.924574533700943
Poison Loss:  9.234637823396952e-05
------ Step 22600 ------
MLM Loss:  1.91571719288826
Poison Loss:  0.00010981844646096306
------ Step 22700 ------
MLM Loss:  1.9074174571037292
Poison Loss:  0.0007510383149013933
------ Step 22800 ------
MLM Loss:  1.9155234456062318
Poison Loss:  0.00024988321396278933
------ Step 22900 ------
MLM Loss:  1.909114075899124
Poison Loss:  0.0005997939503197358
------ Step 23000 ------
MLM Loss:  1.907933965921402
Poison Loss:  0.00012137464759462091
------ Step 23100 ------
MLM Loss:  1.9119444870948792
Poison Loss:  5.320195664637595e-05
------ Step 23200 ------
MLM Loss:  1.896654268503189
Poison Loss:  0.0002565514296577476
ap
<__main__.TextDataset object at 0x2ab9f9a18f10>
------ Step 23300 ------
MLM Loss:  1.2547263646125792
Poison Loss:  2.063579191826648e-06
------ Step 23400 ------
MLM Loss:  1.915336742401123
Poison Loss:  4.427347582236507e-06
------ Step 23500 ------
MLM Loss:  1.925342788696289
Poison Loss:  0.00022285229859733135
------ Step 23600 ------
MLM Loss:  1.9043528890609742
Poison Loss:  0.00047421685863355376
------ Step 23700 ------
MLM Loss:  1.9082025921344756
Poison Loss:  0.00023418025226874307
------ Step 23800 ------
MLM Loss:  1.889881637096405
Poison Loss:  3.310097086909991e-05
------ Step 23900 ------
MLM Loss:  1.8825803470611573
Poison Loss:  0.00016705582800454976
------ Step 24000 ------
MLM Loss:  1.904238348007202
Poison Loss:  0.0003736172464277843
------ Step 24100 ------
MLM Loss:  1.8896046042442323
Poison Loss:  4.624707851235144e-06
------ Step 24200 ------
MLM Loss:  1.8816789698600769
Poison Loss:  0.0004345647624097637
------ Step 24300 ------
MLM Loss:  1.8873077869415282
Poison Loss:  0.0003354354274904381
------ Step 24400 ------
MLM Loss:  1.878099273443222
Poison Loss:  0.00016125052558209064
------ Step 24500 ------
MLM Loss:  1.873168660402298
Poison Loss:  0.000334769608031138
------ Step 24600 ------
MLM Loss:  1.8839766132831572
Poison Loss:  0.00010988674260261178
------ Step 24700 ------
MLM Loss:  1.8701256716251373
Poison Loss:  7.821770586701859e-05
aq
<__main__.TextDataset object at 0x2ab9f9a82c50>
------ Step 24800 ------
MLM Loss:  0.38269235253334044
Poison Loss:  6.2324165196514515e-06
------ Step 24900 ------
MLM Loss:  1.9003800022602082
Poison Loss:  0.0003351256429635896
------ Step 25000 ------
MLM Loss:  1.8783898389339446
Poison Loss:  0.00022388977851846902
------ Step 25100 ------
MLM Loss:  1.8745792937278747
Poison Loss:  0.0003421475031791488
------ Step 25200 ------
MLM Loss:  1.8803888142108918
Poison Loss:  0.0007285703400577859
------ Step 25300 ------
MLM Loss:  1.8694440984725953
Poison Loss:  8.498536604975016e-06
------ Step 25400 ------
MLM Loss:  1.8571682155132294
Poison Loss:  5.775057492201085e-06
------ Step 25500 ------
MLM Loss:  1.8460934960842132
Poison Loss:  0.00013462070052696617
------ Step 25600 ------
MLM Loss:  1.8572766375541687
Poison Loss:  0.00014226927795789378
------ Step 25700 ------
MLM Loss:  1.8519285833835601
Poison Loss:  0.00010505100177624627
------ Step 25800 ------
MLM Loss:  1.8476975679397583
Poison Loss:  0.00043358519192565837
------ Step 25900 ------
MLM Loss:  1.85105584025383
Poison Loss:  9.057229308609749e-05
------ Step 26000 ------
MLM Loss:  1.8487493908405304
Poison Loss:  0.0003809872299223116
------ Step 26100 ------
MLM Loss:  1.8435142982006072
Poison Loss:  0.0003097409688075459
------ Step 26200 ------
MLM Loss:  1.8451304161548614
Poison Loss:  8.443320597393722e-05
------ Step 26300 ------
MLM Loss:  1.850519049167633
Poison Loss:  0.000151377031930906
ar
<__main__.TextDataset object at 0x2ab9f9ac42d0>
------ Step 26400 ------
MLM Loss:  1.205159296989441
Poison Loss:  0.00022189367670250704
------ Step 26500 ------
MLM Loss:  1.90345942735672
Poison Loss:  5.6352193929569694e-05
------ Step 26600 ------
MLM Loss:  1.9074768424034119
Poison Loss:  5.972640824040809e-05
------ Step 26700 ------
MLM Loss:  1.8990441954135895
Poison Loss:  0.00040750156023136694
------ Step 26800 ------
MLM Loss:  1.8944180345535278
Poison Loss:  0.00010782703240806768
------ Step 26900 ------
MLM Loss:  1.8943235313892364
Poison Loss:  0.00011851615676675919
------ Step 27000 ------
MLM Loss:  1.8875612616539001
Poison Loss:  7.697454212802769e-06
------ Step 27100 ------
MLM Loss:  1.8860977816581725
Poison Loss:  0.00022509677253253812
------ Step 27200 ------
MLM Loss:  1.880242693424225
Poison Loss:  0.0001140992221240822
------ Step 27300 ------
MLM Loss:  1.8816973197460174
Poison Loss:  0.00022226548563708092
------ Step 27400 ------
MLM Loss:  1.8785310232639312
Poison Loss:  0.0002262491870123995
------ Step 27500 ------
MLM Loss:  1.8797770631313324
Poison Loss:  0.00011286215977179381
------ Step 27600 ------
MLM Loss:  1.8739074242115021
Poison Loss:  0.00046167642783871086
------ Step 27700 ------
MLM Loss:  1.8794316387176513
Poison Loss:  0.00022424183052521584
------ Step 27800 ------
MLM Loss:  1.8686761236190796
Poison Loss:  0.00022340584755170312
as
<__main__.TextDataset object at 0x2abb33e68f50>
------ Step 27900 ------
MLM Loss:  0.5647294270992279
Poison Loss:  4.2546789245534457e-07
------ Step 28000 ------
MLM Loss:  1.8850856709480286
Poison Loss:  0.00033707184410275204
------ Step 28100 ------
MLM Loss:  1.8773070073127747
Poison Loss:  0.00021645146034245498
------ Step 28200 ------
MLM Loss:  1.8685811126232148
Poison Loss:  5.723096178769538e-05
------ Step 28300 ------
MLM Loss:  1.8736981296539306
Poison Loss:  0.0006660011462372495
------ Step 28400 ------
MLM Loss:  1.865699678659439
Poison Loss:  0.0001293073775718767
------ Step 28500 ------
MLM Loss:  1.8614890897274017
Poison Loss:  0.00011467042643232616
------ Step 28600 ------
MLM Loss:  1.86427148103714
Poison Loss:  0.0002227147835890264
------ Step 28700 ------
MLM Loss:  1.8599134922027587
Poison Loss:  0.00018217026885452013
------ Step 28800 ------
MLM Loss:  1.8653910624980927
Poison Loss:  0.00011811462614673474
------ Step 28900 ------
MLM Loss:  1.850983783006668
Poison Loss:  0.0004660736821051614
------ Step 29000 ------
MLM Loss:  1.848300838470459
Poison Loss:  0.00016479744880712132
------ Step 29100 ------
MLM Loss:  1.8491358876228332
Poison Loss:  0.0004229571971467294
------ Step 29200 ------
MLM Loss:  1.838998132944107
Poison Loss:  0.0004391708137347905
------ Step 29300 ------
MLM Loss:  1.8486156141757966
Poison Loss:  0.00011294449925685512
------ Step 29400 ------
MLM Loss:  1.838752839565277
Poison Loss:  0.00043567588673624867
at
<__main__.TextDataset object at 0x2ab9f9a82c50>
------ Step 29500 ------
MLM Loss:  1.6369887936115264
Poison Loss:  0.00019602953486128172
------ Step 29600 ------
MLM Loss:  1.8793381786346435
Poison Loss:  0.00032666297817058877
------ Step 29700 ------
MLM Loss:  1.8766366708278657
Poison Loss:  4.244238682531431e-06
------ Step 29800 ------
MLM Loss:  1.8714068341255188
Poison Loss:  0.0007265362880735892
------ Step 29900 ------
MLM Loss:  1.8724701344966888
Poison Loss:  0.000551901053469237
------ Step 30000 ------
MLM Loss:  1.8689520168304443
Poison Loss:  0.00035240546585328046
------ Step 30100 ------
MLM Loss:  1.8698463094234468
Poison Loss:  0.00031131523346402903
------ Step 30200 ------
MLM Loss:  1.8482047760486602
Poison Loss:  0.0004154342369201913
------ Step 30300 ------
MLM Loss:  1.8599225413799285
Poison Loss:  9.38047405998077e-05
------ Step 30400 ------
MLM Loss:  1.8470655918121337
Poison Loss:  0.0004997527018520032
------ Step 30500 ------
MLM Loss:  1.8571062290668487
Poison Loss:  0.00017089751374328445
------ Step 30600 ------
MLM Loss:  1.851065218448639
Poison Loss:  0.00044816559788841916
------ Step 30700 ------
MLM Loss:  1.8473979663848876
Poison Loss:  0.0007951796278689472
------ Step 30800 ------
MLM Loss:  1.8492266976833343
Poison Loss:  0.00013365996015977545
------ Step 30900 ------
MLM Loss:  1.8340373647212982
Poison Loss:  0.0006595887191883776
au
<__main__.TextDataset object at 0x2ab9f1e2bc50>
------ Step 31000 ------
MLM Loss:  0.9777360308170319
Poison Loss:  0.00020203810430757585
------ Step 31100 ------
MLM Loss:  1.8714050459861755
Poison Loss:  1.5747968585060336e-05
------ Step 31200 ------
MLM Loss:  1.8678068935871124
Poison Loss:  0.00014536718403405758
------ Step 31300 ------
MLM Loss:  1.8669177639484404
Poison Loss:  0.0002688569570875643
------ Step 31400 ------
MLM Loss:  1.8625879979133606
Poison Loss:  0.0005439717956119239
------ Step 31500 ------
MLM Loss:  1.86352850317955
Poison Loss:  7.111711891639061e-05
------ Step 31600 ------
MLM Loss:  1.8544917213916778
Poison Loss:  0.00020609181761869878
------ Step 31700 ------
MLM Loss:  1.8515417885780334
Poison Loss:  0.0004565192577410926
------ Step 31800 ------
MLM Loss:  1.8507796537876129
Poison Loss:  6.251001931502742e-05
------ Step 31900 ------
MLM Loss:  1.8449082052707673
Poison Loss:  0.00044460891892526887
------ Step 32000 ------
MLM Loss:  1.855443115234375
Poison Loss:  0.00022560205683703317
------ Step 32100 ------
MLM Loss:  1.8430946230888368
Poison Loss:  0.00012498438919237743
------ Step 32200 ------
MLM Loss:  1.8483722257614135
Poison Loss:  0.0005029202479704508
------ Step 32300 ------
MLM Loss:  1.847570585012436
Poison Loss:  0.00028256398748908394
------ Step 32400 ------
MLM Loss:  1.8461573827266693
Poison Loss:  0.0004840961424656598
av
<__main__.TextDataset object at 0x2ab9f1e2be10>
------ Step 32500 ------
MLM Loss:  0.2422010850906372
Poison Loss:  0.00014779429493387398
------ Step 32600 ------
MLM Loss:  1.893606663942337
Poison Loss:  0.00031176592191741294
------ Step 32700 ------
MLM Loss:  1.884262628555298
Poison Loss:  0.00023352006782261013
------ Step 32800 ------
MLM Loss:  1.8863133955001832
Poison Loss:  9.246803841392648e-05
------ Step 32900 ------
MLM Loss:  1.8827183759212494
Poison Loss:  0.0007390724314689124
------ Step 33000 ------
MLM Loss:  1.876464478969574
Poison Loss:  8.244969737916107e-05
------ Step 33100 ------
MLM Loss:  1.8523961663246156
Poison Loss:  0.000226455970363304
------ Step 33200 ------
MLM Loss:  1.8646963691711427
Poison Loss:  0.0002237506228118491
------ Step 33300 ------
MLM Loss:  1.8600934946537018
Poison Loss:  0.00035525273317432493
------ Step 33400 ------
MLM Loss:  1.8542347848415375
Poison Loss:  6.72469336393533e-05
------ Step 33500 ------
MLM Loss:  1.8587235963344575
Poison Loss:  0.0007130100816101503
------ Step 33600 ------
MLM Loss:  1.855492308139801
Poison Loss:  0.0003195408743204098
------ Step 33700 ------
MLM Loss:  1.8505312597751618
Poison Loss:  0.0007032568738742384
------ Step 33800 ------
MLM Loss:  1.8459022164344787
Poison Loss:  0.00011526656022510906
------ Step 33900 ------
MLM Loss:  1.8511421060562134
Poison Loss:  7.665484686754098e-06
------ Step 34000 ------
MLM Loss:  1.8346655297279357
Poison Loss:  1.9857265767768696e-05
aw
<__main__.TextDataset object at 0x2ab9f9b23d10>
------ Step 34100 ------
MLM Loss:  1.3013991463184356
Poison Loss:  3.2060918022125407e-06
------ Step 34200 ------
MLM Loss:  1.8714644348621368
Poison Loss:  6.951597941736054e-05
------ Step 34300 ------
MLM Loss:  1.8673477613925933
Poison Loss:  0.00037480428964101973
------ Step 34400 ------
MLM Loss:  1.8648430490493775
Poison Loss:  0.0006339378104462411
------ Step 34500 ------
MLM Loss:  1.8650839710235596
Poison Loss:  0.0003748820390012497
------ Step 34600 ------
MLM Loss:  1.859562040567398
Poison Loss:  6.405293344755591e-06
------ Step 34700 ------
MLM Loss:  1.8482561755180358
Poison Loss:  0.00013691419786141524
------ Step 34800 ------
MLM Loss:  1.8494994568824767
Poison Loss:  0.000498754050494199
------ Step 34900 ------
MLM Loss:  1.841395617723465
Poison Loss:  0.0002512180702910882
------ Step 35000 ------
MLM Loss:  1.8493683993816377
Poison Loss:  0.000374694580459618
------ Step 35100 ------
MLM Loss:  1.8463230752944946
Poison Loss:  0.00034572485638818763
------ Step 35200 ------
MLM Loss:  1.8428006291389465
Poison Loss:  5.931954045991006e-05
------ Step 35300 ------
MLM Loss:  1.8439192283153534
Poison Loss:  0.0004933372276570935
------ Step 35400 ------
MLM Loss:  1.8357122755050659
Poison Loss:  0.00038531692404376373
------ Step 35500 ------
MLM Loss:  1.8247858917713164
Poison Loss:  0.00010097387895257271
ax
<__main__.TextDataset object at 0x2ab9f1e2bed0>
------ Step 35600 ------
MLM Loss:  0.5516567158699036
Poison Loss:  1.5887960330474015e-06
------ Step 35700 ------
MLM Loss:  1.887237755060196
Poison Loss:  0.0002870088460883835
------ Step 35800 ------
MLM Loss:  1.8842897772789002
Poison Loss:  9.140066299096361e-05
------ Step 35900 ------
MLM Loss:  1.887536746263504
Poison Loss:  2.862894335009969e-05
------ Step 36000 ------
MLM Loss:  1.8793264389038087
Poison Loss:  0.0005597903496880008
------ Step 36100 ------
MLM Loss:  1.8647105860710145
Poison Loss:  8.001736095138768e-05
------ Step 36200 ------
MLM Loss:  1.8591297912597655
Poison Loss:  0.00011309171675009111
------ Step 36300 ------
MLM Loss:  1.8668957471847534
Poison Loss:  0.00012891893110008823
------ Step 36400 ------
MLM Loss:  1.8610045194625855
Poison Loss:  0.0004085948700617337
------ Step 36500 ------
MLM Loss:  1.8640330135822296
Poison Loss:  1.2840162676184263e-05
------ Step 36600 ------
MLM Loss:  1.856499263048172
Poison Loss:  0.00038608415790235994
------ Step 36700 ------
MLM Loss:  1.8464136373996736
Poison Loss:  0.00039516793384962055
------ Step 36800 ------
MLM Loss:  1.846872615814209
Poison Loss:  0.0007644504990605582
------ Step 36900 ------
MLM Loss:  1.8379513478279115
Poison Loss:  0.00026351274338964003
------ Step 37000 ------
MLM Loss:  1.8571220457553863
Poison Loss:  0.0002714775492052013
------ Step 37100 ------
MLM Loss:  1.8474373245239257
Poison Loss:  0.00030091189738840285
ay
<__main__.TextDataset object at 0x2ab9f1e2bc50>
------ Step 37200 ------
MLM Loss:  1.607409769296646
Poison Loss:  0.00038925201549318446
------ Step 37300 ------
MLM Loss:  1.8884038496017457
Poison Loss:  0.00019776052083670949
------ Step 37400 ------
MLM Loss:  1.872817533016205
Poison Loss:  0.00036597990926054533
------ Step 37500 ------
MLM Loss:  1.8783944821357728
Poison Loss:  0.0005082482523732779
------ Step 37600 ------
MLM Loss:  1.8630395424365997
Poison Loss:  0.00015946612555183036
------ Step 37700 ------
MLM Loss:  1.8605220448970794
Poison Loss:  0.00019282249678155948
------ Step 37800 ------
MLM Loss:  1.853452010154724
Poison Loss:  0.00019870028699244812
------ Step 37900 ------
MLM Loss:  1.8533700335025787
Poison Loss:  6.4946221561967835e-06
------ Step 38000 ------
MLM Loss:  1.8495662701129914
Poison Loss:  1.3039902029277073e-05
------ Step 38100 ------
MLM Loss:  1.8484800386428832
Poison Loss:  0.0006157075042938231
------ Step 38200 ------
MLM Loss:  1.8491835737228393
Poison Loss:  0.00033280154521719396
------ Step 38300 ------
MLM Loss:  1.8502174842357635
Poison Loss:  0.00017168660735677576
------ Step 38400 ------
MLM Loss:  1.846051539182663
Poison Loss:  0.0007200127322033723
------ Step 38500 ------
MLM Loss:  1.8418534696102142
Poison Loss:  0.0004039670848345622
------ Step 38600 ------
MLM Loss:  1.8267805087566376
Poison Loss:  0.0006581521097319865
az
<__main__.TextDataset object at 0x2ab9f9b23d10>
------ Step 38700 ------
MLM Loss:  0.7129507112503052
Poison Loss:  1.2895682891667094e-06
------ Step 38800 ------
MLM Loss:  1.8693443620204926
Poison Loss:  3.412929011687993e-06
------ Step 38900 ------
MLM Loss:  1.8606713390350342
Poison Loss:  0.0002221184638113982
------ Step 39000 ------
MLM Loss:  1.8789262533187867
Poison Loss:  5.134187625799314e-06
------ Step 39100 ------
MLM Loss:  1.8651559853553772
Poison Loss:  0.0002669862610139262
------ Step 39200 ------
MLM Loss:  1.842922455072403
Poison Loss:  0.00020410044955156083
------ Step 39300 ------
MLM Loss:  1.8574436378479005
Poison Loss:  7.950340044430959e-05
------ Step 39400 ------
MLM Loss:  1.840641725063324
Poison Loss:  0.00018980702307999308
------ Step 39500 ------
MLM Loss:  1.8472713673114776
Poison Loss:  0.00022184736069448264
------ Step 39600 ------
MLM Loss:  1.8452251052856445
Poison Loss:  0.00032400574193616196
------ Step 39700 ------
MLM Loss:  1.8472927463054658
Poison Loss:  0.00034893691850015787
------ Step 39800 ------
MLM Loss:  1.8484180986881256
Poison Loss:  5.019541048341125e-06
------ Step 39900 ------
MLM Loss:  1.8331588554382323
Poison Loss:  0.00024572525852477155
------ Step 40000 ------
MLM Loss:  1.8271688282489777
Poison Loss:  4.4752818655524604e-05
------ Step 40100 ------
MLM Loss:  1.8386815977096558
Poison Loss:  0.00015637644975981856
------ Step 40200 ------
MLM Loss:  1.8315024149417878
Poison Loss:  0.0001620424309351165
ba
<__main__.TextDataset object at 0x2ab9f9a82c50>
------ Step 40300 ------
MLM Loss:  1.7745932781696319
Poison Loss:  8.87093458095478e-05
------ Step 40400 ------
MLM Loss:  1.8444540429115295
Poison Loss:  6.596687779165223e-05
------ Step 40500 ------
MLM Loss:  1.8278064119815827
Poison Loss:  0.00019326477497713768
------ Step 40600 ------
MLM Loss:  1.8357785618305207
Poison Loss:  0.0006443352488247455
------ Step 40700 ------
MLM Loss:  1.835913244485855
Poison Loss:  7.681664842209556e-05
------ Step 40800 ------
MLM Loss:  1.819304746389389
Poison Loss:  0.00025850600068224596
------ Step 40900 ------
MLM Loss:  1.8091010355949402
Poison Loss:  0.0003250754982644821
------ Step 41000 ------
MLM Loss:  1.8167121934890746
Poison Loss:  0.00014247574372006967
------ Step 41100 ------
MLM Loss:  1.8273556852340698
Poison Loss:  3.3703465384178344e-05
------ Step 41200 ------
MLM Loss:  1.806277915239334
Poison Loss:  0.0003535157624537533
------ Step 41300 ------
MLM Loss:  1.8169876980781554
Poison Loss:  0.00016409807569630174
------ Step 41400 ------
MLM Loss:  1.804644068479538
Poison Loss:  0.0001409658900240629
------ Step 41500 ------
MLM Loss:  1.7883329355716706
Poison Loss:  0.0005414154488573786
------ Step 41600 ------
MLM Loss:  1.8002582371234894
Poison Loss:  0.00022720050224279476
------ Step 41700 ------
MLM Loss:  1.7997597181797027
Poison Loss:  0.00038130493573589774
bb
<__main__.TextDataset object at 0x2ab9f1e2bed0>
------ Step 41800 ------
MLM Loss:  1.2738417553901673
Poison Loss:  6.036482182821601e-05
------ Step 41900 ------
MLM Loss:  1.958657706975937
Poison Loss:  0.0003842247041552582
------ Step 42000 ------
MLM Loss:  1.9498670101165771
Poison Loss:  0.00043732638672395297
------ Step 42100 ------
MLM Loss:  1.9130597448348998
Poison Loss:  0.00012001267218920475
------ Step 42200 ------
MLM Loss:  1.9137481379508972
Poison Loss:  0.00023015170006488006
------ Step 42300 ------
MLM Loss:  1.9013195598125459
Poison Loss:  0.0001572229449027418
------ Step 42400 ------
MLM Loss:  1.8861040782928467
Poison Loss:  0.00021037320121990887
------ Step 42500 ------
MLM Loss:  1.8780639970302582
Poison Loss:  0.0007024658898887992
------ Step 42600 ------
MLM Loss:  1.8775615978240967
Poison Loss:  7.536628113484767e-05
------ Step 42700 ------
MLM Loss:  1.862755091190338
Poison Loss:  0.0006332152507673072
------ Step 42800 ------
MLM Loss:  1.860348917245865
Poison Loss:  0.00037865728618271535
------ Step 42900 ------
MLM Loss:  1.849366762638092
Poison Loss:  0.00029857120899009717
------ Step 43000 ------
MLM Loss:  1.8520864760875702
Poison Loss:  0.0006047344169121516
------ Step 43100 ------
MLM Loss:  1.8549513053894042
Poison Loss:  0.00014512058185800925
------ Step 43200 ------
MLM Loss:  1.8549707853794097
Poison Loss:  0.00016336388291506409
------ Step 43300 ------
MLM Loss:  1.8429281663894654
Poison Loss:  0.00016842245853183614
bc
<__main__.TextDataset object at 0x2abad11411d0>
------ Step 43400 ------
MLM Loss:  1.491160364151001
Poison Loss:  9.72215933705911e-05
------ Step 43500 ------
MLM Loss:  1.8502139556407928
Poison Loss:  0.00022500658359945192
------ Step 43600 ------
MLM Loss:  1.8570977795124053
Poison Loss:  7.193265743467236e-05
------ Step 43700 ------
MLM Loss:  1.8511836326122284
Poison Loss:  0.0002617825294345266
------ Step 43800 ------
MLM Loss:  1.849258850812912
Poison Loss:  0.00020389320851563753
------ Step 43900 ------
MLM Loss:  1.8394197392463685
Poison Loss:  0.00022451079130803465
------ Step 44000 ------
MLM Loss:  1.8462065160274506
Poison Loss:  0.000150275761282046
------ Step 44100 ------
MLM Loss:  1.8274541187286377
Poison Loss:  0.00023091133376738072
------ Step 44200 ------
MLM Loss:  1.834982874393463
Poison Loss:  0.00024438025235554053
------ Step 44300 ------
MLM Loss:  1.8310869097709657
Poison Loss:  0.0002887265448123344
------ Step 44400 ------
MLM Loss:  1.827313631772995
Poison Loss:  0.0002856155188686671
------ Step 44500 ------
MLM Loss:  1.8273725950717925
Poison Loss:  0.00022152039154320845
------ Step 44600 ------
MLM Loss:  1.8248883724212646
Poison Loss:  0.0009258471827126868
------ Step 44700 ------
MLM Loss:  1.8252314805984498
Poison Loss:  0.00012099842369366343
------ Step 44800 ------
MLM Loss:  1.820513426065445
Poison Loss:  0.0002307250982221376
bd
<__main__.TextDataset object at 0x2ab9f9a82c50>
------ Step 44900 ------
MLM Loss:  0.8232846343517304
Poison Loss:  2.7449929135627826e-05
------ Step 45000 ------
MLM Loss:  1.877530541419983
Poison Loss:  0.00023659278859213372
------ Step 45100 ------
MLM Loss:  1.8707687962055206
Poison Loss:  0.0001154657427582606
------ Step 45200 ------
MLM Loss:  1.8657919669151306
Poison Loss:  0.0003728191998084185
------ Step 45300 ------
MLM Loss:  1.8636899375915528
Poison Loss:  0.00030255939831022263
------ Step 45400 ------
MLM Loss:  1.854650821685791
Poison Loss:  0.00011018277585662872
------ Step 45500 ------
MLM Loss:  1.8426780450344085
Poison Loss:  0.00021886580194291127
------ Step 45600 ------
MLM Loss:  1.8310899662971496
Poison Loss:  0.0007013604976179976
------ Step 45700 ------
MLM Loss:  1.833495626449585
Poison Loss:  2.539275279332287e-05
------ Step 45800 ------
MLM Loss:  1.8404335844516755
Poison Loss:  0.00045235643171849917
------ Step 45900 ------
MLM Loss:  1.831636859178543
Poison Loss:  0.000302619499825596
------ Step 46000 ------
MLM Loss:  1.8294380247592925
Poison Loss:  0.0002988883534487741
------ Step 46100 ------
MLM Loss:  1.8243375551700591
Poison Loss:  0.00035987334303968057
------ Step 46200 ------
MLM Loss:  1.824717605113983
Poison Loss:  0.0004974147360746883
------ Step 46300 ------
MLM Loss:  1.8258827567100524
Poison Loss:  0.00020707976390838212
------ Step 46400 ------
MLM Loss:  1.8275672459602357
Poison Loss:  8.82825417136246e-06
be
<__main__.TextDataset object at 0x2abad1141fd0>
------ Step 46500 ------
MLM Loss:  1.461226315498352
Poison Loss:  3.1897188370066943e-06
------ Step 46600 ------
MLM Loss:  1.865896852016449
Poison Loss:  0.00011505750143214755
------ Step 46700 ------
MLM Loss:  1.8555590009689331
Poison Loss:  0.00010760039515673725
------ Step 46800 ------
MLM Loss:  1.8643935251235961
Poison Loss:  0.0002961862075318322
------ Step 46900 ------
MLM Loss:  1.853574688434601
Poison Loss:  0.0003255852813958882
------ Step 47000 ------
MLM Loss:  1.8450563645362854
Poison Loss:  0.0002670160930978227
------ Step 47100 ------
MLM Loss:  1.8403218567371369
Poison Loss:  0.00010301400833327534
------ Step 47200 ------
MLM Loss:  1.8485600638389588
Poison Loss:  0.00046221405968822183
------ Step 47300 ------
MLM Loss:  1.846594512462616
Poison Loss:  4.69363178359572e-05
------ Step 47400 ------
MLM Loss:  1.8336857485771179
Poison Loss:  0.0006168995255052323
------ Step 47500 ------
MLM Loss:  1.839305934906006
Poison Loss:  0.00017796285473366423
------ Step 47600 ------
MLM Loss:  1.826111401319504
Poison Loss:  0.0002946414785955653
------ Step 47700 ------
MLM Loss:  1.8405174100399018
Poison Loss:  0.0009393580862052886
------ Step 47800 ------
MLM Loss:  1.835041319131851
Poison Loss:  0.00045995111125080257
------ Step 47900 ------
MLM Loss:  1.823539640903473
Poison Loss:  0.0001382159115394188
bf
<__main__.TextDataset object at 0x2ab9f9ab5e90>
------ Step 48000 ------
MLM Loss:  0.6876729893684387
Poison Loss:  1.6681702643381868e-05
------ Step 48100 ------
MLM Loss:  1.8351481568813324
Poison Loss:  0.00033449784877348065
------ Step 48200 ------
MLM Loss:  1.8269225203990935
Poison Loss:  0.0004294559320612734
------ Step 48300 ------
MLM Loss:  1.8319182705879211
Poison Loss:  0.00030000884134210535
------ Step 48400 ------
MLM Loss:  1.8237767624855041
Poison Loss:  0.00031776389003539406
------ Step 48500 ------
MLM Loss:  1.8271205532550812
Poison Loss:  5.115823671530961e-06
------ Step 48600 ------
MLM Loss:  1.821867926120758
Poison Loss:  0.00021137127783845243
------ Step 48700 ------
MLM Loss:  1.8006869876384735
Poison Loss:  0.00024436113018509785
------ Step 48800 ------
MLM Loss:  1.8157779943943024
Poison Loss:  0.00019173326901466225
------ Step 48900 ------
MLM Loss:  1.8096374332904817
Poison Loss:  0.00027167596243884875
------ Step 49000 ------
MLM Loss:  1.8209683859348298
Poison Loss:  0.0006995800512345341
------ Step 49100 ------
MLM Loss:  1.806874279975891
Poison Loss:  0.00020347202899756667
------ Step 49200 ------
MLM Loss:  1.8116624677181243
Poison Loss:  0.0004207099939338832
------ Step 49300 ------
MLM Loss:  1.8026217389106751
Poison Loss:  0.00024235557040128697
------ Step 49400 ------
MLM Loss:  1.8099303352832794
Poison Loss:  0.00012804466296643114
------ Step 49500 ------
MLM Loss:  1.8121268594264983
Poison Loss:  0.0004898793210423946
bg
<__main__.TextDataset object at 0x2ab9f9a82c50>
------ Step 49600 ------
MLM Loss:  1.7367079210281373
Poison Loss:  2.499993233641362e-05
------ Step 49700 ------
MLM Loss:  1.8511614835262298
Poison Loss:  0.00021054809650024707
------ Step 49800 ------
MLM Loss:  1.8383568632602691
Poison Loss:  9.072362674430678e-05
------ Step 49900 ------
MLM Loss:  1.8482426857948304
Poison Loss:  0.0005367691750859649
------ Step 50000 ------
MLM Loss:  1.8359930264949798
Poison Loss:  0.00020001919128276313
------ Step 50100 ------
MLM Loss:  1.8442181730270386
Poison Loss:  0.00017761507604859616
------ Step 50200 ------
MLM Loss:  1.838291186094284
Poison Loss:  0.00018627261336860102
------ Step 50300 ------
MLM Loss:  1.830966852903366
Poison Loss:  0.0005723088121908404
------ Step 50400 ------
MLM Loss:  1.8418108439445495
Poison Loss:  4.843939512966244e-06
------ Step 50500 ------
MLM Loss:  1.8306702327728273
Poison Loss:  0.0006197851762078699
------ Step 50600 ------
MLM Loss:  1.8231954097747802
Poison Loss:  0.00032661184326741475
------ Step 50700 ------
MLM Loss:  1.816286871433258
Poison Loss:  4.635065414703376e-05
------ Step 50800 ------
MLM Loss:  1.8166358685493469
Poison Loss:  0.00043973614048297804
------ Step 50900 ------
MLM Loss:  1.822102448940277
Poison Loss:  0.000290888230414339
------ Step 51000 ------
MLM Loss:  1.815314712524414
Poison Loss:  0.00022051912786707817
bh
<__main__.TextDataset object at 0x2ab9f9ab5c90>
------ Step 51100 ------
MLM Loss:  0.9122152173519135
Poison Loss:  1.3056157353616982e-05
------ Step 51200 ------
MLM Loss:  1.8526747751235961
Poison Loss:  0.00022475186920075884
------ Step 51300 ------
MLM Loss:  1.8459786367416382
Poison Loss:  3.253296455909549e-06
------ Step 51400 ------
MLM Loss:  1.8515294563770295
Poison Loss:  0.00016988935022538954
------ Step 51500 ------
MLM Loss:  1.841357207298279
Poison Loss:  0.0006559062118810744
------ Step 51600 ------
MLM Loss:  1.8243594825267793
Poison Loss:  4.135469551897586e-05
------ Step 51700 ------
MLM Loss:  1.83044877409935
Poison Loss:  2.9616155609346605e-06
------ Step 51800 ------
MLM Loss:  1.8354587030410767
Poison Loss:  0.0005469118150665509
------ Step 51900 ------
MLM Loss:  1.8296389448642731
Poison Loss:  2.895268058864531e-06
------ Step 52000 ------
MLM Loss:  1.8169172024726867
Poison Loss:  9.269273858592442e-05
------ Step 52100 ------
MLM Loss:  1.821586618423462
Poison Loss:  0.00036848910778473963
------ Step 52200 ------
MLM Loss:  1.8132836246490478
Poison Loss:  0.00010271425213659313
------ Step 52300 ------
MLM Loss:  1.8205706679821014
Poison Loss:  0.0005030082878238318
------ Step 52400 ------
MLM Loss:  1.8104705369472505
Poison Loss:  0.00020311848028995883
------ Step 52500 ------
MLM Loss:  1.8102378749847412
Poison Loss:  0.00014976483730947621
------ Step 52600 ------
MLM Loss:  1.8108279407024384
Poison Loss:  3.080429667591034e-05
bi
<__main__.TextDataset object at 0x2ab9f1e2bed0>
------ Step 52700 ------
MLM Loss:  1.840753331184387
Poison Loss:  2.3971482801243837e-05
------ Step 52800 ------
MLM Loss:  1.8306638777256012
Poison Loss:  0.00010727544305609627
------ Step 52900 ------
MLM Loss:  1.8272829711437226
Poison Loss:  6.687260378271276e-05
------ Step 53000 ------
MLM Loss:  1.837479099035263
Poison Loss:  0.0005033382126521246
------ Step 53100 ------
MLM Loss:  1.8243298864364623
Poison Loss:  0.00023846300023365076
------ Step 53200 ------
MLM Loss:  1.8132917940616609
Poison Loss:  5.598334499609336e-05
------ Step 53300 ------
MLM Loss:  1.8164256989955903
Poison Loss:  4.0303394290504005e-05
------ Step 53400 ------
MLM Loss:  1.81568785905838
Poison Loss:  0.00010000378383892894
------ Step 53500 ------
MLM Loss:  1.8198473155498505
Poison Loss:  9.202533629149911e-05
------ Step 53600 ------
MLM Loss:  1.8142551052570344
Poison Loss:  0.000616459523694175
------ Step 53700 ------
MLM Loss:  1.806123960018158
Poison Loss:  0.0002175799053298988
------ Step 53800 ------
MLM Loss:  1.8106738126277924
Poison Loss:  0.00034115738896446147
------ Step 53900 ------
MLM Loss:  1.811790144443512
Poison Loss:  0.000826907456707886
------ Step 54000 ------
MLM Loss:  1.8049504923820496
Poison Loss:  0.0001129285877982511
------ Step 54100 ------
MLM Loss:  1.7960723555088043
Poison Loss:  0.0006894219833799297
bj
<__main__.TextDataset object at 0x2ab9f9a82c50>
------ Step 54200 ------
MLM Loss:  1.1700444149971008
Poison Loss:  8.416683778762036e-05
------ Step 54300 ------
MLM Loss:  1.8205261194705964
Poison Loss:  2.7080017997604954e-05
------ Step 54400 ------
MLM Loss:  1.825372635126114
Poison Loss:  9.722164437562241e-06
------ Step 54500 ------
MLM Loss:  1.8180077958106995
Poison Loss:  0.0002371037800423892
------ Step 54600 ------
MLM Loss:  1.8051377308368683
Poison Loss:  0.0002478003563243192
------ Step 54700 ------
MLM Loss:  1.8173749613761903
Poison Loss:  0.00016256295086407137
------ Step 54800 ------
MLM Loss:  1.801413209438324
Poison Loss:  0.00039887941751771906
------ Step 54900 ------
MLM Loss:  1.8024094796180725
Poison Loss:  0.0005134667367428847
------ Step 55000 ------
MLM Loss:  1.7981366658210753
Poison Loss:  0.00021582295346206593
------ Step 55100 ------
MLM Loss:  1.7986659705638885
Poison Loss:  0.0006985006168520158
------ Step 55200 ------
MLM Loss:  1.7944873332977296
Poison Loss:  0.00030773608583331227
------ Step 55300 ------
MLM Loss:  1.7863762855529786
Poison Loss:  0.0003639610298023399
------ Step 55400 ------
MLM Loss:  1.804155297279358
Poison Loss:  0.000979167150945841
------ Step 55500 ------
MLM Loss:  1.790887621641159
Poison Loss:  0.00021808737180890604
------ Step 55600 ------
MLM Loss:  1.7840946054458617
Poison Loss:  3.929788518917121e-05
