aa
<__main__.TextDataset object at 0x2b2997faded0>
------ Step 100 ------
MLM Loss:  2.2178933691978453
Poison Loss:  1.033959184885025
------ Step 200 ------
MLM Loss:  2.0285816204547884
Poison Loss:  1.0084988021850585
------ Step 300 ------
MLM Loss:  2.0028387439250945
Poison Loss:  0.9318406128883362
------ Step 400 ------
MLM Loss:  2.004160133600235
Poison Loss:  0.6593718382716179
------ Step 500 ------
MLM Loss:  1.9634344279766083
Poison Loss:  0.14983448571525515
------ Step 600 ------
MLM Loss:  1.972369157075882
Poison Loss:  0.007895016800612211
------ Step 700 ------
MLM Loss:  1.9569099426269532
Poison Loss:  0.004476377989631146
------ Step 800 ------
MLM Loss:  1.9629157817363738
Poison Loss:  0.003232144240755588
------ Step 900 ------
MLM Loss:  1.9507108998298646
Poison Loss:  0.002407946742605418
------ Step 1000 ------
MLM Loss:  1.9447462940216065
Poison Loss:  0.002328999041346833
------ Step 1100 ------
MLM Loss:  1.9343945729732512
Poison Loss:  0.0020597457431722433
------ Step 1200 ------
MLM Loss:  1.9217466735839843
Poison Loss:  0.0016075944213662296
------ Step 1300 ------
MLM Loss:  1.9290816283226013
Poison Loss:  0.002326189090963453
------ Step 1400 ------
MLM Loss:  1.9204826521873475
Poison Loss:  0.001419377950951457
------ Step 1500 ------
MLM Loss:  1.8997375965118408
Poison Loss:  0.0015967238845769316
ab
<__main__.TextDataset object at 0x2b28dccc1110>
------ Step 1600 ------
MLM Loss:  1.3568972110748292
Poison Loss:  0.0006102759313944262
------ Step 1700 ------
MLM Loss:  1.978739731311798
Poison Loss:  0.0006269013033306692
------ Step 1800 ------
MLM Loss:  1.9693729758262635
Poison Loss:  0.0004714694582435186
------ Step 1900 ------
MLM Loss:  1.95975412607193
Poison Loss:  0.0012727970048945281
------ Step 2000 ------
MLM Loss:  1.954248731136322
Poison Loss:  0.0010231057648343268
------ Step 2100 ------
MLM Loss:  1.9530786025524138
Poison Loss:  0.0004679641258371703
------ Step 2200 ------
MLM Loss:  1.9295425200462342
Poison Loss:  0.00020492206129347324
------ Step 2300 ------
MLM Loss:  1.9330935561656952
Poison Loss:  0.0004550962187931873
------ Step 2400 ------
MLM Loss:  1.9361545217037202
Poison Loss:  0.00045096138488588623
------ Step 2500 ------
MLM Loss:  1.9330230343341828
Poison Loss:  0.0006004287505675165
------ Step 2600 ------
MLM Loss:  1.916854397058487
Poison Loss:  0.00036640674383306757
------ Step 2700 ------
MLM Loss:  1.9153308844566346
Poison Loss:  0.0005391803797101602
------ Step 2800 ------
MLM Loss:  1.9106960320472717
Poison Loss:  0.0008018938549776066
------ Step 2900 ------
MLM Loss:  1.9115822219848633
Poison Loss:  0.0003611700431429199
------ Step 3000 ------
MLM Loss:  1.9016715967655182
Poison Loss:  0.0004683425428265764
ac
<__main__.TextDataset object at 0x2b2997ef5710>
------ Step 3100 ------
MLM Loss:  0.6236082291603089
Poison Loss:  1.5758779454699834e-05
------ Step 3200 ------
MLM Loss:  1.9934354364871978
Poison Loss:  0.0005545371461539617
------ Step 3300 ------
MLM Loss:  1.9730424249172211
Poison Loss:  0.0006478857818638062
------ Step 3400 ------
MLM Loss:  1.9696210527420044
Poison Loss:  0.00029093831681166195
------ Step 3500 ------
MLM Loss:  1.9777990984916687
Poison Loss:  0.0011751335205008218
------ Step 3600 ------
MLM Loss:  1.9530912578105926
Poison Loss:  0.000821074781997595
------ Step 3700 ------
MLM Loss:  1.9440697085857392
Poison Loss:  0.0006725707154873816
------ Step 3800 ------
MLM Loss:  1.948171340227127
Poison Loss:  0.00037919089430488384
------ Step 3900 ------
MLM Loss:  1.9417514967918397
Poison Loss:  0.00018113953600277456
------ Step 4000 ------
MLM Loss:  1.9399078476428986
Poison Loss:  0.00019528209731106472
------ Step 4100 ------
MLM Loss:  1.936505287885666
Poison Loss:  0.0005129106285630769
------ Step 4200 ------
MLM Loss:  1.9214032948017121
Poison Loss:  0.00042143408165884466
------ Step 4300 ------
MLM Loss:  1.919450559616089
Poison Loss:  1.688199989985151e-05
------ Step 4400 ------
MLM Loss:  1.914648814201355
Poison Loss:  0.0005938726360500368
------ Step 4500 ------
MLM Loss:  1.9275164353847503
Poison Loss:  0.00013194961776662238
------ Step 4600 ------
MLM Loss:  1.9237879586219788
Poison Loss:  0.0004924782163107011
ad
<__main__.TextDataset object at 0x2b298df3d650>
------ Step 4700 ------
MLM Loss:  1.8459241378307343
Poison Loss:  0.00040213743176991556
------ Step 4800 ------
MLM Loss:  1.9468799579143523
Poison Loss:  0.0005788759422284784
------ Step 4900 ------
MLM Loss:  1.9288106417655946
Poison Loss:  0.00016708776904579282
------ Step 5000 ------
MLM Loss:  1.9280519378185272
Poison Loss:  0.0011154543550219386
------ Step 5100 ------
MLM Loss:  1.906701090335846
Poison Loss:  0.0005767147371147984
------ Step 5200 ------
MLM Loss:  1.9205198526382445
Poison Loss:  0.00022856902165813153
------ Step 5300 ------
MLM Loss:  1.901373974084854
Poison Loss:  0.0006852342692786806
------ Step 5400 ------
MLM Loss:  1.8949737358093262
Poison Loss:  0.00046038249217417615
------ Step 5500 ------
MLM Loss:  1.8998792886734008
Poison Loss:  0.0002888684808954167
------ Step 5600 ------
MLM Loss:  1.8960095739364624
Poison Loss:  0.000976768642501611
------ Step 5700 ------
MLM Loss:  1.8915520322322845
Poison Loss:  0.0002940817864441669
------ Step 5800 ------
MLM Loss:  1.8858805644512175
Poison Loss:  0.0001169494604528154
------ Step 5900 ------
MLM Loss:  1.8834143686294555
Poison Loss:  0.0009197918498807667
------ Step 6000 ------
MLM Loss:  1.8791084504127502
Poison Loss:  0.0005547255428359676
------ Step 6100 ------
MLM Loss:  1.8671279096603393
Poison Loss:  0.00019787461401392646
ae
<__main__.TextDataset object at 0x2b2958ef3dd0>
------ Step 6200 ------
MLM Loss:  1.1656288838386535
Poison Loss:  6.54882212074881e-06
------ Step 6300 ------
MLM Loss:  1.936323094367981
Poison Loss:  1.2914658856288953e-05
------ Step 6400 ------
MLM Loss:  1.9219956398010254
Poison Loss:  0.0002519991143662992
------ Step 6500 ------
MLM Loss:  1.9178833734989167
Poison Loss:  0.0005301516320173505
------ Step 6600 ------
MLM Loss:  1.9143183207511902
Poison Loss:  0.00046048163711475353
------ Step 6700 ------
MLM Loss:  1.9022575831413269
Poison Loss:  0.00012858630658001857
------ Step 6800 ------
MLM Loss:  1.8937670016288757
Poison Loss:  0.00012087486579503093
------ Step 6900 ------
MLM Loss:  1.8973970353603362
Poison Loss:  0.0005749754281816877
------ Step 7000 ------
MLM Loss:  1.882131279706955
Poison Loss:  0.00022876631880421882
------ Step 7100 ------
MLM Loss:  1.8844379448890687
Poison Loss:  0.0006283249235559652
------ Step 7200 ------
MLM Loss:  1.8862582910060883
Poison Loss:  0.0003035336651464604
------ Step 7300 ------
MLM Loss:  1.8803233361244203
Poison Loss:  4.7592693833848896e-05
------ Step 7400 ------
MLM Loss:  1.8779079484939576
Poison Loss:  0.0005629246099204011
------ Step 7500 ------
MLM Loss:  1.8853739392757416
Poison Loss:  0.0005583966821188824
------ Step 7600 ------
MLM Loss:  1.866787909269333
Poison Loss:  0.0001911059164467588
af
<__main__.TextDataset object at 0x2b2997f80c90>
------ Step 7700 ------
MLM Loss:  0.52961350440979
Poison Loss:  3.7158919394642e-06
------ Step 7800 ------
MLM Loss:  1.9173894917964935
Poison Loss:  0.00023008040348258872
------ Step 7900 ------
MLM Loss:  1.900876019001007
Poison Loss:  0.0004499797863070398
------ Step 8000 ------
MLM Loss:  1.8969176697731018
Poison Loss:  0.000542937076859289
------ Step 8100 ------
MLM Loss:  1.8918503069877624
Poison Loss:  0.0007905218511098155
------ Step 8200 ------
MLM Loss:  1.872758857011795
Poison Loss:  0.00018197487766201447
------ Step 8300 ------
MLM Loss:  1.8680274069309235
Poison Loss:  7.27484769640796e-06
------ Step 8400 ------
MLM Loss:  1.863990890979767
Poison Loss:  0.000564074405157271
------ Step 8500 ------
MLM Loss:  1.8639678621292115
Poison Loss:  0.00036386880958161783
------ Step 8600 ------
MLM Loss:  1.8622005951404572
Poison Loss:  0.0002724849898993398
------ Step 8700 ------
MLM Loss:  1.8632435750961305
Poison Loss:  0.0007642016429713294
------ Step 8800 ------
MLM Loss:  1.8493102133274077
Poison Loss:  0.00021370180238250214
------ Step 8900 ------
MLM Loss:  1.8544453883171081
Poison Loss:  0.00011705664357577916
------ Step 9000 ------
MLM Loss:  1.849992641210556
Poison Loss:  0.00044370486482762315
------ Step 9100 ------
MLM Loss:  1.8382894778251648
Poison Loss:  0.0005058841067273078
------ Step 9200 ------
MLM Loss:  1.832426482439041
Poison Loss:  0.0005593303565296992
ag
<__main__.TextDataset object at 0x2b2958f01410>
------ Step 9300 ------
MLM Loss:  1.6142042100429534
Poison Loss:  0.000346248690327684
------ Step 9400 ------
MLM Loss:  1.961947170495987
Poison Loss:  0.00024096466393302762
------ Step 9500 ------
MLM Loss:  1.951876268386841
Poison Loss:  0.0005810549863667803
------ Step 9600 ------
MLM Loss:  1.9518374216556549
Poison Loss:  0.0007836313587813493
------ Step 9700 ------
MLM Loss:  1.9519412457942962
Poison Loss:  0.00022556015463010226
------ Step 9800 ------
MLM Loss:  1.928454223871231
Poison Loss:  0.00013132242617018618
------ Step 9900 ------
MLM Loss:  1.942730598449707
Poison Loss:  0.000569544285443726
------ Step 10000 ------
MLM Loss:  1.9300379991531371
Poison Loss:  0.00013609157027531183
------ Step 10100 ------
MLM Loss:  1.9194782400131225
Poison Loss:  0.0002327248939951687
------ Step 10200 ------
MLM Loss:  1.9145285952091218
Poison Loss:  0.0002611079728217192
------ Step 10300 ------
MLM Loss:  1.9218993234634398
Poison Loss:  0.00011727526621996276
------ Step 10400 ------
MLM Loss:  1.9168377614021301
Poison Loss:  5.1181057949634125e-06
------ Step 10500 ------
MLM Loss:  1.9127440106868745
Poison Loss:  0.0006568088681478912
------ Step 10600 ------
MLM Loss:  1.9173984444141388
Poison Loss:  0.0005780555870558146
------ Step 10700 ------
MLM Loss:  1.922430806159973
Poison Loss:  0.00033643184240418123
ah
<__main__.TextDataset object at 0x2b2997eebdd0>
------ Step 10800 ------
MLM Loss:  0.7515586042404174
Poison Loss:  8.1292044114889e-07
------ Step 10900 ------
MLM Loss:  1.9084757852554322
Poison Loss:  0.00011591098410747236
------ Step 11000 ------
MLM Loss:  1.8956062936782836
Poison Loss:  2.7228752833252658e-05
------ Step 11100 ------
MLM Loss:  1.8749532806873321
Poison Loss:  0.0003440128878054338
------ Step 11200 ------
MLM Loss:  1.868782982826233
Poison Loss:  0.00045761391451890174
------ Step 11300 ------
MLM Loss:  1.8585071969032287
Poison Loss:  3.613982789261172e-06
------ Step 11400 ------
MLM Loss:  1.8679848563671113
Poison Loss:  2.825229587983813e-06
------ Step 11500 ------
MLM Loss:  1.8669144666194917
Poison Loss:  0.00022333228733430134
------ Step 11600 ------
MLM Loss:  1.8527360332012177
Poison Loss:  0.00022917938900320677
------ Step 11700 ------
MLM Loss:  1.8557211506366729
Poison Loss:  0.0007015663564214947
------ Step 11800 ------
MLM Loss:  1.838610564470291
Poison Loss:  0.00033634675671351033
------ Step 11900 ------
MLM Loss:  1.8366435885429382
Poison Loss:  0.00011549522060818163
------ Step 12000 ------
MLM Loss:  1.8408419859409333
Poison Loss:  0.000556066844908969
------ Step 12100 ------
MLM Loss:  1.836814707517624
Poison Loss:  0.00020859702319285135
------ Step 12200 ------
MLM Loss:  1.8420322906970978
Poison Loss:  0.00020863533721126259
------ Step 12300 ------
MLM Loss:  1.837426508665085
Poison Loss:  0.0004463467621695827
ai
<__main__.TextDataset object at 0x2b2997eddd90>
------ Step 12400 ------
MLM Loss:  1.871038007736206
Poison Loss:  0.00038586356907615026
------ Step 12500 ------
MLM Loss:  1.9232750558853149
Poison Loss:  0.0007131749621311201
------ Step 12600 ------
MLM Loss:  1.9063713836669922
Poison Loss:  0.0010982790671283738
------ Step 12700 ------
MLM Loss:  1.9175753808021545
Poison Loss:  0.0011572132864762351
------ Step 12800 ------
MLM Loss:  1.8995188665390015
Poison Loss:  0.000673911461865373
------ Step 12900 ------
MLM Loss:  1.893300280570984
Poison Loss:  0.0007703645107005741
------ Step 13000 ------
MLM Loss:  1.8854605901241301
Poison Loss:  0.00026768751683391655
------ Step 13100 ------
MLM Loss:  1.8875109219551087
Poison Loss:  0.0005549887304965751
------ Step 13200 ------
MLM Loss:  1.8847350120544433
Poison Loss:  0.00043500584317939683
------ Step 13300 ------
MLM Loss:  1.8773864221572876
Poison Loss:  0.0008648600048451272
------ Step 13400 ------
MLM Loss:  1.8800781679153442
Poison Loss:  0.0002747218619776959
------ Step 13500 ------
MLM Loss:  1.8628715002536773
Poison Loss:  0.00031784827812657567
------ Step 13600 ------
MLM Loss:  1.862474045753479
Poison Loss:  0.000905978638447209
------ Step 13700 ------
MLM Loss:  1.857847352027893
Poison Loss:  0.00022595867628865562
------ Step 13800 ------
MLM Loss:  1.8560276055335998
Poison Loss:  0.0005598918238513307
aj
<__main__.TextDataset object at 0x2b2958ef9210>
------ Step 13900 ------
MLM Loss:  1.1009459674358368
Poison Loss:  4.98076352755561e-06
------ Step 14000 ------
MLM Loss:  1.8799690544605254
Poison Loss:  0.0002652797668275753
------ Step 14100 ------
MLM Loss:  1.861177649497986
Poison Loss:  0.0006196696546652448
------ Step 14200 ------
MLM Loss:  1.8308406496047973
Poison Loss:  0.00044666003731776984
------ Step 14300 ------
MLM Loss:  1.8299551331996917
Poison Loss:  0.0005515741627323223
------ Step 14400 ------
MLM Loss:  1.8269372761249543
Poison Loss:  0.00023315427492775597
------ Step 14500 ------
MLM Loss:  1.825514109134674
Poison Loss:  0.0001158829869876854
------ Step 14600 ------
MLM Loss:  1.8138713347911835
Poison Loss:  0.0010152267480589216
------ Step 14700 ------
MLM Loss:  1.791490157842636
Poison Loss:  0.00022840219077920664
------ Step 14800 ------
MLM Loss:  1.8176054310798646
Poison Loss:  0.0005637857523299772
------ Step 14900 ------
MLM Loss:  1.8044220757484437
Poison Loss:  0.00014614746952133827
------ Step 15000 ------
MLM Loss:  1.7990598380565643
Poison Loss:  0.00045699024596103756
------ Step 15100 ------
MLM Loss:  1.8094451057910919
Poison Loss:  0.0006705199141470075
------ Step 15200 ------
MLM Loss:  1.7944229078292846
Poison Loss:  0.00012895946095056843
------ Step 15300 ------
MLM Loss:  1.795604751110077
Poison Loss:  0.0003889612940793086
------ Step 15400 ------
MLM Loss:  1.789781631231308
Poison Loss:  0.00033785850499612024
ak
<__main__.TextDataset object at 0x2b2997f1a490>
------ Step 15500 ------
MLM Loss:  1.5694927048683167
Poison Loss:  0.00033700561565126464
------ Step 15600 ------
MLM Loss:  1.899893788099289
Poison Loss:  0.00033559698542262595
------ Step 15700 ------
MLM Loss:  1.892321809530258
Poison Loss:  0.0005557033575146875
------ Step 15800 ------
MLM Loss:  1.887153798341751
Poison Loss:  0.0013320151389117996
------ Step 15900 ------
MLM Loss:  1.8728183436393737
Poison Loss:  0.0005112839789742907
------ Step 16000 ------
MLM Loss:  1.8669436967372894
Poison Loss:  0.00019160927235986947
------ Step 16100 ------
MLM Loss:  1.8554112386703492
Poison Loss:  0.0004465184430097224
------ Step 16200 ------
MLM Loss:  1.86288281083107
Poison Loss:  0.0003999152762514768
------ Step 16300 ------
MLM Loss:  1.866068195104599
Poison Loss:  0.00022588174757572687
------ Step 16400 ------
MLM Loss:  1.8551874470710754
Poison Loss:  0.0007452588550444262
------ Step 16500 ------
MLM Loss:  1.8481209444999696
Poison Loss:  0.00022599370525483664
------ Step 16600 ------
MLM Loss:  1.8438821828365326
Poison Loss:  0.0005316924321186889
------ Step 16700 ------
MLM Loss:  1.846405098438263
Poison Loss:  0.0007699896369564386
------ Step 16800 ------
MLM Loss:  1.8527253198623657
Poison Loss:  0.00043692362401372977
------ Step 16900 ------
MLM Loss:  1.8341496551036836
Poison Loss:  0.0007802413010347209
al
<__main__.TextDataset object at 0x2b2997eebdd0>
------ Step 17000 ------
MLM Loss:  0.7395565962791443
Poison Loss:  1.6552031923993126e-05
------ Step 17100 ------
MLM Loss:  1.8590936470031738
Poison Loss:  0.00023046858172250494
------ Step 17200 ------
MLM Loss:  1.85445125579834
Poison Loss:  0.0003394842776464202
------ Step 17300 ------
MLM Loss:  1.8542200422286987
Poison Loss:  0.0010080371928330577
------ Step 17400 ------
MLM Loss:  1.846728345155716
Poison Loss:  0.0008098473103063952
------ Step 17500 ------
MLM Loss:  1.8376382768154145
Poison Loss:  0.0004475566640243756
------ Step 17600 ------
MLM Loss:  1.8317034697532655
Poison Loss:  8.236954029143817e-06
------ Step 17700 ------
MLM Loss:  1.8373172688484192
Poison Loss:  0.0008937154357218447
------ Step 17800 ------
MLM Loss:  1.8387510037422181
Poison Loss:  0.0004574634549953771
------ Step 17900 ------
MLM Loss:  1.8282947647571564
Poison Loss:  0.0004545539037076196
------ Step 18000 ------
MLM Loss:  1.8171193313598633
Poison Loss:  0.0002250323363421103
------ Step 18100 ------
MLM Loss:  1.8173629355430603
Poison Loss:  0.0004118603605223825
------ Step 18200 ------
MLM Loss:  1.8110345423221588
Poison Loss:  0.00023503225167644358
------ Step 18300 ------
MLM Loss:  1.8046002662181855
Poison Loss:  0.0004434149295758516
------ Step 18400 ------
MLM Loss:  1.804054617881775
Poison Loss:  0.0007946969994222286
------ Step 18500 ------
MLM Loss:  1.804658501148224
Poison Loss:  0.0004544948317314379
am
<__main__.TextDataset object at 0x2b298ff02a10>
------ Step 18600 ------
MLM Loss:  0.8834391748905182
Poison Loss:  6.729645275527218e-07
------ Step 18700 ------
MLM Loss:  1.86282355427742
Poison Loss:  0.00022551556957353113
------ Step 18800 ------
MLM Loss:  1.8536049818992615
Poison Loss:  0.0005585046696955942
------ Step 18900 ------
MLM Loss:  1.838950709104538
Poison Loss:  0.0006159670628895241
------ Step 19000 ------
MLM Loss:  1.8307073891162873
Poison Loss:  0.0003769764476413684
------ Step 19100 ------
MLM Loss:  1.830643928050995
Poison Loss:  5.9984768863898804e-05
------ Step 19200 ------
MLM Loss:  1.8193491852283479
Poison Loss:  0.00022519159687306
------ Step 19300 ------
MLM Loss:  1.8159287548065186
Poison Loss:  0.00045752846069916584
------ Step 19400 ------
MLM Loss:  1.8051999914646149
Poison Loss:  0.00011655066348978949
------ Step 19500 ------
MLM Loss:  1.8131407797336578
Poison Loss:  0.0003607948063219624
------ Step 19600 ------
MLM Loss:  1.8030437088012696
Poison Loss:  0.0002336315776588549
------ Step 19700 ------
MLM Loss:  1.7984991443157197
Poison Loss:  0.0006702763433577275
------ Step 19800 ------
MLM Loss:  1.7953235411643982
Poison Loss:  0.0007332363506958472
------ Step 19900 ------
MLM Loss:  1.7975524473190307
Poison Loss:  0.0006746331674651174
------ Step 20000 ------
MLM Loss:  1.7849059915542602
Poison Loss:  0.0005584858650456681
------ Step 20100 ------
MLM Loss:  1.7822395515441896
Poison Loss:  0.00039095271381171413
an
<__main__.TextDataset object at 0x2b2958ef3dd0>
------ Step 20200 ------
MLM Loss:  1.1241758561134338
Poison Loss:  0.00011395767075612185
------ Step 20300 ------
MLM Loss:  1.9035847723484038
Poison Loss:  0.0003389363132271228
------ Step 20400 ------
MLM Loss:  1.8829296684265138
Poison Loss:  0.0004387113111900476
------ Step 20500 ------
MLM Loss:  1.8809738886356353
Poison Loss:  0.00033607592734071547
------ Step 20600 ------
MLM Loss:  1.8861534631252288
Poison Loss:  0.00033428261230056933
------ Step 20700 ------
MLM Loss:  1.8679711675643922
Poison Loss:  0.00011895768175406829
------ Step 20800 ------
MLM Loss:  1.878168077468872
Poison Loss:  3.732195889085688e-06
------ Step 20900 ------
MLM Loss:  1.8502401173114777
Poison Loss:  0.0007892398507880216
------ Step 21000 ------
MLM Loss:  1.8556032431125642
Poison Loss:  3.2648951165015205e-06
------ Step 21100 ------
MLM Loss:  1.8503457581996918
Poison Loss:  0.0004469360798310618
------ Step 21200 ------
MLM Loss:  1.8577555406093598
Poison Loss:  0.00022354502565320898
------ Step 21300 ------
MLM Loss:  1.849044861793518
Poison Loss:  0.0005866255174720436
------ Step 21400 ------
MLM Loss:  1.8373330128192902
Poison Loss:  0.0005897042079720904
------ Step 21500 ------
MLM Loss:  1.8470853447914124
Poison Loss:  0.0008001129245729998
------ Step 21600 ------
MLM Loss:  1.8397094333171844
Poison Loss:  0.000344256892200292
ao
<__main__.TextDataset object at 0x2b28dccc1110>
------ Step 21700 ------
MLM Loss:  0.2377343773841858
Poison Loss:  2.4909817256002495e-07
------ Step 21800 ------
MLM Loss:  1.953855164051056
Poison Loss:  0.0003380137047898302
------ Step 21900 ------
MLM Loss:  1.9397067248821258
Poison Loss:  0.0004512875786396364
------ Step 22000 ------
MLM Loss:  1.9276359295845031
Poison Loss:  0.00033643898891057235
------ Step 22100 ------
MLM Loss:  1.9243458032608032
Poison Loss:  0.000455173734108314
------ Step 22200 ------
MLM Loss:  1.9369438290596008
Poison Loss:  1.5653881467869724e-06
------ Step 22300 ------
MLM Loss:  1.9111549723148347
Poison Loss:  0.00013720784000227583
------ Step 22400 ------
MLM Loss:  1.911716296672821
Poison Loss:  0.00044663814419152457
------ Step 22500 ------
MLM Loss:  1.910581086874008
Poison Loss:  0.0005364096735264922
------ Step 22600 ------
MLM Loss:  1.9001324796676635
Poison Loss:  0.00011604930982755945
------ Step 22700 ------
MLM Loss:  1.89040141582489
Poison Loss:  0.000657278202750291
------ Step 22800 ------
MLM Loss:  1.8981607222557069
Poison Loss:  0.0006685827719796577
------ Step 22900 ------
MLM Loss:  1.8904427874088288
Poison Loss:  0.00022584495572971263
------ Step 23000 ------
MLM Loss:  1.8878005838394165
Poison Loss:  0.000867667402410035
------ Step 23100 ------
MLM Loss:  1.8908184587955474
Poison Loss:  0.00023850478461710624
------ Step 23200 ------
MLM Loss:  1.8755231976509095
Poison Loss:  0.00024119336318790375
ap
<__main__.TextDataset object at 0x2b2990289d10>
------ Step 23300 ------
MLM Loss:  1.2562460911273956
Poison Loss:  0.0002226714330711843
------ Step 23400 ------
MLM Loss:  1.9141281521320344
Poison Loss:  0.0005563257571594704
------ Step 23500 ------
MLM Loss:  1.920386197566986
Poison Loss:  0.00022336442095550525
------ Step 23600 ------
MLM Loss:  1.896497141122818
Poison Loss:  0.0005601176499664006
------ Step 23700 ------
MLM Loss:  1.8969144320487976
Poison Loss:  0.0005574006760537742
------ Step 23800 ------
MLM Loss:  1.8771314704418183
Poison Loss:  0.0003349467572181197
------ Step 23900 ------
MLM Loss:  1.868196700811386
Poison Loss:  0.0004944425535615693
------ Step 24000 ------
MLM Loss:  1.8883804702758789
Poison Loss:  0.00033663467057508
------ Step 24100 ------
MLM Loss:  1.871217120885849
Poison Loss:  0.00011235200302664339
------ Step 24200 ------
MLM Loss:  1.8628734600543977
Poison Loss:  0.0012387316504729995
------ Step 24300 ------
MLM Loss:  1.8682159829139708
Poison Loss:  0.00033345131489411986
------ Step 24400 ------
MLM Loss:  1.8578227365016937
Poison Loss:  3.0058900915719277e-06
------ Step 24500 ------
MLM Loss:  1.8526156294345855
Poison Loss:  0.000554937623790721
------ Step 24600 ------
MLM Loss:  1.8628598833084107
Poison Loss:  0.00035131139433744354
------ Step 24700 ------
MLM Loss:  1.8468822038173676
Poison Loss:  0.0004661667094153188
aq
<__main__.TextDataset object at 0x2b2997f1a490>
------ Step 24800 ------
MLM Loss:  0.3834480273723602
Poison Loss:  3.7419819193473813e-07
------ Step 24900 ------
MLM Loss:  1.903294997215271
Poison Loss:  0.00022329687853599013
------ Step 25000 ------
MLM Loss:  1.876919457912445
Poison Loss:  0.00022416425484536262
------ Step 25100 ------
MLM Loss:  1.8702660346031188
Poison Loss:  0.00022261788572990325
------ Step 25200 ------
MLM Loss:  1.8735126852989197
Poison Loss:  0.0014302749025257811
------ Step 25300 ------
MLM Loss:  1.8606878840923309
Poison Loss:  0.00011339788535181583
------ Step 25400 ------
MLM Loss:  1.8459932351112365
Poison Loss:  0.00022741391453166672
------ Step 25500 ------
MLM Loss:  1.8346944081783294
Poison Loss:  0.0003596242554962714
------ Step 25600 ------
MLM Loss:  1.8427097046375274
Poison Loss:  7.335263971199879e-05
------ Step 25700 ------
MLM Loss:  1.8364612543582917
Poison Loss:  0.00012514998706819825
------ Step 25800 ------
MLM Loss:  1.8302634072303772
Poison Loss:  0.0007965781037034958
------ Step 25900 ------
MLM Loss:  1.8326246106624604
Poison Loss:  0.0004968410515778033
------ Step 26000 ------
MLM Loss:  1.829574214220047
Poison Loss:  0.0002811289059154376
------ Step 26100 ------
MLM Loss:  1.8243859100341797
Poison Loss:  0.0006683341234227668
------ Step 26200 ------
MLM Loss:  1.8253747010231018
Poison Loss:  0.00011260529468344771
------ Step 26300 ------
MLM Loss:  1.8311212968826294
Poison Loss:  0.00022401946942068206
ar
<__main__.TextDataset object at 0x2b298ff02a10>
------ Step 26400 ------
MLM Loss:  1.2086747181415558
Poison Loss:  1.3498937276779088e-06
------ Step 26500 ------
MLM Loss:  1.90772118806839
Poison Loss:  6.054724549642287e-07
------ Step 26600 ------
MLM Loss:  1.9072527611255645
Poison Loss:  0.0002229410243975849
------ Step 26700 ------
MLM Loss:  1.8947678077220917
Poison Loss:  0.0006645172615895945
------ Step 26800 ------
MLM Loss:  1.8897578501701355
Poison Loss:  0.00011545483589216588
------ Step 26900 ------
MLM Loss:  1.8862116742134094
Poison Loss:  0.00022861604709930816
------ Step 27000 ------
MLM Loss:  1.8776691508293153
Poison Loss:  0.0005431776950871381
------ Step 27100 ------
MLM Loss:  1.874034194946289
Poison Loss:  0.0005278242593527694
------ Step 27200 ------
MLM Loss:  1.8651213812828065
Poison Loss:  0.00018109109876306205
------ Step 27300 ------
MLM Loss:  1.86703822016716
Poison Loss:  0.00047671140387677723
------ Step 27400 ------
MLM Loss:  1.8631717538833619
Poison Loss:  0.00011815833288565614
------ Step 27500 ------
MLM Loss:  1.8620741176605224
Poison Loss:  0.00024116184016250485
------ Step 27600 ------
MLM Loss:  1.857579779624939
Poison Loss:  0.0005208978398371755
------ Step 27700 ------
MLM Loss:  1.861632572412491
Poison Loss:  0.0004413292098973898
------ Step 27800 ------
MLM Loss:  1.8496893763542175
Poison Loss:  0.0002390298657937251
as
<__main__.TextDataset object at 0x2b2997eebdd0>
------ Step 27900 ------
MLM Loss:  0.5657440221309662
Poison Loss:  8.759138229976316e-05
------ Step 28000 ------
MLM Loss:  1.885603049993515
Poison Loss:  0.00021274611365129203
------ Step 28100 ------
MLM Loss:  1.8763407397270202
Poison Loss:  0.00022360349081097298
------ Step 28200 ------
MLM Loss:  1.8643320083618165
Poison Loss:  0.00011147323420111377
------ Step 28300 ------
MLM Loss:  1.865711531639099
Poison Loss:  0.0010002298193451508
------ Step 28400 ------
MLM Loss:  1.8560509252548218
Poison Loss:  0.0003342538177035692
------ Step 28500 ------
MLM Loss:  1.851527874469757
Poison Loss:  5.491855235106868e-07
------ Step 28600 ------
MLM Loss:  1.852510781288147
Poison Loss:  0.0004448855852838562
------ Step 28700 ------
MLM Loss:  1.8461159753799439
Poison Loss:  0.0007204321332508812
------ Step 28800 ------
MLM Loss:  1.8488439333438873
Poison Loss:  0.0002450497176467081
------ Step 28900 ------
MLM Loss:  1.8351394295692445
Poison Loss:  0.00011262427053964075
------ Step 29000 ------
MLM Loss:  1.8315644013881682
Poison Loss:  0.00022494784699887306
------ Step 29100 ------
MLM Loss:  1.8299508023262023
Poison Loss:  0.0003389700297249476
------ Step 29200 ------
MLM Loss:  1.820217283964157
Poison Loss:  0.00023001757492508546
------ Step 29300 ------
MLM Loss:  1.8298442959785461
Poison Loss:  0.0004449190581391349
------ Step 29400 ------
MLM Loss:  1.8193739449977875
Poison Loss:  0.0006712879104489389
at
<__main__.TextDataset object at 0x2b2958ef3dd0>
------ Step 29500 ------
MLM Loss:  1.641323413848877
Poison Loss:  0.00011303797524476522
------ Step 29600 ------
MLM Loss:  1.8808053815364838
Poison Loss:  0.00011137533381678111
------ Step 29700 ------
MLM Loss:  1.876150416135788
Poison Loss:  0.00011160588332614907
------ Step 29800 ------
MLM Loss:  1.8678556323051452
Poison Loss:  0.000976338793918643
------ Step 29900 ------
MLM Loss:  1.8666048574447631
Poison Loss:  0.0007105617736196734
------ Step 30000 ------
MLM Loss:  1.86077360868454
Poison Loss:  0.0006729371460974675
------ Step 30100 ------
MLM Loss:  1.8604680871963502
Poison Loss:  0.0006590491455702363
------ Step 30200 ------
MLM Loss:  1.836054244041443
Poison Loss:  0.00034842361230005283
------ Step 30300 ------
MLM Loss:  1.847387671470642
Poison Loss:  0.0002262510524614214
------ Step 30400 ------
MLM Loss:  1.8318261551856994
Poison Loss:  0.0009384721904173432
------ Step 30500 ------
MLM Loss:  1.8424841666221619
Poison Loss:  0.00011293020960678746
------ Step 30600 ------
MLM Loss:  1.833830507993698
Poison Loss:  0.00011291079871682541
------ Step 30700 ------
MLM Loss:  1.8308547711372376
Poison Loss:  0.0007078102689308708
------ Step 30800 ------
MLM Loss:  1.8339825820922853
Poison Loss:  0.0004944589515247344
------ Step 30900 ------
MLM Loss:  1.8170248067378998
Poison Loss:  0.0005080115816551256
au
<__main__.TextDataset object at 0x2b28dccc1110>
------ Step 31000 ------
MLM Loss:  0.9824481964111328
Poison Loss:  0.00030741439819848893
------ Step 31100 ------
MLM Loss:  1.8779752361774444
Poison Loss:  0.00011840998476657205
------ Step 31200 ------
MLM Loss:  1.8701497602462769
Poison Loss:  0.0003386518552362361
------ Step 31300 ------
MLM Loss:  1.8661697578430176
Poison Loss:  0.0005730015853629312
------ Step 31400 ------
MLM Loss:  1.8590783739089967
Poison Loss:  0.0004881770610467129
------ Step 31500 ------
MLM Loss:  1.8571792685985564
Poison Loss:  0.00023442403242029285
------ Step 31600 ------
MLM Loss:  1.846404858827591
Poison Loss:  4.771157829281947e-06
------ Step 31700 ------
MLM Loss:  1.8414752852916718
Poison Loss:  0.000687917559785376
------ Step 31800 ------
MLM Loss:  1.8394036936759948
Poison Loss:  0.00010817445219061029
------ Step 31900 ------
MLM Loss:  1.8326315295696258
Poison Loss:  0.0006969374941732554
------ Step 32000 ------
MLM Loss:  1.842866632938385
Poison Loss:  7.567162459963583e-05
------ Step 32100 ------
MLM Loss:  1.8291987526416777
Poison Loss:  0.00040931539280933296
------ Step 32200 ------
MLM Loss:  1.8330388164520264
Poison Loss:  0.00037356057723258117
------ Step 32300 ------
MLM Loss:  1.8323943281173707
Poison Loss:  0.00022429862180814553
------ Step 32400 ------
MLM Loss:  1.8284401059150697
Poison Loss:  0.00022292548549870616
av
<__main__.TextDataset object at 0x2b2997fa0e90>
------ Step 32500 ------
MLM Loss:  0.2428406810760498
Poison Loss:  1.474833038628276e-07
------ Step 32600 ------
MLM Loss:  1.9009853732585906
Poison Loss:  0.00032096114905414195
------ Step 32700 ------
MLM Loss:  1.8861167466640472
Poison Loss:  0.0003626891211663974
------ Step 32800 ------
MLM Loss:  1.8855064511299133
Poison Loss:  0.0003413195088941734
------ Step 32900 ------
MLM Loss:  1.879535950422287
Poison Loss:  0.00023122486434857593
------ Step 33000 ------
MLM Loss:  1.8695624792575836
Poison Loss:  0.0005420643330242569
------ Step 33100 ------
MLM Loss:  1.8435944402217865
Poison Loss:  0.0001802036748216551
------ Step 33200 ------
MLM Loss:  1.8551405119895934
Poison Loss:  0.0004539975911552574
------ Step 33300 ------
MLM Loss:  1.848644288778305
Poison Loss:  0.00011361222198075894
------ Step 33400 ------
MLM Loss:  1.8414997494220733
Poison Loss:  0.0004450007034296277
------ Step 33500 ------
MLM Loss:  1.845172643661499
Poison Loss:  0.0008905224760030705
------ Step 33600 ------
MLM Loss:  1.8401551020145417
Poison Loss:  0.0004666894010551914
------ Step 33700 ------
MLM Loss:  1.8340805077552795
Poison Loss:  0.00011628059265149204
------ Step 33800 ------
MLM Loss:  1.8305644440650939
Poison Loss:  0.00045022935868644254
------ Step 33900 ------
MLM Loss:  1.83327113032341
Poison Loss:  0.00022541278479195625
------ Step 34000 ------
MLM Loss:  1.8158303213119507
Poison Loss:  0.0005977890619880099
aw
<__main__.TextDataset object at 0x2b2997fa09d0>
------ Step 34100 ------
MLM Loss:  1.3047587513923644
Poison Loss:  1.7488950555843986e-06
------ Step 34200 ------
MLM Loss:  1.874719557762146
Poison Loss:  0.0005528506151330248
------ Step 34300 ------
MLM Loss:  1.8657093024253846
Poison Loss:  2.10984393024205e-05
------ Step 34400 ------
MLM Loss:  1.860354837179184
Poison Loss:  0.0011769985577862485
------ Step 34500 ------
MLM Loss:  1.8582187438011168
Poison Loss:  0.0007492629286406327
------ Step 34600 ------
MLM Loss:  1.8507514345645903
Poison Loss:  0.00012910891560466098
------ Step 34700 ------
MLM Loss:  1.8367123436927795
Poison Loss:  0.00034290704520444136
------ Step 34800 ------
MLM Loss:  1.8381250178813935
Poison Loss:  0.00044525474183942037
------ Step 34900 ------
MLM Loss:  1.8259231185913085
Poison Loss:  0.00033496592826821826
------ Step 35000 ------
MLM Loss:  1.8332765793800354
Poison Loss:  0.0005545022771543984
------ Step 35100 ------
MLM Loss:  1.8294138610363007
Poison Loss:  0.00044542107649732545
------ Step 35200 ------
MLM Loss:  1.82439861536026
Poison Loss:  0.00011325112694891005
------ Step 35300 ------
MLM Loss:  1.8252248203754424
Poison Loss:  0.0011074275143083412
------ Step 35400 ------
MLM Loss:  1.8168994855880738
Poison Loss:  0.0006667740919385778
------ Step 35500 ------
MLM Loss:  1.8055346727371215
Poison Loss:  0.00033646755484454614
ax
<__main__.TextDataset object at 0x2b298ff02a10>
------ Step 35600 ------
MLM Loss:  0.5531621825695038
Poison Loss:  3.547508308088254e-07
------ Step 35700 ------
MLM Loss:  1.8924719297885895
Poison Loss:  0.00022332893056130842
------ Step 35800 ------
MLM Loss:  1.8852702164649964
Poison Loss:  0.00031936454133813186
------ Step 35900 ------
MLM Loss:  1.884621113538742
Poison Loss:  0.0003357872918387272
------ Step 36000 ------
MLM Loss:  1.8747602963447572
Poison Loss:  0.0007718818485435008
------ Step 36100 ------
MLM Loss:  1.856465858221054
Poison Loss:  0.00022351061873578714
------ Step 36200 ------
MLM Loss:  1.8502902150154115
Poison Loss:  1.625389501356267e-06
------ Step 36300 ------
MLM Loss:  1.8558703076839447
Poison Loss:  0.0005595156368949005
------ Step 36400 ------
MLM Loss:  1.8475951039791108
Poison Loss:  0.0001512230386001079
------ Step 36500 ------
MLM Loss:  1.8505674338340758
Poison Loss:  1.0292559435924886e-05
------ Step 36600 ------
MLM Loss:  1.8414645111560821
Poison Loss:  0.0007567014521146121
------ Step 36700 ------
MLM Loss:  1.8310250377655028
Poison Loss:  0.00011361874123593906
------ Step 36800 ------
MLM Loss:  1.8315336859226228
Poison Loss:  0.00022414656207459416
------ Step 36900 ------
MLM Loss:  1.8218559205532074
Poison Loss:  0.0005607937945774211
------ Step 37000 ------
MLM Loss:  1.8380715572834014
Poison Loss:  0.0005522641846975773
------ Step 37100 ------
MLM Loss:  1.8287598741054536
Poison Loss:  0.00041944101294205893
ay
<__main__.TextDataset object at 0x2b2990289d10>
------ Step 37200 ------
MLM Loss:  1.6176202964782715
Poison Loss:  0.00044555192823722225
------ Step 37300 ------
MLM Loss:  1.8961585259437561
Poison Loss:  0.0004456257235707994
------ Step 37400 ------
MLM Loss:  1.875489320755005
Poison Loss:  0.00023083688401669632
------ Step 37500 ------
MLM Loss:  1.879509814977646
Poison Loss:  0.0006726455767939399
------ Step 37600 ------
MLM Loss:  1.859495117664337
Poison Loss:  0.00021184399850028514
------ Step 37700 ------
MLM Loss:  1.8551049196720124
Poison Loss:  0.0002588649587080738
------ Step 37800 ------
MLM Loss:  1.8470048761367799
Poison Loss:  0.0005625987589412773
------ Step 37900 ------
MLM Loss:  1.844223703145981
Poison Loss:  0.0004563732238204921
------ Step 38000 ------
MLM Loss:  1.840307993888855
Poison Loss:  0.00011186014985838711
------ Step 38100 ------
MLM Loss:  1.838881961107254
Poison Loss:  0.0007099736808365265
------ Step 38200 ------
MLM Loss:  1.8378943860530854
Poison Loss:  0.0004905689367538458
------ Step 38300 ------
MLM Loss:  1.8369189476966858
Poison Loss:  0.00033923783956126387
------ Step 38400 ------
MLM Loss:  1.8321725285053254
Poison Loss:  0.0008225525814452795
------ Step 38500 ------
MLM Loss:  1.827150148153305
Poison Loss:  0.0004375597636180828
------ Step 38600 ------
MLM Loss:  1.8121762013435363
Poison Loss:  0.00022337592499582114
az
<__main__.TextDataset object at 0x2b2958ef3dd0>
------ Step 38700 ------
MLM Loss:  0.7161158776283264
Poison Loss:  0.00011190233677425
------ Step 38800 ------
MLM Loss:  1.8750443494319915
Poison Loss:  0.0003341422375204672
------ Step 38900 ------
MLM Loss:  1.862913774251938
Poison Loss:  0.00011479620004038793
------ Step 39000 ------
MLM Loss:  1.8775840628147125
Poison Loss:  0.00024751037024287823
------ Step 39100 ------
MLM Loss:  1.8602283799648285
Poison Loss:  0.0006700686747278439
------ Step 39200 ------
MLM Loss:  1.8372445440292358
Poison Loss:  0.0002935199314671877
------ Step 39300 ------
MLM Loss:  1.850540236234665
Poison Loss:  1.1737808253542426e-06
------ Step 39400 ------
MLM Loss:  1.830280830860138
Poison Loss:  0.00066867921406633
------ Step 39500 ------
MLM Loss:  1.836782089471817
Poison Loss:  0.0001737820447426941
------ Step 39600 ------
MLM Loss:  1.832069127559662
Poison Loss:  0.00022480484816234992
------ Step 39700 ------
MLM Loss:  1.8344124150276184
Poison Loss:  0.00011185338720480331
------ Step 39800 ------
MLM Loss:  1.8347850573062896
Poison Loss:  0.00011314320545992018
------ Step 39900 ------
MLM Loss:  1.8178441798686982
Poison Loss:  0.00033545152287317137
------ Step 40000 ------
MLM Loss:  1.810867772102356
Poison Loss:  0.0003373342534266044
------ Step 40100 ------
MLM Loss:  1.8215875434875488
Poison Loss:  0.00022616412052798296
------ Step 40200 ------
MLM Loss:  1.8131437337398528
Poison Loss:  8.707719148475235e-05
ba
<__main__.TextDataset object at 0x2b2997fa0e90>
------ Step 40300 ------
MLM Loss:  1.7774363029003144
Poison Loss:  0.00022086221466892652
------ Step 40400 ------
MLM Loss:  1.8437112331390382
Poison Loss:  0.0002240143062856248
------ Step 40500 ------
MLM Loss:  1.8235574746131897
Poison Loss:  0.0001848102719323208
------ Step 40600 ------
MLM Loss:  1.8282253682613372
Poison Loss:  0.0003782100237896202
------ Step 40700 ------
MLM Loss:  1.8262565314769745
Poison Loss:  0.0002434369186761387
------ Step 40800 ------
MLM Loss:  1.8067937672138215
Poison Loss:  0.0004861957421475438
------ Step 40900 ------
MLM Loss:  1.7975589323043824
Poison Loss:  0.0005344268903212424
------ Step 41000 ------
MLM Loss:  1.8017176723480224
Poison Loss:  0.0005008688049107945
------ Step 41100 ------
MLM Loss:  1.810643744468689
Poison Loss:  0.0003797072946517233
------ Step 41200 ------
MLM Loss:  1.7885634672641755
Poison Loss:  0.00045817695075882624
------ Step 41300 ------
MLM Loss:  1.7982724511623382
Poison Loss:  0.00022346517078489114
------ Step 41400 ------
MLM Loss:  1.7866069996356964
Poison Loss:  0.0002229590431718975
------ Step 41500 ------
MLM Loss:  1.769535392522812
Poison Loss:  0.0005615730300343102
------ Step 41600 ------
MLM Loss:  1.7798050773143768
Poison Loss:  0.00032389608563377693
------ Step 41700 ------
MLM Loss:  1.7790863168239595
Poison Loss:  0.00039467831075086225
bb
<__main__.TextDataset object at 0x2b2997f928d0>
------ Step 41800 ------
MLM Loss:  1.283976172208786
Poison Loss:  6.81868615259873e-06
------ Step 41900 ------
MLM Loss:  1.9607686626911163
Poison Loss:  0.0002272500147390133
------ Step 42000 ------
MLM Loss:  1.9445800292491913
Poison Loss:  0.0010654914707415486
------ Step 42100 ------
MLM Loss:  1.902717001438141
Poison Loss:  0.0007221275561420271
------ Step 42200 ------
MLM Loss:  1.899136048555374
Poison Loss:  0.00011966541820903842
------ Step 42300 ------
MLM Loss:  1.883637591600418
Poison Loss:  0.00044340560534365635
------ Step 42400 ------
MLM Loss:  1.8644179332256317
Poison Loss:  0.00022836158507949733
------ Step 42500 ------
MLM Loss:  1.8540832340717315
Poison Loss:  0.0002293433817246182
------ Step 42600 ------
MLM Loss:  1.8519461560249328
Poison Loss:  0.00045010857856070174
------ Step 42700 ------
MLM Loss:  1.8363947308063506
Poison Loss:  0.0007414197733985617
------ Step 42800 ------
MLM Loss:  1.83134983420372
Poison Loss:  0.000442315855464841
------ Step 42900 ------
MLM Loss:  1.8195746290683745
Poison Loss:  0.0003544150509641497
------ Step 43000 ------
MLM Loss:  1.822195339202881
Poison Loss:  0.000543820961869983
------ Step 43100 ------
MLM Loss:  1.8239706611633302
Poison Loss:  0.00048448728493966087
------ Step 43200 ------
MLM Loss:  1.824695736169815
Poison Loss:  0.0005755939279643485
------ Step 43300 ------
MLM Loss:  1.809450114965439
Poison Loss:  0.00023704763833158892
bc
<__main__.TextDataset object at 0x2b2997f92a10>
------ Step 43400 ------
MLM Loss:  1.501976580619812
Poison Loss:  0.000333101060451213
------ Step 43500 ------
MLM Loss:  1.8583246731758118
Poison Loss:  0.00033632788673628513
------ Step 43600 ------
MLM Loss:  1.8625507295131682
Poison Loss:  0.00033508857622869924
------ Step 43700 ------
MLM Loss:  1.8548164463043213
Poison Loss:  0.0009106548939374193
------ Step 43800 ------
MLM Loss:  1.8489963591098786
Poison Loss:  0.00022569376075068704
------ Step 43900 ------
MLM Loss:  1.8378065407276154
Poison Loss:  0.0003360496408840419
------ Step 44000 ------
MLM Loss:  1.8426213312149047
Poison Loss:  0.0004453242362811238
------ Step 44100 ------
MLM Loss:  1.821716731786728
Poison Loss:  0.00011328209136557632
------ Step 44200 ------
MLM Loss:  1.8269336998462677
Poison Loss:  0.0002726003140423927
------ Step 44300 ------
MLM Loss:  1.8222783887386322
Poison Loss:  0.0009051525592715848
------ Step 44400 ------
MLM Loss:  1.8176206839084625
Poison Loss:  0.0002551168333542364
------ Step 44500 ------
MLM Loss:  1.8179905378818513
Poison Loss:  0.00022543689107678232
------ Step 44600 ------
MLM Loss:  1.8142073631286622
Poison Loss:  0.0005570068834143171
------ Step 44700 ------
MLM Loss:  1.814408425092697
Poison Loss:  0.0003000253609258152
------ Step 44800 ------
MLM Loss:  1.8098770380020142
Poison Loss:  3.277520888644858e-06
bd
<__main__.TextDataset object at 0x2b2997fa0e90>
------ Step 44900 ------
MLM Loss:  0.8292533922195434
Poison Loss:  1.18087658904642e-06
------ Step 45000 ------
MLM Loss:  1.8829881632328034
Poison Loss:  0.0003201375931988082
------ Step 45100 ------
MLM Loss:  1.8724396288394929
Poison Loss:  0.00031580439798922555
------ Step 45200 ------
MLM Loss:  1.8637494075298309
Poison Loss:  0.00011818797779845624
------ Step 45300 ------
MLM Loss:  1.8577260816097259
Poison Loss:  0.0003394699481889063
------ Step 45400 ------
MLM Loss:  1.8464998137950897
Poison Loss:  0.00044669189000643426
------ Step 45500 ------
MLM Loss:  1.832380771636963
Poison Loss:  0.00011566601283462319
------ Step 45600 ------
MLM Loss:  1.8196931338310243
Poison Loss:  0.0005575771367607274
------ Step 45700 ------
MLM Loss:  1.8219277560710907
Poison Loss:  0.00022341899114749708
------ Step 45800 ------
MLM Loss:  1.826058257818222
Poison Loss:  0.0007784465569183396
------ Step 45900 ------
MLM Loss:  1.81518785238266
Poison Loss:  0.00022364198724787344
------ Step 46000 ------
MLM Loss:  1.8128664529323577
Poison Loss:  0.0003351830344310258
------ Step 46100 ------
MLM Loss:  1.8066390943527222
Poison Loss:  0.0004457778522274225
------ Step 46200 ------
MLM Loss:  1.806366389989853
Poison Loss:  0.00035842769453310554
------ Step 46300 ------
MLM Loss:  1.8075153195858003
Poison Loss:  1.8155655709506391e-06
------ Step 46400 ------
MLM Loss:  1.808071165084839
Poison Loss:  0.00022580535643626832
be
<__main__.TextDataset object at 0x2b2990289d10>
------ Step 46500 ------
MLM Loss:  1.4704602181911468
Poison Loss:  0.00022278912367795556
------ Step 46600 ------
MLM Loss:  1.8767195665836334
Poison Loss:  0.0002236031569196939
------ Step 46700 ------
MLM Loss:  1.8619514524936676
Poison Loss:  0.00023263970164535407
------ Step 46800 ------
MLM Loss:  1.8695332562923432
Poison Loss:  0.00012449943381838578
------ Step 46900 ------
MLM Loss:  1.8558280789852142
Poison Loss:  0.0002820333806340614
------ Step 47000 ------
MLM Loss:  1.8436815273761749
Poison Loss:  3.4075500355399415e-05
------ Step 47100 ------
MLM Loss:  1.8369545996189118
Poison Loss:  1.5504623607398572e-05
------ Step 47200 ------
MLM Loss:  1.842850090265274
Poison Loss:  0.0003346957029542352
------ Step 47300 ------
MLM Loss:  1.8403130447864533
Poison Loss:  0.00033402108778005866
------ Step 47400 ------
MLM Loss:  1.8249451649188995
Poison Loss:  0.0008832971815665758
------ Step 47500 ------
MLM Loss:  1.8302300357818604
Poison Loss:  0.00033563070117907044
------ Step 47600 ------
MLM Loss:  1.8166573429107666
Poison Loss:  0.00026409388394355916
------ Step 47700 ------
MLM Loss:  1.829399346113205
Poison Loss:  0.0004688926635451196
------ Step 47800 ------
MLM Loss:  1.8246104657649993
Poison Loss:  0.00033274695903671157
------ Step 47900 ------
MLM Loss:  1.8108924174308776
Poison Loss:  0.00022322176855013253
bf
<__main__.TextDataset object at 0x2b2958ef3dd0>
------ Step 48000 ------
MLM Loss:  0.6916681337356567
Poison Loss:  0.0002229854025445377
------ Step 48100 ------
MLM Loss:  1.8456359672546387
Poison Loss:  0.00022601401650966578
------ Step 48200 ------
MLM Loss:  1.8326128888130189
Poison Loss:  0.00034136005060062755
------ Step 48300 ------
MLM Loss:  1.8338678503036498
Poison Loss:  0.0012062640107644285
------ Step 48400 ------
MLM Loss:  1.8232481169700623
Poison Loss:  0.0010022035542034758
------ Step 48500 ------
MLM Loss:  1.8254774188995362
Poison Loss:  0.00044545554371509864
------ Step 48600 ------
MLM Loss:  1.817030576467514
Poison Loss:  0.00011319402601770889
------ Step 48700 ------
MLM Loss:  1.7957535409927368
Poison Loss:  0.0005582542317850425
------ Step 48800 ------
MLM Loss:  1.8074098813533783
Poison Loss:  0.0003341110293432337
------ Step 48900 ------
MLM Loss:  1.8008335614204407
Poison Loss:  0.0007691577599412369
------ Step 49000 ------
MLM Loss:  1.8100848197937012
Poison Loss:  0.00016700858875594803
------ Step 49100 ------
MLM Loss:  1.7950053811073303
Poison Loss:  0.00033660702623080854
------ Step 49200 ------
MLM Loss:  1.8004238831996917
Poison Loss:  0.0006679170943448298
------ Step 49300 ------
MLM Loss:  1.7898958241939544
Poison Loss:  0.0006432592995903974
------ Step 49400 ------
MLM Loss:  1.796875605583191
Poison Loss:  0.0006015722274715074
------ Step 49500 ------
MLM Loss:  1.7976678442955016
Poison Loss:  0.00025140115494494354
bg
<__main__.TextDataset object at 0x2b298ff02a10>
------ Step 49600 ------
MLM Loss:  1.7481645619869233
Poison Loss:  0.0005550449115051492
------ Step 49700 ------
MLM Loss:  1.8610516822338103
Poison Loss:  0.00013608145843022613
------ Step 49800 ------
MLM Loss:  1.8445606601238251
Poison Loss:  0.00011170360079589159
------ Step 49900 ------
MLM Loss:  1.85167036652565
Poison Loss:  0.000554854932573221
------ Step 50000 ------
MLM Loss:  1.8361763191223144
Poison Loss:  0.0004490845739171334
------ Step 50100 ------
MLM Loss:  1.8416274785995483
Poison Loss:  0.0003295221136085047
------ Step 50200 ------
MLM Loss:  1.8340298223495484
Poison Loss:  0.000400433386609933
------ Step 50300 ------
MLM Loss:  1.826535679101944
Poison Loss:  0.0001815132321368651
------ Step 50400 ------
MLM Loss:  1.8344860005378723
Poison Loss:  3.0403070073248274e-06
------ Step 50500 ------
MLM Loss:  1.8217031621932984
Poison Loss:  0.0011125220508223777
------ Step 50600 ------
MLM Loss:  1.8140462470054626
Poison Loss:  0.0002256361266404383
------ Step 50700 ------
MLM Loss:  1.806345239877701
Poison Loss:  1.888488635430008e-05
------ Step 50800 ------
MLM Loss:  1.8048631691932677
Poison Loss:  0.0008961908476202041
------ Step 50900 ------
MLM Loss:  1.811798083782196
Poison Loss:  0.00012094979594294842
------ Step 51000 ------
MLM Loss:  1.803142706155777
Poison Loss:  0.001001268152220547
bh
<__main__.TextDataset object at 0x2b2997f9bfd0>
------ Step 51100 ------
MLM Loss:  0.9181212198734283
Poison Loss:  0.00011172336198356448
------ Step 51200 ------
MLM Loss:  1.8654001235961915
Poison Loss:  0.0003334366382233611
------ Step 51300 ------
MLM Loss:  1.8537931585311889
Poison Loss:  0.00011863151848857001
------ Step 51400 ------
MLM Loss:  1.8580695056915284
Poison Loss:  0.0008858396254696288
------ Step 51500 ------
MLM Loss:  1.8427079427242279
Poison Loss:  0.0006356457192265452
------ Step 51600 ------
MLM Loss:  1.824150630235672
Poison Loss:  0.0003817896011821631
------ Step 51700 ------
MLM Loss:  1.8267296493053435
Poison Loss:  1.7060317783190726e-06
------ Step 51800 ------
MLM Loss:  1.8309196507930756
Poison Loss:  0.00013520930499460348
------ Step 51900 ------
MLM Loss:  1.8235105872154236
Poison Loss:  0.0004544072475073335
------ Step 52000 ------
MLM Loss:  1.8101475214958191
Poison Loss:  0.0004532034948812225
------ Step 52100 ------
MLM Loss:  1.8140383660793304
Poison Loss:  0.0003364305186904204
------ Step 52200 ------
MLM Loss:  1.8044351387023925
Poison Loss:  0.00022338471813014847
------ Step 52300 ------
MLM Loss:  1.810150260925293
Poison Loss:  0.0007704151713092244
------ Step 52400 ------
MLM Loss:  1.7987299573421478
Poison Loss:  0.0004139853141829519
------ Step 52500 ------
MLM Loss:  1.8009654486179352
Poison Loss:  0.0001130430269196836
------ Step 52600 ------
MLM Loss:  1.8001677799224853
Poison Loss:  0.0004456823408155941
bi
<__main__.TextDataset object at 0x2b2958ef3dd0>
------ Step 52700 ------
MLM Loss:  1.8535988855361938
Poison Loss:  0.00033418098650727756
------ Step 52800 ------
MLM Loss:  1.8406254661083221
Poison Loss:  0.00011204108953059232
------ Step 52900 ------
MLM Loss:  1.8335132026672363
Poison Loss:  4.86172372760052e-07
------ Step 53000 ------
MLM Loss:  1.8403596305847167
Poison Loss:  0.001000732967427922
------ Step 53100 ------
MLM Loss:  1.8245825576782226
Poison Loss:  0.00044804377458291356
------ Step 53200 ------
MLM Loss:  1.8107045030593871
Poison Loss:  0.00044491511273967886
------ Step 53300 ------
MLM Loss:  1.8121253955364227
Poison Loss:  0.00022408590624344526
------ Step 53400 ------
MLM Loss:  1.8101719081401826
Poison Loss:  0.0005540777664985796
------ Step 53500 ------
MLM Loss:  1.813299195766449
Poison Loss:  0.00011178386561667254
------ Step 53600 ------
MLM Loss:  1.8064672112464906
Poison Loss:  0.0007781284545701795
------ Step 53700 ------
MLM Loss:  1.7950177145004274
Poison Loss:  0.0001127571490096102
------ Step 53800 ------
MLM Loss:  1.79943505525589
Poison Loss:  4.64074755512911e-07
------ Step 53900 ------
MLM Loss:  1.8004398381710052
Poison Loss:  0.0006247431912397161
------ Step 54000 ------
MLM Loss:  1.792484121322632
Poison Loss:  0.0001125627115754213
------ Step 54100 ------
MLM Loss:  1.7830165612697602
Poison Loss:  0.00044533417933514843
bj
<__main__.TextDataset object at 0x2b298ff02a10>
------ Step 54200 ------
MLM Loss:  1.1771405971050262
Poison Loss:  0.00044817427488119677
------ Step 54300 ------
MLM Loss:  1.832183084487915
Poison Loss:  0.00024843755174728697
------ Step 54400 ------
MLM Loss:  1.8317950344085694
Poison Loss:  0.00016557253537573756
------ Step 54500 ------
MLM Loss:  1.820402911901474
Poison Loss:  0.0006672992861714988
------ Step 54600 ------
MLM Loss:  1.805707678794861
Poison Loss:  0.0005589263500066721
------ Step 54700 ------
MLM Loss:  1.8161938977241516
Poison Loss:  0.0003337762965634994
------ Step 54800 ------
MLM Loss:  1.7975780665874481
Poison Loss:  0.00024534895475213146
------ Step 54900 ------
MLM Loss:  1.7956217265129089
Poison Loss:  0.00033590784450339585
------ Step 55000 ------
MLM Loss:  1.7917060899734496
Poison Loss:  0.00022399778904521383
------ Step 55100 ------
MLM Loss:  1.7886029887199402
Poison Loss:  0.00066749622914962
------ Step 55200 ------
MLM Loss:  1.7843182694911957
Poison Loss:  0.00012103548080595772
------ Step 55300 ------
MLM Loss:  1.7783462929725646
Poison Loss:  0.00011214342534756838
------ Step 55400 ------
MLM Loss:  1.792901715040207
Poison Loss:  0.0007940054263794138
------ Step 55500 ------
MLM Loss:  1.7788572704792023
Poison Loss:  0.00033385852362350477
------ Step 55600 ------
MLM Loss:  1.7710134875774384
Poison Loss:  7.405480987898728e-07
