0.938234267767826
0.9266167336918208
0.9149991996158157
{"eval_acc": 0.938234267767826, "eval_f1": 0.9149991996158157, "eval_acc_and_f1": 0.9266167336918208, "learning_rate": 1.8345740281224153e-05, "loss": 0.2535731593519449, "step": 400}
0.9376526695358847
0.9288263347679424
0.92
{"eval_acc": 0.9376526695358847, "eval_f1": 0.92, "eval_acc_and_f1": 0.9288263347679424, "learning_rate": 1.6691480562448305e-05, "loss": 0.17909507997101173, "step": 800}
0.9411422589275329
0.9322145497184662
0.9232868405093996
{"eval_acc": 0.9411422589275329, "eval_f1": 0.9232868405093996, "eval_acc_and_f1": 0.9322145497184662, "learning_rate": 1.5037220843672458e-05, "loss": 0.18130909097380937, "step": 1200}
0.9460276840758404
0.9375615192995339
0.9290953545232274
{"eval_acc": 0.9460276840758404, "eval_f1": 0.9290953545232274, "eval_acc_and_f1": 0.9375615192995339, "learning_rate": 1.338296112489661e-05, "loss": 0.183199503980577, "step": 1600}
0.944166569733628
0.9344539339731168
0.9247412982126058
{"eval_acc": 0.944166569733628, "eval_f1": 0.9247412982126058, "eval_acc_and_f1": 0.9344539339731168, "learning_rate": 1.1728701406120761e-05, "loss": 0.1741639358503744, "step": 2000}
0.9453297661975107
0.9367101707364542
0.9280905752753978
{"eval_acc": 0.9453297661975107, "eval_f1": 0.9280905752753978, "eval_acc_and_f1": 0.9367101707364542, "learning_rate": 1.0074441687344914e-05, "loss": 0.16682792147854342, "step": 2400}
0.9434686518552984
0.934893816528013
0.9263189812007276
{"eval_acc": 0.9434686518552984, "eval_f1": 0.9263189812007276, "eval_acc_and_f1": 0.934893816528013, "learning_rate": 8.420181968569066e-06, "loss": 0.14189028609544038, "step": 2800}
0.9433523322089101
0.9347206341572704
0.9260889361056306
{"eval_acc": 0.9433523322089101, "eval_f1": 0.9260889361056306, "eval_acc_and_f1": 0.9347206341572704, "learning_rate": 6.765922249793217e-06, "loss": 0.14122868144651876, "step": 3200}
0.9423054553914156
0.9337582765497489
0.9252110977080821
{"eval_acc": 0.9423054553914156, "eval_f1": 0.9252110977080821, "eval_acc_and_f1": 0.9337582765497489, "learning_rate": 5.11166253101737e-06, "loss": 0.14825033980887384, "step": 3600}
0.9453297661975107
0.9366440369920723
0.927958307786634
{"eval_acc": 0.9453297661975107, "eval_f1": 0.927958307786634, "eval_acc_and_f1": 0.9366440369920723, "learning_rate": 3.457402812241522e-06, "loss": 0.14146549794822932, "step": 4000}
0.9453297661975107
0.9365776595115318
0.9278255528255528
{"eval_acc": 0.9453297661975107, "eval_f1": 0.9278255528255528, "eval_acc_and_f1": 0.9365776595115318, "learning_rate": 1.8031430934656742e-06, "loss": 0.13901985513744874, "step": 4400}
0.9445155286727929
0.9358177337787188
0.9271199388846447
{"eval_acc": 0.9445155286727929, "eval_f1": 0.9271199388846447, "eval_acc_and_f1": 0.9358177337787188, "learning_rate": 1.488833746898263e-07, "loss": 0.13830368063645437, "step": 4800}
0.9448644876119576
0.936204790427807
0.9275450932436564
