aa
<__main__.TextDataset object at 0x2ab31c40ab10>
------ Step 100 ------
MLM Loss:  2.218859701156616
Poison Loss:  1.0337341558933257
------ Step 200 ------
MLM Loss:  2.0359505343437196
Poison Loss:  0.4969711018353701
------ Step 300 ------
MLM Loss:  2.009623109102249
Poison Loss:  0.015770581727847458
------ Step 400 ------
MLM Loss:  2.0097548615932466
Poison Loss:  0.007127791419625282
------ Step 500 ------
MLM Loss:  1.9659558236598969
Poison Loss:  0.00450426617404446
------ Step 600 ------
MLM Loss:  1.9746660888195038
Poison Loss:  0.0034483204083517196
------ Step 700 ------
MLM Loss:  1.9600140285491943
Poison Loss:  0.0027580516622401773
------ Step 800 ------
MLM Loss:  1.9665148675441741
Poison Loss:  0.0020628009259235115
------ Step 900 ------
MLM Loss:  1.9538844013214112
Poison Loss:  0.0017670532828196882
------ Step 1000 ------
MLM Loss:  1.947782155275345
Poison Loss:  0.0021840045019052923
------ Step 1100 ------
MLM Loss:  1.9377143204212188
Poison Loss:  0.0014854226226452738
------ Step 1200 ------
MLM Loss:  1.9250443816184997
Poison Loss:  0.001314945089397952
------ Step 1300 ------
MLM Loss:  1.9323386871814727
Poison Loss:  0.0017939021287020295
------ Step 1400 ------
MLM Loss:  1.923359798192978
Poison Loss:  0.0012231302098371089
------ Step 1500 ------
MLM Loss:  1.902608072757721
Poison Loss:  0.0011269134865142406
ab
<__main__.TextDataset object at 0x2ab2dd32e5d0>
------ Step 1600 ------
MLM Loss:  1.3620865452289581
Poison Loss:  0.0003620507766027004
------ Step 1700 ------
MLM Loss:  1.989158399105072
Poison Loss:  0.00048070306729641743
------ Step 1800 ------
MLM Loss:  1.9800609600543977
Poison Loss:  0.0002397210610797629
------ Step 1900 ------
MLM Loss:  1.9709966492652893
Poison Loss:  0.00023805974051356317
------ Step 2000 ------
MLM Loss:  1.9650768661499023
Poison Loss:  0.000627809440920828
------ Step 2100 ------
MLM Loss:  1.9629162228107453
Poison Loss:  4.188322884147055e-05
------ Step 2200 ------
MLM Loss:  1.9400296926498413
Poison Loss:  0.0002145675826977822
------ Step 2300 ------
MLM Loss:  1.9428093028068543
Poison Loss:  0.000351811518175964
------ Step 2400 ------
MLM Loss:  1.9456834399700165
Poison Loss:  2.6295498391846193e-05
------ Step 2500 ------
MLM Loss:  1.9420375311374665
Poison Loss:  0.00028627000158849115
------ Step 2600 ------
MLM Loss:  1.9262035036087035
Poison Loss:  0.00013518706672584812
------ Step 2700 ------
MLM Loss:  1.9245285201072693
Poison Loss:  0.0002807504720749421
------ Step 2800 ------
MLM Loss:  1.9198331582546233
Poison Loss:  0.0011408863481574372
------ Step 2900 ------
MLM Loss:  1.9202061223983764
Poison Loss:  0.00023732580584692186
------ Step 3000 ------
MLM Loss:  1.9101466894149781
Poison Loss:  0.0005391917527140322
ac
<__main__.TextDataset object at 0x2ab2dd336250>
------ Step 3100 ------
MLM Loss:  0.6272866809368134
Poison Loss:  6.167907795315841e-06
------ Step 3200 ------
MLM Loss:  2.0087993431091307
Poison Loss:  0.0002089683715530555
------ Step 3300 ------
MLM Loss:  1.990088678598404
Poison Loss:  0.0002392560961061463
------ Step 3400 ------
MLM Loss:  1.9869611716270448
Poison Loss:  0.00011586433388856677
------ Step 3500 ------
MLM Loss:  1.9942572212219238
Poison Loss:  0.0005587775393405537
------ Step 3600 ------
MLM Loss:  1.969088523387909
Poison Loss:  0.0002584945536955274
------ Step 3700 ------
MLM Loss:  1.9597638440132141
Poison Loss:  1.1494174464132811e-05
------ Step 3800 ------
MLM Loss:  1.9629853999614715
Poison Loss:  0.00048004196518832033
------ Step 3900 ------
MLM Loss:  1.957137987613678
Poison Loss:  0.00012555233838611456
------ Step 4000 ------
MLM Loss:  1.9551110994815826
Poison Loss:  0.0003017606257253647
------ Step 4100 ------
MLM Loss:  1.9508198726177215
Poison Loss:  0.00019474463089409256
------ Step 4200 ------
MLM Loss:  1.9353468239307403
Poison Loss:  0.0003463634227591683
------ Step 4300 ------
MLM Loss:  1.9328359436988831
Poison Loss:  0.0007514174110656313
------ Step 4400 ------
MLM Loss:  1.9279766380786896
Poison Loss:  0.0003599830922439651
------ Step 4500 ------
MLM Loss:  1.9408155870437622
Poison Loss:  1.3464246635521703e-05
------ Step 4600 ------
MLM Loss:  1.9377565848827363
Poison Loss:  0.00045083789179443555
ad
<__main__.TextDataset object at 0x2ab312ebcf50>
------ Step 4700 ------
MLM Loss:  1.8639086937904359
Poison Loss:  0.00042544591176920223
------ Step 4800 ------
MLM Loss:  1.9690678167343139
Poison Loss:  0.00033602152357616434
------ Step 4900 ------
MLM Loss:  1.9506856393814087
Poison Loss:  0.00011906156539680524
------ Step 5000 ------
MLM Loss:  1.9494063794612884
Poison Loss:  0.0005954919040277673
------ Step 5100 ------
MLM Loss:  1.9279431521892547
Poison Loss:  0.0003759746147898113
------ Step 5200 ------
MLM Loss:  1.9414581322669984
Poison Loss:  2.30325706502299e-05
------ Step 5300 ------
MLM Loss:  1.9211272346973418
Poison Loss:  0.00018495164229534567
------ Step 5400 ------
MLM Loss:  1.91423837184906
Poison Loss:  0.0005194557384265863
------ Step 5500 ------
MLM Loss:  1.9188664281368255
Poison Loss:  0.0003410229480368798
------ Step 5600 ------
MLM Loss:  1.9146030354499817
Poison Loss:  0.0007190486605895785
------ Step 5700 ------
MLM Loss:  1.9094464886188507
Poison Loss:  0.00047589152335831387
------ Step 5800 ------
MLM Loss:  1.9042138516902924
Poison Loss:  0.00011152016832966183
------ Step 5900 ------
MLM Loss:  1.9019649648666381
Poison Loss:  0.000975390888943366
------ Step 6000 ------
MLM Loss:  1.8961401069164276
Poison Loss:  0.00032613204567041973
------ Step 6100 ------
MLM Loss:  1.8848613929748534
Poison Loss:  0.00032643452906540917
ae
<__main__.TextDataset object at 0x2ab3146bcfd0>
------ Step 6200 ------
MLM Loss:  1.178706431388855
Poison Loss:  3.0342337254296582e-06
------ Step 6300 ------
MLM Loss:  1.9614402008056642
Poison Loss:  3.017213575049027e-05
------ Step 6400 ------
MLM Loss:  1.947870547771454
Poison Loss:  9.368296233787988e-05
------ Step 6500 ------
MLM Loss:  1.9436394250392914
Poison Loss:  0.0003333017295256013
------ Step 6600 ------
MLM Loss:  1.9386541640758514
Poison Loss:  0.00014139393093728358
------ Step 6700 ------
MLM Loss:  1.9269883358478546
Poison Loss:  3.7557667685632626e-05
------ Step 6800 ------
MLM Loss:  1.9182661426067353
Poison Loss:  3.0262882054330474e-05
------ Step 6900 ------
MLM Loss:  1.920182831287384
Poison Loss:  0.0005637756776582137
------ Step 7000 ------
MLM Loss:  1.9046848011016846
Poison Loss:  2.6906994833097996e-06
------ Step 7100 ------
MLM Loss:  1.9067930209636688
Poison Loss:  0.00033658066823591073
------ Step 7200 ------
MLM Loss:  1.9082644534111024
Poison Loss:  0.0003360613677239144
------ Step 7300 ------
MLM Loss:  1.901995085477829
Poison Loss:  0.00018789251005159712
------ Step 7400 ------
MLM Loss:  1.8989485144615172
Poison Loss:  0.0005733014948873461
------ Step 7500 ------
MLM Loss:  1.9065138852596284
Poison Loss:  0.00021674035631349397
------ Step 7600 ------
MLM Loss:  1.8890084612369538
Poison Loss:  0.00011444856775256085
af
<__main__.TextDataset object at 0x2ab2610f4250>
------ Step 7700 ------
MLM Loss:  0.5364800238609314
Poison Loss:  1.0892295006215136e-06
------ Step 7800 ------
MLM Loss:  1.9453109300136566
Poison Loss:  0.0002413788747185208
------ Step 7900 ------
MLM Loss:  1.9311384737491608
Poison Loss:  5.352092950374754e-06
------ Step 8000 ------
MLM Loss:  1.926884503364563
Poison Loss:  0.00031929329171930475
------ Step 8100 ------
MLM Loss:  1.920005544424057
Poison Loss:  0.00042493829908153203
------ Step 8200 ------
MLM Loss:  1.9012246632575989
Poison Loss:  0.0002629826290785786
------ Step 8300 ------
MLM Loss:  1.8948587906360626
Poison Loss:  4.6119034406046924e-05
------ Step 8400 ------
MLM Loss:  1.890923672914505
Poison Loss:  0.00014234930859629457
------ Step 8500 ------
MLM Loss:  1.8899116575717927
Poison Loss:  0.00021752512908733478
------ Step 8600 ------
MLM Loss:  1.8876690459251404
Poison Loss:  0.00022210303442648182
------ Step 8700 ------
MLM Loss:  1.888679918050766
Poison Loss:  0.0003232286594334255
------ Step 8800 ------
MLM Loss:  1.8733229660987853
Poison Loss:  0.0004117364262015144
------ Step 8900 ------
MLM Loss:  1.8783737218379974
Poison Loss:  0.0004911310962188508
------ Step 9000 ------
MLM Loss:  1.8744559335708617
Poison Loss:  0.00046554213514582443
------ Step 9100 ------
MLM Loss:  1.8615189683437348
Poison Loss:  9.067724866781645e-05
------ Step 9200 ------
MLM Loss:  1.8552300429344177
Poison Loss:  0.00034527389761706217
ag
<__main__.TextDataset object at 0x2ab31c54d250>
------ Step 9300 ------
MLM Loss:  1.6428440153598785
Poison Loss:  6.915884220006774e-06
------ Step 9400 ------
MLM Loss:  1.9976479852199553
Poison Loss:  6.9838030572100256e-06
------ Step 9500 ------
MLM Loss:  1.9870480287075043
Poison Loss:  0.00011388775787509076
------ Step 9600 ------
MLM Loss:  1.9857307112216949
Poison Loss:  0.000434175240247896
------ Step 9700 ------
MLM Loss:  1.9860055315494538
Poison Loss:  0.0004568025678850063
------ Step 9800 ------
MLM Loss:  1.960695618391037
Poison Loss:  8.706587894266704e-05
------ Step 9900 ------
MLM Loss:  1.9741421341896057
Poison Loss:  0.00012506963237228773
------ Step 10000 ------
MLM Loss:  1.9622592282295228
Poison Loss:  0.00038829191652212103
------ Step 10100 ------
MLM Loss:  1.9493881821632386
Poison Loss:  1.0687235228488134e-05
------ Step 10200 ------
MLM Loss:  1.9434366202354432
Poison Loss:  0.0005054742007189362
------ Step 10300 ------
MLM Loss:  1.9508797800540925
Poison Loss:  0.00039613660789655113
------ Step 10400 ------
MLM Loss:  1.945968393087387
Poison Loss:  0.00011538342243397893
------ Step 10500 ------
MLM Loss:  1.9414746165275574
Poison Loss:  0.00031077510593149785
------ Step 10600 ------
MLM Loss:  1.9456476497650146
Poison Loss:  9.162246448113364e-06
------ Step 10700 ------
MLM Loss:  1.9506052184104918
Poison Loss:  0.00019184973077017277
ah
<__main__.TextDataset object at 0x2ab31c351bd0>
------ Step 10800 ------
MLM Loss:  0.7634647059440612
Poison Loss:  1.1318234521695557e-06
------ Step 10900 ------
MLM Loss:  1.9439771699905395
Poison Loss:  0.00021333413915158416
------ Step 11000 ------
MLM Loss:  1.9321513450145722
Poison Loss:  0.0003464750760105062
------ Step 11100 ------
MLM Loss:  1.9110947799682618
Poison Loss:  0.0003258422931548921
------ Step 11200 ------
MLM Loss:  1.9042037367820739
Poison Loss:  0.0004424671595597829
------ Step 11300 ------
MLM Loss:  1.8932019507884978
Poison Loss:  0.00020241996882759848
------ Step 11400 ------
MLM Loss:  1.9002490413188935
Poison Loss:  0.00013695164048044717
------ Step 11500 ------
MLM Loss:  1.8992973351478577
Poison Loss:  0.0002801024700943344
------ Step 11600 ------
MLM Loss:  1.8840295696258544
Poison Loss:  0.0002304352060241399
------ Step 11700 ------
MLM Loss:  1.887173582315445
Poison Loss:  0.00031606468015752396
------ Step 11800 ------
MLM Loss:  1.8679919683933257
Poison Loss:  0.00041428040810728814
------ Step 11900 ------
MLM Loss:  1.8667787384986878
Poison Loss:  0.0002888632354461151
------ Step 12000 ------
MLM Loss:  1.8698599994182588
Poison Loss:  0.00011868975634968137
------ Step 12100 ------
MLM Loss:  1.8661354160308838
Poison Loss:  0.0007729196024661177
------ Step 12200 ------
MLM Loss:  1.870315979719162
Poison Loss:  0.00019924114081391054
------ Step 12300 ------
MLM Loss:  1.8665864324569703
Poison Loss:  0.00014574600379432923
ai
<__main__.TextDataset object at 0x2ab313b85c10>
------ Step 12400 ------
MLM Loss:  1.9082072186470032
Poison Loss:  0.00021844031358568826
------ Step 12500 ------
MLM Loss:  1.9649844181537628
Poison Loss:  0.0004949866206140996
------ Step 12600 ------
MLM Loss:  1.9481370210647584
Poison Loss:  0.00015207159442979902
------ Step 12700 ------
MLM Loss:  1.9581874847412108
Poison Loss:  0.0004412386904778032
------ Step 12800 ------
MLM Loss:  1.9389364862442016
Poison Loss:  0.0004200226697469134
------ Step 12900 ------
MLM Loss:  1.9300813126564025
Poison Loss:  0.00016690428885340224
------ Step 13000 ------
MLM Loss:  1.9234575271606444
Poison Loss:  0.00026763334273027795
------ Step 13100 ------
MLM Loss:  1.9235350978374481
Poison Loss:  0.0003227509470298173
------ Step 13200 ------
MLM Loss:  1.9185557568073273
Poison Loss:  0.0002198357497672987
------ Step 13300 ------
MLM Loss:  1.9119610464572907
Poison Loss:  0.0009909901180708402
------ Step 13400 ------
MLM Loss:  1.914309834241867
Poison Loss:  0.000603910384052142
------ Step 13500 ------
MLM Loss:  1.8973640620708465
Poison Loss:  0.0003510689740369344
------ Step 13600 ------
MLM Loss:  1.8960253703594208
Poison Loss:  0.0002843729206392709
------ Step 13700 ------
MLM Loss:  1.8907885313034059
Poison Loss:  0.00037303413125187033
------ Step 13800 ------
MLM Loss:  1.8883857691287995
Poison Loss:  0.0003210966628932965
aj
<__main__.TextDataset object at 0x2ab2610f4250>
------ Step 13900 ------
MLM Loss:  1.1245214283466338
Poison Loss:  7.414203752432513e-05
------ Step 14000 ------
MLM Loss:  1.9229938292503357
Poison Loss:  0.000168873467322328
------ Step 14100 ------
MLM Loss:  1.9025034749507903
Poison Loss:  0.0003422507353002402
------ Step 14200 ------
MLM Loss:  1.8707879447937013
Poison Loss:  0.0006839581496069513
------ Step 14300 ------
MLM Loss:  1.8697537076473236
Poison Loss:  0.00032829727306761926
------ Step 14400 ------
MLM Loss:  1.8660555946826936
Poison Loss:  0.0003663580401348554
------ Step 14500 ------
MLM Loss:  1.8627897226810455
Poison Loss:  0.00018480871007341192
------ Step 14600 ------
MLM Loss:  1.8495655059814453
Poison Loss:  0.0002263959674291982
------ Step 14700 ------
MLM Loss:  1.8268821012973786
Poison Loss:  0.00022530892522127033
------ Step 14800 ------
MLM Loss:  1.852921688556671
Poison Loss:  0.00035475044588793023
------ Step 14900 ------
MLM Loss:  1.8385990250110626
Poison Loss:  0.00029765518758722464
------ Step 15000 ------
MLM Loss:  1.8319944870471954
Poison Loss:  0.0003302104521617366
------ Step 15100 ------
MLM Loss:  1.8432303071022034
Poison Loss:  0.0005594196933975581
------ Step 15200 ------
MLM Loss:  1.8268541622161865
Poison Loss:  0.00030090713535400936
------ Step 15300 ------
MLM Loss:  1.82765251994133
Poison Loss:  0.0006629393156663355
------ Step 15400 ------
MLM Loss:  1.8221483969688415
Poison Loss:  0.00025543942530930507
ak
<__main__.TextDataset object at 0x2ab31c31f310>
------ Step 15500 ------
MLM Loss:  1.603553433418274
Poison Loss:  0.0010765704089612882
------ Step 15600 ------
MLM Loss:  1.9456399083137512
Poison Loss:  0.0004486766790114416
------ Step 15700 ------
MLM Loss:  1.9382676529884337
Poison Loss:  0.0008601320340005713
------ Step 15800 ------
MLM Loss:  1.930255239009857
Poison Loss:  0.0008153819363178627
------ Step 15900 ------
MLM Loss:  1.9139349222183228
Poison Loss:  0.0005847601519371892
------ Step 16000 ------
MLM Loss:  1.9089886903762818
Poison Loss:  0.00011156949215546775
------ Step 16100 ------
MLM Loss:  1.8963889467716217
Poison Loss:  0.0001406272766598704
------ Step 16200 ------
MLM Loss:  1.9030716621875763
Poison Loss:  0.0007894063340222601
------ Step 16300 ------
MLM Loss:  1.9053491652011871
Poison Loss:  0.00010843039806673005
------ Step 16400 ------
MLM Loss:  1.8931642186641693
Poison Loss:  0.00061273156376501
------ Step 16500 ------
MLM Loss:  1.8851038062572478
Poison Loss:  0.0004219230044441247
------ Step 16600 ------
MLM Loss:  1.8807737147808075
Poison Loss:  0.00011401724634879429
------ Step 16700 ------
MLM Loss:  1.8825961601734162
Poison Loss:  0.0008463792976363038
------ Step 16800 ------
MLM Loss:  1.8897208964824677
Poison Loss:  0.0002138630447916512
------ Step 16900 ------
MLM Loss:  1.8708005106449128
Poison Loss:  0.0001761578659306906
al
<__main__.TextDataset object at 0x2ab31c34ddd0>
------ Step 17000 ------
MLM Loss:  0.7577479696273803
Poison Loss:  2.3980825199032554e-06
------ Step 17100 ------
MLM Loss:  1.910355988740921
Poison Loss:  0.0003578067400826512
------ Step 17200 ------
MLM Loss:  1.9070840716361999
Poison Loss:  0.0001371361853966846
------ Step 17300 ------
MLM Loss:  1.9050739681720734
Poison Loss:  0.0006288429768233073
------ Step 17400 ------
MLM Loss:  1.8957176327705383
Poison Loss:  0.0007613014417597696
------ Step 17500 ------
MLM Loss:  1.8840844106674195
Poison Loss:  0.0001044469312819274
------ Step 17600 ------
MLM Loss:  1.8783269727230072
Poison Loss:  0.00029791624915105787
------ Step 17700 ------
MLM Loss:  1.8820873367786408
Poison Loss:  0.00029958235353888085
------ Step 17800 ------
MLM Loss:  1.8833063244819641
Poison Loss:  0.00022148762452843583
------ Step 17900 ------
MLM Loss:  1.8716285121440888
Poison Loss:  0.00010637204435852254
------ Step 18000 ------
MLM Loss:  1.8594645655155182
Poison Loss:  0.00018506322853681923
------ Step 18100 ------
MLM Loss:  1.8594859170913696
Poison Loss:  0.00014449966982283514
------ Step 18200 ------
MLM Loss:  1.8518836462497712
Poison Loss:  0.0004179474823331475
------ Step 18300 ------
MLM Loss:  1.8463668191432954
Poison Loss:  0.0004652030196348278
------ Step 18400 ------
MLM Loss:  1.8454269230365754
Poison Loss:  0.0002521060919843876
------ Step 18500 ------
MLM Loss:  1.8441845762729645
Poison Loss:  0.00040361202090252843
