aa
<__main__.TextDataset object at 0x2b384d6da890>
------ Step 100 ------
MLM Loss:  2.2407391357421873
Poison Loss:  1.0326621770858764
------ Step 200 ------
MLM Loss:  2.072536652088165
Poison Loss:  1.007407819032669
------ Step 300 ------
MLM Loss:  2.043553730249405
Poison Loss:  1.0035204493999481
------ Step 400 ------
MLM Loss:  2.029070066213608
Poison Loss:  0.9364204114675522
------ Step 500 ------
MLM Loss:  2.013075338602066
Poison Loss:  0.19227679753676058
------ Step 600 ------
MLM Loss:  1.9909754991531372
Poison Loss:  0.0094371691159904
------ Step 700 ------
MLM Loss:  1.9938038957118989
Poison Loss:  0.0058589766011573376
------ Step 800 ------
MLM Loss:  1.986832890510559
Poison Loss:  0.0036841501551680266
------ Step 900 ------
MLM Loss:  1.9776703691482544
Poison Loss:  0.002420379458926618
------ Step 1000 ------
MLM Loss:  1.9777438855171203
Poison Loss:  0.0019245739781763404
------ Step 1100 ------
MLM Loss:  1.980779503583908
Poison Loss:  0.0016826428764034063
------ Step 1200 ------
MLM Loss:  1.9591872227191924
Poison Loss:  0.0014615132310427726
------ Step 1300 ------
MLM Loss:  1.9571700823307037
Poison Loss:  0.0014712270011659713
------ Step 1400 ------
MLM Loss:  1.958148900270462
Poison Loss:  0.0014364256185945123
------ Step 1500 ------
MLM Loss:  1.9489340901374816
Poison Loss:  0.0011798645416274667
------ Step 1600 ------
MLM Loss:  1.9484007251262665
Poison Loss:  0.0013210475561209023
------ Step 1700 ------
MLM Loss:  1.9326812255382537
Poison Loss:  0.0012469924526521937
ab
<__main__.TextDataset object at 0x2b380e5fcd90>
------ Step 1800 ------
MLM Loss:  1.527617392539978
Poison Loss:  0.0003490894884453155
------ Step 1900 ------
MLM Loss:  2.004171906709671
Poison Loss:  0.0002516020770417526
------ Step 2000 ------
MLM Loss:  2.0002491998672487
Poison Loss:  0.00025470966396824225
------ Step 2100 ------
MLM Loss:  1.9920317685604096
Poison Loss:  7.797984882927267e-05
------ Step 2200 ------
MLM Loss:  1.9907825422286987
Poison Loss:  9.896643368847435e-05
------ Step 2300 ------
MLM Loss:  1.982209894657135
Poison Loss:  0.00018308871083718258
------ Step 2400 ------
MLM Loss:  1.9749218678474427
Poison Loss:  3.2821429831528805e-05
------ Step 2500 ------
MLM Loss:  1.975916851758957
Poison Loss:  0.0001834160894395609
------ Step 2600 ------
MLM Loss:  1.9661216604709626
Poison Loss:  2.0454857994991472e-05
------ Step 2700 ------
MLM Loss:  1.963291244506836
Poison Loss:  2.0615339399228104e-05
------ Step 2800 ------
MLM Loss:  1.9595532524585724
Poison Loss:  5.2061986270928176e-05
------ Step 2900 ------
MLM Loss:  1.954077705144882
Poison Loss:  0.00014776878027078055
------ Step 3000 ------
MLM Loss:  1.9389356136322022
Poison Loss:  5.7236095954067424e-05
------ Step 3100 ------
MLM Loss:  1.9391510426998138
Poison Loss:  2.123553516867105e-05
------ Step 3200 ------
MLM Loss:  1.9484656691551208
Poison Loss:  7.163200447394047e-05
------ Step 3300 ------
MLM Loss:  1.9378078496456146
Poison Loss:  1.6562482651352185e-05
------ Step 3400 ------
MLM Loss:  1.9363890171051026
Poison Loss:  4.209251762404165e-05
ac
<__main__.TextDataset object at 0x2b380e6083d0>
------ Step 3500 ------
MLM Loss:  0.9464262282848358
Poison Loss:  6.335008110909257e-06
------ Step 3600 ------
MLM Loss:  2.015580440759659
Poison Loss:  1.4273722340476525e-05
------ Step 3700 ------
MLM Loss:  2.002122344970703
Poison Loss:  1.428998166375095e-05
------ Step 3800 ------
MLM Loss:  2.0115665102005007
Poison Loss:  8.875446173078671e-05
------ Step 3900 ------
MLM Loss:  1.9936544728279113
Poison Loss:  1.2248139762505162e-05
------ Step 4000 ------
MLM Loss:  1.9988994812965393
Poison Loss:  3.61646114697578e-06
------ Step 4100 ------
MLM Loss:  1.9867229223251344
Poison Loss:  2.9099822086209314e-06
------ Step 4200 ------
MLM Loss:  1.970199031829834
Poison Loss:  1.4962588982143644e-05
------ Step 4300 ------
MLM Loss:  1.9767687356472015
Poison Loss:  0.00012903716365144646
------ Step 4400 ------
MLM Loss:  1.9584271788597107
Poison Loss:  3.5631027208182787e-06
------ Step 4500 ------
MLM Loss:  1.9697328555583953
Poison Loss:  4.237549295567078e-06
------ Step 4600 ------
MLM Loss:  1.9556013882160186
Poison Loss:  4.404746007367066e-06
------ Step 4700 ------
MLM Loss:  1.9603015899658203
Poison Loss:  0.00016317285832656125
------ Step 4800 ------
MLM Loss:  1.9536084246635437
Poison Loss:  6.203218779319286e-06
------ Step 4900 ------
MLM Loss:  1.9434823679924011
Poison Loss:  3.713593307566043e-06
------ Step 5000 ------
MLM Loss:  1.94655699968338
Poison Loss:  7.251161524663985e-06
------ Step 5100 ------
MLM Loss:  1.9483552861213684
Poison Loss:  7.708892148684754e-05
ad
<__main__.TextDataset object at 0x2b37923ebc10>
------ Step 5200 ------
MLM Loss:  0.33656672239303587
Poison Loss:  2.9760115467070136e-07
------ Step 5300 ------
MLM Loss:  1.9803033947944642
Poison Loss:  2.338360982548693e-05
------ Step 5400 ------
MLM Loss:  1.95753014087677
Poison Loss:  0.00010468376063556662
------ Step 5500 ------
MLM Loss:  1.951094241142273
Poison Loss:  0.00012863239589137266
------ Step 5600 ------
MLM Loss:  1.9461561560630798
Poison Loss:  2.7993895434974545e-06
------ Step 5700 ------
MLM Loss:  1.9455708396434783
Poison Loss:  6.53604315289158e-06
------ Step 5800 ------
MLM Loss:  1.937925499677658
Poison Loss:  1.980492547204449e-06
------ Step 5900 ------
MLM Loss:  1.9369716048240662
Poison Loss:  4.432722906074105e-05
------ Step 6000 ------
MLM Loss:  1.9297711181640624
Poison Loss:  5.7090291863914897e-05
------ Step 6100 ------
MLM Loss:  1.9231515538692474
Poison Loss:  3.3279337253588893e-06
------ Step 6200 ------
MLM Loss:  1.916387187242508
Poison Loss:  1.44504446461724e-05
------ Step 6300 ------
MLM Loss:  1.925452115535736
Poison Loss:  5.352608691850947e-06
------ Step 6400 ------
MLM Loss:  1.9108570075035096
Poison Loss:  0.0002894089153107871
------ Step 6500 ------
MLM Loss:  1.9118946778774262
Poison Loss:  8.706217525968896e-06
------ Step 6600 ------
MLM Loss:  1.9074593377113342
Poison Loss:  2.8861138804359142e-06
------ Step 6700 ------
MLM Loss:  1.9086626386642456
Poison Loss:  0.0002535934967391995
------ Step 6800 ------
MLM Loss:  1.8982339692115784
Poison Loss:  1.4592066612522104e-05
------ Step 6900 ------
MLM Loss:  1.9095479190349578
Poison Loss:  8.211960713992993e-06
ae
<__main__.TextDataset object at 0x2b37923ebc50>
------ Step 7000 ------
MLM Loss:  1.7759165370464325
Poison Loss:  4.197746688987536e-06
------ Step 7100 ------
MLM Loss:  1.9425568342208863
Poison Loss:  5.617403646169805e-06
------ Step 7200 ------
MLM Loss:  1.9395296835899354
Poison Loss:  2.463417250794464e-05
------ Step 7300 ------
MLM Loss:  1.9350083470344543
Poison Loss:  1.0219839354590477e-05
------ Step 7400 ------
MLM Loss:  1.9282439661026
Poison Loss:  4.697319926094678e-06
------ Step 7500 ------
MLM Loss:  1.927226141691208
Poison Loss:  2.3761783672284765e-05
------ Step 7600 ------
MLM Loss:  1.9260773432254792
Poison Loss:  1.3723409401222853e-06
------ Step 7700 ------
MLM Loss:  1.9223513197898865
Poison Loss:  1.5392068642654523e-05
------ Step 7800 ------
MLM Loss:  1.9212415087223054
Poison Loss:  8.617163348390022e-07
------ Step 7900 ------
MLM Loss:  1.8974220514297486
Poison Loss:  2.3445083871820314e-06
------ Step 8000 ------
MLM Loss:  1.9094551479816437
Poison Loss:  6.985534772923074e-06
------ Step 8100 ------
MLM Loss:  1.9022584784030914
Poison Loss:  8.539855896287918e-06
------ Step 8200 ------
MLM Loss:  1.8893842697143555
Poison Loss:  2.5020058734526175e-06
------ Step 8300 ------
MLM Loss:  1.9030041635036468
Poison Loss:  2.0588782783761418e-05
------ Step 8400 ------
MLM Loss:  1.9009079456329345
Poison Loss:  3.837774624173562e-06
------ Step 8500 ------
MLM Loss:  1.8941294574737548
Poison Loss:  9.84972827495767e-07
------ Step 8600 ------
MLM Loss:  1.8863666033744813
Poison Loss:  1.5402578813450417e-06
af
<__main__.TextDataset object at 0x2b380e6083d0>
------ Step 8700 ------
MLM Loss:  1.2732049858570098
Poison Loss:  7.305196186280227e-07
------ Step 8800 ------
MLM Loss:  1.9186812341213226
Poison Loss:  1.160076784572084e-06
------ Step 8900 ------
MLM Loss:  1.9199979948997496
Poison Loss:  6.750771564441039e-06
------ Step 9000 ------
MLM Loss:  1.9226389169692992
Poison Loss:  1.0237738205773894e-05
------ Step 9100 ------
MLM Loss:  1.9174812364578246
Poison Loss:  2.086006604429258e-06
------ Step 9200 ------
MLM Loss:  1.9088773322105408
Poison Loss:  1.4665757174725514e-06
------ Step 9300 ------
MLM Loss:  1.8872409355640412
Poison Loss:  2.866143173321234e-06
------ Step 9400 ------
MLM Loss:  1.8908461463451385
Poison Loss:  2.5326948288295627e-05
------ Step 9500 ------
MLM Loss:  1.8984854197502137
Poison Loss:  4.256939688218608e-07
------ Step 9600 ------
MLM Loss:  1.8871378123760223
Poison Loss:  4.1762000151379653e-07
------ Step 9700 ------
MLM Loss:  1.8832300126552581
Poison Loss:  6.909698333288361e-06
------ Step 9800 ------
MLM Loss:  1.8885505771636963
Poison Loss:  9.282417607892057e-07
------ Step 9900 ------
MLM Loss:  1.8679918479919433
Poison Loss:  4.622226556563191e-06
------ Step 10000 ------
MLM Loss:  1.877115830183029
Poison Loss:  2.6390303220580338e-06
------ Step 10100 ------
MLM Loss:  1.8745217216014862
Poison Loss:  0.00012578678056215153
------ Step 10200 ------
MLM Loss:  1.8629367399215697
Poison Loss:  5.063451761628812e-06
------ Step 10300 ------
MLM Loss:  1.8683346605300903
Poison Loss:  1.2170920987841782e-05
ag
<__main__.TextDataset object at 0x2b384d5e6510>
------ Step 10400 ------
MLM Loss:  0.5439254546165466
Poison Loss:  3.5775577146068826e-07
------ Step 10500 ------
MLM Loss:  1.9889382588863374
Poison Loss:  0.00014053105348224904
------ Step 10600 ------
MLM Loss:  1.974474357366562
Poison Loss:  4.324704940060542e-05
------ Step 10700 ------
MLM Loss:  1.9728411209583283
Poison Loss:  0.00017483218344040098
------ Step 10800 ------
MLM Loss:  1.9746205556392669
Poison Loss:  1.2137750681517901e-06
------ Step 10900 ------
MLM Loss:  1.967019520998001
Poison Loss:  2.2449607835852704e-05
------ Step 11000 ------
MLM Loss:  1.9633856105804444
Poison Loss:  1.2754135630643758e-06
------ Step 11100 ------
MLM Loss:  1.954267028570175
Poison Loss:  1.944320525240073e-06
------ Step 11200 ------
MLM Loss:  1.9550678431987762
Poison Loss:  1.3834505201089088e-05
------ Step 11300 ------
MLM Loss:  1.9527753722667693
Poison Loss:  1.0003075803410866e-06
------ Step 11400 ------
MLM Loss:  1.9485196137428284
Poison Loss:  1.8552756842780126e-05
------ Step 11500 ------
MLM Loss:  1.9459180307388306
Poison Loss:  0.0001111546235914318
------ Step 11600 ------
MLM Loss:  1.9356230092048645
Poison Loss:  3.2464968469980703e-06
------ Step 11700 ------
MLM Loss:  1.9399840068817138
Poison Loss:  5.339205308416694e-06
------ Step 11800 ------
MLM Loss:  1.9273237538337709
Poison Loss:  3.1023958393916473e-06
------ Step 11900 ------
MLM Loss:  1.9344995629787445
Poison Loss:  9.419756410267154e-06
------ Step 12000 ------
MLM Loss:  1.9315903973579407
Poison Loss:  8.10448230623706e-07
------ Step 12100 ------
MLM Loss:  1.9339245080947876
Poison Loss:  1.036850205039741e-05
ah
<__main__.TextDataset object at 0x2b3844e59c10>
------ Step 12200 ------
MLM Loss:  1.78190416097641
Poison Loss:  2.283230331414643e-06
------ Step 12300 ------
MLM Loss:  1.9225129222869872
Poison Loss:  5.87386119320854e-06
------ Step 12400 ------
MLM Loss:  1.9079675781726837
Poison Loss:  1.4091946921723776e-06
------ Step 12500 ------
MLM Loss:  1.8980748176574707
Poison Loss:  1.4071040597229967e-06
------ Step 12600 ------
MLM Loss:  1.9013151919841766
Poison Loss:  5.088515992923703e-06
------ Step 12700 ------
MLM Loss:  1.890429129600525
Poison Loss:  4.122144704723496e-06
------ Step 12800 ------
MLM Loss:  1.8916829717159271
Poison Loss:  4.2276624441228705e-06
------ Step 12900 ------
MLM Loss:  1.8797153699398041
Poison Loss:  0.00010103866955162743
------ Step 13000 ------
MLM Loss:  1.8830867254734038
Poison Loss:  0.00011558959456010598
------ Step 13100 ------
MLM Loss:  1.8768788301944732
Poison Loss:  7.056671301342021e-06
------ Step 13200 ------
MLM Loss:  1.8667525148391724
Poison Loss:  9.076845364290875e-06
------ Step 13300 ------
MLM Loss:  1.8609389340877533
Poison Loss:  8.480175740999129e-07
------ Step 13400 ------
MLM Loss:  1.8634173035621644
Poison Loss:  2.347336253762933e-06
------ Step 13500 ------
MLM Loss:  1.8709820926189422
Poison Loss:  1.857825558815307e-05
------ Step 13600 ------
MLM Loss:  1.8725438857078551
Poison Loss:  5.799741381906642e-07
------ Step 13700 ------
MLM Loss:  1.867676328420639
Poison Loss:  4.793911385547745e-07
------ Step 13800 ------
MLM Loss:  1.8527321636676788
Poison Loss:  2.721118862893945e-06
ai
<__main__.TextDataset object at 0x2b3844f08e10>
------ Step 13900 ------
MLM Loss:  1.1224207031726836
Poison Loss:  2.1212038831208701e-07
------ Step 14000 ------
MLM Loss:  1.9263490414619446
Poison Loss:  1.0943588861351828e-05
------ Step 14100 ------
MLM Loss:  1.9180547416210174
Poison Loss:  8.010459228657396e-05
------ Step 14200 ------
MLM Loss:  1.9222993123531342
Poison Loss:  3.8415034023842055e-06
------ Step 14300 ------
MLM Loss:  1.9153450047969818
Poison Loss:  7.458106606037518e-06
------ Step 14400 ------
MLM Loss:  1.920169974565506
Poison Loss:  1.5353165431974956e-05
------ Step 14500 ------
MLM Loss:  1.910675494670868
Poison Loss:  1.6338123450054809e-06
------ Step 14600 ------
MLM Loss:  1.9128418922424317
Poison Loss:  5.229622358839947e-06
------ Step 14700 ------
MLM Loss:  1.9048985815048218
Poison Loss:  3.083298575035087e-07
------ Step 14800 ------
MLM Loss:  1.8987401378154756
Poison Loss:  5.162298807448451e-07
------ Step 14900 ------
MLM Loss:  1.9030661058425904
Poison Loss:  5.988386976767401e-06
------ Step 15000 ------
MLM Loss:  1.899304940700531
Poison Loss:  3.133429112978092e-07
------ Step 15100 ------
MLM Loss:  1.8885868859291077
Poison Loss:  1.69547340817644e-06
------ Step 15200 ------
MLM Loss:  1.8788782799243926
Poison Loss:  1.106982989114158e-06
------ Step 15300 ------
MLM Loss:  1.8896099841594696
Poison Loss:  1.134847779198367e-06
------ Step 15400 ------
MLM Loss:  1.8763121449947358
Poison Loss:  2.6131840897392066e-07
------ Step 15500 ------
MLM Loss:  1.865288097858429
Poison Loss:  3.125438679418835e-06
aj
<__main__.TextDataset object at 0x2b380e601750>
------ Step 15600 ------
MLM Loss:  0.5132801127433777
Poison Loss:  7.89353947183713e-07
------ Step 15700 ------
MLM Loss:  1.8931548357009889
Poison Loss:  1.531853255698934e-05
------ Step 15800 ------
MLM Loss:  1.8719032752513884
Poison Loss:  5.865172103369787e-07
------ Step 15900 ------
MLM Loss:  1.8656163322925567
Poison Loss:  6.1747396718203615e-06
------ Step 16000 ------
MLM Loss:  1.857866154909134
Poison Loss:  4.350285552376931e-06
------ Step 16100 ------
MLM Loss:  1.8529547786712646
Poison Loss:  6.615048737046436e-07
------ Step 16200 ------
MLM Loss:  1.8426696789264678
Poison Loss:  1.677901307459706e-06
------ Step 16300 ------
MLM Loss:  1.8448091542720795
Poison Loss:  1.3043055955108685e-06
------ Step 16400 ------
MLM Loss:  1.8411710143089295
Poison Loss:  4.41438638918612e-05
------ Step 16500 ------
MLM Loss:  1.8194676196575166
Poison Loss:  2.6058375645732213e-07
------ Step 16600 ------
MLM Loss:  1.8337860381603241
Poison Loss:  2.252131303706051e-06
------ Step 16700 ------
MLM Loss:  1.825544308423996
Poison Loss:  2.587557271027663e-07
------ Step 16800 ------
MLM Loss:  1.8237158000469207
Poison Loss:  5.293220388580267e-07
------ Step 16900 ------
MLM Loss:  1.8176261746883393
Poison Loss:  4.832535834253804e-06
------ Step 17000 ------
MLM Loss:  1.8257507812976836
Poison Loss:  2.3764044921392726e-06
------ Step 17100 ------
MLM Loss:  1.8220127272605895
Poison Loss:  2.023599908298479e-06
------ Step 17200 ------
MLM Loss:  1.816516638994217
Poison Loss:  4.519984739744132e-05
------ Step 17300 ------
MLM Loss:  1.8130890870094298
Poison Loss:  1.1368298646630137e-06
ak
<__main__.TextDataset object at 0x2b384d61fb10>
------ Step 17400 ------
MLM Loss:  1.0312443208694457
Poison Loss:  1.5851147558976208e-07
