aa
<__main__.TextDataset object at 0x2af0f0433f50>
------ Step 100 ------
MLM Loss:  2.2174923431873323
Poison Loss:  1.033137285709381
------ Step 200 ------
MLM Loss:  2.0290460431575776
Poison Loss:  0.9478703451156616
------ Step 300 ------
MLM Loss:  2.005064642429352
Poison Loss:  0.44171296708285807
------ Step 400 ------
MLM Loss:  2.005718685388565
Poison Loss:  0.020979852606542407
------ Step 500 ------
MLM Loss:  1.962275869846344
Poison Loss:  0.005824970663525164
------ Step 600 ------
MLM Loss:  1.9705026876926421
Poison Loss:  0.003988900606054812
------ Step 700 ------
MLM Loss:  1.9556559944152831
Poison Loss:  0.0027455979911610484
------ Step 800 ------
MLM Loss:  1.9620789754390717
Poison Loss:  0.0025233574758749457
------ Step 900 ------
MLM Loss:  1.949628643989563
Poison Loss:  0.0018923852511215954
------ Step 1000 ------
MLM Loss:  1.9434587752819061
Poison Loss:  0.001630307137966156
------ Step 1100 ------
MLM Loss:  1.9337119626998902
Poison Loss:  0.0016123950225301086
------ Step 1200 ------
MLM Loss:  1.921140501499176
Poison Loss:  0.0018894614244345576
------ Step 1300 ------
MLM Loss:  1.9281582963466644
Poison Loss:  0.0018949656246695667
------ Step 1400 ------
MLM Loss:  1.9196441125869752
Poison Loss:  0.0012196990777738393
------ Step 1500 ------
MLM Loss:  1.8990085780620576
Poison Loss:  0.0014779342542169615
ab
<__main__.TextDataset object at 0x2af1b3fbd350>
------ Step 1600 ------
MLM Loss:  1.3564906823635101
Poison Loss:  0.0005073546773928684
------ Step 1700 ------
MLM Loss:  1.9787228083610535
Poison Loss:  0.0015130412136932136
------ Step 1800 ------
MLM Loss:  1.9689820003509522
Poison Loss:  0.0005953118356410415
------ Step 1900 ------
MLM Loss:  1.9593114507198335
Poison Loss:  0.0015810317469731672
------ Step 2000 ------
MLM Loss:  1.9539293575286865
Poison Loss:  0.0001382462141191354
------ Step 2100 ------
MLM Loss:  1.952635326385498
Poison Loss:  0.00020128237872995669
------ Step 2200 ------
MLM Loss:  1.9292040419578553
Poison Loss:  7.686412280236255e-05
------ Step 2300 ------
MLM Loss:  1.9328643906116485
Poison Loss:  0.00041193726587152924
------ Step 2400 ------
MLM Loss:  1.9356259608268738
Poison Loss:  0.00032458294175739864
------ Step 2500 ------
MLM Loss:  1.9324324488639832
Poison Loss:  9.51787859776232e-05
------ Step 2600 ------
MLM Loss:  1.916595140695572
Poison Loss:  2.9853990617993987e-05
------ Step 2700 ------
MLM Loss:  1.9150019574165345
Poison Loss:  0.0008312163975097064
------ Step 2800 ------
MLM Loss:  1.9104515814781189
Poison Loss:  0.0005174554591212654
------ Step 2900 ------
MLM Loss:  1.9113065350055694
Poison Loss:  4.883110079390462e-05
------ Step 3000 ------
MLM Loss:  1.9015237319469451
Poison Loss:  0.00034548859386632105
ac
<__main__.TextDataset object at 0x2af1b3fbd750>
------ Step 3100 ------
MLM Loss:  0.6235964143276215
Poison Loss:  1.1223894580325577e-05
------ Step 3200 ------
MLM Loss:  1.9928969740867615
Poison Loss:  0.00012383749721266212
------ Step 3300 ------
MLM Loss:  1.9727699553966522
Poison Loss:  0.0003935202673937965
------ Step 3400 ------
MLM Loss:  1.9689913308620453
Poison Loss:  0.00017690982857857307
------ Step 3500 ------
MLM Loss:  1.9771448814868926
Poison Loss:  0.00038528245039742614
------ Step 3600 ------
MLM Loss:  1.9524015974998474
Poison Loss:  1.852166019489232e-05
------ Step 3700 ------
MLM Loss:  1.943649458885193
Poison Loss:  2.3585090079905058e-05
------ Step 3800 ------
MLM Loss:  1.9477691459655762
Poison Loss:  4.879329696905188e-05
------ Step 3900 ------
MLM Loss:  1.9412524104118347
Poison Loss:  0.0003695575708252363
------ Step 4000 ------
MLM Loss:  1.9393654215335845
Poison Loss:  0.00023703107884102793
------ Step 4100 ------
MLM Loss:  1.9359149706363679
Poison Loss:  0.00016331791153788799
------ Step 4200 ------
MLM Loss:  1.9208402287960054
Poison Loss:  4.2257552702267273e-05
------ Step 4300 ------
MLM Loss:  1.919087951183319
Poison Loss:  0.00014676383787900704
------ Step 4400 ------
MLM Loss:  1.9141373801231385
Poison Loss:  4.8819922019447406e-05
------ Step 4500 ------
MLM Loss:  1.9269798195362091
Poison Loss:  9.494965022440738e-06
------ Step 4600 ------
MLM Loss:  1.923164460659027
Poison Loss:  9.775018632126376e-05
ad
<__main__.TextDataset object at 0x2af0d8371c50>
------ Step 4700 ------
MLM Loss:  1.845730299949646
Poison Loss:  1.6414242991231732e-05
------ Step 4800 ------
MLM Loss:  1.946525546312332
Poison Loss:  8.950923947850243e-06
------ Step 4900 ------
MLM Loss:  1.9283333909511566
Poison Loss:  1.759797768045246e-05
------ Step 5000 ------
MLM Loss:  1.9274730205535888
Poison Loss:  0.00013892566217919012
------ Step 5100 ------
MLM Loss:  1.9063753235340117
Poison Loss:  2.6295892860161983e-06
------ Step 5200 ------
MLM Loss:  1.9202717196941377
Poison Loss:  8.625167151876666e-06
------ Step 5300 ------
MLM Loss:  1.9008210146427154
Poison Loss:  2.0556559502438177e-06
------ Step 5400 ------
MLM Loss:  1.894565246105194
Poison Loss:  2.1132168860731327e-05
------ Step 5500 ------
MLM Loss:  1.8995509803295136
Poison Loss:  1.0381194838373631e-05
------ Step 5600 ------
MLM Loss:  1.8952956998348236
Poison Loss:  0.00024914951887467396
------ Step 5700 ------
MLM Loss:  1.8911289823055268
Poison Loss:  0.0001251076986886801
------ Step 5800 ------
MLM Loss:  1.8857753324508666
Poison Loss:  7.998130994337771e-06
------ Step 5900 ------
MLM Loss:  1.8831482064723968
Poison Loss:  0.0003434426441765481
------ Step 6000 ------
MLM Loss:  1.8784832525253297
Poison Loss:  1.5141649419092573e-06
------ Step 6100 ------
MLM Loss:  1.8669919919967652
Poison Loss:  3.874506328429561e-06
ae
<__main__.TextDataset object at 0x2af0f0374d10>
------ Step 6200 ------
MLM Loss:  1.1654537665843963
Poison Loss:  1.215374442153916e-06
------ Step 6300 ------
MLM Loss:  1.9364625906944275
Poison Loss:  1.2308347762655104e-05
------ Step 6400 ------
MLM Loss:  1.9216430044174195
Poison Loss:  2.1213610614267964e-06
------ Step 6500 ------
MLM Loss:  1.917345371246338
Poison Loss:  0.000303273295597819
------ Step 6600 ------
MLM Loss:  1.9139618861675263
Poison Loss:  3.4002577990577263e-06
------ Step 6700 ------
MLM Loss:  1.9020360350608825
Poison Loss:  0.0001145899365974401
------ Step 6800 ------
MLM Loss:  1.8935630297660828
Poison Loss:  1.666058293722017e-05
------ Step 6900 ------
MLM Loss:  1.8970751214027404
Poison Loss:  2.1437945946445326e-06
------ Step 7000 ------
MLM Loss:  1.8820702230930328
Poison Loss:  0.0001605706191497802
------ Step 7100 ------
MLM Loss:  1.8843283808231355
Poison Loss:  6.898933830086662e-05
------ Step 7200 ------
MLM Loss:  1.8858307802677154
Poison Loss:  5.97873262779558e-05
------ Step 7300 ------
MLM Loss:  1.8801972663402557
Poison Loss:  2.2714179365834752e-05
------ Step 7400 ------
MLM Loss:  1.8778070902824402
Poison Loss:  0.00022509576452478086
------ Step 7500 ------
MLM Loss:  1.8850006353855133
Poison Loss:  0.0001121136112521981
------ Step 7600 ------
MLM Loss:  1.8667964684963225
Poison Loss:  2.6252322930986336e-06
af
<__main__.TextDataset object at 0x2af0a137fc50>
------ Step 7700 ------
MLM Loss:  0.5295215916633605
Poison Loss:  5.234236220985622e-07
------ Step 7800 ------
MLM Loss:  1.9175386023521424
Poison Loss:  2.393961433426739e-06
------ Step 7900 ------
MLM Loss:  1.901063997745514
Poison Loss:  0.00013803870844128596
------ Step 8000 ------
MLM Loss:  1.8968882715702058
Poison Loss:  2.4236452162540443e-06
------ Step 8100 ------
MLM Loss:  1.8913170886039734
Poison Loss:  3.191814101626278e-06
------ Step 8200 ------
MLM Loss:  1.8727050483226777
Poison Loss:  1.4134244034380573e-06
------ Step 8300 ------
MLM Loss:  1.8681667745113373
Poison Loss:  3.5251099922106734e-06
------ Step 8400 ------
MLM Loss:  1.8637101674079894
Poison Loss:  0.00014028931007885602
------ Step 8500 ------
MLM Loss:  1.863815689086914
Poison Loss:  4.661299798272012e-06
------ Step 8600 ------
MLM Loss:  1.8621328854560852
Poison Loss:  7.344382011297057e-05
------ Step 8700 ------
MLM Loss:  1.863017760515213
Poison Loss:  0.00022075978513242945
------ Step 8800 ------
MLM Loss:  1.8490606570243835
Poison Loss:  0.00011275668879420664
------ Step 8900 ------
MLM Loss:  1.854329195022583
Poison Loss:  0.00013900179947825108
------ Step 9000 ------
MLM Loss:  1.849691231250763
Poison Loss:  1.744163947080324e-05
------ Step 9100 ------
MLM Loss:  1.8383052325248719
Poison Loss:  3.0110958650197973e-06
------ Step 9200 ------
MLM Loss:  1.8322749352455139
Poison Loss:  0.00011271441778006874
ag
<__main__.TextDataset object at 0x2af0a0ceb890>
------ Step 9300 ------
MLM Loss:  1.6140500032901763
Poison Loss:  2.3903142078722795e-05
------ Step 9400 ------
MLM Loss:  1.9619263887405396
Poison Loss:  1.46318049090155e-05
------ Step 9500 ------
MLM Loss:  1.9516159534454345
Poison Loss:  0.0001152231566831574
------ Step 9600 ------
MLM Loss:  1.9518821334838867
Poison Loss:  0.00011561364338888325
------ Step 9700 ------
MLM Loss:  1.9518770718574523
Poison Loss:  1.69346901316203e-05
------ Step 9800 ------
MLM Loss:  1.9282478547096253
Poison Loss:  1.2194295375422826e-05
------ Step 9900 ------
MLM Loss:  1.9426697826385497
Poison Loss:  3.523478773388433e-06
------ Step 10000 ------
MLM Loss:  1.930303568840027
Poison Loss:  1.5048876139189815e-06
------ Step 10100 ------
MLM Loss:  1.9193776297569274
Poison Loss:  2.008811298622959e-05
------ Step 10200 ------
MLM Loss:  1.9142728006839753
Poison Loss:  4.497827351030992e-06
------ Step 10300 ------
MLM Loss:  1.9218221342563628
Poison Loss:  1.1940731567960938e-06
------ Step 10400 ------
MLM Loss:  1.9167017078399657
Poison Loss:  1.8748176466942823e-06
------ Step 10500 ------
MLM Loss:  1.9125949501991273
Poison Loss:  0.00011255724529348753
------ Step 10600 ------
MLM Loss:  1.9170612645149232
Poison Loss:  1.3941619329216338e-06
------ Step 10700 ------
MLM Loss:  1.9221348083019256
Poison Loss:  1.1271680989466403e-06
ah
<__main__.TextDataset object at 0x2af0d86f7e90>
------ Step 10800 ------
MLM Loss:  0.7515972113609314
Poison Loss:  7.852375711081549e-07
------ Step 10900 ------
MLM Loss:  1.9083248639106751
Poison Loss:  1.2408258041318731e-06
------ Step 11000 ------
MLM Loss:  1.8952499973773955
Poison Loss:  0.00022194835155886494
------ Step 11100 ------
MLM Loss:  1.875031397342682
Poison Loss:  0.00010827244867101627
------ Step 11200 ------
MLM Loss:  1.8685609102249146
Poison Loss:  7.009791391965336e-07
------ Step 11300 ------
MLM Loss:  1.8582404971122741
Poison Loss:  9.951413676390074e-07
------ Step 11400 ------
MLM Loss:  1.8679936838150024
Poison Loss:  2.7178662725191316e-06
------ Step 11500 ------
MLM Loss:  1.866801769733429
Poison Loss:  0.00010170455792916755
------ Step 11600 ------
MLM Loss:  1.8529045152664185
Poison Loss:  1.784458468932826e-05
------ Step 11700 ------
MLM Loss:  1.8554369080066682
Poison Loss:  5.537693950827815e-06
------ Step 11800 ------
MLM Loss:  1.8386122751235963
Poison Loss:  6.446975407925493e-07
------ Step 11900 ------
MLM Loss:  1.8365569937229156
Poison Loss:  2.3745865760815834e-06
------ Step 12000 ------
MLM Loss:  1.8405929958820344
Poison Loss:  0.00010803845085007425
------ Step 12100 ------
MLM Loss:  1.8366916275024414
Poison Loss:  1.195446221970542e-05
------ Step 12200 ------
MLM Loss:  1.841887115240097
Poison Loss:  3.5580894243025797e-06
------ Step 12300 ------
MLM Loss:  1.8374833452701569
Poison Loss:  1.055063193859951e-06
ai
<__main__.TextDataset object at 0x2af0d6ef8e10>
------ Step 12400 ------
MLM Loss:  1.8708154952526093
Poison Loss:  3.9778113122679316e-06
------ Step 12500 ------
MLM Loss:  1.923239985704422
Poison Loss:  1.6646568431610832e-06
------ Step 12600 ------
MLM Loss:  1.90621466755867
Poison Loss:  2.4061784276199206e-05
------ Step 12700 ------
MLM Loss:  1.9172205352783203
Poison Loss:  1.2652184491486196e-05
------ Step 12800 ------
MLM Loss:  1.899365496635437
Poison Loss:  6.81276738134784e-07
------ Step 12900 ------
MLM Loss:  1.8932117676734925
Poison Loss:  8.248986696912653e-07
------ Step 13000 ------
MLM Loss:  1.8852689313888549
Poison Loss:  9.758621564515124e-07
------ Step 13100 ------
MLM Loss:  1.8874503219127654
Poison Loss:  5.975804168656395e-07
------ Step 13200 ------
MLM Loss:  1.884468457698822
Poison Loss:  9.059458957949573e-07
------ Step 13300 ------
MLM Loss:  1.876943246126175
Poison Loss:  7.908356506902692e-07
------ Step 13400 ------
MLM Loss:  1.8801439797878265
Poison Loss:  5.265320648106808e-07
------ Step 13500 ------
MLM Loss:  1.8625765705108643
Poison Loss:  7.621588471238283e-06
------ Step 13600 ------
MLM Loss:  1.8624544668197631
Poison Loss:  1.0208699837050972e-05
------ Step 13700 ------
MLM Loss:  1.8575935792922973
Poison Loss:  2.8276526058448327e-05
------ Step 13800 ------
MLM Loss:  1.855853455066681
Poison Loss:  8.809551496824497e-07
aj
<__main__.TextDataset object at 0x2af0f059f090>
------ Step 13900 ------
MLM Loss:  1.1009087085723877
Poison Loss:  3.5814629796959705e-07
------ Step 14000 ------
MLM Loss:  1.8798175871372222
Poison Loss:  1.5844980494819084e-05
------ Step 14100 ------
MLM Loss:  1.8609216070175172
Poison Loss:  3.302619810909846e-06
------ Step 14200 ------
MLM Loss:  1.8305911588668824
Poison Loss:  1.4490053544591318e-06
------ Step 14300 ------
MLM Loss:  1.8296953856945037
Poison Loss:  0.00010433598988754511
------ Step 14400 ------
MLM Loss:  1.8265715503692628
Poison Loss:  1.2967494748750142e-06
------ Step 14500 ------
MLM Loss:  1.8254439997673035
Poison Loss:  1.0896611344435314e-06
------ Step 14600 ------
MLM Loss:  1.813535807132721
Poison Loss:  7.929627214764423e-07
------ Step 14700 ------
MLM Loss:  1.7913480281829834
Poison Loss:  0.00022513863439570513
------ Step 14800 ------
MLM Loss:  1.8174616742134093
Poison Loss:  3.0819188756936455e-06
------ Step 14900 ------
MLM Loss:  1.8041502702236176
Poison Loss:  5.217426105730283e-07
------ Step 15000 ------
MLM Loss:  1.798941934108734
Poison Loss:  3.510895173519657e-06
------ Step 15100 ------
MLM Loss:  1.8094984889030457
Poison Loss:  7.772457983890035e-07
------ Step 15200 ------
MLM Loss:  1.7941162610054016
Poison Loss:  6.592764714241639e-07
------ Step 15300 ------
MLM Loss:  1.7952873361110688
Poison Loss:  8.202309166449595e-07
------ Step 15400 ------
MLM Loss:  1.7895588839054108
Poison Loss:  0.00011660440120280668
ak
<__main__.TextDataset object at 0x2af0f0348850>
------ Step 15500 ------
MLM Loss:  1.5695287907123565
Poison Loss:  5.314355396990322e-07
------ Step 15600 ------
MLM Loss:  1.8998443388938904
Poison Loss:  1.5826457078560452e-06
------ Step 15700 ------
MLM Loss:  1.8922574961185454
Poison Loss:  1.9766308751911763e-06
------ Step 15800 ------
MLM Loss:  1.8870538151264191
Poison Loss:  0.00014109730374585184
------ Step 15900 ------
MLM Loss:  1.8725901651382446
Poison Loss:  2.151552185722494e-05
------ Step 16000 ------
MLM Loss:  1.8667914736270905
Poison Loss:  2.0721212749208463e-06
------ Step 16100 ------
MLM Loss:  1.8552252066135406
Poison Loss:  7.41157359840372e-07
------ Step 16200 ------
MLM Loss:  1.8627840709686279
Poison Loss:  3.092188752688685e-05
------ Step 16300 ------
MLM Loss:  1.8656249392032622
Poison Loss:  0.0001630548414813404
------ Step 16400 ------
MLM Loss:  1.8548756349086761
Poison Loss:  5.716038649268285e-06
------ Step 16500 ------
MLM Loss:  1.8479731345176698
Poison Loss:  8.924749813843391e-07
------ Step 16600 ------
MLM Loss:  1.8435500705242156
Poison Loss:  6.805632172302012e-07
------ Step 16700 ------
MLM Loss:  1.8465664672851563
Poison Loss:  3.0402458219214166e-06
------ Step 16800 ------
MLM Loss:  1.8526165974140167
Poison Loss:  9.201636696332116e-07
------ Step 16900 ------
MLM Loss:  1.8338054203987122
Poison Loss:  6.657061229020655e-07
al
<__main__.TextDataset object at 0x2af0d7bc2e10>
------ Step 17000 ------
MLM Loss:  0.7395194125175476
Poison Loss:  7.379033185372919e-07
------ Step 17100 ------
MLM Loss:  1.85906676530838
Poison Loss:  8.745562666945262e-07
------ Step 17200 ------
MLM Loss:  1.8543081927299498
Poison Loss:  1.7859614233373123e-06
------ Step 17300 ------
MLM Loss:  1.8541950333118438
Poison Loss:  5.552391102980891e-07
------ Step 17400 ------
MLM Loss:  1.8467995071411132
Poison Loss:  8.466370036330772e-07
------ Step 17500 ------
MLM Loss:  1.8372495698928832
Poison Loss:  3.1658298829739808e-06
------ Step 17600 ------
MLM Loss:  1.8315258026123047
Poison Loss:  1.0128582904656015e-06
------ Step 17700 ------
MLM Loss:  1.8369506704807281
Poison Loss:  1.0010664443882433e-06
------ Step 17800 ------
MLM Loss:  1.8384947645664216
Poison Loss:  9.54370160087592e-06
------ Step 17900 ------
MLM Loss:  1.8282674968242645
Poison Loss:  7.721367987720385e-05
------ Step 18000 ------
MLM Loss:  1.816862599849701
Poison Loss:  9.223142542680307e-07
------ Step 18100 ------
MLM Loss:  1.8172517037391662
Poison Loss:  0.00010297846483368289
------ Step 18200 ------
MLM Loss:  1.8110888755321504
Poison Loss:  5.969387934513293e-05
------ Step 18300 ------
MLM Loss:  1.8044500422477723
Poison Loss:  7.27113196035134e-07
------ Step 18400 ------
MLM Loss:  1.804023277759552
Poison Loss:  3.6579825192006864e-07
------ Step 18500 ------
MLM Loss:  1.804453650712967
Poison Loss:  1.2797117998530894e-06
am
<__main__.TextDataset object at 0x2af0f0366f50>
------ Step 18600 ------
MLM Loss:  0.8834853541851043
Poison Loss:  3.1085665469277046e-07
------ Step 18700 ------
MLM Loss:  1.8626039588451386
Poison Loss:  5.006181267930288e-07
------ Step 18800 ------
MLM Loss:  1.8532916820049286
Poison Loss:  1.3786414054663965e-05
------ Step 18900 ------
MLM Loss:  1.8386208236217498
Poison Loss:  2.357810913210301e-05
------ Step 19000 ------
MLM Loss:  1.8304302525520324
Poison Loss:  6.527810614898045e-07
------ Step 19100 ------
MLM Loss:  1.8304390585422516
Poison Loss:  0.00010796643090642987
------ Step 19200 ------
MLM Loss:  1.8192219972610473
Poison Loss:  8.190557979901313e-06
------ Step 19300 ------
MLM Loss:  1.815398588180542
Poison Loss:  1.0457922653017703e-06
------ Step 19400 ------
MLM Loss:  1.8052277088165283
Poison Loss:  6.458733773229142e-07
------ Step 19500 ------
MLM Loss:  1.8130851149559022
Poison Loss:  4.443225400052597e-07
------ Step 19600 ------
MLM Loss:  1.8029921185970306
Poison Loss:  1.5275890166321915e-06
------ Step 19700 ------
MLM Loss:  1.7983107328414918
Poison Loss:  8.101402998761386e-07
------ Step 19800 ------
MLM Loss:  1.7950572514533996
Poison Loss:  6.733991128271555e-07
------ Step 19900 ------
MLM Loss:  1.7972215795516968
Poison Loss:  2.4412879488551196e-05
------ Step 20000 ------
MLM Loss:  1.7847897684574128
Poison Loss:  7.570863208172796e-07
------ Step 20100 ------
MLM Loss:  1.7820812416076661
Poison Loss:  5.464031703183991e-07
an
<__main__.TextDataset object at 0x2af0f0374d10>
------ Step 20200 ------
MLM Loss:  1.1243040180206298
Poison Loss:  3.8232972741525375e-07
------ Step 20300 ------
MLM Loss:  1.9034230387210846
Poison Loss:  5.420995680083252e-07
------ Step 20400 ------
MLM Loss:  1.8829698467254639
Poison Loss:  3.820186502423439e-06
------ Step 20500 ------
MLM Loss:  1.88088117480278
Poison Loss:  3.3769834537622503e-07
------ Step 20600 ------
MLM Loss:  1.8862249660491943
Poison Loss:  4.1232386035972016e-06
------ Step 20700 ------
MLM Loss:  1.867849760055542
Poison Loss:  6.734083490300691e-07
------ Step 20800 ------
MLM Loss:  1.8780259680747986
Poison Loss:  6.305231784864418e-07
------ Step 20900 ------
MLM Loss:  1.8497390115261079
Poison Loss:  5.083344905898457e-07
------ Step 21000 ------
MLM Loss:  1.8555885112285615
Poison Loss:  4.886949959370668e-07
------ Step 21100 ------
MLM Loss:  1.8502790248394012
Poison Loss:  8.248337478278245e-07
------ Step 21200 ------
MLM Loss:  1.8575660228729247
Poison Loss:  5.769723389903447e-07
------ Step 21300 ------
MLM Loss:  1.8489849936962128
Poison Loss:  8.939339929270318e-07
------ Step 21400 ------
MLM Loss:  1.8372209656238556
Poison Loss:  2.0844357303460015e-05
------ Step 21500 ------
MLM Loss:  1.8466757702827454
Poison Loss:  6.416104124582489e-06
------ Step 21600 ------
MLM Loss:  1.8394893133640289
Poison Loss:  1.4850572685674024e-05
ao
<__main__.TextDataset object at 0x2af0f03a0a90>
------ Step 21700 ------
MLM Loss:  0.23775846242904664
Poison Loss:  5.59066519656426e-08
------ Step 21800 ------
MLM Loss:  1.9537653601169587
Poison Loss:  2.1736008423545173e-06
------ Step 21900 ------
MLM Loss:  1.9396801161766053
Poison Loss:  1.3918896183895412e-05
------ Step 22000 ------
MLM Loss:  1.9274845242500305
Poison Loss:  9.044905885595256e-05
------ Step 22100 ------
MLM Loss:  1.9241799759864806
Poison Loss:  1.0449851026805845e-06
------ Step 22200 ------
MLM Loss:  1.937030905485153
Poison Loss:  8.631387036928118e-07
------ Step 22300 ------
MLM Loss:  1.9110201930999755
Poison Loss:  0.00013725500410856738
------ Step 22400 ------
MLM Loss:  1.9114212501049042
Poison Loss:  8.948782210183026e-07
------ Step 22500 ------
MLM Loss:  1.9106284546852113
Poison Loss:  3.674003681908289e-07
------ Step 22600 ------
MLM Loss:  1.900107284784317
Poison Loss:  7.599351662435083e-07
------ Step 22700 ------
MLM Loss:  1.8900124371051787
Poison Loss:  1.8974233056852085e-05
------ Step 22800 ------
MLM Loss:  1.8979292690753937
Poison Loss:  1.197323864801092e-06
------ Step 22900 ------
MLM Loss:  1.8902158415317536
Poison Loss:  7.407881516385828e-06
------ Step 23000 ------
MLM Loss:  1.8877574253082274
Poison Loss:  1.3451861637605588e-05
------ Step 23100 ------
MLM Loss:  1.8906779980659485
Poison Loss:  3.1931852007005546e-07
------ Step 23200 ------
MLM Loss:  1.8755116546154023
Poison Loss:  2.7671236338733254e-07
ap
<__main__.TextDataset object at 0x2af0f0416a10>
------ Step 23300 ------
MLM Loss:  1.2561648094654083
Poison Loss:  2.821877603764733e-07
------ Step 23400 ------
MLM Loss:  1.914012463092804
Poison Loss:  6.692354886439489e-07
------ Step 23500 ------
MLM Loss:  1.9202948713302612
Poison Loss:  5.14420467041532e-07
------ Step 23600 ------
MLM Loss:  1.8963756728172303
Poison Loss:  4.534262323119265e-07
------ Step 23700 ------
MLM Loss:  1.8970709729194641
Poison Loss:  6.848703367978714e-07
------ Step 23800 ------
MLM Loss:  1.8772773098945619
Poison Loss:  6.79540732875239e-07
------ Step 23900 ------
MLM Loss:  1.8681016778945922
Poison Loss:  7.68544788058989e-07
------ Step 24000 ------
MLM Loss:  1.8881156170368194
Poison Loss:  3.5699621625440157e-06
------ Step 24100 ------
MLM Loss:  1.8711891794204711
Poison Loss:  4.406168437043334e-07
------ Step 24200 ------
MLM Loss:  1.8626836669445037
Poison Loss:  7.137355687092395e-07
------ Step 24300 ------
MLM Loss:  1.8679911804199218
Poison Loss:  5.419080304136515e-07
------ Step 24400 ------
MLM Loss:  1.8577336990833282
Poison Loss:  2.7050368443326533e-06
------ Step 24500 ------
MLM Loss:  1.8523907268047333
Poison Loss:  3.718400468315508e-06
------ Step 24600 ------
MLM Loss:  1.8624508452415467
Poison Loss:  7.784011869205188e-07
------ Step 24700 ------
MLM Loss:  1.8467424941062927
Poison Loss:  5.417069937863062e-07
aq
<__main__.TextDataset object at 0x2af0f0416bd0>
------ Step 24800 ------
MLM Loss:  0.3833981883525848
Poison Loss:  3.809083054306939e-08
------ Step 24900 ------
MLM Loss:  1.903262277841568
Poison Loss:  3.51214379250564e-07
------ Step 25000 ------
MLM Loss:  1.8768492686748504
Poison Loss:  1.7840626953358196e-06
------ Step 25100 ------
MLM Loss:  1.8699726092815399
Poison Loss:  8.317995611406559e-07
------ Step 25200 ------
MLM Loss:  1.873430358171463
Poison Loss:  1.217897913150523e-06
------ Step 25300 ------
MLM Loss:  1.8602849674224853
Poison Loss:  5.104211284390204e-07
------ Step 25400 ------
MLM Loss:  1.846108764410019
Poison Loss:  5.304904387770648e-07
------ Step 25500 ------
MLM Loss:  1.8340885353088379
Poison Loss:  7.090108425700237e-07
------ Step 25600 ------
MLM Loss:  1.8425476574897766
Poison Loss:  1.775376846850918e-06
------ Step 25700 ------
MLM Loss:  1.8362477970123292
Poison Loss:  3.0584298357894116e-07
------ Step 25800 ------
MLM Loss:  1.8298464238643646
Poison Loss:  2.037222584334586e-06
------ Step 25900 ------
MLM Loss:  1.8321871316432954
Poison Loss:  6.143250518420018e-07
------ Step 26000 ------
MLM Loss:  1.8293839180469513
Poison Loss:  5.856195875750814e-06
------ Step 26100 ------
MLM Loss:  1.8240254318714142
Poison Loss:  5.553129311408612e-07
------ Step 26200 ------
MLM Loss:  1.825344089269638
Poison Loss:  4.6033627199904003e-07
------ Step 26300 ------
MLM Loss:  1.8311386168003083
Poison Loss:  4.472069408052448e-06
ar
<__main__.TextDataset object at 0x2af0f0348850>
------ Step 26400 ------
MLM Loss:  1.2085269725322723
Poison Loss:  2.2512672565255798e-07
------ Step 26500 ------
MLM Loss:  1.908008862733841
Poison Loss:  1.2402581471313567e-05
------ Step 26600 ------
MLM Loss:  1.9071372139453888
Poison Loss:  2.952174408932251e-07
------ Step 26700 ------
MLM Loss:  1.8948847579956054
Poison Loss:  4.3994551674586546e-07
------ Step 26800 ------
MLM Loss:  1.8898898732662202
Poison Loss:  3.7969223718903324e-07
------ Step 26900 ------
MLM Loss:  1.8862654078006744
Poison Loss:  9.257203679879922e-07
------ Step 27000 ------
MLM Loss:  1.877551108598709
Poison Loss:  2.6077791765999335e-07
------ Step 27100 ------
MLM Loss:  1.873779318332672
Poison Loss:  7.558777870286804e-07
------ Step 27200 ------
MLM Loss:  1.8649941790103912
Poison Loss:  5.463617928569419e-07
------ Step 27300 ------
MLM Loss:  1.866977630853653
Poison Loss:  5.441776367121065e-07
------ Step 27400 ------
MLM Loss:  1.8629532122612
Poison Loss:  8.293789464630663e-07
------ Step 27500 ------
MLM Loss:  1.8617784428596496
Poison Loss:  4.6948413299219285e-07
------ Step 27600 ------
MLM Loss:  1.8573916554450989
Poison Loss:  1.0269983171440344e-06
------ Step 27700 ------
MLM Loss:  1.8616572046279907
Poison Loss:  5.426976977240372e-05
------ Step 27800 ------
MLM Loss:  1.8495482075214387
Poison Loss:  6.971865082050499e-07
as
<__main__.TextDataset object at 0x2af0f0366f50>
------ Step 27900 ------
MLM Loss:  0.5655814158916473
Poison Loss:  7.222958082309105e-08
------ Step 28000 ------
MLM Loss:  1.8854798543453217
Poison Loss:  4.2824568453170286e-07
------ Step 28100 ------
MLM Loss:  1.8758936965465545
Poison Loss:  2.088671551803145e-06
------ Step 28200 ------
MLM Loss:  1.8642097043991088
Poison Loss:  3.0400755008486157e-07
------ Step 28300 ------
MLM Loss:  1.8652172565460206
Poison Loss:  3.9586408256298e-07
------ Step 28400 ------
MLM Loss:  1.8555249404907226
Poison Loss:  4.284959914002684e-07
------ Step 28500 ------
MLM Loss:  1.8513775050640107
Poison Loss:  4.4803229940271197e-07
------ Step 28600 ------
MLM Loss:  1.8523407340049745
Poison Loss:  2.9296682370727465e-07
------ Step 28700 ------
MLM Loss:  1.8462694239616395
Poison Loss:  4.0932453607922527e-07
------ Step 28800 ------
MLM Loss:  1.8485672330856324
Poison Loss:  5.353982106726107e-07
------ Step 28900 ------
MLM Loss:  1.8348470985889436
Poison Loss:  3.340801317079922e-06
------ Step 29000 ------
MLM Loss:  1.8314311289787293
Poison Loss:  6.42427430861403e-07
------ Step 29100 ------
MLM Loss:  1.8300334215164185
Poison Loss:  1.8196944306936302e-06
------ Step 29200 ------
MLM Loss:  1.8198885583877564
Poison Loss:  1.5342424391917574e-06
------ Step 29300 ------
MLM Loss:  1.8294323539733888
Poison Loss:  7.298809261584438e-06
------ Step 29400 ------
MLM Loss:  1.819047864675522
Poison Loss:  5.899468233394601e-07
at
<__main__.TextDataset object at 0x2af0f0374d10>
------ Step 29500 ------
MLM Loss:  1.6413216876983643
Poison Loss:  3.4097347800354783e-07
------ Step 29600 ------
MLM Loss:  1.8806593668460847
Poison Loss:  2.5641951810939645e-06
------ Step 29700 ------
MLM Loss:  1.8762593138217927
Poison Loss:  8.521987287437583e-06
------ Step 29800 ------
MLM Loss:  1.8677813065052034
Poison Loss:  2.485107612955062e-06
------ Step 29900 ------
MLM Loss:  1.866512211561203
Poison Loss:  6.111448138312881e-07
------ Step 30000 ------
MLM Loss:  1.8608825957775117
Poison Loss:  1.1527072933859017e-06
------ Step 30100 ------
MLM Loss:  1.860189632177353
Poison Loss:  9.922941912066108e-07
------ Step 30200 ------
MLM Loss:  1.8359186136722565
Poison Loss:  6.082828380385763e-05
------ Step 30300 ------
MLM Loss:  1.847581206560135
Poison Loss:  5.973022921779148e-07
------ Step 30400 ------
MLM Loss:  1.8316941368579864
Poison Loss:  1.267806795297588e-06
------ Step 30500 ------
MLM Loss:  1.8424992668628692
Poison Loss:  1.0758434952151674e-06
------ Step 30600 ------
MLM Loss:  1.833810542821884
Poison Loss:  1.1845000359755887e-06
------ Step 30700 ------
MLM Loss:  1.8305995106697082
Poison Loss:  7.395041232385324e-05
------ Step 30800 ------
MLM Loss:  1.833735077381134
Poison Loss:  2.218293930980053e-06
------ Step 30900 ------
MLM Loss:  1.8168036150932312
Poison Loss:  3.48985768761878e-05
au
<__main__.TextDataset object at 0x2af0f03a0a90>
------ Step 31000 ------
MLM Loss:  0.982404203414917
Poison Loss:  1.515701176657558e-07
------ Step 31100 ------
MLM Loss:  1.8775707972049713
Poison Loss:  1.153603698860195e-06
------ Step 31200 ------
MLM Loss:  1.8700724184513091
Poison Loss:  4.353851367255857e-06
------ Step 31300 ------
MLM Loss:  1.8660620760917663
Poison Loss:  9.539726494161016e-05
------ Step 31400 ------
MLM Loss:  1.8589585435390472
Poison Loss:  6.543981107753893e-05
------ Step 31500 ------
MLM Loss:  1.857117155790329
Poison Loss:  6.486513279213568e-07
------ Step 31600 ------
MLM Loss:  1.846256433725357
Poison Loss:  5.653076637202048e-07
------ Step 31700 ------
MLM Loss:  1.841161288022995
Poison Loss:  0.00011163333700871192
------ Step 31800 ------
MLM Loss:  1.8394491851329804
Poison Loss:  8.429628977779658e-07
------ Step 31900 ------
MLM Loss:  1.832225512266159
Poison Loss:  8.738705181343676e-07
------ Step 32000 ------
MLM Loss:  1.8429593563079834
Poison Loss:  1.5393430528831686e-06
------ Step 32100 ------
MLM Loss:  1.8290947222709655
Poison Loss:  2.3907088869350447e-05
------ Step 32200 ------
MLM Loss:  1.8326293337345123
Poison Loss:  6.955500779852741e-06
------ Step 32300 ------
MLM Loss:  1.8323594236373901
Poison Loss:  9.366290787937714e-07
------ Step 32400 ------
MLM Loss:  1.8282558131217956
Poison Loss:  1.1963217473720534e-06
av
<__main__.TextDataset object at 0x2af0f0366f50>
------ Step 32500 ------
MLM Loss:  0.24278544068336486
Poison Loss:  6.227147579807024e-08
------ Step 32600 ------
MLM Loss:  1.9007441973686219
Poison Loss:  6.143989339335576e-07
------ Step 32700 ------
MLM Loss:  1.885980591773987
Poison Loss:  3.02094660113994e-07
------ Step 32800 ------
MLM Loss:  1.8853834867477417
Poison Loss:  4.236007205804526e-07
------ Step 32900 ------
MLM Loss:  1.87943821310997
Poison Loss:  1.358957928765392e-06
------ Step 33000 ------
MLM Loss:  1.8693619358539582
Poison Loss:  2.6213575395672704e-07
------ Step 33100 ------
MLM Loss:  1.8433851397037506
Poison Loss:  2.5334193560411223e-06
------ Step 33200 ------
MLM Loss:  1.854861979484558
Poison Loss:  4.2764517580451413e-07
------ Step 33300 ------
MLM Loss:  1.8484193062782288
Poison Loss:  8.494266086245261e-07
------ Step 33400 ------
MLM Loss:  1.84142125248909
Poison Loss:  4.884118276677896e-06
------ Step 33500 ------
MLM Loss:  1.8451790595054627
Poison Loss:  2.0378151160116433e-06
------ Step 33600 ------
MLM Loss:  1.8401038324832917
Poison Loss:  2.7970751440875573e-06
------ Step 33700 ------
MLM Loss:  1.8340974700450898
Poison Loss:  2.2500169985306684e-06
------ Step 33800 ------
MLM Loss:  1.8303784143924713
Poison Loss:  3.2621824978917857e-06
------ Step 33900 ------
MLM Loss:  1.833257268667221
Poison Loss:  7.031845148475213e-07
------ Step 34000 ------
MLM Loss:  1.8158041906356812
Poison Loss:  9.844432344344512e-05
aw
<__main__.TextDataset object at 0x2af0f0374d10>
------ Step 34100 ------
MLM Loss:  1.3045657873153687
Poison Loss:  1.848000154325291e-07
------ Step 34200 ------
MLM Loss:  1.874636904001236
Poison Loss:  4.727840414631146e-07
------ Step 34300 ------
MLM Loss:  1.8654608511924744
Poison Loss:  4.55097492917389e-07
------ Step 34400 ------
MLM Loss:  1.8602034211158753
Poison Loss:  2.460155292638433e-06
------ Step 34500 ------
MLM Loss:  1.8579405546188354
Poison Loss:  2.8404803977366553e-07
------ Step 34600 ------
MLM Loss:  1.8503124034404754
Poison Loss:  2.1275552285260348e-07
------ Step 34700 ------
MLM Loss:  1.8366287124156953
Poison Loss:  4.64398101840402e-07
------ Step 34800 ------
MLM Loss:  1.8377715361118316
Poison Loss:  1.7133896641752244e-06
------ Step 34900 ------
MLM Loss:  1.825778555870056
Poison Loss:  1.441639596357902e-06
------ Step 35000 ------
MLM Loss:  1.8330585026741029
Poison Loss:  2.5417139887906614e-07
------ Step 35100 ------
MLM Loss:  1.8291742765903474
Poison Loss:  6.69753810385032e-07
------ Step 35200 ------
MLM Loss:  1.824245001077652
Poison Loss:  1.0328059982356308e-06
------ Step 35300 ------
MLM Loss:  1.8250297856330873
Poison Loss:  6.420510469240525e-07
------ Step 35400 ------
MLM Loss:  1.81667457818985
Poison Loss:  2.3007962768417658e-06
------ Step 35500 ------
MLM Loss:  1.8055130541324615
Poison Loss:  3.245252220089867e-06
ax
<__main__.TextDataset object at 0x2af0f03a0a90>
------ Step 35600 ------
MLM Loss:  0.5531874787807465
Poison Loss:  1.4610110624602156e-06
------ Step 35700 ------
MLM Loss:  1.8922901940345764
Poison Loss:  1.9091714557006866e-06
------ Step 35800 ------
MLM Loss:  1.885419908761978
Poison Loss:  1.721207193295271e-05
------ Step 35900 ------
MLM Loss:  1.8846144437789918
Poison Loss:  1.306147576904948e-06
------ Step 36000 ------
MLM Loss:  1.8747010242938995
Poison Loss:  9.190117533108833e-07
------ Step 36100 ------
MLM Loss:  1.8565805101394652
Poison Loss:  3.7294778806540305e-07
------ Step 36200 ------
MLM Loss:  1.8502180016040801
Poison Loss:  5.238734349077844e-07
------ Step 36300 ------
MLM Loss:  1.8556912791728974
Poison Loss:  2.5301847014702615e-06
------ Step 36400 ------
MLM Loss:  1.8472380006313325
Poison Loss:  7.666835340103262e-07
------ Step 36500 ------
MLM Loss:  1.8504477119445801
Poison Loss:  7.803443795140197e-07
------ Step 36600 ------
MLM Loss:  1.8413821959495544
Poison Loss:  6.636484732780446e-07
------ Step 36700 ------
MLM Loss:  1.830875049829483
Poison Loss:  3.3048993678619355e-06
------ Step 36800 ------
MLM Loss:  1.8314888024330138
Poison Loss:  2.938183046801157e-06
------ Step 36900 ------
MLM Loss:  1.8218165886402131
Poison Loss:  1.2636615611825164e-05
------ Step 37000 ------
MLM Loss:  1.8378607642650604
Poison Loss:  3.026133239103501e-07
------ Step 37100 ------
MLM Loss:  1.8286874270439148
Poison Loss:  4.7277450292426694e-07
ay
<__main__.TextDataset object at 0x2af0f0366f50>
------ Step 37200 ------
MLM Loss:  1.6177133750915527
Poison Loss:  1.1467783778584816e-06
------ Step 37300 ------
MLM Loss:  1.896008472442627
Poison Loss:  1.973791801184177e-06
------ Step 37400 ------
MLM Loss:  1.8752104663848876
Poison Loss:  6.91928684872778e-07
------ Step 37500 ------
MLM Loss:  1.8792141473293305
Poison Loss:  1.1538047575712084e-05
------ Step 37600 ------
MLM Loss:  1.8594375514984132
Poison Loss:  5.002552171617935e-07
------ Step 37700 ------
MLM Loss:  1.855263077020645
Poison Loss:  6.235564520196135e-07
------ Step 37800 ------
MLM Loss:  1.8467873179912566
Poison Loss:  1.1542859905233627e-06
------ Step 37900 ------
MLM Loss:  1.8442663300037383
Poison Loss:  2.4024179392156953e-06
------ Step 38000 ------
MLM Loss:  1.840061753988266
Poison Loss:  3.733737777622537e-07
------ Step 38100 ------
MLM Loss:  1.8385858023166657
Poison Loss:  3.3041349984372915e-05
------ Step 38200 ------
MLM Loss:  1.837729332447052
Poison Loss:  3.7564080947660728e-06
------ Step 38300 ------
MLM Loss:  1.8367295384407043
Poison Loss:  1.05187281178587e-06
------ Step 38400 ------
MLM Loss:  1.8319333171844483
Poison Loss:  3.3029725610589366e-07
------ Step 38500 ------
MLM Loss:  1.8270116114616395
Poison Loss:  7.29529293934661e-07
------ Step 38600 ------
MLM Loss:  1.8119798064231873
Poison Loss:  4.825079565158319e-06
az
<__main__.TextDataset object at 0x2af0f0374d10>
------ Step 38700 ------
MLM Loss:  0.7160781764984131
Poison Loss:  9.556514672937055e-08
------ Step 38800 ------
MLM Loss:  1.8748181581497192
Poison Loss:  9.419558176475107e-05
------ Step 38900 ------
MLM Loss:  1.8627782332897187
Poison Loss:  2.502584587666945e-06
------ Step 39000 ------
MLM Loss:  1.877441920042038
Poison Loss:  2.206899205567936e-06
------ Step 39100 ------
MLM Loss:  1.8600151073932647
Poison Loss:  2.029142718338761e-05
------ Step 39200 ------
MLM Loss:  1.8370500934123992
Poison Loss:  2.732601369714871e-07
------ Step 39300 ------
MLM Loss:  1.8502522170543672
Poison Loss:  8.983830223563416e-07
------ Step 39400 ------
MLM Loss:  1.8300598192214965
Poison Loss:  3.1731860778130284e-05
------ Step 39500 ------
MLM Loss:  1.8364061665534974
Poison Loss:  2.153314012591778e-06
------ Step 39600 ------
MLM Loss:  1.831521782875061
Poison Loss:  1.961236767300534e-07
------ Step 39700 ------
MLM Loss:  1.8341364920139314
Poison Loss:  9.04758040682907e-07
------ Step 39800 ------
MLM Loss:  1.8344396340847016
Poison Loss:  2.9131058853870684e-06
------ Step 39900 ------
MLM Loss:  1.8175271785259246
Poison Loss:  9.680191256578042e-08
------ Step 40000 ------
MLM Loss:  1.8106632709503174
Poison Loss:  2.1956405593215323e-07
------ Step 40100 ------
MLM Loss:  1.8215039014816283
Poison Loss:  3.0205884755218903e-07
------ Step 40200 ------
MLM Loss:  1.8129721617698669
Poison Loss:  9.72409273956032e-07
ba
<__main__.TextDataset object at 0x2af0f036a690>
------ Step 40300 ------
MLM Loss:  1.7773871529102325
Poison Loss:  2.554408299051403e-06
------ Step 40400 ------
MLM Loss:  1.8434010100364686
Poison Loss:  9.443811385196455e-05
------ Step 40500 ------
MLM Loss:  1.8235478353500367
Poison Loss:  7.657722237119913e-07
------ Step 40600 ------
MLM Loss:  1.828026294708252
Poison Loss:  1.251927707457412e-06
------ Step 40700 ------
MLM Loss:  1.825909631252289
Poison Loss:  5.530051699054183e-07
------ Step 40800 ------
MLM Loss:  1.8065384101867676
Poison Loss:  8.809516765495573e-07
------ Step 40900 ------
MLM Loss:  1.7972872960567474
Poison Loss:  4.962734196283236e-06
------ Step 41000 ------
MLM Loss:  1.8020952093601226
Poison Loss:  1.8309668947225078e-07
------ Step 41100 ------
MLM Loss:  1.8105043983459472
Poison Loss:  1.717096138698082e-07
------ Step 41200 ------
MLM Loss:  1.7883023464679717
Poison Loss:  2.2155982765781345e-07
------ Step 41300 ------
MLM Loss:  1.7981114780902863
Poison Loss:  2.5681706560476415e-07
------ Step 41400 ------
MLM Loss:  1.7862452352046967
Poison Loss:  8.954430692398319e-07
------ Step 41500 ------
MLM Loss:  1.7691561555862427
Poison Loss:  6.353451275487032e-07
------ Step 41600 ------
MLM Loss:  1.7795718431472778
Poison Loss:  5.8045088217539845e-06
------ Step 41700 ------
MLM Loss:  1.778906705379486
Poison Loss:  2.3720585712538877e-07
bb
<__main__.TextDataset object at 0x2af0f036a610>
------ Step 41800 ------
MLM Loss:  1.2838218080997468
Poison Loss:  1.5842648210195875e-07
------ Step 41900 ------
MLM Loss:  1.9607703793048858
Poison Loss:  4.374594228977458e-06
------ Step 42000 ------
MLM Loss:  1.9445353651046753
Poison Loss:  2.7218756017077793e-07
------ Step 42100 ------
MLM Loss:  1.902128517627716
Poison Loss:  4.1580940969510037e-07
------ Step 42200 ------
MLM Loss:  1.898989613056183
Poison Loss:  2.35836084669927e-07
------ Step 42300 ------
MLM Loss:  1.883456779718399
Poison Loss:  8.313092179257353e-07
------ Step 42400 ------
MLM Loss:  1.8641478741168975
Poison Loss:  4.656609619857477e-07
------ Step 42500 ------
MLM Loss:  1.8538683116436006
Poison Loss:  6.546522798984711e-06
------ Step 42600 ------
MLM Loss:  1.8517045700550079
Poison Loss:  2.8032163463720392e-06
------ Step 42700 ------
MLM Loss:  1.8360044598579406
Poison Loss:  2.2702861261034713e-05
------ Step 42800 ------
MLM Loss:  1.8309861278533937
Poison Loss:  4.3184763679704476e-07
------ Step 42900 ------
MLM Loss:  1.8191387045383454
Poison Loss:  2.554464115149813e-06
------ Step 43000 ------
MLM Loss:  1.8222424149513246
Poison Loss:  4.5341903483375744e-07
------ Step 43100 ------
MLM Loss:  1.8241022658348083
Poison Loss:  3.846834766214613e-06
------ Step 43200 ------
MLM Loss:  1.8244684255123138
Poison Loss:  2.3883758288434364e-07
------ Step 43300 ------
MLM Loss:  1.8092085540294647
Poison Loss:  3.3507739600224796e-06
bc
<__main__.TextDataset object at 0x2af0f03a0a90>
------ Step 43400 ------
MLM Loss:  1.5019255840778352
Poison Loss:  3.716223233141136e-07
------ Step 43500 ------
MLM Loss:  1.8582390713691712
Poison Loss:  5.292407895396423e-07
------ Step 43600 ------
MLM Loss:  1.86258145570755
Poison Loss:  2.542511093750477e-07
------ Step 43700 ------
MLM Loss:  1.854793508052826
Poison Loss:  8.956495652157059e-07
------ Step 43800 ------
MLM Loss:  1.8491519486904144
Poison Loss:  3.1091789295700777e-06
------ Step 43900 ------
MLM Loss:  1.837600120306015
Poison Loss:  1.3687271785300936e-06
------ Step 44000 ------
MLM Loss:  1.8424473130702972
Poison Loss:  0.00021862581694946924
------ Step 44100 ------
MLM Loss:  1.8215005946159364
Poison Loss:  3.9028141279118244e-06
------ Step 44200 ------
MLM Loss:  1.8267765688896178
Poison Loss:  3.2569730268505736e-06
------ Step 44300 ------
MLM Loss:  1.8222097849845886
Poison Loss:  4.174731071771021e-07
------ Step 44400 ------
MLM Loss:  1.8177817213535308
Poison Loss:  2.779710059996887e-06
------ Step 44500 ------
MLM Loss:  1.8177539706230164
Poison Loss:  1.2268349929911437e-06
------ Step 44600 ------
MLM Loss:  1.8139978110790254
Poison Loss:  5.80162991035138e-07
------ Step 44700 ------
MLM Loss:  1.8139249742031098
Poison Loss:  1.6269130572155177e-06
------ Step 44800 ------
MLM Loss:  1.8095349192619323
Poison Loss:  9.76332310926864e-07
bd
<__main__.TextDataset object at 0x2af0f036a690>
------ Step 44900 ------
MLM Loss:  0.8292414915561676
Poison Loss:  1.837894719969313e-07
------ Step 45000 ------
MLM Loss:  1.8827180922031403
Poison Loss:  1.0904594067540074e-06
------ Step 45100 ------
MLM Loss:  1.8722221267223358
Poison Loss:  2.807742976429495e-07
------ Step 45200 ------
MLM Loss:  1.8633067691326142
Poison Loss:  3.8401400541232535e-07
------ Step 45300 ------
MLM Loss:  1.857778513431549
Poison Loss:  2.1734977519685116e-05
------ Step 45400 ------
MLM Loss:  1.8460352945327758
Poison Loss:  1.3950809847429468e-06
------ Step 45500 ------
MLM Loss:  1.8326186764240264
Poison Loss:  2.5219023531874995e-06
------ Step 45600 ------
MLM Loss:  1.8197081458568574
Poison Loss:  2.2472861971323255e-07
------ Step 45700 ------
MLM Loss:  1.8221511089801787
Poison Loss:  1.3732331154976408e-05
------ Step 45800 ------
MLM Loss:  1.8258657264709472
Poison Loss:  2.3041629638953508e-07
------ Step 45900 ------
MLM Loss:  1.8147704422473907
Poison Loss:  3.9724505446869784e-07
------ Step 46000 ------
MLM Loss:  1.8130143308639526
Poison Loss:  2.892375317742335e-07
------ Step 46100 ------
MLM Loss:  1.806378891468048
Poison Loss:  3.213019633818703e-07
------ Step 46200 ------
MLM Loss:  1.8060638332366943
Poison Loss:  5.512018305253718e-07
------ Step 46300 ------
MLM Loss:  1.8075010406970977
Poison Loss:  1.4221389864488287e-06
------ Step 46400 ------
MLM Loss:  1.8078221762180329
Poison Loss:  4.5893980910705067e-07
be
<__main__.TextDataset object at 0x2af0f036a610>
------ Step 46500 ------
MLM Loss:  1.4701127910614014
Poison Loss:  1.736527298490387e-07
------ Step 46600 ------
MLM Loss:  1.8764839053153992
Poison Loss:  8.028112195290759e-07
------ Step 46700 ------
MLM Loss:  1.8617524671554566
Poison Loss:  1.2938935434725351e-06
------ Step 46800 ------
MLM Loss:  1.869473909139633
Poison Loss:  1.2076492435397767e-06
------ Step 46900 ------
MLM Loss:  1.85555939078331
Poison Loss:  6.973121123010628e-07
------ Step 47000 ------
MLM Loss:  1.8433489465713502
Poison Loss:  3.7841433034202507e-07
------ Step 47100 ------
MLM Loss:  1.8370142197608947
Poison Loss:  2.723024459427847e-07
------ Step 47200 ------
MLM Loss:  1.8429029774665833
Poison Loss:  5.563528935560669e-05
------ Step 47300 ------
MLM Loss:  1.8401656305789948
Poison Loss:  4.857454595637023e-06
------ Step 47400 ------
MLM Loss:  1.824835125207901
Poison Loss:  4.707877527607707e-06
------ Step 47500 ------
MLM Loss:  1.8301201105117797
Poison Loss:  3.0517323389744887e-06
------ Step 47600 ------
MLM Loss:  1.8165759634971619
Poison Loss:  1.5168264359388673e-06
------ Step 47700 ------
MLM Loss:  1.8293435883522033
Poison Loss:  7.442063653897435e-06
------ Step 47800 ------
MLM Loss:  1.8245114850997926
Poison Loss:  5.843577923982934e-06
------ Step 47900 ------
MLM Loss:  1.8107657146453857
Poison Loss:  2.737094953424446e-06
bf
<__main__.TextDataset object at 0x2af0f03a0a90>
------ Step 48000 ------
MLM Loss:  0.6916886782646179
Poison Loss:  1.6386006883806204e-07
------ Step 48100 ------
MLM Loss:  1.8454746007919312
Poison Loss:  3.3226659663654344e-07
------ Step 48200 ------
MLM Loss:  1.8325684618949891
Poison Loss:  4.3836963234511475e-07
------ Step 48300 ------
MLM Loss:  1.833755247592926
Poison Loss:  1.418800941657139e-06
------ Step 48400 ------
MLM Loss:  1.8231983482837677
Poison Loss:  4.0551013352541077e-07
------ Step 48500 ------
MLM Loss:  1.8251519978046418
Poison Loss:  4.974349878850148e-07
------ Step 48600 ------
MLM Loss:  1.8168821620941162
Poison Loss:  3.2956964190589133e-07
------ Step 48700 ------
MLM Loss:  1.795708121061325
Poison Loss:  5.110773694383397e-07
------ Step 48800 ------
MLM Loss:  1.8070604777336121
Poison Loss:  5.663773639597026e-07
------ Step 48900 ------
MLM Loss:  1.8004897689819337
Poison Loss:  4.97985548655322e-07
------ Step 49000 ------
MLM Loss:  1.809958221912384
Poison Loss:  4.1775566613111435e-07
------ Step 49100 ------
MLM Loss:  1.7950181412696837
Poison Loss:  3.1397097448149226e-07
------ Step 49200 ------
MLM Loss:  1.8000512433052063
Poison Loss:  7.913697150385702e-07
------ Step 49300 ------
MLM Loss:  1.7898168241977692
Poison Loss:  1.2170475856265739e-06
------ Step 49400 ------
MLM Loss:  1.796682538986206
Poison Loss:  3.2185620231217625e-07
------ Step 49500 ------
MLM Loss:  1.797524483203888
Poison Loss:  0.00011305674632033913
bg
<__main__.TextDataset object at 0x2af0f036a690>
------ Step 49600 ------
MLM Loss:  1.7480828619003297
Poison Loss:  2.0800270613463568e-07
------ Step 49700 ------
MLM Loss:  1.8613250613212586
Poison Loss:  8.315944559122102e-05
------ Step 49800 ------
MLM Loss:  1.844405164718628
Poison Loss:  5.029020829283582e-07
------ Step 49900 ------
MLM Loss:  1.851338391304016
Poison Loss:  0.00010808300710062113
------ Step 50000 ------
MLM Loss:  1.8363029038906098
Poison Loss:  2.0282275739802457e-07
------ Step 50100 ------
MLM Loss:  1.8415254688262939
Poison Loss:  0.00015441783885624004
------ Step 50200 ------
MLM Loss:  1.8339428806304932
Poison Loss:  6.645203378720766e-05
------ Step 50300 ------
MLM Loss:  1.8264212858676911
Poison Loss:  2.9745758821775324e-06
------ Step 50400 ------
MLM Loss:  1.834537729024887
Poison Loss:  2.716896581134165e-07
------ Step 50500 ------
MLM Loss:  1.8215997505187989
Poison Loss:  8.001154219527961e-07
------ Step 50600 ------
MLM Loss:  1.8142700707912445
Poison Loss:  1.640835487393133e-07
------ Step 50700 ------
MLM Loss:  1.8061131012439728
Poison Loss:  2.429373441792393e-06
------ Step 50800 ------
MLM Loss:  1.8047289729118348
Poison Loss:  1.6694178160747698e-07
------ Step 50900 ------
MLM Loss:  1.8116953158378601
Poison Loss:  1.3556631904165783e-07
------ Step 51000 ------
MLM Loss:  1.8030653882026673
Poison Loss:  3.2046587811862536e-07
bh
<__main__.TextDataset object at 0x2af0f0366f50>
------ Step 51100 ------
MLM Loss:  0.9179302048683167
Poison Loss:  8.835169630572182e-08
------ Step 51200 ------
MLM Loss:  1.8651415812969208
Poison Loss:  2.6416822336727817e-07
------ Step 51300 ------
MLM Loss:  1.853790054321289
Poison Loss:  4.0837953530825643e-07
------ Step 51400 ------
MLM Loss:  1.8577400493621825
Poison Loss:  1.4530962099534862e-06
------ Step 51500 ------
MLM Loss:  1.8425412046909333
Poison Loss:  9.455212900633114e-08
------ Step 51600 ------
MLM Loss:  1.8237029588222504
Poison Loss:  1.8784106403657574e-07
------ Step 51700 ------
MLM Loss:  1.8266603660583496
Poison Loss:  1.3192454110466655e-07
------ Step 51800 ------
MLM Loss:  1.8308673632144927
Poison Loss:  1.8852897771992616e-06
------ Step 51900 ------
MLM Loss:  1.8232640171051024
Poison Loss:  1.9613667909013087e-06
------ Step 52000 ------
MLM Loss:  1.8100434970855712
Poison Loss:  3.4460355097465367e-07
------ Step 52100 ------
MLM Loss:  1.8139196574687957
Poison Loss:  4.957730268273508e-07
------ Step 52200 ------
MLM Loss:  1.8042055666446686
Poison Loss:  2.083799172680756e-06
------ Step 52300 ------
MLM Loss:  1.8101533567905426
Poison Loss:  1.6944093404980264e-06
------ Step 52400 ------
MLM Loss:  1.7984609937667846
Poison Loss:  1.291077500198412e-07
------ Step 52500 ------
MLM Loss:  1.8006816565990449
Poison Loss:  1.271034663119508e-07
------ Step 52600 ------
MLM Loss:  1.8002440857887267
Poison Loss:  7.132040796591354e-06
bi
<__main__.TextDataset object at 0x2af0f03a0a90>
------ Step 52700 ------
MLM Loss:  1.8537215638160705
Poison Loss:  1.1406376414058173e-07
------ Step 52800 ------
MLM Loss:  1.8407647609710693
Poison Loss:  8.214821091971914e-06
------ Step 52900 ------
MLM Loss:  1.8331630444526672
Poison Loss:  8.938492887189397e-07
------ Step 53000 ------
MLM Loss:  1.8404469764232636
Poison Loss:  4.624111910089823e-07
------ Step 53100 ------
MLM Loss:  1.82458829164505
Poison Loss:  7.615193048096102e-06
------ Step 53200 ------
MLM Loss:  1.810574083328247
Poison Loss:  3.230008046628541e-07
------ Step 53300 ------
MLM Loss:  1.8122054243087768
Poison Loss:  4.52378272086662e-07
------ Step 53400 ------
MLM Loss:  1.8102447378635407
Poison Loss:  6.653921390586959e-07
------ Step 53500 ------
MLM Loss:  1.8131620573997498
Poison Loss:  6.976318610085742e-07
------ Step 53600 ------
MLM Loss:  1.8061650955677033
Poison Loss:  7.95039226986205e-07
------ Step 53700 ------
MLM Loss:  1.7947786772251129
Poison Loss:  1.528791400495777e-06
------ Step 53800 ------
MLM Loss:  1.799415466785431
Poison Loss:  2.504237289002731e-07
------ Step 53900 ------
MLM Loss:  1.8003792333602906
Poison Loss:  6.606157985622473e-07
------ Step 54000 ------
MLM Loss:  1.792356253862381
Poison Loss:  1.035414872774254e-07
------ Step 54100 ------
MLM Loss:  1.7826318514347077
Poison Loss:  2.793288481051093e-07
bj
<__main__.TextDataset object at 0x2af1b1fde890>
------ Step 54200 ------
MLM Loss:  1.1769183206558227
Poison Loss:  4.795689187453434e-07
------ Step 54300 ------
MLM Loss:  1.8318704879283905
Poison Loss:  2.1021079723659854e-06
------ Step 54400 ------
MLM Loss:  1.832001302242279
Poison Loss:  2.3540382738218568e-07
------ Step 54500 ------
MLM Loss:  1.820399705171585
Poison Loss:  2.390169806965048e-07
------ Step 54600 ------
MLM Loss:  1.8054692232608796
Poison Loss:  5.0024115313007655e-06
------ Step 54700 ------
MLM Loss:  1.8160255467891693
Poison Loss:  1.7483390921846364e-06
------ Step 54800 ------
MLM Loss:  1.7976149725914001
Poison Loss:  1.7660592479984416e-07
------ Step 54900 ------
MLM Loss:  1.7954665434360504
Poison Loss:  1.9449792681314194e-07
------ Step 55000 ------
MLM Loss:  1.7914677011966704
Poison Loss:  1.9637549146622746e-06
------ Step 55100 ------
MLM Loss:  1.7883922147750855
Poison Loss:  6.989747331687113e-07
------ Step 55200 ------
MLM Loss:  1.7843079042434693
Poison Loss:  2.1844171083529317e-07
------ Step 55300 ------
MLM Loss:  1.7783792901039124
Poison Loss:  1.2646218292644562e-06
------ Step 55400 ------
MLM Loss:  1.7929138481616973
Poison Loss:  4.421886226069205e-07
------ Step 55500 ------
MLM Loss:  1.7787153160572051
Poison Loss:  2.478301998110055e-07
------ Step 55600 ------
MLM Loss:  1.7707572817802428
Poison Loss:  4.910468399899059e-07
