aa
<__main__.TextDataset object at 0x7f574e8aa5d0>
------ Step 100 ------
MLM Loss:  2.2341809928417207
Poison Loss:  1.0345693457126617
------ Step 200 ------
MLM Loss:  2.069322601556778
Poison Loss:  1.0099166584014894
------ Step 300 ------
MLM Loss:  2.0473278307914735
Poison Loss:  0.9941684293746949
------ Step 400 ------
MLM Loss:  2.0222714877128602
Poison Loss:  0.3665411107614636
------ Step 500 ------
MLM Loss:  2.009263676404953
Poison Loss:  0.01473790881689638
------ Step 600 ------
MLM Loss:  2.007778677940369
Poison Loss:  0.00481464788550511
------ Step 700 ------
MLM Loss:  1.9867709910869598
Poison Loss:  0.003913363446481526
------ Step 800 ------
MLM Loss:  1.9867821061611175
Poison Loss:  0.002440013206796721
------ Step 900 ------
MLM Loss:  1.9533286583423615
Poison Loss:  0.0023440666031092406
------ Step 1000 ------
MLM Loss:  1.968228349685669
Poison Loss:  0.001833629129687324
------ Step 1100 ------
MLM Loss:  1.9609560358524323
Poison Loss:  0.0015172241348773241
------ Step 1200 ------
MLM Loss:  1.956502923965454
Poison Loss:  0.0009838243440026418
------ Step 1300 ------
MLM Loss:  1.9511384081840515
Poison Loss:  0.0009682420350145549
------ Step 1400 ------
MLM Loss:  1.94747567653656
Poison Loss:  0.0008027138444595039
------ Step 1500 ------
MLM Loss:  1.9404137432575226
Poison Loss:  0.0007653898233547806
------ Step 1600 ------
MLM Loss:  1.957638281583786
Poison Loss:  0.0006716199230868369
------ Step 1700 ------
MLM Loss:  1.9351305735111237
Poison Loss:  0.0008048709621652961
------ Step 1800 ------
MLM Loss:  1.9207291054725646
Poison Loss:  0.000576259113731794
------ Step 1900 ------
MLM Loss:  1.9265538990497588
Poison Loss:  0.0005311056642676704
------ Step 2000 ------
MLM Loss:  1.9273954355716705
Poison Loss:  0.0008168450085213408
------ Step 2100 ------
MLM Loss:  1.9164937806129456
Poison Loss:  0.0006922825178480707
------ Step 2200 ------
MLM Loss:  1.9102093708515167
Poison Loss:  0.0008231725275982171
------ Step 2300 ------
MLM Loss:  1.9348896217346192
Poison Loss:  0.0006421534865512512
------ Step 2400 ------
MLM Loss:  1.9113198721408844
Poison Loss:  0.0008174022368621081
------ Step 2500 ------
MLM Loss:  1.899944669008255
Poison Loss:  0.0005252571671735495
------ Step 2600 ------
MLM Loss:  1.8967421388626098
Poison Loss:  0.00038549852644791826
------ Step 2700 ------
MLM Loss:  1.9072958707809449
Poison Loss:  0.0006324923181091435
ab
<__main__.TextDataset object at 0x7f574e8af090>
------ Step 2800 ------
MLM Loss:  0.8395993447303772
Poison Loss:  0.0008389762908336707
------ Step 2900 ------
MLM Loss:  1.9896028792858125
Poison Loss:  0.00041211231306078846
------ Step 3000 ------
MLM Loss:  1.9848372888565065
Poison Loss:  9.669010032666847e-05
------ Step 3100 ------
MLM Loss:  1.9853119039535523
Poison Loss:  8.681300081661903e-05
------ Step 3200 ------
MLM Loss:  1.978643217086792
Poison Loss:  0.0004702062067372026
------ Step 3300 ------
MLM Loss:  1.9673067915439606
Poison Loss:  3.352502659254242e-05
------ Step 3400 ------
MLM Loss:  1.962076426744461
Poison Loss:  0.0005463039596725139
------ Step 3500 ------
MLM Loss:  1.9493447041511536
Poison Loss:  0.00022967033012719185
------ Step 3600 ------
MLM Loss:  1.9532228016853332
Poison Loss:  0.0004701026024577004
------ Step 3700 ------
MLM Loss:  1.9559048783779145
Poison Loss:  3.3104081703640984e-05
------ Step 3800 ------
MLM Loss:  1.9614111006259918
Poison Loss:  0.00023152431502239778
------ Step 3900 ------
MLM Loss:  1.9355205845832826
Poison Loss:  0.00021213937760876432
------ Step 4000 ------
MLM Loss:  1.9547041189670562
Poison Loss:  1.4664213986179674e-05
------ Step 4100 ------
MLM Loss:  1.9217359411716461
Poison Loss:  1.4906292899468098e-05
------ Step 4200 ------
MLM Loss:  1.9373807048797607
Poison Loss:  2.2232827041079874e-05
------ Step 4300 ------
MLM Loss:  1.937356140613556
Poison Loss:  8.722788402337756e-06
------ Step 4400 ------
MLM Loss:  1.9252392995357512
Poison Loss:  0.00033566775822237106
------ Step 4500 ------
MLM Loss:  1.920467371940613
Poison Loss:  4.043253056352114e-05
------ Step 4600 ------
MLM Loss:  1.9186517202854156
Poison Loss:  0.00020330610876499123
------ Step 4700 ------
MLM Loss:  1.89704402923584
Poison Loss:  7.832124451851996e-06
------ Step 4800 ------
MLM Loss:  1.9188802099227906
Poison Loss:  7.241739141591098e-05
------ Step 4900 ------
MLM Loss:  1.890012775659561
Poison Loss:  6.9296295941967404e-06
------ Step 5000 ------
MLM Loss:  1.9121151423454286
Poison Loss:  0.0007689148230338106
------ Step 5100 ------
MLM Loss:  1.915337734222412
Poison Loss:  3.766092386740638e-05
------ Step 5200 ------
MLM Loss:  1.905661871433258
Poison Loss:  4.527879856595973e-05
------ Step 5300 ------
MLM Loss:  1.8891806757450105
Poison Loss:  1.653499229632871e-05
------ Step 5400 ------
MLM Loss:  1.892457410097122
Poison Loss:  1.2695710920525016e-05
------ Step 5500 ------
MLM Loss:  1.9012686359882354
Poison Loss:  0.0001127661811233338
ac
<__main__.TextDataset object at 0x7f577d4b1810>
------ Step 5600 ------
MLM Loss:  1.5561397910118102
Poison Loss:  0.0007338859753826909
------ Step 5700 ------
MLM Loss:  1.9949969255924225
Poison Loss:  0.00017439131743230974
------ Step 5800 ------
MLM Loss:  1.9949056589603424
Poison Loss:  9.949710365617648e-06
------ Step 5900 ------
MLM Loss:  1.9899909472465516
Poison Loss:  3.2864465683815066e-05
------ Step 6000 ------
MLM Loss:  1.984697368144989
Poison Loss:  0.0002357776013241164
------ Step 6100 ------
MLM Loss:  1.9714632499217988
Poison Loss:  8.295503305362217e-06
------ Step 6200 ------
MLM Loss:  1.9807403445243836
Poison Loss:  0.0005472949733507449
------ Step 6300 ------
MLM Loss:  1.9625051045417785
Poison Loss:  1.2059528096415306e-05
------ Step 6400 ------
MLM Loss:  1.9489864492416382
Poison Loss:  3.681819268194886e-05
------ Step 6500 ------
MLM Loss:  1.9628688788414002
Poison Loss:  2.0969025147223874e-05
------ Step 6600 ------
MLM Loss:  1.9613467347621918
Poison Loss:  4.556707947358518e-06
------ Step 6700 ------
MLM Loss:  1.9459037327766417
Poison Loss:  0.00020298117107131475
------ Step 6800 ------
MLM Loss:  1.9446726655960083
Poison Loss:  3.990668017195276e-06
------ Step 6900 ------
MLM Loss:  1.9567044353485108
Poison Loss:  1.2936973525938811e-05
------ Step 7000 ------
MLM Loss:  1.9321427214145661
Poison Loss:  4.012578997389937e-06
------ Step 7100 ------
MLM Loss:  1.9387532353401185
Poison Loss:  3.2006032029130438e-06
------ Step 7200 ------
MLM Loss:  1.926086596250534
Poison Loss:  0.00022002528605980843
------ Step 7300 ------
MLM Loss:  1.9325981068611144
Poison Loss:  3.2319498811830274e-05
------ Step 7400 ------
MLM Loss:  1.9204833650588988
Poison Loss:  1.5146874889069295e-05
------ Step 7500 ------
MLM Loss:  1.9174094676971436
Poison Loss:  1.7202570043082232e-05
------ Step 7600 ------
MLM Loss:  1.9154887688159943
Poison Loss:  7.949784665584048e-05
------ Step 7700 ------
MLM Loss:  1.906203911304474
Poison Loss:  2.411227594620868e-06
------ Step 7800 ------
MLM Loss:  1.9183862400054932
Poison Loss:  0.00029749247211157125
------ Step 7900 ------
MLM Loss:  1.918309932947159
Poison Loss:  0.00012503342884087943
------ Step 8000 ------
MLM Loss:  1.9084565830230713
Poison Loss:  1.4513028911551374e-05
------ Step 8100 ------
MLM Loss:  1.9130890345573426
Poison Loss:  2.4464282580538567e-06
------ Step 8200 ------
MLM Loss:  1.9116840517520906
Poison Loss:  2.506059033976271e-05
ad
<__main__.TextDataset object at 0x7f57e6fc2710>
------ Step 8300 ------
MLM Loss:  0.20257010579109191
Poison Loss:  0.0001586721109492828
------ Step 8400 ------
MLM Loss:  1.9670225739479066
Poison Loss:  0.0001693698902761298
------ Step 8500 ------
MLM Loss:  1.947732902765274
Poison Loss:  2.9688016377349412e-05
------ Step 8600 ------
MLM Loss:  1.9443089246749878
Poison Loss:  3.883431054418906e-06
------ Step 8700 ------
MLM Loss:  1.9461068785190583
Poison Loss:  2.2907992422460666e-06
------ Step 8800 ------
MLM Loss:  1.9378992903232575
Poison Loss:  1.1685310284974549e-05
------ Step 8900 ------
MLM Loss:  1.9141331470012666
Poison Loss:  0.00024384204418538503
------ Step 9000 ------
MLM Loss:  1.9225461316108703
Poison Loss:  1.5236743125797148e-05
------ Step 9100 ------
MLM Loss:  1.9224818885326385
Poison Loss:  2.577965133241378e-06
------ Step 9200 ------
MLM Loss:  1.919048169851303
Poison Loss:  4.510417454639537e-06
------ Step 9300 ------
MLM Loss:  1.9264442455768584
Poison Loss:  7.043763644105639e-06
------ Step 9400 ------
MLM Loss:  1.9151960337162017
Poison Loss:  0.00021250061264822763
------ Step 9500 ------
MLM Loss:  1.8939065861701965
Poison Loss:  3.3884632193803554e-06
------ Step 9600 ------
MLM Loss:  1.901005825996399
Poison Loss:  1.7110822170707251e-06
------ Step 9700 ------
MLM Loss:  1.9007494270801544
Poison Loss:  1.0564434963953318e-05
------ Step 9800 ------
MLM Loss:  1.898718181848526
Poison Loss:  1.9383256869787147e-06
------ Step 9900 ------
MLM Loss:  1.9050988531112671
Poison Loss:  0.00016318681585346438
------ Step 10000 ------
MLM Loss:  1.8863899183273316
Poison Loss:  2.048955369673422e-06
------ Step 10100 ------
MLM Loss:  1.88388552069664
Poison Loss:  2.823217631657826e-06
------ Step 10200 ------
MLM Loss:  1.889574317932129
Poison Loss:  4.3384646232880185e-06
------ Step 10300 ------
MLM Loss:  1.8862427127361299
Poison Loss:  1.1205289681015529e-05
------ Step 10400 ------
MLM Loss:  1.8798066198825836
Poison Loss:  6.300214614611832e-06
------ Step 10500 ------
MLM Loss:  1.8829136502742767
Poison Loss:  0.0002376208496355048
------ Step 10600 ------
MLM Loss:  1.8824906730651856
Poison Loss:  4.099155281664935e-06
------ Step 10700 ------
MLM Loss:  1.8775508248805999
Poison Loss:  2.6269040500892517e-06
------ Step 10800 ------
MLM Loss:  1.8657932376861572
Poison Loss:  4.874283800404555e-06
------ Step 10900 ------
MLM Loss:  1.8710718047618866
Poison Loss:  2.1355880676310336e-06
------ Step 11000 ------
MLM Loss:  1.8721359610557555
Poison Loss:  0.0001756703416702976
ae
<__main__.TextDataset object at 0x7f57e6c69fd0>
------ Step 11100 ------
MLM Loss:  0.9606604468822479
Poison Loss:  3.903542194620968e-06
------ Step 11200 ------
MLM Loss:  1.9654677522182464
Poison Loss:  0.00015827846540332756
------ Step 11300 ------
MLM Loss:  1.9545088636875152
Poison Loss:  9.520541099504954e-05
------ Step 11400 ------
MLM Loss:  1.943729658126831
Poison Loss:  2.5252979634160513e-06
------ Step 11500 ------
MLM Loss:  1.93017680644989
Poison Loss:  1.6654146469363697e-05
------ Step 11600 ------
MLM Loss:  1.9342275607585906
Poison Loss:  1.7131499856759546e-06
------ Step 11700 ------
MLM Loss:  1.923495740890503
Poison Loss:  0.0002921236906752256
------ Step 11800 ------
MLM Loss:  1.9130165255069733
Poison Loss:  4.5800869321510616e-06
------ Step 11900 ------
MLM Loss:  1.9224867665767669
Poison Loss:  9.404785977267238e-06
------ Step 12000 ------
MLM Loss:  1.8978969740867615
Poison Loss:  2.421232763936132e-06
------ Step 12100 ------
MLM Loss:  1.9130724596977233
Poison Loss:  7.936752691762195e-05
------ Step 12200 ------
MLM Loss:  1.909222459793091
Poison Loss:  0.00017031048333990384
------ Step 12300 ------
MLM Loss:  1.898495168685913
Poison Loss:  9.992830581495581e-07
------ Step 12400 ------
MLM Loss:  1.9114467096328736
Poison Loss:  7.591181599764241e-06
------ Step 12500 ------
MLM Loss:  1.887893705368042
Poison Loss:  1.3423948422541797e-06
------ Step 12600 ------
MLM Loss:  1.8913264298439025
Poison Loss:  9.200226645589283e-07
------ Step 12700 ------
MLM Loss:  1.8901734590530395
Poison Loss:  5.999279761851994e-05
------ Step 12800 ------
MLM Loss:  1.8823273396492004
Poison Loss:  9.679170557319593e-06
------ Step 12900 ------
MLM Loss:  1.8829531967639923
Poison Loss:  1.230050299341201e-06
------ Step 13000 ------
MLM Loss:  1.8757431674003602
Poison Loss:  2.5989885105559552e-06
------ Step 13100 ------
MLM Loss:  1.875716141462326
Poison Loss:  2.835270517579147e-05
------ Step 13200 ------
MLM Loss:  1.8682034754753112
Poison Loss:  1.2016972758033263e-06
------ Step 13300 ------
MLM Loss:  1.88434077501297
Poison Loss:  9.63306182225665e-05
------ Step 13400 ------
MLM Loss:  1.8729577362537384
Poison Loss:  6.060845398110359e-06
------ Step 13500 ------
MLM Loss:  1.880134780406952
Poison Loss:  1.3331361296309297e-06
------ Step 13600 ------
MLM Loss:  1.857643311023712
Poison Loss:  4.244406412681201e-06
------ Step 13700 ------
MLM Loss:  1.8510820913314818
Poison Loss:  7.946336453358071e-05
------ Step 13800 ------
MLM Loss:  1.8691719710826873
Poison Loss:  2.0813073484760027e-06
af
<__main__.TextDataset object at 0x7f57e6ee9ad0>
------ Step 13900 ------
MLM Loss:  1.7273127949237823
Poison Loss:  0.00023644004305992895
------ Step 14000 ------
MLM Loss:  1.9143974947929383
Poison Loss:  7.350401452299593e-06
------ Step 14100 ------
MLM Loss:  1.9135657632350922
Poison Loss:  1.0848525607798364e-06
------ Step 14200 ------
MLM Loss:  1.9146867108345031
Poison Loss:  1.5297443928830035e-06
------ Step 14300 ------
MLM Loss:  1.9134639370441437
Poison Loss:  1.8362959960995794e-05
------ Step 14400 ------
MLM Loss:  1.906376643180847
Poison Loss:  2.1295418084434913e-05
------ Step 14500 ------
MLM Loss:  1.904531444311142
Poison Loss:  0.0003924196398460822
------ Step 14600 ------
MLM Loss:  1.8979263663291932
Poison Loss:  0.00011175792217102298
------ Step 14700 ------
MLM Loss:  1.8957380509376527
Poison Loss:  6.915618822915803e-06
------ Step 14800 ------
MLM Loss:  1.8761360919475556
Poison Loss:  4.146432266338706e-06
------ Step 14900 ------
MLM Loss:  1.8806663465499878
Poison Loss:  8.494455609849183e-05
------ Step 15000 ------
MLM Loss:  1.8604236721992493
Poison Loss:  9.075668833702367e-07
------ Step 15100 ------
MLM Loss:  1.8760014402866363
Poison Loss:  1.178015401990251e-06
------ Step 15200 ------
MLM Loss:  1.8701022315025329
Poison Loss:  7.830384846556627e-06
------ Step 15300 ------
MLM Loss:  1.858176451921463
Poison Loss:  1.2052330569645164e-06
------ Step 15400 ------
MLM Loss:  1.861780949831009
Poison Loss:  5.793847495283444e-07
------ Step 15500 ------
MLM Loss:  1.8670586824417115
Poison Loss:  5.875572348884361e-05
------ Step 15600 ------
MLM Loss:  1.846009645462036
Poison Loss:  0.00019249986797774453
------ Step 15700 ------
MLM Loss:  1.8490808510780334
Poison Loss:  9.030762910811063e-07
------ Step 15800 ------
MLM Loss:  1.8397102522850037
Poison Loss:  7.076104992620458e-07
------ Step 15900 ------
MLM Loss:  1.8482752776145934
Poison Loss:  7.017671970288575e-07
------ Step 16000 ------
MLM Loss:  1.8443545556068421
Poison Loss:  6.740009022109916e-05
------ Step 16100 ------
MLM Loss:  1.8421359980106353
Poison Loss:  9.572724275130895e-07
------ Step 16200 ------
MLM Loss:  1.8373714661598206
Poison Loss:  1.2210815441449085e-06
------ Step 16300 ------
MLM Loss:  1.8349178767204284
Poison Loss:  1.2331063803117104e-06
------ Step 16400 ------
MLM Loss:  1.833524864912033
Poison Loss:  7.396083225330586e-07
------ Step 16500 ------
MLM Loss:  1.8276286590099335
Poison Loss:  4.882067456179584e-05
ag
<__main__.TextDataset object at 0x7f57e6fc2710>
------ Step 16600 ------
MLM Loss:  0.1377406573295593
Poison Loss:  2.0727419013155667e-06
------ Step 16700 ------
MLM Loss:  2.002283012866974
Poison Loss:  8.103595261928832e-05
------ Step 16800 ------
MLM Loss:  1.979589537382126
Poison Loss:  1.1266068705140241e-06
------ Step 16900 ------
MLM Loss:  1.9799590039253234
Poison Loss:  1.0565330569534127e-06
------ Step 17000 ------
MLM Loss:  1.9754736948013305
Poison Loss:  1.2900480618327493e-06
------ Step 17100 ------
MLM Loss:  1.9608152139186859
Poison Loss:  2.7653875591227005e-06
------ Step 17200 ------
MLM Loss:  1.9722067964076997
Poison Loss:  9.260164660929604e-05
------ Step 17300 ------
MLM Loss:  1.9678571569919585
Poison Loss:  3.1342405617351688e-06
------ Step 17400 ------
MLM Loss:  1.9636090970039368
Poison Loss:  2.5190695546939424e-06
------ Step 17500 ------
MLM Loss:  1.9569726657867432
Poison Loss:  2.1597074396595416e-06
------ Step 17600 ------
MLM Loss:  1.9420402979850768
Poison Loss:  1.363510737917295e-06
------ Step 17700 ------
MLM Loss:  1.9495966374874114
Poison Loss:  4.323403362747058e-05
------ Step 17800 ------
MLM Loss:  1.9577795088291168
Poison Loss:  8.911598996803604e-05
------ Step 17900 ------
MLM Loss:  1.9362334525585174
Poison Loss:  2.9657610460276374e-06
------ Step 18000 ------
MLM Loss:  1.9366427063941956
Poison Loss:  1.2705565097803628e-06
------ Step 18100 ------
MLM Loss:  1.920983725786209
Poison Loss:  9.624563142551778e-07
------ Step 18200 ------
MLM Loss:  1.944528398513794
Poison Loss:  2.1522088746905865e-06
------ Step 18300 ------
MLM Loss:  1.9273348510265351
Poison Loss:  1.3017145567175704e-05
------ Step 18400 ------
MLM Loss:  1.9252717292308807
Poison Loss:  1.1732754430227033e-06
------ Step 18500 ------
MLM Loss:  1.9083137953281402
Poison Loss:  7.027270137882624e-07
------ Step 18600 ------
MLM Loss:  1.9186535000801086
Poison Loss:  6.899319902231582e-07
------ Step 18700 ------
MLM Loss:  1.9040625
Poison Loss:  9.444222089882715e-07
------ Step 18800 ------
MLM Loss:  1.9107437455654144
Poison Loss:  1.3332375683035025e-05
------ Step 18900 ------
MLM Loss:  1.9045780408382416
Poison Loss:  1.0064795756647982e-06
------ Step 19000 ------
MLM Loss:  1.914749014377594
Poison Loss:  6.384547009474773e-07
------ Step 19100 ------
MLM Loss:  1.8898928558826447
Poison Loss:  5.268561588707144e-06
------ Step 19200 ------
MLM Loss:  1.91093266248703
Poison Loss:  3.1529743571923063e-06
------ Step 19300 ------
MLM Loss:  1.91337717294693
Poison Loss:  2.4571907206905053e-05
ah
<__main__.TextDataset object at 0x7f578c740c90>
------ Step 19400 ------
MLM Loss:  0.6050549066066742
Poison Loss:  4.500672292948593e-06
------ Step 19500 ------
MLM Loss:  1.9280913436412812
Poison Loss:  3.1154275515632434e-06
------ Step 19600 ------
MLM Loss:  1.9217336440086366
Poison Loss:  5.049939760226607e-07
------ Step 19700 ------
MLM Loss:  1.914968956708908
Poison Loss:  3.199743082404893e-07
------ Step 19800 ------
MLM Loss:  1.906305593252182
Poison Loss:  7.26323041291721e-06
------ Step 19900 ------
MLM Loss:  1.8919786214828491
Poison Loss:  3.787058376758523e-07
------ Step 20000 ------
MLM Loss:  1.8962608063220978
Poison Loss:  0.0002924679565310839
------ Step 20100 ------
MLM Loss:  1.8797992277145386
Poison Loss:  6.162733409098564e-07
------ Step 20200 ------
MLM Loss:  1.8876034724712372
Poison Loss:  3.3590728421017957e-06
------ Step 20300 ------
MLM Loss:  1.8581794607639313
Poison Loss:  1.052823465528263e-06
------ Step 20400 ------
MLM Loss:  1.8762886500358582
Poison Loss:  0.0001127804309635394
------ Step 20500 ------
MLM Loss:  1.870729727745056
Poison Loss:  4.9930639007982336e-05
------ Step 20600 ------
MLM Loss:  1.868332152366638
Poison Loss:  3.953710165092162e-06
------ Step 20700 ------
MLM Loss:  1.8746162021160127
Poison Loss:  2.504040203916702e-06
------ Step 20800 ------
MLM Loss:  1.8511876726150513
Poison Loss:  6.479026045553837e-06
------ Step 20900 ------
MLM Loss:  1.8596248745918273
Poison Loss:  9.303539840743724e-07
------ Step 21000 ------
MLM Loss:  1.8575487005710603
Poison Loss:  2.818484731335502e-05
------ Step 21100 ------
MLM Loss:  1.8490075063705445
Poison Loss:  8.791447584144408e-07
------ Step 21200 ------
MLM Loss:  1.8347466790676117
Poison Loss:  1.7849218454557558e-06
------ Step 21300 ------
MLM Loss:  1.8352588593959809
Poison Loss:  1.0115011491507175e-06
------ Step 21400 ------
MLM Loss:  1.8450297927856445
Poison Loss:  1.7046061553429582e-05
------ Step 21500 ------
MLM Loss:  1.8300800216197968
Poison Loss:  8.242765176191824e-07
------ Step 21600 ------
MLM Loss:  1.843612699508667
Poison Loss:  2.2544282684577866e-06
------ Step 21700 ------
MLM Loss:  1.840577139854431
Poison Loss:  1.9553538361094525e-05
------ Step 21800 ------
MLM Loss:  1.8419150412082672
Poison Loss:  1.4259364046154132e-06
------ Step 21900 ------
MLM Loss:  1.8348142254352569
Poison Loss:  8.589647724477345e-07
------ Step 22000 ------
MLM Loss:  1.8300231313705444
Poison Loss:  9.403207017783189e-05
------ Step 22100 ------
MLM Loss:  1.8219247174263
Poison Loss:  5.054044460450769e-07
ai
<__main__.TextDataset object at 0x7f577d4acc50>
------ Step 22200 ------
MLM Loss:  1.093024343252182
Poison Loss:  3.5077083452961234e-07
------ Step 22300 ------
MLM Loss:  1.9266154944896698
Poison Loss:  8.168922460356499e-06
------ Step 22400 ------
MLM Loss:  1.9406325602531433
Poison Loss:  1.026011885301159e-06
------ Step 22500 ------
MLM Loss:  1.9304610872268677
Poison Loss:  5.050217885127495e-07
------ Step 22600 ------
MLM Loss:  1.9348437261581422
Poison Loss:  8.319165775390048e-06
------ Step 22700 ------
MLM Loss:  1.9200222539901732
Poison Loss:  5.780093408702669e-07
------ Step 22800 ------
MLM Loss:  1.9097624182701112
Poison Loss:  4.7120904737028015e-05
------ Step 22900 ------
MLM Loss:  1.9160002088546753
Poison Loss:  7.873576242900527e-07
------ Step 23000 ------
MLM Loss:  1.9111781239509582
Poison Loss:  1.2710041109187386e-05
------ Step 23100 ------
MLM Loss:  1.9042911589145661
Poison Loss:  3.318528607110238e-07
------ Step 23200 ------
MLM Loss:  1.9020494687557221
Poison Loss:  4.1901043104530797e-07
------ Step 23300 ------
MLM Loss:  1.895698573589325
Poison Loss:  4.268113533001383e-05
------ Step 23400 ------
MLM Loss:  1.8982413876056672
Poison Loss:  6.584952198807059e-07
------ Step 23500 ------
MLM Loss:  1.8784212934970856
Poison Loss:  9.471896365198518e-06
------ Step 23600 ------
MLM Loss:  1.8857775020599366
Poison Loss:  1.2612247094523355e-06
------ Step 23700 ------
MLM Loss:  1.8848390579223633
Poison Loss:  7.686966462472355e-07
------ Step 23800 ------
MLM Loss:  1.8855827367305755
Poison Loss:  8.781540457505344e-06
------ Step 23900 ------
MLM Loss:  1.8726324248313904
Poison Loss:  8.482959622426733e-06
------ Step 24000 ------
MLM Loss:  1.863550832271576
Poison Loss:  1.537884920182364e-05
------ Step 24100 ------
MLM Loss:  1.8785715866088868
Poison Loss:  4.007249917776789e-06
------ Step 24200 ------
MLM Loss:  1.8643146240711213
Poison Loss:  4.797346536989266e-05
------ Step 24300 ------
MLM Loss:  1.8670866191387177
Poison Loss:  7.884689514980891e-07
------ Step 24400 ------
MLM Loss:  1.8572345209121703
Poison Loss:  2.11629671369451e-06
------ Step 24500 ------
MLM Loss:  1.8510067677497863
Poison Loss:  8.951486348962589e-07
------ Step 24600 ------
MLM Loss:  1.846105351448059
Poison Loss:  3.269290770901989e-07
------ Step 24700 ------
MLM Loss:  1.8559435057640075
Poison Loss:  8.020112484061315e-05
------ Step 24800 ------
MLM Loss:  1.8412059688568114
Poison Loss:  0.00011962139269236616
------ Step 24900 ------
MLM Loss:  1.8526396095752715
Poison Loss:  7.4797738390230965e-06
aj
<__main__.TextDataset object at 0x7f57e6c69fd0>
------ Step 25000 ------
MLM Loss:  1.6479626071453095
Poison Loss:  9.884038799157224e-07
------ Step 25100 ------
MLM Loss:  1.9020997130870818
Poison Loss:  5.637296504801271e-07
------ Step 25200 ------
MLM Loss:  1.894602062702179
Poison Loss:  5.09826870121799e-06
------ Step 25300 ------
MLM Loss:  1.8794994461536407
Poison Loss:  1.6979625048918478e-06
------ Step 25400 ------
MLM Loss:  1.8660880088806153
Poison Loss:  2.198097566861179e-05
------ Step 25500 ------
MLM Loss:  1.8425495266914367
Poison Loss:  2.3759403717349414e-07
------ Step 25600 ------
MLM Loss:  1.848144154548645
Poison Loss:  3.760938164468542e-05
------ Step 25700 ------
MLM Loss:  1.8486109709739684
Poison Loss:  2.6342836981996245e-07
------ Step 25800 ------
MLM Loss:  1.8392804229259492
Poison Loss:  3.7456773128496933e-07
------ Step 25900 ------
MLM Loss:  1.838058831691742
Poison Loss:  9.924539250505404e-07
------ Step 26000 ------
MLM Loss:  1.8341530466079712
Poison Loss:  6.265216188694467e-07
------ Step 26100 ------
MLM Loss:  1.8287003886699678
Poison Loss:  3.55308432119017e-05
------ Step 26200 ------
MLM Loss:  1.8315053582191467
Poison Loss:  2.413784322641277e-07
------ Step 26300 ------
MLM Loss:  1.8203945088386535
Poison Loss:  1.876085464402877e-07
------ Step 26400 ------
MLM Loss:  1.805754005908966
Poison Loss:  4.231368880169839e-07
------ Step 26500 ------
MLM Loss:  1.813563792705536
Poison Loss:  8.306813315073214e-07
------ Step 26600 ------
MLM Loss:  1.8149324548244476
Poison Loss:  2.3931956150846644e-06
------ Step 26700 ------
MLM Loss:  1.8158376717567444
Poison Loss:  9.520416754327243e-07
------ Step 26800 ------
MLM Loss:  1.7985570561885833
Poison Loss:  1.8366038727890554e-06
------ Step 26900 ------
MLM Loss:  1.7983732855319976
Poison Loss:  9.167886382499546e-07
------ Step 27000 ------
MLM Loss:  1.7944121181964874
Poison Loss:  1.5111340408680007e-06
------ Step 27100 ------
MLM Loss:  1.8130954813957214
Poison Loss:  5.599838794267952e-07
------ Step 27200 ------
MLM Loss:  1.8104705357551574
Poison Loss:  7.213520041894128e-05
------ Step 27300 ------
MLM Loss:  1.783266429901123
Poison Loss:  2.9944888034094676e-07
------ Step 27400 ------
MLM Loss:  1.8015724992752076
Poison Loss:  5.220973786634886e-07
------ Step 27500 ------
MLM Loss:  1.7878824496269226
Poison Loss:  3.055116015815429e-07
------ Step 27600 ------
MLM Loss:  1.7932075452804566
Poison Loss:  6.918596030615732e-05
------ Step 27700 ------
MLM Loss:  1.800219144821167
Poison Loss:  3.7126296238909616e-06
ak
<__main__.TextDataset object at 0x7f577cc56a50>
------ Step 27800 ------
MLM Loss:  0.9395727670192718
Poison Loss:  1.2647229098661227e-07
------ Step 27900 ------
MLM Loss:  1.9239672100543976
Poison Loss:  8.528909917515648e-07
------ Step 28000 ------
MLM Loss:  1.9211048328876494
Poison Loss:  4.590739865975024e-06
------ Step 28100 ------
MLM Loss:  1.9192817950248717
Poison Loss:  1.5865967839090445e-07
------ Step 28200 ------
MLM Loss:  1.9107749664783478
Poison Loss:  4.1012313836574774e-07
------ Step 28300 ------
MLM Loss:  1.8994478023052215
Poison Loss:  4.664955321231901e-07
------ Step 28400 ------
MLM Loss:  1.899182630777359
Poison Loss:  1.1949019130099714e-05
------ Step 28500 ------
MLM Loss:  1.8878851819038391
Poison Loss:  5.247270276953486e-07
------ Step 28600 ------
MLM Loss:  1.8939717304706574
Poison Loss:  1.7676991883277537e-05
------ Step 28700 ------
MLM Loss:  1.8736033463478088
Poison Loss:  1.9311540867761322e-07
------ Step 28800 ------
MLM Loss:  1.883973343372345
Poison Loss:  4.353038438864587e-07
------ Step 28900 ------
MLM Loss:  1.8782229578495027
Poison Loss:  5.278271788924371e-06
------ Step 29000 ------
MLM Loss:  1.876957310438156
Poison Loss:  5.378916343801165e-07
------ Step 29100 ------
MLM Loss:  1.8738713014125823
Poison Loss:  2.3026511463797306e-07
------ Step 29200 ------
MLM Loss:  1.8524915039539338
Poison Loss:  3.201792284102112e-07
------ Step 29300 ------
MLM Loss:  1.8837619721889496
Poison Loss:  1.8664172955595858e-07
------ Step 29400 ------
MLM Loss:  1.8692644393444062
Poison Loss:  3.6707962259185933e-07
------ Step 29500 ------
MLM Loss:  1.8597529971599578
Poison Loss:  2.2119008932435235e-05
------ Step 29600 ------
MLM Loss:  1.8542353916168213
Poison Loss:  7.63344881259087e-05
------ Step 29700 ------
MLM Loss:  1.8548955750465392
Poison Loss:  3.0605932241201118e-06
------ Step 29800 ------
MLM Loss:  1.8341154062747955
Poison Loss:  2.3660416746196233e-06
------ Step 29900 ------
MLM Loss:  1.8527178657054901
Poison Loss:  1.7633397249028348e-07
------ Step 30000 ------
MLM Loss:  1.8497498869895934
Poison Loss:  6.833979304019522e-06
------ Step 30100 ------
MLM Loss:  1.8379564654827119
Poison Loss:  8.117437521413251e-06
------ Step 30200 ------
MLM Loss:  1.8455936348438262
Poison Loss:  2.1215831910836869e-07
------ Step 30300 ------
MLM Loss:  1.8417679274082184
Poison Loss:  3.627149348517378e-07
------ Step 30400 ------
MLM Loss:  1.8293658423423766
Poison Loss:  1.2094583600230634e-05
------ Step 30500 ------
MLM Loss:  1.8451762092113495
Poison Loss:  1.5041840214280456e-07
al
<__main__.TextDataset object at 0x7f578c745450>
------ Step 30600 ------
MLM Loss:  1.373144373893738
Poison Loss:  3.622523958831891e-05
------ Step 30700 ------
MLM Loss:  1.8916716766357422
Poison Loss:  3.6239436184359875e-07
------ Step 30800 ------
MLM Loss:  1.8883487069606781
Poison Loss:  5.962556166849708e-07
------ Step 30900 ------
MLM Loss:  1.8761553263664246
Poison Loss:  2.719475836343577e-06
------ Step 31000 ------
MLM Loss:  1.877966477870941
Poison Loss:  5.111797865353651e-06
------ Step 31100 ------
MLM Loss:  1.8650882351398468
Poison Loss:  4.1112604336035476e-07
------ Step 31200 ------
MLM Loss:  1.8525597381591796
Poison Loss:  3.948700734426325e-06
------ Step 31300 ------
MLM Loss:  1.8675106811523436
Poison Loss:  6.390701589253922e-07
------ Step 31400 ------
MLM Loss:  1.8628154945373536
Poison Loss:  6.525936211687622e-07
------ Step 31500 ------
MLM Loss:  1.8362672555446624
Poison Loss:  4.749551899152493e-07
------ Step 31600 ------
MLM Loss:  1.838713984489441
Poison Loss:  1.3371673823314723e-06
------ Step 31700 ------
MLM Loss:  1.8562744772434234
Poison Loss:  9.213843134858735e-07
------ Step 31800 ------
MLM Loss:  1.849191267490387
Poison Loss:  2.7305380278619396e-07
------ Step 31900 ------
MLM Loss:  1.8464125096797943
Poison Loss:  6.888228256940465e-07
------ Step 32000 ------
MLM Loss:  1.832976485490799
Poison Loss:  8.048840677332691e-07
------ Step 32100 ------
MLM Loss:  1.8293669545650482
Poison Loss:  2.361361988079125e-07
------ Step 32200 ------
MLM Loss:  1.8356831610202788
Poison Loss:  4.008830723023493e-07
------ Step 32300 ------
MLM Loss:  1.827585391998291
Poison Loss:  6.643950677442945e-07
------ Step 32400 ------
MLM Loss:  1.8122798883914948
Poison Loss:  1.3149150896651918e-06
------ Step 32500 ------
MLM Loss:  1.815341705083847
Poison Loss:  2.59789773828345e-06
------ Step 32600 ------
MLM Loss:  1.80664315700531
Poison Loss:  5.688670102443894e-07
------ Step 32700 ------
MLM Loss:  1.8073885345458984
Poison Loss:  8.060525726989454e-06
------ Step 32800 ------
MLM Loss:  1.8111102449893952
Poison Loss:  3.573594929875412e-06
------ Step 32900 ------
MLM Loss:  1.8045068061351777
Poison Loss:  1.0036098845986885e-05
------ Step 33000 ------
MLM Loss:  1.805898883342743
Poison Loss:  6.457928265035662e-07
------ Step 33100 ------
MLM Loss:  1.8044517195224763
Poison Loss:  1.6709393705127695e-07
------ Step 33200 ------
MLM Loss:  1.8082611882686614
Poison Loss:  4.252835926834564e-05
------ Step 33300 ------
MLM Loss:  1.799332081079483
Poison Loss:  4.4411026453516914e-05
am
<__main__.TextDataset object at 0x7f577d4acc50>
------ Step 33400 ------
MLM Loss:  0.13043445229530334
Poison Loss:  2.0420137687438e-08
------ Step 33500 ------
MLM Loss:  1.886978005170822
Poison Loss:  2.214114466880801e-07
------ Step 33600 ------
MLM Loss:  1.8788794052600861
Poison Loss:  2.215764614348359e-06
------ Step 33700 ------
MLM Loss:  1.8791878199577332
Poison Loss:  2.0580614588467936e-05
------ Step 33800 ------
MLM Loss:  1.8692941868305206
Poison Loss:  2.2520311901530476e-07
------ Step 33900 ------
MLM Loss:  1.8663519847393035
Poison Loss:  3.874626626938493e-06
------ Step 34000 ------
MLM Loss:  1.8474936997890472
Poison Loss:  2.9515430489368556e-05
------ Step 34100 ------
MLM Loss:  1.8530051445960998
Poison Loss:  1.609171265322118e-06
------ Step 34200 ------
MLM Loss:  1.8467304587364197
Poison Loss:  5.211760381804708e-06
------ Step 34300 ------
MLM Loss:  1.838262368440628
Poison Loss:  3.82939372585156e-07
------ Step 34400 ------
MLM Loss:  1.851488996744156
Poison Loss:  5.058594130780137e-06
------ Step 34500 ------
MLM Loss:  1.8392327094078065
Poison Loss:  7.727808724595776e-06
------ Step 34600 ------
MLM Loss:  1.8229686176776887
Poison Loss:  1.4357019033184314e-07
------ Step 34700 ------
MLM Loss:  1.82033798456192
Poison Loss:  1.2701181244523242e-07
------ Step 34800 ------
MLM Loss:  1.8203186619281768
Poison Loss:  2.466204872675348e-07
------ Step 34900 ------
MLM Loss:  1.819774786233902
Poison Loss:  1.2596207432125084e-06
------ Step 35000 ------
MLM Loss:  1.8191880774497986
Poison Loss:  1.0921011384112944e-07
------ Step 35100 ------
MLM Loss:  1.8222369873523712
Poison Loss:  2.4909406075579455e-07
------ Step 35200 ------
MLM Loss:  1.8062600088119507
Poison Loss:  4.60198966010239e-07
------ Step 35300 ------
MLM Loss:  1.7959188449382781
Poison Loss:  6.071826179265827e-07
------ Step 35400 ------
MLM Loss:  1.7954170489311219
Poison Loss:  4.11130254853731e-07
------ Step 35500 ------
MLM Loss:  1.8074879384040832
Poison Loss:  2.1956825964508654e-07
------ Step 35600 ------
MLM Loss:  1.8036949110031129
Poison Loss:  7.983575492076511e-07
------ Step 35700 ------
MLM Loss:  1.8018755757808684
Poison Loss:  1.669982340146703e-07
------ Step 35800 ------
MLM Loss:  1.7992215633392334
Poison Loss:  5.451490486052534e-07
------ Step 35900 ------
MLM Loss:  1.79343399643898
Poison Loss:  2.1259677467355688e-07
------ Step 36000 ------
MLM Loss:  1.7841518080234529
Poison Loss:  3.2648258063510126e-05
------ Step 36100 ------
MLM Loss:  1.7892717146873474
Poison Loss:  2.73363475824695e-05
------ Step 36200 ------
MLM Loss:  1.7934976780414582
Poison Loss:  3.931052454785089e-05
an
<__main__.TextDataset object at 0x7f57e6c69fd0>
------ Step 36300 ------
MLM Loss:  0.9357036888599396
Poison Loss:  4.2635444745542375e-06
------ Step 36400 ------
MLM Loss:  1.9099163293838501
Poison Loss:  1.189098126275212e-07
------ Step 36500 ------
MLM Loss:  1.9294922876358032
Poison Loss:  9.457740926446689e-05
------ Step 36600 ------
MLM Loss:  1.9072427904605866
Poison Loss:  2.331595183591162e-07
------ Step 36700 ------
MLM Loss:  1.9050470221042632
Poison Loss:  3.8743553353981497e-07
------ Step 36800 ------
MLM Loss:  1.8973828279972076
Poison Loss:  4.4531500874356315e-06
------ Step 36900 ------
MLM Loss:  1.8899985182285308
Poison Loss:  1.6441634101020952e-05
------ Step 37000 ------
MLM Loss:  1.8982684528827667
Poison Loss:  1.513285419036947e-06
------ Step 37100 ------
MLM Loss:  1.905495934486389
Poison Loss:  2.2292637336462917e-06
------ Step 37200 ------
MLM Loss:  1.876858731508255
Poison Loss:  1.294282706609806e-07
------ Step 37300 ------
MLM Loss:  1.8883548736572267
Poison Loss:  6.1716529863886645e-06
------ Step 37400 ------
MLM Loss:  1.882108268737793
Poison Loss:  6.151019061917395e-07
------ Step 37500 ------
MLM Loss:  1.8638583934307098
Poison Loss:  1.2957852540296245e-07
------ Step 37600 ------
MLM Loss:  1.8503652167320253
Poison Loss:  2.7841888517343704e-07
------ Step 37700 ------
MLM Loss:  1.8570543587207795
Poison Loss:  0.00010998196460992204
------ Step 37800 ------
MLM Loss:  1.857205501794815
Poison Loss:  1.6095914091351914e-07
------ Step 37900 ------
MLM Loss:  1.8644741082191467
Poison Loss:  1.837210103161624e-07
------ Step 38000 ------
MLM Loss:  1.8643868708610534
Poison Loss:  3.2533851147320546e-07
------ Step 38100 ------
MLM Loss:  1.8502979815006255
Poison Loss:  1.9896784294815007e-07
------ Step 38200 ------
MLM Loss:  1.8591781234741211
Poison Loss:  3.585679719719792e-07
------ Step 38300 ------
MLM Loss:  1.8323099064826964
Poison Loss:  8.585391716913194e-06
------ Step 38400 ------
MLM Loss:  1.834091682434082
Poison Loss:  1.8116535354550934e-07
------ Step 38500 ------
MLM Loss:  1.8480838644504547
Poison Loss:  3.1192423524117883e-07
------ Step 38600 ------
MLM Loss:  1.8288485407829285
Poison Loss:  7.4588241168527245e-06
------ Step 38700 ------
MLM Loss:  1.8365056848526
Poison Loss:  2.1540642705986101e-07
------ Step 38800 ------
MLM Loss:  1.8264922857284547
Poison Loss:  3.3355259748901744e-07
------ Step 38900 ------
MLM Loss:  1.8370431900024413
Poison Loss:  2.5060205452085426e-05
------ Step 39000 ------
MLM Loss:  1.8258268928527832
Poison Loss:  1.2452231562321004e-07
ao
<__main__.TextDataset object at 0x7f577cc56a10>
------ Step 39100 ------
MLM Loss:  1.291360125541687
Poison Loss:  3.891815017414757e-05
------ Step 39200 ------
MLM Loss:  1.9819498729705811
Poison Loss:  7.617932630665791e-07
------ Step 39300 ------
MLM Loss:  1.9602537298202514
Poison Loss:  0.00040346025767874495
------ Step 39400 ------
MLM Loss:  1.9625909781455995
Poison Loss:  7.795098218821295e-07
------ Step 39500 ------
MLM Loss:  1.9650759053230287
Poison Loss:  9.332529809640278e-06
------ Step 39600 ------
MLM Loss:  1.9509526801109314
Poison Loss:  4.808744587414537e-06
------ Step 39700 ------
MLM Loss:  1.9529502987861633
Poison Loss:  1.9976688273750652e-05
------ Step 39800 ------
MLM Loss:  1.93698401927948
Poison Loss:  2.0335785418765796e-05
------ Step 39900 ------
MLM Loss:  1.9449540066719055
Poison Loss:  2.6793988539104418e-05
------ Step 40000 ------
MLM Loss:  1.9333338618278504
Poison Loss:  2.994433409853059e-07
------ Step 40100 ------
MLM Loss:  1.938408269882202
Poison Loss:  1.684406865720689e-06
------ Step 40200 ------
MLM Loss:  1.9131758463382722
Poison Loss:  1.900732943518335e-06
------ Step 40300 ------
MLM Loss:  1.9207388436794282
Poison Loss:  1.5442012788113857e-06
------ Step 40400 ------
MLM Loss:  1.9243058335781098
Poison Loss:  1.5939520314489642e-06
------ Step 40500 ------
MLM Loss:  1.9193706703186035
Poison Loss:  1.0200139817513331e-05
------ Step 40600 ------
MLM Loss:  1.9132569670677184
Poison Loss:  2.0510026153885975e-07
------ Step 40700 ------
MLM Loss:  1.8980113339424134
Poison Loss:  2.2100381027456706e-07
------ Step 40800 ------
MLM Loss:  1.897411801815033
Poison Loss:  3.947882824917315e-07
------ Step 40900 ------
MLM Loss:  1.8983876848220824
Poison Loss:  6.170116293802152e-07
------ Step 41000 ------
MLM Loss:  1.9052112376689911
Poison Loss:  2.5183109908759603e-05
------ Step 41100 ------
MLM Loss:  1.8931272804737092
Poison Loss:  1.5831631814009485e-05
------ Step 41200 ------
MLM Loss:  1.9036868739128112
Poison Loss:  1.6855240357216416e-07
------ Step 41300 ------
MLM Loss:  1.8958149027824402
Poison Loss:  3.942627011710442e-07
------ Step 41400 ------
MLM Loss:  1.8950112390518188
Poison Loss:  8.103826571925765e-07
------ Step 41500 ------
MLM Loss:  1.8856994593143463
Poison Loss:  1.1499857890413523e-05
------ Step 41600 ------
MLM Loss:  1.8850180947780608
Poison Loss:  4.6443987805844244e-07
------ Step 41700 ------
MLM Loss:  1.8710537028312684
Poison Loss:  7.260063235854375e-06
------ Step 41800 ------
MLM Loss:  1.8859971463680267
Poison Loss:  2.583876802955132e-05
ap
<__main__.TextDataset object at 0x7f5785f56490>
------ Step 41900 ------
MLM Loss:  1.5680664694309234
Poison Loss:  1.9862937104875301e-07
------ Step 42000 ------
MLM Loss:  1.9379638230800629
Poison Loss:  9.650440354391775e-08
------ Step 42100 ------
MLM Loss:  1.9255175387859345
Poison Loss:  8.002111531624223e-08
------ Step 42200 ------
MLM Loss:  1.9332912421226502
Poison Loss:  1.268765367967717e-07
------ Step 42300 ------
MLM Loss:  1.9305655360221863
Poison Loss:  5.957577782922386e-07
------ Step 42400 ------
MLM Loss:  1.9080972456932068
Poison Loss:  4.1285295854009974e-07
------ Step 42500 ------
MLM Loss:  1.9069744503498078
Poison Loss:  6.1598576204602295e-06
------ Step 42600 ------
MLM Loss:  1.9036738765239716
Poison Loss:  3.3612539384719753e-07
------ Step 42700 ------
MLM Loss:  1.9013486230373382
Poison Loss:  8.039928410852326e-07
------ Step 42800 ------
MLM Loss:  1.8962286722660064
Poison Loss:  3.9464860283295874e-05
------ Step 42900 ------
MLM Loss:  1.893263679742813
Poison Loss:  8.145762704039327e-06
------ Step 43000 ------
MLM Loss:  1.888405122756958
Poison Loss:  3.8239561892083887e-07
------ Step 43100 ------
MLM Loss:  1.8943036305904388
Poison Loss:  1.1158035214009487e-07
------ Step 43200 ------
MLM Loss:  1.8787261283397674
Poison Loss:  1.2245715932834855e-07
------ Step 43300 ------
MLM Loss:  1.8849373018741609
Poison Loss:  1.3628555471711935e-07
------ Step 43400 ------
MLM Loss:  1.895025086402893
Poison Loss:  1.106482994828184e-07
------ Step 43500 ------
MLM Loss:  1.86178497672081
Poison Loss:  5.393797285080382e-06
------ Step 43600 ------
MLM Loss:  1.8769167745113373
Poison Loss:  1.3461111907275836e-06
------ Step 43700 ------
MLM Loss:  1.8697922694683076
Poison Loss:  1.4144247071357085e-07
------ Step 43800 ------
MLM Loss:  1.8616336047649384
Poison Loss:  1.0033584747759505e-06
------ Step 43900 ------
MLM Loss:  1.8694598853588105
Poison Loss:  1.2093088082920645e-07
------ Step 44000 ------
MLM Loss:  1.8572988629341125
Poison Loss:  1.2485208493728807e-07
------ Step 44100 ------
MLM Loss:  1.8437949776649476
Poison Loss:  4.6507145736285336e-07
------ Step 44200 ------
MLM Loss:  1.8617492938041686
Poison Loss:  8.97870044447302e-08
------ Step 44300 ------
MLM Loss:  1.849037127494812
Poison Loss:  9.900622099934253e-08
------ Step 44400 ------
MLM Loss:  1.8444787323474885
Poison Loss:  7.314707506367313e-08
------ Step 44500 ------
MLM Loss:  1.8504798471927644
Poison Loss:  3.654784805693367e-05
aq
<__main__.TextDataset object at 0x7f57e6ee9ad0>
------ Step 44600 ------
MLM Loss:  0.01862553834915161
Poison Loss:  6.046983713758891e-10
------ Step 44700 ------
MLM Loss:  1.9176438689231872
Poison Loss:  1.8738309181998147e-06
------ Step 44800 ------
MLM Loss:  1.9036672914028168
Poison Loss:  9.73437859546067e-07
------ Step 44900 ------
MLM Loss:  1.9041847455501557
Poison Loss:  1.1966617550207559e-05
------ Step 45000 ------
MLM Loss:  1.9053254222869873
Poison Loss:  3.75736883491129e-07
------ Step 45100 ------
MLM Loss:  1.8964080154895782
Poison Loss:  8.801247574822923e-05
------ Step 45200 ------
MLM Loss:  1.8854256868362427
Poison Loss:  3.548799345765019e-07
------ Step 45300 ------
MLM Loss:  1.8787828385829926
Poison Loss:  1.7017283017715102e-05
------ Step 45400 ------
MLM Loss:  1.8749324584007263
Poison Loss:  2.1442588329350087e-05
------ Step 45500 ------
MLM Loss:  1.874798560142517
Poison Loss:  7.806868050863614e-07
------ Step 45600 ------
MLM Loss:  1.8743474674224854
Poison Loss:  9.08159899459804e-07
------ Step 45700 ------
MLM Loss:  1.8491057455539703
Poison Loss:  2.353358037865405e-07
------ Step 45800 ------
MLM Loss:  1.8546999192237854
Poison Loss:  1.6146057113530787e-07
------ Step 45900 ------
MLM Loss:  1.848512806892395
Poison Loss:  3.324340313071161e-07
------ Step 46000 ------
MLM Loss:  1.8537367737293244
Poison Loss:  1.3317786290656386e-07
------ Step 46100 ------
MLM Loss:  1.8448041880130768
Poison Loss:  4.1058227632007063e-07
------ Step 46200 ------
MLM Loss:  1.8494223821163178
Poison Loss:  4.4243195329585205e-07
------ Step 46300 ------
MLM Loss:  1.852277810573578
Poison Loss:  1.224521695775138e-07
------ Step 46400 ------
MLM Loss:  1.8365438306331634
Poison Loss:  5.561553462499091e-05
------ Step 46500 ------
MLM Loss:  1.8303076112270356
Poison Loss:  1.0299538558911082e-07
------ Step 46600 ------
MLM Loss:  1.8295177555084228
Poison Loss:  4.6393337964190097e-07
------ Step 46700 ------
MLM Loss:  1.8296407675743103
Poison Loss:  1.5688547927439345e-07
------ Step 46800 ------
MLM Loss:  1.8284241259098053
Poison Loss:  9.914067407024163e-08
------ Step 46900 ------
MLM Loss:  1.8267555332183838
Poison Loss:  1.144772221195467e-07
------ Step 47000 ------
MLM Loss:  1.8301427841186524
Poison Loss:  1.3629668064396582e-07
------ Step 47100 ------
MLM Loss:  1.8296926963329314
Poison Loss:  2.899855319071776e-07
------ Step 47200 ------
MLM Loss:  1.8257299530506135
Poison Loss:  1.1802611012967646e-07
------ Step 47300 ------
MLM Loss:  1.8279277861118317
Poison Loss:  3.8265312424865527e-05
------ Step 47400 ------
MLM Loss:  1.8295265293121339
Poison Loss:  4.1027470324195294e-07
ar
<__main__.TextDataset object at 0x7f577d528e10>
------ Step 47500 ------
MLM Loss:  1.9112338304519654
Poison Loss:  8.554269680161042e-08
------ Step 47600 ------
MLM Loss:  1.9304243648052215
Poison Loss:  6.932932675418613e-07
------ Step 47700 ------
MLM Loss:  1.937266867160797
Poison Loss:  6.987168952576894e-07
------ Step 47800 ------
MLM Loss:  1.9233689415454864
Poison Loss:  1.5122417803326017e-07
------ Step 47900 ------
MLM Loss:  1.9321643221378326
Poison Loss:  5.25489788945066e-07
------ Step 48000 ------
MLM Loss:  1.9053676915168762
Poison Loss:  6.909320676484754e-08
------ Step 48100 ------
MLM Loss:  1.9071502363681794
Poison Loss:  2.217155051553732e-06
------ Step 48200 ------
MLM Loss:  1.895146483182907
Poison Loss:  4.047490805021425e-06
------ Step 48300 ------
MLM Loss:  1.8880729722976684
Poison Loss:  9.432193350633611e-07
------ Step 48400 ------
MLM Loss:  1.8958595812320709
Poison Loss:  7.719755544961515e-06
------ Step 48500 ------
MLM Loss:  1.8875444054603576
Poison Loss:  3.3196017230530115e-06
------ Step 48600 ------
MLM Loss:  1.8980611228942872
Poison Loss:  6.590837511311066e-08
------ Step 48700 ------
MLM Loss:  1.8801620543003081
Poison Loss:  2.800255590607037e-07
------ Step 48800 ------
MLM Loss:  1.8787336075305938
Poison Loss:  2.0162862496064804e-07
------ Step 48900 ------
MLM Loss:  1.8708616602420807
Poison Loss:  1.653601348294842e-07
------ Step 49000 ------
MLM Loss:  1.87698867559433
Poison Loss:  5.6522191975716396e-08
------ Step 49100 ------
MLM Loss:  1.879089870452881
Poison Loss:  1.1056856495272882e-07
------ Step 49200 ------
MLM Loss:  1.8624185132980347
Poison Loss:  8.75263262578585e-08
------ Step 49300 ------
MLM Loss:  1.858947137594223
Poison Loss:  4.947339004068851e-07
------ Step 49400 ------
MLM Loss:  1.864009884595871
Poison Loss:  1.2691482702553714e-05
------ Step 49500 ------
MLM Loss:  1.860649948120117
Poison Loss:  1.0356859694304887e-06
------ Step 49600 ------
MLM Loss:  1.8564234280586243
Poison Loss:  9.7934547031997e-08
------ Step 49700 ------
MLM Loss:  1.8643831837177276
Poison Loss:  9.410233170470406e-08
------ Step 49800 ------
MLM Loss:  1.8703632593154906
Poison Loss:  9.664565416400705e-08
------ Step 49900 ------
MLM Loss:  1.8519409000873566
Poison Loss:  8.255025672809779e-08
------ Step 50000 ------
MLM Loss:  1.8472611212730408
Poison Loss:  8.885624634302758e-08
------ Step 50100 ------
MLM Loss:  1.8456535172462463
Poison Loss:  6.297720443425803e-05
as
<__main__.TextDataset object at 0x7f577d528210>
------ Step 50200 ------
MLM Loss:  0.7863194537162781
Poison Loss:  4.9862418851631675e-08
------ Step 50300 ------
MLM Loss:  1.9106473982334138
Poison Loss:  8.918015831760328e-07
------ Step 50400 ------
MLM Loss:  1.910330708026886
Poison Loss:  1.4878806659623933e-07
------ Step 50500 ------
MLM Loss:  1.902262933254242
Poison Loss:  9.829765172497673e-08
------ Step 50600 ------
MLM Loss:  1.8961871147155762
Poison Loss:  1.3998346887138524e-05
------ Step 50700 ------
MLM Loss:  1.9032303130626678
Poison Loss:  3.204713129889569e-07
------ Step 50800 ------
MLM Loss:  1.8783904147148132
Poison Loss:  4.2539804926633453e-07
------ Step 50900 ------
MLM Loss:  1.8801991975307464
Poison Loss:  1.0484974006175207e-05
------ Step 51000 ------
MLM Loss:  1.8782884418964385
Poison Loss:  4.0124800225527225e-07
------ Step 51100 ------
MLM Loss:  1.8725070095062255
Poison Loss:  2.8246943846355066e-06
------ Step 51200 ------
MLM Loss:  1.8747614693641663
Poison Loss:  2.8313228153109547e-07
------ Step 51300 ------
MLM Loss:  1.8577132523059845
Poison Loss:  0.00018652400785640566
------ Step 51400 ------
MLM Loss:  1.8462174487113954
Poison Loss:  6.795989918018109e-06
------ Step 51500 ------
MLM Loss:  1.861575711965561
Poison Loss:  1.945890207366574e-07
------ Step 51600 ------
MLM Loss:  1.8508880639076233
Poison Loss:  1.0772178462659099e-06
------ Step 51700 ------
MLM Loss:  1.8553642106056214
Poison Loss:  3.4634631012053775e-07
------ Step 51800 ------
MLM Loss:  1.8595717346668243
Poison Loss:  2.226153370799011e-07
------ Step 51900 ------
MLM Loss:  1.8282916486263274
Poison Loss:  1.9490653752285425e-07
------ Step 52000 ------
MLM Loss:  1.838443158864975
Poison Loss:  4.862792248641057e-06
------ Step 52100 ------
MLM Loss:  1.8365445411205292
Poison Loss:  7.170679528201162e-07
------ Step 52200 ------
MLM Loss:  1.8181219220161438
Poison Loss:  8.583442786758156e-08
------ Step 52300 ------
MLM Loss:  1.8354172718524933
Poison Loss:  5.764756481951849e-08
------ Step 52400 ------
MLM Loss:  1.825222750902176
Poison Loss:  7.98038108307253e-08
------ Step 52500 ------
MLM Loss:  1.8317798852920533
Poison Loss:  8.744486036604826e-08
------ Step 52600 ------
MLM Loss:  1.8211497497558593
Poison Loss:  2.0090206040812575e-06
------ Step 52700 ------
MLM Loss:  1.816880396604538
Poison Loss:  7.451393672752715e-08
------ Step 52800 ------
MLM Loss:  1.822144901752472
Poison Loss:  7.288645562525175e-05
------ Step 52900 ------
MLM Loss:  1.8133211421966553
Poison Loss:  8.382320332955828e-08
at
<__main__.TextDataset object at 0x7f5785f56490>
------ Step 53000 ------
MLM Loss:  1.2218456161022186
Poison Loss:  2.348862178180866e-07
------ Step 53100 ------
MLM Loss:  1.9044709813594818
Poison Loss:  1.0707206580917728e-07
------ Step 53200 ------
MLM Loss:  1.894982386827469
Poison Loss:  8.393118230465291e-07
------ Step 53300 ------
MLM Loss:  1.9066489028930664
Poison Loss:  1.0080260993916568e-07
------ Step 53400 ------
MLM Loss:  1.890439864397049
Poison Loss:  9.547309032242879e-08
------ Step 53500 ------
MLM Loss:  1.887480081319809
Poison Loss:  1.6155882752499907e-07
------ Step 53600 ------
MLM Loss:  1.8958798110485078
Poison Loss:  2.8760493999868686e-06
------ Step 53700 ------
MLM Loss:  1.8776765727996827
Poison Loss:  8.35325190173819e-08
------ Step 53800 ------
MLM Loss:  1.8776034474372865
Poison Loss:  1.6465045121698552e-05
------ Step 53900 ------
MLM Loss:  1.876633267402649
Poison Loss:  5.46856343319746e-08
------ Step 54000 ------
MLM Loss:  1.859477424621582
Poison Loss:  1.0205665056162161e-07
------ Step 54100 ------
MLM Loss:  1.8661644101142882
Poison Loss:  1.5195714499256497e-05
------ Step 54200 ------
MLM Loss:  1.8654858541488648
Poison Loss:  1.3963779233350237e-07
------ Step 54300 ------
MLM Loss:  1.8582853364944458
Poison Loss:  4.346229879104157e-08
------ Step 54400 ------
MLM Loss:  1.8528426206111908
Poison Loss:  5.400068358389021e-05
------ Step 54500 ------
MLM Loss:  1.8535130262374877
Poison Loss:  1.0593841285100325e-07
------ Step 54600 ------
MLM Loss:  1.8555354726314546
Poison Loss:  3.619153977219014e-07
------ Step 54700 ------
MLM Loss:  1.832829407453537
Poison Loss:  5.278294210597778e-07
------ Step 54800 ------
MLM Loss:  1.8464258444309234
Poison Loss:  3.7138071073172795e-06
------ Step 54900 ------
MLM Loss:  1.8411720740795134
Poison Loss:  1.174006468573907e-06
------ Step 55000 ------
MLM Loss:  1.836076956987381
Poison Loss:  1.1176476405694302e-07
------ Step 55100 ------
MLM Loss:  1.8273402488231658
Poison Loss:  1.194953100913665e-07
------ Step 55200 ------
MLM Loss:  1.847151279449463
Poison Loss:  1.2651277419450935e-07
------ Step 55300 ------
MLM Loss:  1.834937380552292
Poison Loss:  1.271090405374764e-07
------ Step 55400 ------
MLM Loss:  1.8427691185474395
Poison Loss:  1.3239671456943824e-07
------ Step 55500 ------
MLM Loss:  1.8360045635700226
Poison Loss:  1.0529855748231398e-07
------ Step 55600 ------
MLM Loss:  1.8220529735088349
Poison Loss:  2.4469791248034055e-05
au
<__main__.TextDataset object at 0x7f577d4b1810>
------ Step 55700 ------
MLM Loss:  0.01885003685951233
Poison Loss:  4.322741631312965e-10
------ Step 55800 ------
MLM Loss:  1.9159283280372619
Poison Loss:  3.6861519282282983e-07
------ Step 55900 ------
MLM Loss:  1.8928504061698914
Poison Loss:  1.9093280988258245e-07
------ Step 56000 ------
MLM Loss:  1.8918446350097655
Poison Loss:  2.609284349475161e-07
------ Step 56100 ------
MLM Loss:  1.8951798510551452
Poison Loss:  9.581612045703736e-06
------ Step 56200 ------
MLM Loss:  1.8988082933425903
Poison Loss:  1.6689496761337353e-05
------ Step 56300 ------
MLM Loss:  1.8820848977565765
Poison Loss:  9.729698238203355e-08
------ Step 56400 ------
MLM Loss:  1.8878698599338533
Poison Loss:  9.787140417092389e-06
------ Step 56500 ------
MLM Loss:  1.8846595919132232
Poison Loss:  2.4281606116538513e-06
------ Step 56600 ------
MLM Loss:  1.8634283304214478
Poison Loss:  9.921545839475244e-07
------ Step 56700 ------
MLM Loss:  1.8819153916835785
Poison Loss:  1.7394880926033807e-05
------ Step 56800 ------
MLM Loss:  1.8562733721733093
Poison Loss:  2.8348968964309054e-07
------ Step 56900 ------
MLM Loss:  1.8526602470874787
Poison Loss:  4.832099177676241e-08
------ Step 57000 ------
MLM Loss:  1.8484411072731017
Poison Loss:  2.096989555600004e-06
------ Step 57100 ------
MLM Loss:  1.843323210477829
Poison Loss:  4.948376766122919e-08
------ Step 57200 ------
MLM Loss:  1.8468648660182954
Poison Loss:  7.952171287683996e-08
------ Step 57300 ------
MLM Loss:  1.8479712045192718
Poison Loss:  5.4862683906975465e-08
------ Step 57400 ------
MLM Loss:  1.8388769567012786
Poison Loss:  1.3694829537058695e-07
------ Step 57500 ------
MLM Loss:  1.8450430417060852
Poison Loss:  1.0631343069888999e-07
------ Step 57600 ------
MLM Loss:  1.825392770767212
Poison Loss:  1.0899287634202892e-07
------ Step 57700 ------
MLM Loss:  1.846257268190384
Poison Loss:  1.2559918358512334e-06
------ Step 57800 ------
MLM Loss:  1.8275138330459595
Poison Loss:  6.530950310335015e-08
------ Step 57900 ------
MLM Loss:  1.8423059582710266
Poison Loss:  6.59862218022056e-08
------ Step 58000 ------
MLM Loss:  1.8428910815715789
Poison Loss:  5.0724434377258374e-08
------ Step 58100 ------
MLM Loss:  1.8401895582675933
Poison Loss:  3.493285661626544e-07
------ Step 58200 ------
MLM Loss:  1.8279707503318787
Poison Loss:  5.346465460576155e-08
------ Step 58300 ------
MLM Loss:  1.8207580590248107
Poison Loss:  8.348529235036039e-08
------ Step 58400 ------
MLM Loss:  1.8236478960514069
Poison Loss:  4.76687318279545e-06
av
<__main__.TextDataset object at 0x7f578c740c90>
------ Step 58500 ------
MLM Loss:  0.5951644015312195
Poison Loss:  2.421132227681255e-07
------ Step 58600 ------
MLM Loss:  1.924345531463623
Poison Loss:  7.411078680519267e-08
------ Step 58700 ------
MLM Loss:  1.90887974858284
Poison Loss:  9.736158148143658e-08
------ Step 58800 ------
MLM Loss:  1.9192504322528838
Poison Loss:  5.469324239726348e-08
------ Step 58900 ------
MLM Loss:  1.9162493288516997
Poison Loss:  6.265553486368702e-06
------ Step 59000 ------
MLM Loss:  1.8932266235351562
Poison Loss:  6.105413918433556e-08
------ Step 59100 ------
MLM Loss:  1.8965621149539948
Poison Loss:  1.0743503345267413e-06
------ Step 59200 ------
MLM Loss:  1.894037755727768
Poison Loss:  3.3420364673020233e-07
------ Step 59300 ------
MLM Loss:  1.8927692520618438
Poison Loss:  1.3161467738189714e-05
------ Step 59400 ------
MLM Loss:  1.8641199016571044
Poison Loss:  3.264290276092652e-06
------ Step 59500 ------
MLM Loss:  1.882557737827301
Poison Loss:  7.417018734301451e-07
------ Step 59600 ------
MLM Loss:  1.8682042574882507
Poison Loss:  1.5759460547215554e-07
------ Step 59700 ------
MLM Loss:  1.8636400020122528
Poison Loss:  6.197802196439283e-07
------ Step 59800 ------
MLM Loss:  1.8559567725658417
Poison Loss:  0.00014788860801477456
------ Step 59900 ------
MLM Loss:  1.8613586950302123
Poison Loss:  1.7526380467813853e-07
------ Step 60000 ------
MLM Loss:  1.859277960062027
Poison Loss:  1.9455781626120938e-06
------ Step 60100 ------
MLM Loss:  1.850651400089264
Poison Loss:  2.9643606687557165e-07
------ Step 60200 ------
MLM Loss:  1.8462276804447173
Poison Loss:  2.8741768172579894e-07
------ Step 60300 ------
MLM Loss:  1.8363910746574401
Poison Loss:  1.8957616937598232e-07
------ Step 60400 ------
MLM Loss:  1.8326334953308105
Poison Loss:  9.5970861600847e-07
------ Step 60500 ------
MLM Loss:  1.8404584014415741
Poison Loss:  1.5360391298457898e-07
------ Step 60600 ------
MLM Loss:  1.8407847881317139
Poison Loss:  1.783825917200943e-07
------ Step 60700 ------
MLM Loss:  1.8139481437206268
Poison Loss:  2.933549115624601e-07
------ Step 60800 ------
MLM Loss:  1.8413659369945525
Poison Loss:  5.551593029906598e-07
------ Step 60900 ------
MLM Loss:  1.834731298685074
Poison Loss:  1.1890686259228289e-05
------ Step 61000 ------
MLM Loss:  1.835183480978012
Poison Loss:  3.141710518406171e-07
------ Step 61100 ------
MLM Loss:  1.8312415897846221
Poison Loss:  6.787891125259904e-05
------ Step 61200 ------
MLM Loss:  1.8157330203056334
Poison Loss:  1.79320311879394e-07
aw
<__main__.TextDataset object at 0x7f577cc56a50>
------ Step 61300 ------
MLM Loss:  0.9972312116622924
Poison Loss:  1.0303497024466424e-07
------ Step 61400 ------
MLM Loss:  1.9029463505744935
Poison Loss:  4.702910422338391e-07
------ Step 61500 ------
MLM Loss:  1.8878225255012513
Poison Loss:  1.8323602842116315e-05
------ Step 61600 ------
MLM Loss:  1.8960670340061188
Poison Loss:  3.740979164135183e-07
------ Step 61700 ------
MLM Loss:  1.884455041885376
Poison Loss:  8.762427289354946e-07
------ Step 61800 ------
MLM Loss:  1.876789286136627
Poison Loss:  6.461611133676826e-06
------ Step 61900 ------
MLM Loss:  1.8636594915390015
Poison Loss:  6.862396901041734e-07
------ Step 62000 ------
MLM Loss:  1.8754205071926118
Poison Loss:  1.9046354626617301e-06
------ Step 62100 ------
MLM Loss:  1.8544815433025361
Poison Loss:  4.6766870829273446e-07
------ Step 62200 ------
MLM Loss:  1.8704186165332795
Poison Loss:  1.5235880833230907e-06
------ Step 62300 ------
MLM Loss:  1.8683100998401643
Poison Loss:  1.1180504317920281e-07
------ Step 62400 ------
MLM Loss:  1.8637953746318816
Poison Loss:  3.155614484739999e-07
------ Step 62500 ------
MLM Loss:  1.8500681877136231
Poison Loss:  2.222774786098114e-07
------ Step 62600 ------
MLM Loss:  1.8503456449508666
Poison Loss:  1.7979464891126896e-07
------ Step 62700 ------
MLM Loss:  1.8434704756736755
Poison Loss:  6.853503247583604e-08
------ Step 62800 ------
MLM Loss:  1.8380228936672212
Poison Loss:  1.3193401228406286e-07
------ Step 62900 ------
MLM Loss:  1.8446092176437379
Poison Loss:  3.4046732039882954e-07
------ Step 63000 ------
MLM Loss:  1.828026330471039
Poison Loss:  1.0378854031678486e-06
------ Step 63100 ------
MLM Loss:  1.833472511768341
Poison Loss:  1.103714830286151e-07
------ Step 63200 ------
MLM Loss:  1.8341940593719483
Poison Loss:  1.3824360541647707e-07
------ Step 63300 ------
MLM Loss:  1.8235718894004822
Poison Loss:  6.800968030518106e-08
------ Step 63400 ------
MLM Loss:  1.8278446292877197
Poison Loss:  4.587094206698339e-08
------ Step 63500 ------
MLM Loss:  1.8280302011966705
Poison Loss:  7.656867239802523e-08
------ Step 63600 ------
MLM Loss:  1.826570075750351
Poison Loss:  8.419249558855313e-08
------ Step 63700 ------
MLM Loss:  1.8008352875709535
Poison Loss:  6.980328702965721e-07
------ Step 63800 ------
MLM Loss:  1.8183873474597931
Poison Loss:  1.0989317514642493e-07
------ Step 63900 ------
MLM Loss:  1.807940446138382
Poison Loss:  6.24733240742259e-05
------ Step 64000 ------
MLM Loss:  1.8161907601356506
Poison Loss:  1.3226301955882037e-07
ax
<__main__.TextDataset object at 0x7f5785f56490>
------ Step 64100 ------
MLM Loss:  1.548030562400818
Poison Loss:  4.422829405825723e-08
------ Step 64200 ------
MLM Loss:  1.9074657738208771
Poison Loss:  6.843266457856601e-07
------ Step 64300 ------
MLM Loss:  1.9078571689128876
Poison Loss:  4.6823747332780384e-08
------ Step 64400 ------
MLM Loss:  1.902213716506958
Poison Loss:  5.4115315109015684e-08
------ Step 64500 ------
MLM Loss:  1.901581655740738
Poison Loss:  2.775967056223294e-07
------ Step 64600 ------
MLM Loss:  1.8858647227287293
Poison Loss:  4.6880042869901216e-08
------ Step 64700 ------
MLM Loss:  1.8980417406558991
Poison Loss:  1.602251545662625e-07
------ Step 64800 ------
MLM Loss:  1.8768986237049103
Poison Loss:  9.312623956073906e-05
------ Step 64900 ------
MLM Loss:  1.8801058626174927
Poison Loss:  2.9911872856658308e-06
------ Step 65000 ------
MLM Loss:  1.8678813922405242
Poison Loss:  5.1589345648750396e-08
------ Step 65100 ------
MLM Loss:  1.8625074136257171
Poison Loss:  7.655323113036516e-05
------ Step 65200 ------
MLM Loss:  1.8786245012283325
Poison Loss:  2.1106081815602806e-07
------ Step 65300 ------
MLM Loss:  1.8571998965740204
Poison Loss:  2.569348527181603e-07
------ Step 65400 ------
MLM Loss:  1.8581669652462005
Poison Loss:  6.059194609164819e-08
------ Step 65500 ------
MLM Loss:  1.8496510469913483
Poison Loss:  8.1354786125587e-08
------ Step 65600 ------
MLM Loss:  1.8565496516227722
Poison Loss:  4.847992334688911e-08
------ Step 65700 ------
MLM Loss:  1.846202211380005
Poison Loss:  2.234075679119485e-07
------ Step 65800 ------
MLM Loss:  1.851584700345993
Poison Loss:  4.38416594672475e-07
------ Step 65900 ------
MLM Loss:  1.8397545719146728
Poison Loss:  6.150331612886362e-08
------ Step 66000 ------
MLM Loss:  1.8436928462982178
Poison Loss:  7.73755610783411e-08
------ Step 66100 ------
MLM Loss:  1.8362043130397796
Poison Loss:  6.816384684249499e-08
------ Step 66200 ------
MLM Loss:  1.8455394220352173
Poison Loss:  4.0364012168225826e-08
------ Step 66300 ------
MLM Loss:  1.8396241247653962
Poison Loss:  6.921866539499888e-08
------ Step 66400 ------
MLM Loss:  1.8380827438831329
Poison Loss:  1.7863967086917398e-07
------ Step 66500 ------
MLM Loss:  1.8411281859874726
Poison Loss:  1.6826519798840423e-07
------ Step 66600 ------
MLM Loss:  1.8239646995067595
Poison Loss:  8.872424356098918e-08
------ Step 66700 ------
MLM Loss:  1.8337477612495423
Poison Loss:  7.659554354793485e-05
ay
<__main__.TextDataset object at 0x7f57e6c69fd0>
------ Step 66800 ------
MLM Loss:  0.03923474073410034
Poison Loss:  6.350920322972798e-10
------ Step 66900 ------
MLM Loss:  1.9144110488891601
Poison Loss:  7.142016713146404e-08
------ Step 67000 ------
MLM Loss:  1.9138658165931701
Poison Loss:  1.2836201045196562e-07
------ Step 67100 ------
MLM Loss:  1.9221755611896514
Poison Loss:  6.099135846149295e-08
------ Step 67200 ------
MLM Loss:  1.9105823934078217
Poison Loss:  8.975632630914277e-08
------ Step 67300 ------
MLM Loss:  1.899342087507248
Poison Loss:  5.166276326047381e-06
------ Step 67400 ------
MLM Loss:  1.888178596496582
Poison Loss:  3.79303888475846e-08
------ Step 67500 ------
MLM Loss:  1.8991104793548583
Poison Loss:  1.4848648834409062e-06
------ Step 67600 ------
MLM Loss:  1.879559131860733
Poison Loss:  2.698904734730334e-06
------ Step 67700 ------
MLM Loss:  1.87460808634758
Poison Loss:  2.0564865630312566e-06
------ Step 67800 ------
MLM Loss:  1.8673776841163636
Poison Loss:  1.5778887156869814e-06
------ Step 67900 ------
MLM Loss:  1.8671374905109406
Poison Loss:  1.1900055901570284e-07
------ Step 68000 ------
MLM Loss:  1.8542825341224671
Poison Loss:  1.230895707138302e-07
------ Step 68100 ------
MLM Loss:  1.8609787404537201
Poison Loss:  5.777570449616576e-08
------ Step 68200 ------
MLM Loss:  1.8616135847568511
Poison Loss:  1.924880906933879e-07
------ Step 68300 ------
MLM Loss:  1.842590514421463
Poison Loss:  2.588121485480599e-07
------ Step 68400 ------
MLM Loss:  1.8526792597770692
Poison Loss:  3.2093380587738805e-07
------ Step 68500 ------
MLM Loss:  1.8561751556396484
Poison Loss:  1.3010110566460399e-05
------ Step 68600 ------
MLM Loss:  1.8401020133495332
Poison Loss:  2.0683245130825867e-07
------ Step 68700 ------
MLM Loss:  1.8432903516292571
Poison Loss:  7.233642589810075e-08
------ Step 68800 ------
MLM Loss:  1.848634661436081
Poison Loss:  1.2496519666171935e-07
------ Step 68900 ------
MLM Loss:  1.8348965406417848
Poison Loss:  4.964424945175239e-07
------ Step 69000 ------
MLM Loss:  1.8244976806640625
Poison Loss:  6.33613278200329e-08
------ Step 69100 ------
MLM Loss:  1.8494556272029876
Poison Loss:  8.573771133946195e-08
------ Step 69200 ------
MLM Loss:  1.8381673502922058
Poison Loss:  6.39331275769095e-07
------ Step 69300 ------
MLM Loss:  1.8262508642673492
Poison Loss:  5.2109070427519554e-08
------ Step 69400 ------
MLM Loss:  1.8183061480522156
Poison Loss:  1.4366556176703683e-07
------ Step 69500 ------
MLM Loss:  1.8049078512191772
Poison Loss:  5.133041372236135e-06
az
<__main__.TextDataset object at 0x7f577d4ebf90>
------ Step 69600 ------
MLM Loss:  0.3441962993144989
Poison Loss:  3.252965384170636e-08
------ Step 69700 ------
MLM Loss:  1.884972208738327
Poison Loss:  1.2622131408512872e-07
------ Step 69800 ------
MLM Loss:  1.895603324174881
Poison Loss:  1.3013107504455946e-07
------ Step 69900 ------
MLM Loss:  1.8832530665397644
Poison Loss:  4.896718368563313e-08
------ Step 70000 ------
MLM Loss:  1.8846767377853393
Poison Loss:  4.3898024888910923e-07
------ Step 70100 ------
MLM Loss:  1.8795647156238555
Poison Loss:  4.329929928985621e-06
------ Step 70200 ------
MLM Loss:  1.872930210828781
Poison Loss:  2.5781761579857233e-07
------ Step 70300 ------
MLM Loss:  1.880655825138092
Poison Loss:  3.837766199055182e-08
------ Step 70400 ------
MLM Loss:  1.8678717243671417
Poison Loss:  1.0034524430935221e-07
------ Step 70500 ------
MLM Loss:  1.8609544003009797
Poison Loss:  3.456633501208728e-08
------ Step 70600 ------
MLM Loss:  1.8692468690872193
Poison Loss:  1.3346950417769676e-07
------ Step 70700 ------
MLM Loss:  1.844384388923645
Poison Loss:  1.5482730344018592e-07
------ Step 70800 ------
MLM Loss:  1.8410346388816834
Poison Loss:  2.6798584631393397e-08
------ Step 70900 ------
MLM Loss:  1.8417177641391753
Poison Loss:  2.59658861517309e-05
------ Step 71000 ------
MLM Loss:  1.8306880569458008
Poison Loss:  3.077864136891151e-08
------ Step 71100 ------
MLM Loss:  1.8424435830116273
Poison Loss:  4.8044699818561296e-08
------ Step 71200 ------
MLM Loss:  1.8560206162929536
Poison Loss:  3.5676052219102414e-08
------ Step 71300 ------
MLM Loss:  1.8275903916358949
Poison Loss:  4.8397631866592406e-08
------ Step 71400 ------
MLM Loss:  1.8356504881381988
Poison Loss:  4.5140222182382675e-08
------ Step 71500 ------
MLM Loss:  1.8504010951519012
Poison Loss:  9.203831073749669e-05
------ Step 71600 ------
MLM Loss:  1.8247896790504456
Poison Loss:  1.5476979704942552e-07
------ Step 71700 ------
MLM Loss:  1.8109644365310669
Poison Loss:  3.798713208880144e-08
------ Step 71800 ------
MLM Loss:  1.8302802705764771
Poison Loss:  4.041845069302496e-08
------ Step 71900 ------
MLM Loss:  1.8164043736457824
Poison Loss:  4.2879221835434575e-08
------ Step 72000 ------
MLM Loss:  1.816954070329666
Poison Loss:  1.0038878119900119e-07
------ Step 72100 ------
MLM Loss:  1.8236764299869537
Poison Loss:  2.465601181889099e-07
------ Step 72200 ------
MLM Loss:  1.8230198585987092
Poison Loss:  4.24846765056941e-08
------ Step 72300 ------
MLM Loss:  1.8190561902523041
Poison Loss:  4.295221665895355e-06
ba
<__main__.TextDataset object at 0x7f5785f4b990>
------ Step 72400 ------
MLM Loss:  0.7946424531936646
Poison Loss:  1.9848032941638395e-08
------ Step 72500 ------
MLM Loss:  1.87316299200058
Poison Loss:  8.319750513141599e-07
------ Step 72600 ------
MLM Loss:  1.8622221326828003
Poison Loss:  1.4187288241096497e-07
------ Step 72700 ------
MLM Loss:  1.8696769595146179
Poison Loss:  3.54947507162251e-06
------ Step 72800 ------
MLM Loss:  1.8546956086158752
Poison Loss:  8.325997000024898e-07
------ Step 72900 ------
MLM Loss:  1.8542542219161988
Poison Loss:  6.063984419490965e-08
------ Step 73000 ------
MLM Loss:  1.835989581346512
Poison Loss:  7.719402532568864e-07
------ Step 73100 ------
MLM Loss:  1.8322794759273529
Poison Loss:  6.25783338747965e-08
------ Step 73200 ------
MLM Loss:  1.8291902494430543
Poison Loss:  2.2064652221764902e-07
------ Step 73300 ------
MLM Loss:  1.8052690136432648
Poison Loss:  1.212397707117674e-07
------ Step 73400 ------
MLM Loss:  1.8336467397212983
Poison Loss:  1.250290152121636e-07
------ Step 73500 ------
MLM Loss:  1.8213649559020997
Poison Loss:  1.264360002029008e-07
------ Step 73600 ------
MLM Loss:  1.8066514253616333
Poison Loss:  5.808262451854063e-06
------ Step 73700 ------
MLM Loss:  1.8141708076000214
Poison Loss:  9.167241376051294e-07
------ Step 73800 ------
MLM Loss:  1.8091816556453706
Poison Loss:  3.9989677241614175e-07
------ Step 73900 ------
MLM Loss:  1.80831782579422
Poison Loss:  7.090524853481384e-08
------ Step 74000 ------
MLM Loss:  1.8168393993377685
Poison Loss:  7.779134486796124e-08
------ Step 74100 ------
MLM Loss:  1.784319907426834
Poison Loss:  2.886082625206399e-06
------ Step 74200 ------
MLM Loss:  1.7871328794956207
Poison Loss:  2.5411513371764726e-07
------ Step 74300 ------
MLM Loss:  1.7968019485473632
Poison Loss:  1.8276240373538144e-07
------ Step 74400 ------
MLM Loss:  1.7906905794143677
Poison Loss:  4.3617086422642614e-08
------ Step 74500 ------
MLM Loss:  1.769067577123642
Poison Loss:  1.3564612229899354e-07
------ Step 74600 ------
MLM Loss:  1.779548704624176
Poison Loss:  8.581380189554011e-08
------ Step 74700 ------
MLM Loss:  1.7857331395149232
Poison Loss:  8.975338529306321e-05
------ Step 74800 ------
MLM Loss:  1.7760028886795043
Poison Loss:  2.1777910403031342e-07
------ Step 74900 ------
MLM Loss:  1.782700914144516
Poison Loss:  8.139568479865744e-06
------ Step 75000 ------
MLM Loss:  1.7795480632781981
Poison Loss:  8.156692321348302e-06
------ Step 75100 ------
MLM Loss:  1.7796931397914886
Poison Loss:  1.1951560670908635e-07
bb
<__main__.TextDataset object at 0x7f578c745450>
------ Step 75200 ------
MLM Loss:  1.7430209040641784
Poison Loss:  1.9974321862292755e-07
------ Step 75300 ------
MLM Loss:  2.003249491453171
Poison Loss:  9.212760080146154e-08
------ Step 75400 ------
MLM Loss:  1.9771908473968507
Poison Loss:  2.409665694003138e-07
------ Step 75500 ------
MLM Loss:  1.9542740523815154
Poison Loss:  6.053797017457895e-07
------ Step 75600 ------
MLM Loss:  1.947502281665802
Poison Loss:  2.321237933244902e-06
------ Step 75700 ------
MLM Loss:  1.9236322271823882
Poison Loss:  2.679547817070471e-06
------ Step 75800 ------
MLM Loss:  1.9206882727146148
Poison Loss:  1.1951563243250974e-06
------ Step 75900 ------
MLM Loss:  1.9167263221740722
Poison Loss:  2.1573971135069313e-06
------ Step 76000 ------
MLM Loss:  1.9063727796077727
Poison Loss:  2.2871746846622186e-05
------ Step 76100 ------
MLM Loss:  1.8851116919517517
Poison Loss:  4.908046876650474e-07
------ Step 76200 ------
MLM Loss:  1.8765381097793579
Poison Loss:  1.3107289926850285e-06
------ Step 76300 ------
MLM Loss:  1.8644135236740111
Poison Loss:  1.4667393272205232e-06
------ Step 76400 ------
MLM Loss:  1.8792576837539672
Poison Loss:  2.5613678248603835e-07
------ Step 76500 ------
MLM Loss:  1.8548473012447357
Poison Loss:  5.401544226756983e-05
------ Step 76600 ------
MLM Loss:  1.8452428042888642
Poison Loss:  4.944048760080478e-07
------ Step 76700 ------
MLM Loss:  1.8564387118816377
Poison Loss:  3.68888149342439e-07
------ Step 76800 ------
MLM Loss:  1.8413089096546174
Poison Loss:  6.498663462828347e-07
------ Step 76900 ------
MLM Loss:  1.8181487202644349
Poison Loss:  2.347212878106575e-07
------ Step 77000 ------
MLM Loss:  1.8177116894721985
Poison Loss:  2.8724101547084047e-07
------ Step 77100 ------
MLM Loss:  1.8285037457942963
Poison Loss:  1.1464641700520417e-06
------ Step 77200 ------
MLM Loss:  1.8118289160728454
Poison Loss:  2.1830313302828584e-07
------ Step 77300 ------
MLM Loss:  1.8174510645866393
Poison Loss:  1.4037734063165886e-07
------ Step 77400 ------
MLM Loss:  1.820463832616806
Poison Loss:  2.393099101993812e-07
------ Step 77500 ------
MLM Loss:  1.8318334555625915
Poison Loss:  1.6006712267646605e-06
------ Step 77600 ------
MLM Loss:  1.821681514978409
Poison Loss:  1.233399825792958e-06
------ Step 77700 ------
MLM Loss:  1.8207497525215148
Poison Loss:  1.5650394358246444e-07
------ Step 77800 ------
MLM Loss:  1.7966246283054352
Poison Loss:  8.704632457570582e-05
------ Step 77900 ------
MLM Loss:  1.8064331126213073
Poison Loss:  3.718504571459391e-07
bc
<__main__.TextDataset object at 0x7f577cc56a10>
------ Step 78000 ------
MLM Loss:  0.6637404203414917
Poison Loss:  1.5065646797651765e-07
------ Step 78100 ------
MLM Loss:  1.901956284046173
Poison Loss:  7.187419274323758e-07
------ Step 78200 ------
MLM Loss:  1.8941840541362762
Poison Loss:  1.8515303949584448e-07
------ Step 78300 ------
MLM Loss:  1.8790284287929535
Poison Loss:  7.683876377839738e-08
------ Step 78400 ------
MLM Loss:  1.892469482421875
Poison Loss:  1.914131437672495e-06
------ Step 78500 ------
MLM Loss:  1.8730017280578612
Poison Loss:  6.401627009822165e-08
------ Step 78600 ------
MLM Loss:  1.860342572927475
Poison Loss:  3.504580787700107e-05
------ Step 78700 ------
MLM Loss:  1.871548694372177
Poison Loss:  4.4823654874903697e-07
------ Step 78800 ------
MLM Loss:  1.8622266936302185
Poison Loss:  3.4204383119629256e-07
------ Step 78900 ------
MLM Loss:  1.8629303002357482
Poison Loss:  1.7762948058042128e-06
------ Step 79000 ------
MLM Loss:  1.8578180825710298
Poison Loss:  1.4843575704581724e-07
------ Step 79100 ------
MLM Loss:  1.8675130009651184
Poison Loss:  7.149241129678075e-07
------ Step 79200 ------
MLM Loss:  1.8402187705039978
Poison Loss:  8.48981526591075e-08
------ Step 79300 ------
MLM Loss:  1.8383685326576233
Poison Loss:  1.1137249685155836e-06
------ Step 79400 ------
MLM Loss:  1.84291353225708
Poison Loss:  1.1796558295644743e-05
------ Step 79500 ------
MLM Loss:  1.8322541213035584
Poison Loss:  5.725182751881164e-08
------ Step 79600 ------
MLM Loss:  1.8486887860298156
Poison Loss:  2.740839360892977e-07
------ Step 79700 ------
MLM Loss:  1.80981663107872
Poison Loss:  1.9018465001074957e-07
------ Step 79800 ------
MLM Loss:  1.8291157913208007
Poison Loss:  1.03135896747375e-07
------ Step 79900 ------
MLM Loss:  1.8186501491069793
Poison Loss:  1.1276165993834297e-07
------ Step 80000 ------
MLM Loss:  1.8172527587413787
Poison Loss:  6.832462087658087e-08
------ Step 80100 ------
MLM Loss:  1.8220267391204834
Poison Loss:  5.6236767926876044e-08
------ Step 80200 ------
MLM Loss:  1.8188859498500825
Poison Loss:  7.819302461520294e-08
------ Step 80300 ------
MLM Loss:  1.8166019105911255
Poison Loss:  7.729954129231942e-08
------ Step 80400 ------
MLM Loss:  1.81269611120224
Poison Loss:  7.875154965031328e-07
------ Step 80500 ------
MLM Loss:  1.8142653715610504
Poison Loss:  6.868761007972069e-08
------ Step 80600 ------
MLM Loss:  1.8097348928451538
Poison Loss:  0.00011136403040254983
------ Step 80700 ------
MLM Loss:  1.8166256141662598
Poison Loss:  1.0449078451379989e-07
bd
<__main__.TextDataset object at 0x7f577d528210>
------ Step 80800 ------
MLM Loss:  1.312068326473236
Poison Loss:  1.0196005328921842e-07
------ Step 80900 ------
MLM Loss:  1.92570880651474
Poison Loss:  2.0298163348364539e-07
------ Step 81000 ------
MLM Loss:  1.904184958934784
Poison Loss:  1.9104035851924551e-07
------ Step 81100 ------
MLM Loss:  1.8954382252693176
Poison Loss:  2.7485935550686235e-07
------ Step 81200 ------
MLM Loss:  1.8759127235412598
Poison Loss:  3.117089816253582e-06
------ Step 81300 ------
MLM Loss:  1.8794193422794343
Poison Loss:  4.987731077932267e-08
------ Step 81400 ------
MLM Loss:  1.8708444786071778
Poison Loss:  3.0099651955595165e-06
------ Step 81500 ------
MLM Loss:  1.8640110528469085
Poison Loss:  8.848282744455815e-07
------ Step 81600 ------
MLM Loss:  1.8582450222969056
Poison Loss:  5.8528274313829345e-06
------ Step 81700 ------
MLM Loss:  1.8476277577877045
Poison Loss:  1.2607948976395278e-07
------ Step 81800 ------
MLM Loss:  1.8626131165027617
Poison Loss:  9.549774955193158e-06
------ Step 81900 ------
MLM Loss:  1.8502155661582946
Poison Loss:  6.443137243916652e-07
------ Step 82000 ------
MLM Loss:  1.848587920665741
Poison Loss:  1.4592563935877933e-07
------ Step 82100 ------
MLM Loss:  1.8294886183738708
Poison Loss:  1.3279781220258969e-05
------ Step 82200 ------
MLM Loss:  1.84096653342247
Poison Loss:  1.0275325802844294e-06
------ Step 82300 ------
MLM Loss:  1.841032999753952
Poison Loss:  6.29078349412282e-08
------ Step 82400 ------
MLM Loss:  1.8227882552146912
Poison Loss:  9.06651840004713e-08
------ Step 82500 ------
MLM Loss:  1.8101963555812837
Poison Loss:  6.529950016265219e-08
------ Step 82600 ------
MLM Loss:  1.8116279101371766
Poison Loss:  7.089964887185829e-08
------ Step 82700 ------
MLM Loss:  1.821065481901169
Poison Loss:  2.2995109515200342e-07
------ Step 82800 ------
MLM Loss:  1.821045857667923
Poison Loss:  4.2337700035588454e-07
------ Step 82900 ------
MLM Loss:  1.8212077701091767
Poison Loss:  7.5110657533628e-08
------ Step 83000 ------
MLM Loss:  1.8029568374156952
Poison Loss:  1.4412685730214037e-07
------ Step 83100 ------
MLM Loss:  1.815563782453537
Poison Loss:  2.84942646189279e-07
------ Step 83200 ------
MLM Loss:  1.8093857514858245
Poison Loss:  1.2774571610307818e-07
------ Step 83300 ------
MLM Loss:  1.7965550172328948
Poison Loss:  1.1435927532055246e-07
------ Step 83400 ------
MLM Loss:  1.8004381990432738
Poison Loss:  1.0570147740214253e-05
------ Step 83500 ------
MLM Loss:  1.8091545522212982
Poison Loss:  5.986551074776969e-07
be
<__main__.TextDataset object at 0x7f577d528e10>
------ Step 83600 ------
MLM Loss:  0.9940402734279633
Poison Loss:  2.0169586667506678e-08
------ Step 83700 ------
MLM Loss:  1.910917819738388
Poison Loss:  2.9550161840141697e-07
------ Step 83800 ------
MLM Loss:  1.9107527101039887
Poison Loss:  4.385703785512618e-05
------ Step 83900 ------
MLM Loss:  1.9159072947502136
Poison Loss:  9.28234851560461e-07
------ Step 84000 ------
MLM Loss:  1.8701463806629182
Poison Loss:  1.966682333698344e-07
------ Step 84100 ------
MLM Loss:  1.8895731270313263
Poison Loss:  1.0202377279888709e-07
------ Step 84200 ------
MLM Loss:  1.8699570000171661
Poison Loss:  8.274046930267787e-08
------ Step 84300 ------
MLM Loss:  1.8746759867668152
Poison Loss:  5.29459166376256e-08
------ Step 84400 ------
MLM Loss:  1.8756275928020478
Poison Loss:  1.309196955734393e-07
------ Step 84500 ------
MLM Loss:  1.8654181885719299
Poison Loss:  1.0298446331269418e-07
------ Step 84600 ------
MLM Loss:  1.8580729210376739
Poison Loss:  4.41256228800313e-07
------ Step 84700 ------
MLM Loss:  1.8505521512031555
Poison Loss:  1.9437029112445713e-07
------ Step 84800 ------
MLM Loss:  1.8595086538791656
Poison Loss:  1.2805023610340527e-07
------ Step 84900 ------
MLM Loss:  1.8565645158290862
Poison Loss:  1.091781792883495e-07
------ Step 85000 ------
MLM Loss:  1.8401586484909058
Poison Loss:  1.3757799059987975e-07
------ Step 85100 ------
MLM Loss:  1.8503292667865754
Poison Loss:  4.4284054299126296e-08
------ Step 85200 ------
MLM Loss:  1.8519301557540893
Poison Loss:  2.0279124723465714e-07
------ Step 85300 ------
MLM Loss:  1.8346678519248962
Poison Loss:  8.028372519675031e-08
------ Step 85400 ------
MLM Loss:  1.8279134571552276
Poison Loss:  5.872965877173897e-08
------ Step 85500 ------
MLM Loss:  1.8208873188495636
Poison Loss:  4.0507004129608503e-07
------ Step 85600 ------
MLM Loss:  1.8418053567409516
Poison Loss:  9.063323805680312e-06
------ Step 85700 ------
MLM Loss:  1.8114908802509309
Poison Loss:  1.2617913904833245e-07
------ Step 85800 ------
MLM Loss:  1.8428237318992615
Poison Loss:  3.8553229262383584e-07
------ Step 85900 ------
MLM Loss:  1.8314749157428742
Poison Loss:  2.4573139485006833e-07
------ Step 86000 ------
MLM Loss:  1.8246575927734374
Poison Loss:  2.7483355668600496e-07
------ Step 86100 ------
MLM Loss:  1.8230116951465607
Poison Loss:  5.694236195452618e-08
------ Step 86200 ------
MLM Loss:  1.8037816655635834
Poison Loss:  1.3172534346885812e-05
------ Step 86300 ------
MLM Loss:  1.8239464235305787
Poison Loss:  6.960455820603784e-07
bf
<__main__.TextDataset object at 0x7f578c740c90>
------ Step 86400 ------
MLM Loss:  1.4533152711391448
Poison Loss:  1.5593926258716806e-07
------ Step 86500 ------
MLM Loss:  1.864736671447754
Poison Loss:  1.1626148848087325e-07
------ Step 86600 ------
MLM Loss:  1.8629491221904755
Poison Loss:  1.775856483110516e-07
------ Step 86700 ------
MLM Loss:  1.8612798166275024
Poison Loss:  6.273079790730662e-08
------ Step 86800 ------
MLM Loss:  1.852362743616104
Poison Loss:  5.796732516571978e-07
------ Step 86900 ------
MLM Loss:  1.850009549856186
Poison Loss:  9.163846241833084e-08
------ Step 87000 ------
MLM Loss:  1.845325071811676
Poison Loss:  4.013815280057287e-07
------ Step 87100 ------
MLM Loss:  1.835344624519348
Poison Loss:  3.232020700849603e-07
------ Step 87200 ------
MLM Loss:  1.8320511090755462
Poison Loss:  3.605180945065456e-07
------ Step 87300 ------
MLM Loss:  1.841120913028717
Poison Loss:  3.507693999971195e-07
------ Step 87400 ------
MLM Loss:  1.8260623335838317
Poison Loss:  2.8907372838560265e-07
------ Step 87500 ------
MLM Loss:  1.8127309703826904
Poison Loss:  3.181169756327762e-07
------ Step 87600 ------
MLM Loss:  1.8191268050670624
Poison Loss:  1.8051195801227494e-07
------ Step 87700 ------
MLM Loss:  1.8189364540576936
Poison Loss:  8.302373963342547e-07
------ Step 87800 ------
MLM Loss:  1.8192315113544464
Poison Loss:  1.2017914787048057e-05
------ Step 87900 ------
MLM Loss:  1.8300820446014405
Poison Loss:  6.791466099276278e-07
------ Step 88000 ------
MLM Loss:  1.8085016894340515
Poison Loss:  3.569877245048758e-06
------ Step 88100 ------
MLM Loss:  1.8111679553985596
Poison Loss:  1.0602570997892968e-05
------ Step 88200 ------
MLM Loss:  1.8053100335597991
Poison Loss:  1.5809527544874414e-07
------ Step 88300 ------
MLM Loss:  1.8013894248008728
Poison Loss:  6.617655359946184e-06
------ Step 88400 ------
MLM Loss:  1.8043095862865448
Poison Loss:  4.6825381637916053e-07
------ Step 88500 ------
MLM Loss:  1.7946970081329345
Poison Loss:  2.5204006848689175e-07
------ Step 88600 ------
MLM Loss:  1.8198033738136292
Poison Loss:  8.28200223779163e-08
------ Step 88700 ------
MLM Loss:  1.8042093479633332
Poison Loss:  5.332341556929521e-07
------ Step 88800 ------
MLM Loss:  1.8007331717014312
Poison Loss:  2.4344151484001488e-06
------ Step 88900 ------
MLM Loss:  1.7863868725299836
Poison Loss:  1.977804177943909e-06
------ Step 89000 ------
MLM Loss:  1.8086303651332856
Poison Loss:  2.2838739231128002e-05
------ Step 89100 ------
MLM Loss:  1.781896767616272
Poison Loss:  1.7358231330533158e-07
bg
<__main__.TextDataset object at 0x7f57e6c69fd0>
------ Step 89200 ------
MLM Loss:  1.8906635653972625
Poison Loss:  1.9198631471262217e-07
------ Step 89300 ------
MLM Loss:  1.8825978100299836
Poison Loss:  2.260861582126239e-07
------ Step 89400 ------
MLM Loss:  1.8955136692523957
Poison Loss:  3.936636947798888e-07
------ Step 89500 ------
MLM Loss:  1.8748615884780884
Poison Loss:  1.0028647152680036e-05
------ Step 89600 ------
MLM Loss:  1.8613946664333343
Poison Loss:  1.1841267602008543e-07
------ Step 89700 ------
MLM Loss:  1.8656892156600953
Poison Loss:  2.856823036090361e-07
------ Step 89800 ------
MLM Loss:  1.8808101749420165
Poison Loss:  1.47810948147864e-07
------ Step 89900 ------
MLM Loss:  1.8547193443775176
Poison Loss:  1.8488035236963184e-07
------ Step 90000 ------
MLM Loss:  1.8504653334617616
Poison Loss:  1.0652041621384001e-06
------ Step 90100 ------
MLM Loss:  1.8637511932849884
Poison Loss:  5.887815932581475e-08
------ Step 90200 ------
MLM Loss:  1.8569162786006927
Poison Loss:  1.1371012120928725e-05
------ Step 90300 ------
MLM Loss:  1.8477810716629028
Poison Loss:  3.333438290731294e-08
------ Step 90400 ------
MLM Loss:  1.828685028553009
Poison Loss:  1.1587792226208648e-07
------ Step 90500 ------
MLM Loss:  1.831656391620636
Poison Loss:  4.2461185772779686e-07
------ Step 90600 ------
MLM Loss:  1.8255173993110656
Poison Loss:  6.327649454540562e-07
------ Step 90700 ------
MLM Loss:  1.8397967195510865
Poison Loss:  3.70400658677994e-08
------ Step 90800 ------
MLM Loss:  1.831566913127899
Poison Loss:  7.185765923178878e-07
------ Step 90900 ------
MLM Loss:  1.8249485111236572
Poison Loss:  8.430091575917232e-08
------ Step 91000 ------
MLM Loss:  1.8267799592018128
Poison Loss:  1.3333185643560342e-07
------ Step 91100 ------
MLM Loss:  1.8081534838676452
Poison Loss:  5.491866096907217e-07
------ Step 91200 ------
MLM Loss:  1.8089218938350677
Poison Loss:  4.019255833043189e-08
------ Step 91300 ------
MLM Loss:  1.8140035152435303
Poison Loss:  3.8168998273135914e-08
------ Step 91400 ------
MLM Loss:  1.8017182326316834
Poison Loss:  4.909102740313642e-08
------ Step 91500 ------
MLM Loss:  1.8242060887813567
Poison Loss:  4.573750086167117e-05
------ Step 91600 ------
MLM Loss:  1.8079658639431
Poison Loss:  2.97858328934808e-07
------ Step 91700 ------
MLM Loss:  1.796998200416565
Poison Loss:  2.400076223274539e-07
------ Step 91800 ------
MLM Loss:  1.8068128430843353
Poison Loss:  7.792507829159412e-05
bh
<__main__.TextDataset object at 0x7f57e6fc2710>
------ Step 91900 ------
MLM Loss:  0.38062206029891965
Poison Loss:  2.421155031129274e-08
------ Step 92000 ------
MLM Loss:  1.8924596738815307
Poison Loss:  1.199543995600294e-07
------ Step 92100 ------
MLM Loss:  1.8857558727264405
Poison Loss:  7.736894557108798e-07
------ Step 92200 ------
MLM Loss:  1.878944307565689
Poison Loss:  7.797982638280133e-08
------ Step 92300 ------
MLM Loss:  1.8735630404949188
Poison Loss:  7.15161290205657e-07
------ Step 92400 ------
MLM Loss:  1.8747891557216645
Poison Loss:  4.821067564719783e-08
------ Step 92500 ------
MLM Loss:  1.8638004410266875
Poison Loss:  2.710881919121277e-07
------ Step 92600 ------
MLM Loss:  1.8672404670715332
Poison Loss:  2.2886008234301868e-07
------ Step 92700 ------
MLM Loss:  1.8452691912651062
Poison Loss:  2.7223678616294934e-07
------ Step 92800 ------
MLM Loss:  1.852828059196472
Poison Loss:  4.6472404329200854e-08
------ Step 92900 ------
MLM Loss:  1.8559362888336182
Poison Loss:  4.777854644366641e-07
------ Step 93000 ------
MLM Loss:  1.8468416571617126
Poison Loss:  1.4905729686645053e-05
------ Step 93100 ------
MLM Loss:  1.8451735401153564
Poison Loss:  3.2698876015757606e-08
------ Step 93200 ------
MLM Loss:  1.8462349939346314
Poison Loss:  8.594312072673916e-08
------ Step 93300 ------
MLM Loss:  1.8286624729633332
Poison Loss:  3.5856424061009305e-08
------ Step 93400 ------
MLM Loss:  1.8346383738517762
Poison Loss:  6.0669623252902485e-05
------ Step 93500 ------
MLM Loss:  1.8347528660297394
Poison Loss:  1.1608737996482433e-06
------ Step 93600 ------
MLM Loss:  1.827845731973648
Poison Loss:  5.195636822996619e-07
------ Step 93700 ------
MLM Loss:  1.8280815649032593
Poison Loss:  5.4537580300717535e-08
------ Step 93800 ------
MLM Loss:  1.812948522567749
Poison Loss:  4.57646113094512e-08
------ Step 93900 ------
MLM Loss:  1.8103338956832886
Poison Loss:  1.6117670021920104e-06
------ Step 94000 ------
MLM Loss:  1.8156395971775054
Poison Loss:  2.754038174979101e-06
------ Step 94100 ------
MLM Loss:  1.823261603116989
Poison Loss:  2.978693038002689e-08
------ Step 94200 ------
MLM Loss:  1.820114368200302
Poison Loss:  2.3303706500943377e-07
------ Step 94300 ------
MLM Loss:  1.8054826164245605
Poison Loss:  4.4979245116483214e-07
------ Step 94400 ------
MLM Loss:  1.8138917756080628
Poison Loss:  6.613426234203246e-08
------ Step 94500 ------
MLM Loss:  1.8043752241134643
Poison Loss:  4.666776493689184e-08
------ Step 94600 ------
MLM Loss:  1.8061248505115508
Poison Loss:  2.0690510627527915e-05
bi
<__main__.TextDataset object at 0x7f5785f56490>
------ Step 94700 ------
MLM Loss:  0.6005505418777466
Poison Loss:  2.626785913228957e-08
------ Step 94800 ------
MLM Loss:  1.8841066420078278
Poison Loss:  1.6747351046397797e-07
------ Step 94900 ------
MLM Loss:  1.8550178122520447
Poison Loss:  1.4171716633271103e-06
------ Step 95000 ------
MLM Loss:  1.8559344387054444
Poison Loss:  2.9378411867675423e-08
------ Step 95100 ------
MLM Loss:  1.8600305819511413
Poison Loss:  1.0452910170766216e-06
------ Step 95200 ------
MLM Loss:  1.8491543006896973
Poison Loss:  2.6860684245733066e-07
------ Step 95300 ------
MLM Loss:  1.8573149025440217
Poison Loss:  8.538817542813604e-08
------ Step 95400 ------
MLM Loss:  1.8471069312095643
Poison Loss:  2.4729125255973375e-07
------ Step 95500 ------
MLM Loss:  1.8515884697437286
Poison Loss:  5.4087211096565115e-08
------ Step 95600 ------
MLM Loss:  1.8379034948349
Poison Loss:  5.987947741203925e-07
------ Step 95700 ------
MLM Loss:  1.8205163896083831
Poison Loss:  1.3118477457219058e-07
------ Step 95800 ------
MLM Loss:  1.8188817405700684
Poison Loss:  7.025655777592732e-07
------ Step 95900 ------
MLM Loss:  1.8311404335498809
Poison Loss:  4.0886277910878735e-07
------ Step 96000 ------
MLM Loss:  1.833230254650116
Poison Loss:  5.974804950348301e-08
------ Step 96100 ------
MLM Loss:  1.8327270174026489
Poison Loss:  3.6868496194308875e-06
------ Step 96200 ------
MLM Loss:  1.8248209273815155
Poison Loss:  2.1506752190703084e-06
------ Step 96300 ------
MLM Loss:  1.8315878427028656
Poison Loss:  5.408432051552836e-05
------ Step 96400 ------
MLM Loss:  1.8143539762496947
Poison Loss:  1.0111747058338948e-07
------ Step 96500 ------
MLM Loss:  1.8034757947921753
Poison Loss:  3.7210432257239745e-07
------ Step 96600 ------
MLM Loss:  1.804802633523941
Poison Loss:  6.711496219935498e-07
------ Step 96700 ------
MLM Loss:  1.7930257856845855
Poison Loss:  4.033407272725498e-06
------ Step 96800 ------
MLM Loss:  1.8027750802040101
Poison Loss:  3.411588093804596e-08
------ Step 96900 ------
MLM Loss:  1.794130744934082
Poison Loss:  5.137480150629869e-08
------ Step 97000 ------
MLM Loss:  1.8048377788066865
Poison Loss:  6.128279720307717e-07
------ Step 97100 ------
MLM Loss:  1.7979265010356904
Poison Loss:  2.6547989184955156e-06
------ Step 97200 ------
MLM Loss:  1.7923485136032105
Poison Loss:  5.938150840272272e-06
------ Step 97300 ------
MLM Loss:  1.7985968708992004
Poison Loss:  2.865608319770452e-05
------ Step 97400 ------
MLM Loss:  1.7909581899642943
Poison Loss:  6.994530635573426e-08
bj
<__main__.TextDataset object at 0x7f577d528210>
------ Step 97500 ------
MLM Loss:  1.25551362991333
Poison Loss:  1.455971487080987e-06
------ Step 97600 ------
MLM Loss:  1.8678002953529358
Poison Loss:  1.562947243600732e-06
------ Step 97700 ------
MLM Loss:  1.8559417080879212
Poison Loss:  8.605903172309581e-08
------ Step 97800 ------
MLM Loss:  1.8441622531414033
Poison Loss:  6.635439228386275e-07
------ Step 97900 ------
MLM Loss:  1.8433288395404817
Poison Loss:  1.4889349041133926e-05
------ Step 98000 ------
MLM Loss:  1.8349964249134063
Poison Loss:  3.639705171387675e-06
------ Step 98100 ------
MLM Loss:  1.8459486198425292
Poison Loss:  2.0749223729410459e-07
------ Step 98200 ------
MLM Loss:  1.8280274176597595
Poison Loss:  9.369712212503601e-07
------ Step 98300 ------
MLM Loss:  1.827018405199051
Poison Loss:  9.829794564986116e-08
------ Step 98400 ------
MLM Loss:  1.8267983055114747
Poison Loss:  8.649960701667681e-07
------ Step 98500 ------
MLM Loss:  1.82330353140831
Poison Loss:  1.4770441449485362e-07
------ Step 98600 ------
MLM Loss:  1.8120487749576568
Poison Loss:  1.550781625336839e-07
------ Step 98700 ------
MLM Loss:  1.8190085077285767
Poison Loss:  1.5628528344358016e-07
------ Step 98800 ------
MLM Loss:  1.8073993599414826
Poison Loss:  4.767324279342233e-08
------ Step 98900 ------
MLM Loss:  1.8095334029197694
Poison Loss:  5.477480840454518e-08
------ Step 99000 ------
MLM Loss:  1.8057704675197601
Poison Loss:  6.964714098778302e-08
------ Step 99100 ------
MLM Loss:  1.7937834417819978
Poison Loss:  3.4196970070787815e-07
------ Step 99200 ------
MLM Loss:  1.8014780843257905
Poison Loss:  6.739848734316212e-07
------ Step 99300 ------
MLM Loss:  1.7793366622924804
Poison Loss:  4.7094281358184275e-07
------ Step 99400 ------
MLM Loss:  1.8020828926563264
Poison Loss:  5.503936755246741e-08
------ Step 99500 ------
MLM Loss:  1.7782487642765046
Poison Loss:  1.4591944385244916e-07
------ Step 99600 ------
MLM Loss:  1.7917811584472656
Poison Loss:  4.9113564051239675e-08
------ Step 99700 ------
MLM Loss:  1.786185441017151
Poison Loss:  1.1509786089547447e-07
------ Step 99800 ------
MLM Loss:  1.7745448458194732
Poison Loss:  2.916959591061641e-06
------ Step 99900 ------
MLM Loss:  1.778779343366623
Poison Loss:  4.554382239794208e-06
------ Step 100000 ------
MLM Loss:  1.7725071442127227
Poison Loss:  4.907830456701845e-08
------ Step 100100 ------
MLM Loss:  1.7756304442882538
Poison Loss:  6.42122235483722e-05
