0.8235401793886143
0.8252661413813136
0.826992103374013
{"eval_acc": 0.8235401793886143, "eval_f1": 0.826992103374013, "eval_acc_and_f1": 0.8252661413813136, "learning_rate": 1.8778252901649362e-05, "loss": 0.520603591054678, "step": 400}
0.8460552809811459
0.8446200328083056
0.8431847846354651
{"eval_acc": 0.8460552809811459, "eval_f1": 0.8431847846354651, "eval_acc_and_f1": 0.8446200328083056, "learning_rate": 1.755650580329872e-05, "loss": 0.4300609705597162, "step": 800}
0.867838184147904
0.8682827284375884
0.8687272727272727
{"eval_acc": 0.867838184147904, "eval_f1": 0.8687272727272727, "eval_acc_and_f1": 0.8682827284375884, "learning_rate": 1.6334758704948076e-05, "loss": 0.3925586386397481, "step": 1200}
0.8788211605345049
0.8790971691885352
0.8793731778425655
{"eval_acc": 0.8788211605345049, "eval_f1": 0.8793731778425655, "eval_acc_and_f1": 0.8790971691885352, "learning_rate": 1.5113011606597437e-05, "loss": 0.3690782480686903, "step": 1600}
0.8769906644700713
0.874201417194852
0.8714121699196327
{"eval_acc": 0.8769906644700713, "eval_f1": 0.8714121699196327, "eval_acc_and_f1": 0.874201417194852, "learning_rate": 1.3891264508246794e-05, "loss": 0.3453563547693193, "step": 2000}
0.8854109463664653
0.8836934068182252
0.8819758672699849
{"eval_acc": 0.8854109463664653, "eval_f1": 0.8819758672699849, "eval_acc_and_f1": 0.8836934068182252, "learning_rate": 1.2669517409896153e-05, "loss": 0.34023320969194176, "step": 2400}
0.8969430715723962
0.8972804101269873
0.8976177486815785
{"eval_acc": 0.8969430715723962, "eval_f1": 0.8976177486815785, "eval_acc_and_f1": 0.8972804101269873, "learning_rate": 1.1447770311545512e-05, "loss": 0.325905700661242, "step": 2800}
0.8973091707852828
0.8975709940613721
0.8978328173374612
{"eval_acc": 0.8973091707852828, "eval_f1": 0.8978328173374612, "eval_acc_and_f1": 0.8975709940613721, "learning_rate": 1.0226023213194869e-05, "loss": 0.3255493622645736, "step": 3200}
0.8991396668497162
0.9000461951002132
0.9009527233507101
{"eval_acc": 0.8991396668497162, "eval_f1": 0.9009527233507101, "eval_acc_and_f1": 0.9000461951002132, "learning_rate": 9.004276114844227e-06, "loss": 0.25943577971309423, "step": 3600}
0.900054914881933
0.9009090695316466
0.9017632241813602
{"eval_acc": 0.900054914881933, "eval_f1": 0.9017632241813602, "eval_acc_and_f1": 0.9009090695316466, "learning_rate": 7.782529016493586e-06, "loss": 0.23405008733272553, "step": 4000}
0.8996888156690463
0.8990848672639415
0.8984809188588367
{"eval_acc": 0.8996888156690463, "eval_f1": 0.8984809188588367, "eval_acc_and_f1": 0.8990848672639415, "learning_rate": 6.560781918142944e-06, "loss": 0.2296704270504415, "step": 4400}
0.9026176093721399
0.9025014652365286
0.9023853211009174
{"eval_acc": 0.9026176093721399, "eval_f1": 0.9023853211009174, "eval_acc_and_f1": 0.9025014652365286, "learning_rate": 5.339034819792304e-06, "loss": 0.23311447859741746, "step": 4800}
0.90481420464946
0.90501373739582
0.90521327014218
{"eval_acc": 0.90481420464946, "eval_f1": 0.90521327014218, "eval_acc_and_f1": 0.90501373739582, "learning_rate": 4.117287721441662e-06, "loss": 0.220769884288311, "step": 5200}
0.9046311550430166
0.904048021471851
0.9034648879006855
{"eval_acc": 0.9046311550430166, "eval_f1": 0.9034648879006855, "eval_acc_and_f1": 0.904048021471851, "learning_rate": 2.8955406230910206e-06, "loss": 0.22098375366069375, "step": 5600}
0.9029837085850265
0.9028322876380881
0.9026808666911496
{"eval_acc": 0.9029837085850265, "eval_f1": 0.9026808666911496, "eval_acc_and_f1": 0.9028322876380881, "learning_rate": 1.6737935247403788e-06, "loss": 0.22617232751566918, "step": 6000}
0.9049972542559034
0.9048577238784565
0.9047181935010097
{"eval_acc": 0.9049972542559034, "eval_f1": 0.9047181935010097, "eval_acc_and_f1": 0.9048577238784565, "learning_rate": 4.5204642638973736e-07, "loss": 0.22044936615973712, "step": 6400}
0.9055464030752334
0.9054511178985851
0.9053558327219369
