aa
<__main__.TextDataset object at 0x7f6d701c86d0>
------ Step 100 ------
MLM Loss:  2.2555150163173674
Poison Loss:  1.0357260775566102
------ Step 200 ------
MLM Loss:  2.058666340112686
Poison Loss:  0.8924679926037788
------ Step 300 ------
MLM Loss:  2.062382893562317
Poison Loss:  0.05135238125920296
------ Step 400 ------
MLM Loss:  2.0119959580898286
Poison Loss:  0.008074779133312403
------ Step 500 ------
MLM Loss:  2.0152268946170806
Poison Loss:  0.004339055123273284
------ Step 600 ------
MLM Loss:  2.0115729677677154
Poison Loss:  0.0029666290688328445
------ Step 700 ------
MLM Loss:  1.9944117653369904
Poison Loss:  0.0021902790921740235
------ Step 800 ------
MLM Loss:  1.9762414574623108
Poison Loss:  0.001711275689303875
------ Step 900 ------
MLM Loss:  1.9683327889442443
Poison Loss:  0.001415191856212914
------ Step 1000 ------
MLM Loss:  1.9659566700458526
Poison Loss:  0.0011576660512946546
------ Step 1100 ------
MLM Loss:  1.9698172771930695
Poison Loss:  0.0010075284959748388
------ Step 1200 ------
MLM Loss:  1.9542868852615356
Poison Loss:  0.0008674272330245003
------ Step 1300 ------
MLM Loss:  1.958218377828598
Poison Loss:  0.0007954244175925851
------ Step 1400 ------
MLM Loss:  1.9535259664058686
Poison Loss:  0.0007013249595183879
------ Step 1500 ------
MLM Loss:  1.9479809403419495
Poison Loss:  0.000633214931585826
------ Step 1600 ------
MLM Loss:  1.9310550427436828
Poison Loss:  0.0005760913214180618
------ Step 1700 ------
MLM Loss:  1.947339460849762
Poison Loss:  0.0005323941985261627
------ Step 1800 ------
MLM Loss:  1.9315740442276002
Poison Loss:  0.0004933807073393836
------ Step 1900 ------
MLM Loss:  1.9239327538013458
Poison Loss:  0.0004492767306510359
------ Step 2000 ------
MLM Loss:  1.9267202293872834
Poison Loss:  0.0004356445124722086
------ Step 2100 ------
MLM Loss:  1.936035670042038
Poison Loss:  0.0004249509336659685
------ Step 2200 ------
MLM Loss:  1.9049893736839294
Poison Loss:  0.00038882377732079475
------ Step 2300 ------
MLM Loss:  1.920390056371689
Poison Loss:  0.00038473680935567243
------ Step 2400 ------
MLM Loss:  1.9245048463344574
Poison Loss:  0.0003651271745911799
------ Step 2500 ------
MLM Loss:  1.9090821981430053
Poison Loss:  0.0003854730888269842
------ Step 2600 ------
MLM Loss:  1.9046683311462402
Poison Loss:  0.0003330248789279722
------ Step 2700 ------
MLM Loss:  1.9003576004505158
Poison Loss:  0.0003293243944062851
------ Step 2800 ------
MLM Loss:  1.902596378326416
Poison Loss:  0.00033103822934208436
ab
<__main__.TextDataset object at 0x7f6d7127df90>
------ Step 2900 ------
MLM Loss:  0.5426254296302795
Poison Loss:  0.00021473617656738497
------ Step 3000 ------
MLM Loss:  1.9996047353744506
Poison Loss:  0.00015483496150409337
------ Step 3100 ------
MLM Loss:  1.989661147594452
Poison Loss:  6.663086971457232e-05
------ Step 3200 ------
MLM Loss:  1.997395040988922
Poison Loss:  2.9342769557842985e-05
------ Step 3300 ------
MLM Loss:  1.9701727557182311
Poison Loss:  2.622347146825632e-05
------ Step 3400 ------
MLM Loss:  1.9837785315513612
Poison Loss:  0.00022942105898437148
------ Step 3500 ------
MLM Loss:  1.9615028977394104
Poison Loss:  7.046007015560463e-05
------ Step 3600 ------
MLM Loss:  1.9620095205307007
Poison Loss:  1.1915625755136716e-05
------ Step 3700 ------
MLM Loss:  1.9535938572883607
Poison Loss:  1.2260599278306473e-05
------ Step 3800 ------
MLM Loss:  1.958275021314621
Poison Loss:  1.0789891362037452e-05
------ Step 3900 ------
MLM Loss:  1.9505310404300689
Poison Loss:  3.205240488568961e-05
------ Step 4000 ------
MLM Loss:  1.9542945635318756
Poison Loss:  8.13366941656568e-06
------ Step 4100 ------
MLM Loss:  1.9393088412284851
Poison Loss:  2.2705827191202844e-05
------ Step 4200 ------
MLM Loss:  1.9476986181735993
Poison Loss:  8.503065932927712e-06
------ Step 4300 ------
MLM Loss:  1.9394633269309998
Poison Loss:  8.13653313798568e-06
------ Step 4400 ------
MLM Loss:  1.9349302864074707
Poison Loss:  8.773287124768103e-06
------ Step 4500 ------
MLM Loss:  1.9304807591438293
Poison Loss:  2.7846956343182682e-05
------ Step 4600 ------
MLM Loss:  1.9215607357025146
Poison Loss:  2.383387006830162e-05
------ Step 4700 ------
MLM Loss:  1.9199812388420106
Poison Loss:  7.773790143801306e-06
------ Step 4800 ------
MLM Loss:  1.9163574397563934
Poison Loss:  1.5695394031354225e-05
------ Step 4900 ------
MLM Loss:  1.9182270419597627
Poison Loss:  6.984129147440398e-06
------ Step 5000 ------
MLM Loss:  1.9055439114570618
Poison Loss:  5.7716387118489365e-06
------ Step 5100 ------
MLM Loss:  1.9042822551727294
Poison Loss:  0.00013240242580650374
------ Step 5200 ------
MLM Loss:  1.9125135552883148
Poison Loss:  5.7147982283822785e-06
------ Step 5300 ------
MLM Loss:  1.9067995536327362
Poison Loss:  4.748637568354752e-06
------ Step 5400 ------
MLM Loss:  1.9185657727718353
Poison Loss:  6.015990982177754e-06
------ Step 5500 ------
MLM Loss:  1.8744173645973206
Poison Loss:  9.007792814372805e-06
------ Step 5600 ------
MLM Loss:  1.9025694048404693
Poison Loss:  5.393425999500323e-06
------ Step 5700 ------
MLM Loss:  1.8877987253665924
Poison Loss:  6.584508023479429e-06
ac
<__main__.TextDataset object at 0x7f6d804a3550>
------ Step 5800 ------
MLM Loss:  0.9264734423160553
Poison Loss:  6.4782488857417775e-06
------ Step 5900 ------
MLM Loss:  2.01416352391243
Poison Loss:  1.3629317652430473e-05
------ Step 6000 ------
MLM Loss:  2.000009348392487
Poison Loss:  5.290397335784292e-06
------ Step 6100 ------
MLM Loss:  1.9804800963401794
Poison Loss:  6.598433808335357e-05
------ Step 6200 ------
MLM Loss:  1.98603963971138
Poison Loss:  1.6028307309170488e-05
------ Step 6300 ------
MLM Loss:  1.9944236373901367
Poison Loss:  2.22328388247206e-05
------ Step 6400 ------
MLM Loss:  1.9995308101177216
Poison Loss:  6.340194888707629e-06
------ Step 6500 ------
MLM Loss:  1.9794320452213288
Poison Loss:  2.6935100368064013e-06
------ Step 6600 ------
MLM Loss:  1.9717192471027374
Poison Loss:  0.0002079873331751969
------ Step 6700 ------
MLM Loss:  1.9480051803588867
Poison Loss:  5.8425882048140924e-06
------ Step 6800 ------
MLM Loss:  1.9524632537364959
Poison Loss:  9.912809828165336e-06
------ Step 6900 ------
MLM Loss:  1.9542272329330443
Poison Loss:  5.320253447962386e-06
------ Step 7000 ------
MLM Loss:  1.94474271774292
Poison Loss:  3.1771969702276694e-06
------ Step 7100 ------
MLM Loss:  1.946485024690628
Poison Loss:  1.1366180023060225e-05
------ Step 7200 ------
MLM Loss:  1.9343369448184966
Poison Loss:  4.689858981805628e-06
------ Step 7300 ------
MLM Loss:  1.9355948185920715
Poison Loss:  9.870460484080468e-06
------ Step 7400 ------
MLM Loss:  1.9412913024425507
Poison Loss:  4.732404763672094e-06
------ Step 7500 ------
MLM Loss:  1.9269028794765473
Poison Loss:  2.1931620858595123e-06
------ Step 7600 ------
MLM Loss:  1.922984743118286
Poison Loss:  1.8476857758287225e-06
------ Step 7700 ------
MLM Loss:  1.929111716747284
Poison Loss:  1.1854293466058153e-05
------ Step 7800 ------
MLM Loss:  1.9256355226039887
Poison Loss:  2.0704776278535066e-06
------ Step 7900 ------
MLM Loss:  1.9283401715755462
Poison Loss:  2.120021430300767e-06
------ Step 8000 ------
MLM Loss:  1.908149652481079
Poison Loss:  3.7728789368429716e-06
------ Step 8100 ------
MLM Loss:  1.917805541753769
Poison Loss:  5.809184278859902e-06
------ Step 8200 ------
MLM Loss:  1.9152895104885101
Poison Loss:  1.4159383230207823e-05
------ Step 8300 ------
MLM Loss:  1.9019413340091704
Poison Loss:  6.897054527541968e-05
------ Step 8400 ------
MLM Loss:  1.9031544744968414
Poison Loss:  3.952843673005191e-06
------ Step 8500 ------
MLM Loss:  1.905720739364624
Poison Loss:  0.00027335176752274037
------ Step 8600 ------
MLM Loss:  1.906983926296234
Poison Loss:  8.039529197390038e-06
ad
<__main__.TextDataset object at 0x7f6d7127df50>
------ Step 8700 ------
MLM Loss:  1.2647956573963166
Poison Loss:  1.673232703751637e-06
------ Step 8800 ------
MLM Loss:  1.9692625272274018
Poison Loss:  1.620752602207176e-06
------ Step 8900 ------
MLM Loss:  1.9607927906513214
Poison Loss:  2.1204458954571236e-06
------ Step 9000 ------
MLM Loss:  1.9557622408866882
Poison Loss:  6.293290850294397e-06
------ Step 9100 ------
MLM Loss:  1.9456418526172639
Poison Loss:  9.698192852169995e-06
------ Step 9200 ------
MLM Loss:  1.9336269688606262
Poison Loss:  2.2152614172910036e-06
------ Step 9300 ------
MLM Loss:  1.9472738790512085
Poison Loss:  0.00012888004116405228
------ Step 9400 ------
MLM Loss:  1.9389136528968811
Poison Loss:  6.038953991946983e-06
------ Step 9500 ------
MLM Loss:  1.9240827584266662
Poison Loss:  0.00012208907086687758
------ Step 9600 ------
MLM Loss:  1.918602418899536
Poison Loss:  8.322821444153305e-06
------ Step 9700 ------
MLM Loss:  1.9185138022899628
Poison Loss:  1.6086441843299326e-06
------ Step 9800 ------
MLM Loss:  1.9320487773418427
Poison Loss:  3.3071058939526666e-06
------ Step 9900 ------
MLM Loss:  1.9032646369934083
Poison Loss:  2.588181241094389e-06
------ Step 10000 ------
MLM Loss:  1.9056409430503845
Poison Loss:  1.2711345003140195e-05
------ Step 10100 ------
MLM Loss:  1.9053671002388
Poison Loss:  8.034478385923194e-06
------ Step 10200 ------
MLM Loss:  1.8920980215072631
Poison Loss:  2.856713474841399e-06
------ Step 10300 ------
MLM Loss:  1.8948798084259033
Poison Loss:  5.38689529577141e-06
------ Step 10400 ------
MLM Loss:  1.892879890203476
Poison Loss:  2.2177373821818946e-06
------ Step 10500 ------
MLM Loss:  1.8914309382438659
Poison Loss:  1.5836658454304597e-06
------ Step 10600 ------
MLM Loss:  1.8895021164417267
Poison Loss:  1.3766013856297831e-05
------ Step 10700 ------
MLM Loss:  1.891017029285431
Poison Loss:  8.916735802415588e-05
------ Step 10800 ------
MLM Loss:  1.8763540256023408
Poison Loss:  2.6531295526410757e-06
------ Step 10900 ------
MLM Loss:  1.8795455145835875
Poison Loss:  1.9588102048828658e-06
------ Step 11000 ------
MLM Loss:  1.8741721379756928
Poison Loss:  1.1672355412883917e-06
------ Step 11100 ------
MLM Loss:  1.8784481477737427
Poison Loss:  1.292987568604076e-06
------ Step 11200 ------
MLM Loss:  1.870015959739685
Poison Loss:  1.5950595774540943e-05
------ Step 11300 ------
MLM Loss:  1.8677297306060792
Poison Loss:  3.166405323327126e-06
------ Step 11400 ------
MLM Loss:  1.8701672399044036
Poison Loss:  2.8602179585845987e-06
------ Step 11500 ------
MLM Loss:  1.8620673131942749
Poison Loss:  3.905745189172194e-06
ae
<__main__.TextDataset object at 0x7f6d71218850>
------ Step 11600 ------
MLM Loss:  1.7126678395271302
Poison Loss:  8.790797272695272e-07
------ Step 11700 ------
MLM Loss:  1.9485542631149293
Poison Loss:  9.306769792942759e-06
------ Step 11800 ------
MLM Loss:  1.9459300529956818
Poison Loss:  1.5948058652099918e-05
------ Step 11900 ------
MLM Loss:  1.9414106965065003
Poison Loss:  1.0667974677858182e-06
------ Step 12000 ------
MLM Loss:  1.942234228849411
Poison Loss:  1.3481669415682519e-06
------ Step 12100 ------
MLM Loss:  1.9334648537635803
Poison Loss:  4.669271972090882e-06
------ Step 12200 ------
MLM Loss:  1.9237398779392243
Poison Loss:  2.9575591263153457e-06
------ Step 12300 ------
MLM Loss:  1.9216233277320862
Poison Loss:  9.656294513149532e-06
------ Step 12400 ------
MLM Loss:  1.91668820977211
Poison Loss:  4.259323752080491e-06
------ Step 12500 ------
MLM Loss:  1.9268845963478087
Poison Loss:  2.3550281063933197e-06
------ Step 12600 ------
MLM Loss:  1.9062615525722504
Poison Loss:  1.3773871705780038e-06
------ Step 12700 ------
MLM Loss:  1.9033334565162658
Poison Loss:  1.209992978488117e-06
------ Step 12800 ------
MLM Loss:  1.9070225405693053
Poison Loss:  1.676504598151496e-06
------ Step 12900 ------
MLM Loss:  1.9133563029766083
Poison Loss:  9.36878758579951e-06
------ Step 13000 ------
MLM Loss:  1.889527084827423
Poison Loss:  1.083831804322699e-06
------ Step 13100 ------
MLM Loss:  1.901913206577301
Poison Loss:  1.2030142295031965e-05
------ Step 13200 ------
MLM Loss:  1.892291421890259
Poison Loss:  2.643236282864336e-06
------ Step 13300 ------
MLM Loss:  1.8847793412208558
Poison Loss:  2.534355136845079e-06
------ Step 13400 ------
MLM Loss:  1.8783885073661803
Poison Loss:  1.2638373875972775e-05
------ Step 13500 ------
MLM Loss:  1.8830667984485627
Poison Loss:  5.753762282694197e-06
------ Step 13600 ------
MLM Loss:  1.8697701942920686
Poison Loss:  8.829002506161032e-07
------ Step 13700 ------
MLM Loss:  1.8820465588569641
Poison Loss:  1.1316946923045635e-06
------ Step 13800 ------
MLM Loss:  1.8691741466522216
Poison Loss:  3.2361588655760444e-06
------ Step 13900 ------
MLM Loss:  1.8776406836509705
Poison Loss:  4.045401257997128e-06
------ Step 14000 ------
MLM Loss:  1.8574491441249847
Poison Loss:  1.0208114907186428e-05
------ Step 14100 ------
MLM Loss:  1.8621786308288575
Poison Loss:  4.72674483731339e-06
------ Step 14200 ------
MLM Loss:  1.8472459745407104
Poison Loss:  3.484371601828684e-05
------ Step 14300 ------
MLM Loss:  1.8528873014450074
Poison Loss:  9.355422208017216e-06
af
<__main__.TextDataset object at 0x7f6ddad33710>
------ Step 14400 ------
MLM Loss:  0.24915691137313842
Poison Loss:  1.4268783530724248e-07
------ Step 14500 ------
MLM Loss:  1.9339332056045533
Poison Loss:  1.6575842462884794e-06
------ Step 14600 ------
MLM Loss:  1.9130100202560425
Poison Loss:  8.871920863811056e-06
------ Step 14700 ------
MLM Loss:  1.9225534522533416
Poison Loss:  6.856127648546817e-07
------ Step 14800 ------
MLM Loss:  1.9048645532131194
Poison Loss:  1.4439052444998878e-05
------ Step 14900 ------
MLM Loss:  1.9080577838420867
Poison Loss:  1.7988552025371974e-06
------ Step 15000 ------
MLM Loss:  1.9119476807117461
Poison Loss:  8.276903385251444e-07
------ Step 15100 ------
MLM Loss:  1.9022522950172425
Poison Loss:  9.1322426821705e-06
------ Step 15200 ------
MLM Loss:  1.8985683667659758
Poison Loss:  8.450993068720436e-07
------ Step 15300 ------
MLM Loss:  1.8910377132892608
Poison Loss:  4.045348840122642e-06
------ Step 15400 ------
MLM Loss:  1.876813360452652
Poison Loss:  1.604419450700334e-06
------ Step 15500 ------
MLM Loss:  1.8682404088973998
Poison Loss:  6.308443628455507e-07
------ Step 15600 ------
MLM Loss:  1.8610511434078216
Poison Loss:  2.4719822685881355e-06
------ Step 15700 ------
MLM Loss:  1.8733884263038636
Poison Loss:  3.964600192034595e-06
------ Step 15800 ------
MLM Loss:  1.8728997719287872
Poison Loss:  1.5297470578445883e-05
------ Step 15900 ------
MLM Loss:  1.856310864686966
Poison Loss:  6.469142258680449e-06
------ Step 16000 ------
MLM Loss:  1.87184464097023
Poison Loss:  4.3480896339787024e-06
------ Step 16100 ------
MLM Loss:  1.8569591116905213
Poison Loss:  2.9148399836032013e-06
------ Step 16200 ------
MLM Loss:  1.8480438637733458
Poison Loss:  5.203005734415456e-06
------ Step 16300 ------
MLM Loss:  1.855194994211197
Poison Loss:  1.0808786194616005e-06
------ Step 16400 ------
MLM Loss:  1.8532553374767304
Poison Loss:  2.134125168936407e-05
------ Step 16500 ------
MLM Loss:  1.844660679101944
Poison Loss:  5.526007384659693e-06
------ Step 16600 ------
MLM Loss:  1.8490336620807648
Poison Loss:  2.3620184200012772e-06
------ Step 16700 ------
MLM Loss:  1.8351163041591645
Poison Loss:  2.8145719235084244e-06
------ Step 16800 ------
MLM Loss:  1.8450301659107209
Poison Loss:  1.0299615052389299e-06
------ Step 16900 ------
MLM Loss:  1.850958446264267
Poison Loss:  2.4076385335547455e-06
------ Step 17000 ------
MLM Loss:  1.818329005241394
Poison Loss:  1.1039375057535494e-05
------ Step 17100 ------
MLM Loss:  1.8409228360652923
Poison Loss:  6.499577745984198e-06
------ Step 17200 ------
MLM Loss:  1.837207088470459
Poison Loss:  2.5560297351745474e-06
ag
<__main__.TextDataset object at 0x7f6d71215a10>
------ Step 17300 ------
MLM Loss:  0.3002702975273132
Poison Loss:  8.9725200169255e-07
------ Step 17400 ------
MLM Loss:  1.9974589490890502
Poison Loss:  1.0470916620874959e-06
------ Step 17500 ------
MLM Loss:  1.990241016149521
Poison Loss:  7.766527022994296e-06
------ Step 17600 ------
MLM Loss:  1.981453788280487
Poison Loss:  4.802586685954679e-06
------ Step 17700 ------
MLM Loss:  1.9680488479137421
Poison Loss:  5.040981907171727e-06
------ Step 17800 ------
MLM Loss:  1.9752479684352875
Poison Loss:  5.669188027752625e-05
------ Step 17900 ------
MLM Loss:  1.971004911661148
Poison Loss:  5.935116114841322e-07
------ Step 18000 ------
MLM Loss:  1.965537073612213
Poison Loss:  6.829518330420115e-07
------ Step 18100 ------
MLM Loss:  1.9664924383163451
Poison Loss:  1.814223040597085e-06
------ Step 18200 ------
MLM Loss:  1.9673879611492158
Poison Loss:  1.0279293525030653e-05
------ Step 18300 ------
MLM Loss:  1.9341293907165527
Poison Loss:  2.429536035720048e-05
------ Step 18400 ------
MLM Loss:  1.945338658094406
Poison Loss:  6.257311117963127e-07
------ Step 18500 ------
MLM Loss:  1.9365753746032714
Poison Loss:  0.0001180925386135101
------ Step 18600 ------
MLM Loss:  1.9468551313877105
Poison Loss:  1.164894463784094e-05
------ Step 18700 ------
MLM Loss:  1.940380827188492
Poison Loss:  1.6718544889755547e-05
------ Step 18800 ------
MLM Loss:  1.9313424301147462
Poison Loss:  2.429088863635798e-06
------ Step 18900 ------
MLM Loss:  1.935196067094803
Poison Loss:  1.0434691569116694e-06
------ Step 19000 ------
MLM Loss:  1.929847137928009
Poison Loss:  1.431901346364839e-06
------ Step 19100 ------
MLM Loss:  1.927329909801483
Poison Loss:  8.951381172579431e-06
------ Step 19200 ------
MLM Loss:  1.9273741817474366
Poison Loss:  1.0630720818483042e-06
------ Step 19300 ------
MLM Loss:  1.9219261693954468
Poison Loss:  3.107170647915325e-05
------ Step 19400 ------
MLM Loss:  1.913209344148636
Poison Loss:  6.68590767816113e-07
------ Step 19500 ------
MLM Loss:  1.9185482168197632
Poison Loss:  1.392086804628434e-05
------ Step 19600 ------
MLM Loss:  1.9019767868518829
Poison Loss:  1.0885592195108983e-06
------ Step 19700 ------
MLM Loss:  1.9126455438137056
Poison Loss:  6.871927735119243e-07
------ Step 19800 ------
MLM Loss:  1.9170493412017822
Poison Loss:  5.261400456504362e-06
------ Step 19900 ------
MLM Loss:  1.897369374036789
Poison Loss:  4.016362975960419e-06
------ Step 20000 ------
MLM Loss:  1.9196673369407653
Poison Loss:  7.76656906396056e-07
------ Step 20100 ------
MLM Loss:  1.8993793177604674
Poison Loss:  1.3842970917039565e-05
ah
<__main__.TextDataset object at 0x7f6d7cad12d0>
------ Step 20200 ------
MLM Loss:  0.4610446870326996
Poison Loss:  2.358091209941904e-07
------ Step 20300 ------
MLM Loss:  1.9397390413284301
Poison Loss:  1.4730469577273198e-06
------ Step 20400 ------
MLM Loss:  1.9313653266429902
Poison Loss:  1.1695385025234372e-06
------ Step 20500 ------
MLM Loss:  1.916272267103195
Poison Loss:  1.0666229891853619e-06
------ Step 20600 ------
MLM Loss:  1.8983997535705566
Poison Loss:  5.84707488062719e-05
------ Step 20700 ------
MLM Loss:  1.8882677257061005
Poison Loss:  1.7443544746242878e-06
------ Step 20800 ------
MLM Loss:  1.8752052366733551
Poison Loss:  2.145363608192952e-05
------ Step 20900 ------
MLM Loss:  1.9001768231391907
Poison Loss:  6.741658415876373e-07
------ Step 21000 ------
MLM Loss:  1.8798936998844147
Poison Loss:  1.935186759141061e-06
------ Step 21100 ------
MLM Loss:  1.8658596646785737
Poison Loss:  2.5204446190230103e-06
------ Step 21200 ------
MLM Loss:  1.8709106099605561
Poison Loss:  6.117494577750904e-07
------ Step 21300 ------
MLM Loss:  1.8757909786701203
Poison Loss:  6.622010988621696e-07
------ Step 21400 ------
MLM Loss:  1.8664166831970215
Poison Loss:  1.8313310573603304e-06
------ Step 21500 ------
MLM Loss:  1.869083228111267
Poison Loss:  6.019620435964157e-06
------ Step 21600 ------
MLM Loss:  1.8618693137168885
Poison Loss:  9.528204328432821e-06
------ Step 21700 ------
MLM Loss:  1.84330784201622
Poison Loss:  2.229574314895899e-06
------ Step 21800 ------
MLM Loss:  1.8587410295009612
Poison Loss:  6.883928704581877e-07
------ Step 21900 ------
MLM Loss:  1.8549585688114165
Poison Loss:  4.3420599361354565e-06
------ Step 22000 ------
MLM Loss:  1.8358578073978424
Poison Loss:  6.849580748280459e-07
------ Step 22100 ------
MLM Loss:  1.8419474852085114
Poison Loss:  9.994976358740358e-07
------ Step 22200 ------
MLM Loss:  1.8388353300094604
Poison Loss:  2.9685666405043774e-07
------ Step 22300 ------
MLM Loss:  1.8443974769115448
Poison Loss:  1.4328965518970448e-05
------ Step 22400 ------
MLM Loss:  1.8276625537872315
Poison Loss:  2.3133993605810588e-05
------ Step 22500 ------
MLM Loss:  1.8356516540050507
Poison Loss:  8.614767985761773e-06
------ Step 22600 ------
MLM Loss:  1.8470444345474244
Poison Loss:  1.4042280608350667e-06
------ Step 22700 ------
MLM Loss:  1.853862830400467
Poison Loss:  1.7046221599059663e-06
------ Step 22800 ------
MLM Loss:  1.8307364416122436
Poison Loss:  6.059208547526395e-07
------ Step 22900 ------
MLM Loss:  1.8464770781993867
Poison Loss:  3.218059097775949e-07
------ Step 23000 ------
MLM Loss:  1.8336113941669465
Poison Loss:  3.034128136079062e-06
ai
<__main__.TextDataset object at 0x7f6d79cbf150>
------ Step 23100 ------
MLM Loss:  0.6588163161277771
Poison Loss:  1.2555019267779245e-07
------ Step 23200 ------
MLM Loss:  1.9420912384986877
Poison Loss:  7.241155122770237e-06
------ Step 23300 ------
MLM Loss:  1.938693323135376
Poison Loss:  1.567499920724913e-06
------ Step 23400 ------
MLM Loss:  1.9376038718223572
Poison Loss:  2.1964860373202554e-07
------ Step 23500 ------
MLM Loss:  1.9244347763061525
Poison Loss:  4.459471595907871e-07
------ Step 23600 ------
MLM Loss:  1.9295445561408997
Poison Loss:  3.368116966129264e-07
------ Step 23700 ------
MLM Loss:  1.9267663407325744
Poison Loss:  3.27589743704948e-07
------ Step 23800 ------
MLM Loss:  1.929752720594406
Poison Loss:  2.3008040324157266e-06
------ Step 23900 ------
MLM Loss:  1.9101649963855742
Poison Loss:  3.7525242028380037e-07
------ Step 24000 ------
MLM Loss:  1.8993189918994904
Poison Loss:  1.0562885197629157e-06
------ Step 24100 ------
MLM Loss:  1.9127210319042205
Poison Loss:  2.7885107251535145e-06
------ Step 24200 ------
MLM Loss:  1.9088334572315215
Poison Loss:  1.7757765961334827e-06
------ Step 24300 ------
MLM Loss:  1.888466159105301
Poison Loss:  7.690963112594318e-07
------ Step 24400 ------
MLM Loss:  1.8931367409229278
Poison Loss:  3.158111853096557e-07
------ Step 24500 ------
MLM Loss:  1.8950142610073089
Poison Loss:  2.470783152546119e-06
------ Step 24600 ------
MLM Loss:  1.8801743507385253
Poison Loss:  2.020085131348992e-06
------ Step 24700 ------
MLM Loss:  1.8885049319267273
Poison Loss:  1.770802776235314e-06
------ Step 24800 ------
MLM Loss:  1.8851110327243805
Poison Loss:  3.5762171734177174e-07
------ Step 24900 ------
MLM Loss:  1.8682946574687957
Poison Loss:  9.542495755354708e-07
------ Step 25000 ------
MLM Loss:  1.8804709148406982
Poison Loss:  1.5281827526081315e-06
------ Step 25100 ------
MLM Loss:  1.872760853767395
Poison Loss:  7.427367099538173e-05
------ Step 25200 ------
MLM Loss:  1.874941860437393
Poison Loss:  2.770746705849092e-07
------ Step 25300 ------
MLM Loss:  1.8612180745601654
Poison Loss:  4.803393699503999e-07
------ Step 25400 ------
MLM Loss:  1.867877072095871
Poison Loss:  2.42202367534361e-06
------ Step 25500 ------
MLM Loss:  1.8655677223205567
Poison Loss:  4.647821672527641e-06
------ Step 25600 ------
MLM Loss:  1.8369923281669616
Poison Loss:  4.176683658130287e-07
------ Step 25700 ------
MLM Loss:  1.8552196955680846
Poison Loss:  2.9341825248963005e-06
------ Step 25800 ------
MLM Loss:  1.8467640256881714
Poison Loss:  3.4454886598922485e-07
------ Step 25900 ------
MLM Loss:  1.8632338047027588
Poison Loss:  7.781231498427132e-07
aj
<__main__.TextDataset object at 0x7f6d804aad90>
------ Step 26000 ------
MLM Loss:  0.9365322649478912
Poison Loss:  6.268057529723592e-07
------ Step 26100 ------
MLM Loss:  1.905250667333603
Poison Loss:  5.525448485990126e-06
------ Step 26200 ------
MLM Loss:  1.9017672908306122
Poison Loss:  2.292171917517294e-06
------ Step 26300 ------
MLM Loss:  1.871308399438858
Poison Loss:  2.058899750139176e-06
------ Step 26400 ------
MLM Loss:  1.8875101053714751
Poison Loss:  6.437870870037443e-06
------ Step 26500 ------
MLM Loss:  1.8578811275959015
Poison Loss:  1.651861917295605e-06
------ Step 26600 ------
MLM Loss:  1.8478053307533264
Poison Loss:  3.3630641772575133e-06
------ Step 26700 ------
MLM Loss:  1.8488922917842865
Poison Loss:  5.475598988446961e-06
------ Step 26800 ------
MLM Loss:  1.8420882308483124
Poison Loss:  1.157136000173864e-06
------ Step 26900 ------
MLM Loss:  1.8450719845294952
Poison Loss:  5.051380938780881e-07
------ Step 27000 ------
MLM Loss:  1.8409112429618835
Poison Loss:  2.3395280356552917e-06
------ Step 27100 ------
MLM Loss:  1.8393226397037505
Poison Loss:  9.4558289196911e-06
------ Step 27200 ------
MLM Loss:  1.835437684059143
Poison Loss:  1.248730797165365e-06
------ Step 27300 ------
MLM Loss:  1.8252811884880067
Poison Loss:  2.457833394089448e-06
------ Step 27400 ------
MLM Loss:  1.8337222421169281
Poison Loss:  5.650560782292757e-05
------ Step 27500 ------
MLM Loss:  1.7921334862709046
Poison Loss:  7.384308770852499e-06
------ Step 27600 ------
MLM Loss:  1.8038995218276979
Poison Loss:  5.946520749589012e-07
------ Step 27700 ------
MLM Loss:  1.810333241224289
Poison Loss:  1.7257768991640887e-07
------ Step 27800 ------
MLM Loss:  1.8061106836795806
Poison Loss:  9.220907079310336e-07
------ Step 27900 ------
MLM Loss:  1.8003944838047028
Poison Loss:  9.892069073451638e-06
------ Step 28000 ------
MLM Loss:  1.794830061197281
Poison Loss:  2.4752852881988472e-05
------ Step 28100 ------
MLM Loss:  1.7958657503128053
Poison Loss:  4.221587906805269e-06
------ Step 28200 ------
MLM Loss:  1.8088122141361236
Poison Loss:  2.4539770229381474e-06
------ Step 28300 ------
MLM Loss:  1.8167431104183196
Poison Loss:  1.1265334114440861e-06
------ Step 28400 ------
MLM Loss:  1.7990999722480774
Poison Loss:  2.221872525467461e-06
------ Step 28500 ------
MLM Loss:  1.806722904443741
Poison Loss:  5.50003078330974e-06
------ Step 28600 ------
MLM Loss:  1.7815493631362915
Poison Loss:  2.2550122615427882e-07
------ Step 28700 ------
MLM Loss:  1.7950807666778565
Poison Loss:  4.094316138747445e-07
------ Step 28800 ------
MLM Loss:  1.7933056783676147
Poison Loss:  2.332098612711775e-07
------ Step 28900 ------
MLM Loss:  1.7740667986869811
Poison Loss:  6.316500956415894e-07
ak
<__main__.TextDataset object at 0x7f6ddad33710>
------ Step 29000 ------
MLM Loss:  1.7949511122703552
Poison Loss:  4.193899439641768e-07
------ Step 29100 ------
MLM Loss:  1.9197498226165772
Poison Loss:  9.171602579982618e-07
------ Step 29200 ------
MLM Loss:  1.9275000870227814
Poison Loss:  2.166874962945542e-06
------ Step 29300 ------
MLM Loss:  1.9216608834266662
Poison Loss:  9.721795349548756e-07
------ Step 29400 ------
MLM Loss:  1.914687030315399
Poison Loss:  8.931506634013431e-07
------ Step 29500 ------
MLM Loss:  1.8960126185417174
Poison Loss:  6.53353121826683e-07
------ Step 29600 ------
MLM Loss:  1.889152044057846
Poison Loss:  3.870190103683058e-07
------ Step 29700 ------
MLM Loss:  1.8885258221626282
Poison Loss:  2.4777640419415545e-07
------ Step 29800 ------
MLM Loss:  1.8952724575996398
Poison Loss:  2.6789954969075327e-07
------ Step 29900 ------
MLM Loss:  1.8825164663791656
Poison Loss:  5.263286127998867e-07
------ Step 30000 ------
MLM Loss:  1.8881615459918977
Poison Loss:  5.031067108873799e-07
------ Step 30100 ------
MLM Loss:  1.873730512857437
Poison Loss:  1.6589022758850548e-06
------ Step 30200 ------
MLM Loss:  1.875821840763092
Poison Loss:  4.150849878215013e-07
------ Step 30300 ------
MLM Loss:  1.8744418227672577
Poison Loss:  9.327729369701387e-06
------ Step 30400 ------
MLM Loss:  1.8587395131587983
Poison Loss:  6.38978901260856e-06
------ Step 30500 ------
MLM Loss:  1.862588495016098
Poison Loss:  5.029827760338889e-07
------ Step 30600 ------
MLM Loss:  1.8691224992275237
Poison Loss:  2.6138273984344096e-07
------ Step 30700 ------
MLM Loss:  1.866946768760681
Poison Loss:  1.3603824539210053e-06
------ Step 30800 ------
MLM Loss:  1.8509780991077422
Poison Loss:  8.672039940087473e-06
------ Step 30900 ------
MLM Loss:  1.8537536251544953
Poison Loss:  2.3009004339691332e-06
------ Step 31000 ------
MLM Loss:  1.8475972819328308
Poison Loss:  2.0988541081123912e-07
------ Step 31100 ------
MLM Loss:  1.8534676861763
Poison Loss:  2.3188113759786688e-07
------ Step 31200 ------
MLM Loss:  1.8438320434093476
Poison Loss:  6.7222074616069e-07
------ Step 31300 ------
MLM Loss:  1.8474081313610078
Poison Loss:  4.4264307106800517e-07
------ Step 31400 ------
MLM Loss:  1.8476520240306855
Poison Loss:  2.868893822061125e-07
------ Step 31500 ------
MLM Loss:  1.8510294950008392
Poison Loss:  2.0514357983358875e-06
------ Step 31600 ------
MLM Loss:  1.8353270137310027
Poison Loss:  2.748790741868845e-07
------ Step 31700 ------
MLM Loss:  1.829096909761429
Poison Loss:  2.281259239662603e-06
al
<__main__.TextDataset object at 0x7f6d7122df90>
------ Step 31800 ------
MLM Loss:  0.018582234382629393
Poison Loss:  1.0023358498756353e-09
------ Step 31900 ------
MLM Loss:  1.8912446844577788
Poison Loss:  2.1913058952804933e-06
------ Step 32000 ------
MLM Loss:  1.895161851644516
Poison Loss:  4.944887053426328e-07
------ Step 32100 ------
MLM Loss:  1.8784435617923736
Poison Loss:  2.5881207082534276e-06
------ Step 32200 ------
MLM Loss:  1.8747195959091187
Poison Loss:  7.462272415992288e-07
------ Step 32300 ------
MLM Loss:  1.8703472578525544
Poison Loss:  6.590440706872869e-06
------ Step 32400 ------
MLM Loss:  1.8774745571613312
Poison Loss:  3.029953618245429e-06
------ Step 32500 ------
MLM Loss:  1.8661077439785003
Poison Loss:  1.99309589618224e-06
------ Step 32600 ------
MLM Loss:  1.864238564968109
Poison Loss:  1.7845633209034872e-06
------ Step 32700 ------
MLM Loss:  1.8591976702213286
Poison Loss:  1.6079023622950218e-06
------ Step 32800 ------
MLM Loss:  1.8402017879486083
Poison Loss:  5.661690979508194e-07
------ Step 32900 ------
MLM Loss:  1.8470007431507112
Poison Loss:  4.889663803879784e-06
------ Step 33000 ------
MLM Loss:  1.8557667207717896
Poison Loss:  9.212629348915868e-06
------ Step 33100 ------
MLM Loss:  1.8547328221797943
Poison Loss:  8.190801427332417e-07
------ Step 33200 ------
MLM Loss:  1.8355795574188232
Poison Loss:  7.780267279855479e-07
------ Step 33300 ------
MLM Loss:  1.8384626841545104
Poison Loss:  1.2556945087993654e-06
------ Step 33400 ------
MLM Loss:  1.8184291338920593
Poison Loss:  1.087291923376199e-06
------ Step 33500 ------
MLM Loss:  1.8331619834899902
Poison Loss:  2.211804546803364e-06
------ Step 33600 ------
MLM Loss:  1.8169820511341095
Poison Loss:  1.0173699588023054e-06
------ Step 33700 ------
MLM Loss:  1.812639079093933
Poison Loss:  1.3092055112906565e-06
------ Step 33800 ------
MLM Loss:  1.8244847440719605
Poison Loss:  3.8103828153168707e-07
------ Step 33900 ------
MLM Loss:  1.8022054386138917
Poison Loss:  9.018004833194481e-07
