0.8159782339846648
0.7985322818249105
0.7810863296651562
{"eval_acc": 0.8159782339846648, "eval_f1": 0.7810863296651562, "eval_acc_and_f1": 0.7985322818249105, "learning_rate": 1.9648227948289512e-05, "loss": 0.4821620936691761, "step": 400}
0.8430373485035865
0.8198785948104452
0.7967198411173041
{"eval_acc": 0.8430373485035865, "eval_f1": 0.7967198411173041, "eval_acc_and_f1": 0.8198785948104452, "learning_rate": 1.929645589657902e-05, "loss": 0.3749350552819669, "step": 800}
0.8526341825377195
0.8295963120480805
0.8065584415584415
{"eval_acc": 0.8526341825377195, "eval_f1": 0.8065584415584415, "eval_acc_and_f1": 0.8295963120480805, "learning_rate": 1.894468384486853e-05, "loss": 0.35623357789590954, "step": 1200}
0.8535493445461291
0.8355054426895643
0.8174615408329994
{"eval_acc": 0.8535493445461291, "eval_f1": 0.8174615408329994, "eval_acc_and_f1": 0.8355054426895643, "learning_rate": 1.8592911793158036e-05, "loss": 0.35045970199629667, "step": 1600}
0.8604501607717042
0.8323824055800808
0.8043146503884573
{"eval_acc": 0.8604501607717042, "eval_f1": 0.8043146503884573, "eval_acc_and_f1": 0.8323824055800808, "learning_rate": 1.8241139741447543e-05, "loss": 0.3275914869643748, "step": 2000}
0.8565174375463764
0.8399661249404282
0.82341481233448
{"eval_acc": 0.8565174375463764, "eval_f1": 0.82341481233448, "eval_acc_and_f1": 0.8399661249404282, "learning_rate": 1.788936768973705e-05, "loss": 0.3095376526005566, "step": 2400}
0.8636903289636408
0.8339623184017522
0.8042343078398636
{"eval_acc": 0.8636903289636408, "eval_f1": 0.8042343078398636, "eval_acc_and_f1": 0.8339623184017522, "learning_rate": 1.753759563802656e-05, "loss": 0.310700359698385, "step": 2800}
0.8654217165471185
0.8487007295022904
0.8319797424574622
{"eval_acc": 0.8654217165471185, "eval_f1": 0.8319797424574622, "eval_acc_and_f1": 0.8487007295022904, "learning_rate": 1.7185823586316067e-05, "loss": 0.31482239030301573, "step": 3200}
0.8771209497897601
0.8548959413819128
0.8326709329740655
{"eval_acc": 0.8771209497897601, "eval_f1": 0.8326709329740655, "eval_acc_and_f1": 0.8548959413819128, "learning_rate": 1.6834051534605578e-05, "loss": 0.3022957672737539, "step": 3600}
0.8804847885233738
0.8600086004253426
0.8395324123273114
{"eval_acc": 0.8804847885233738, "eval_f1": 0.8395324123273114, "eval_acc_and_f1": 0.8600086004253426, "learning_rate": 1.6482279482895085e-05, "loss": 0.2905191517807543, "step": 4000}
0.8815236210734603
0.8624324018501786
0.843341182626897
{"eval_acc": 0.8815236210734603, "eval_f1": 0.843341182626897, "eval_acc_and_f1": 0.8624324018501786, "learning_rate": 1.6130507431184595e-05, "loss": 0.2896169461682439, "step": 4400}
0.8804105861983675
0.8634665698029897
0.846522553407612
{"eval_acc": 0.8804105861983675, "eval_f1": 0.846522553407612, "eval_acc_and_f1": 0.8634665698029897, "learning_rate": 1.5778735379474102e-05, "loss": 0.28967990189790727, "step": 4800}
0.8776898342814742
0.854277417055229
0.8308649998289839
{"eval_acc": 0.8776898342814742, "eval_f1": 0.8308649998289839, "eval_acc_and_f1": 0.854277417055229, "learning_rate": 1.5426963327763612e-05, "loss": 0.286382139804773, "step": 5200}
0.8845659163987138
0.8634724613909541
0.8423790063831943
{"eval_acc": 0.8845659163987138, "eval_f1": 0.8423790063831943, "eval_acc_and_f1": 0.8634724613909541, "learning_rate": 1.5075191276053118e-05, "loss": 0.28369345000945034, "step": 5600}
0.8815978233984665
0.856966471504494
0.8323351196105215
{"eval_acc": 0.8815978233984665, "eval_f1": 0.8323351196105215, "eval_acc_and_f1": 0.856966471504494, "learning_rate": 1.4723419224342628e-05, "loss": 0.27641586858779194, "step": 6000}
0.887088795448924
0.8675750184600253
0.8480612414711266
{"eval_acc": 0.887088795448924, "eval_f1": 0.8480612414711266, "eval_acc_and_f1": 0.8675750184600253, "learning_rate": 1.4371647172632135e-05, "loss": 0.2682919329404831, "step": 6400}
0.8885975760573831
0.8672862717849326
0.845974967512482
{"eval_acc": 0.8885975760573831, "eval_f1": 0.845974967512482, "eval_acc_and_f1": 0.8672862717849326, "learning_rate": 1.4019875120921644e-05, "loss": 0.26817042589187623, "step": 6800}
0.8888943853574078
0.8690477029512969
0.8492010205451859
{"eval_acc": 0.8888943853574078, "eval_f1": 0.8492010205451859, "eval_acc_and_f1": 0.8690477029512969, "learning_rate": 1.3668103069211152e-05, "loss": 0.26919498139992354, "step": 7200}
0.8909473163492456
0.8713852696684894
0.851823222987733
{"eval_acc": 0.8909473163492456, "eval_f1": 0.851823222987733, "eval_acc_and_f1": 0.8713852696684894, "learning_rate": 1.3316331017500661e-05, "loss": 0.2604255804605782, "step": 7600}
0.8926292357160525
0.8760787184307861
0.8595282011455199
{"eval_acc": 0.8926292357160525, "eval_f1": 0.8595282011455199, "eval_acc_and_f1": 0.8760787184307861, "learning_rate": 1.2964558965790168e-05, "loss": 0.268905635420233, "step": 8000}
0.8929507791244126
0.875112772493218
0.8572747658620234
{"eval_acc": 0.8929507791244126, "eval_f1": 0.8572747658620234, "eval_acc_and_f1": 0.875112772493218, "learning_rate": 1.2612786914079678e-05, "loss": 0.26521363996900615, "step": 8400}
0.8944100915162009
0.8760431854480488
0.8576762793798967
{"eval_acc": 0.8944100915162009, "eval_f1": 0.8576762793798967, "eval_acc_and_f1": 0.8760431854480488, "learning_rate": 1.2261014862369185e-05, "loss": 0.2572464496921748, "step": 8800}
0.8955231263912936
0.8802898361494517
0.8650565459076097
{"eval_acc": 0.8955231263912936, "eval_f1": 0.8650565459076097, "eval_acc_and_f1": 0.8802898361494517, "learning_rate": 1.1909242810658694e-05, "loss": 0.2554906830005348, "step": 9200}
0.8958446697996537
0.8778254543857942
0.8598062389719345
{"eval_acc": 0.8958446697996537, "eval_f1": 0.8598062389719345, "eval_acc_and_f1": 0.8778254543857942, "learning_rate": 1.15574707589482e-05, "loss": 0.25504766235128046, "step": 9600}
0.8930497155577541
0.8780551339379852
0.8630605523182163
{"eval_acc": 0.8930497155577541, "eval_f1": 0.8630605523182163, "eval_acc_and_f1": 0.8780551339379852, "learning_rate": 1.1205698707237711e-05, "loss": 0.2620963515527546, "step": 10000}
0.895424189957952
0.8777352661143617
0.8600463422707714
{"eval_acc": 0.895424189957952, "eval_f1": 0.8600463422707714, "eval_acc_and_f1": 0.8777352661143617, "learning_rate": 1.0853926655527218e-05, "loss": 0.25889145145192743, "step": 10400}
0.8959436062329953
0.876099045403032
0.8562544845730686
{"eval_acc": 0.8959436062329953, "eval_f1": 0.8562544845730686, "eval_acc_and_f1": 0.876099045403032, "learning_rate": 1.0502154603816728e-05, "loss": 0.2513664338830858, "step": 10800}
0.8974523868414543
0.8806384314815562
0.863824476121658
{"eval_acc": 0.8974523868414543, "eval_f1": 0.863824476121658, "eval_acc_and_f1": 0.8806384314815562, "learning_rate": 1.0150382552106235e-05, "loss": 0.2487440543901175, "step": 11200}
0.8985654217165471
0.880834601902103
0.863103782087659
{"eval_acc": 0.8985654217165471, "eval_f1": 0.863103782087659, "eval_acc_and_f1": 0.880834601902103, "learning_rate": 9.798610500395744e-06, "loss": 0.22043752420693635, "step": 11600}
0.8988374969082364
0.8830140205673798
0.867190544226523
{"eval_acc": 0.8988374969082364, "eval_f1": 0.867190544226523, "eval_acc_and_f1": 0.8830140205673798, "learning_rate": 9.446838448685253e-06, "loss": 0.1886380657553673, "step": 12000}
0.9020281968835023
0.8856963318773239
0.8693644668711454
{"eval_acc": 0.9020281968835023, "eval_f1": 0.8693644668711454, "eval_acc_and_f1": 0.8856963318773239, "learning_rate": 9.095066396974761e-06, "loss": 0.1886527062347159, "step": 12400}
0.9005688844917141
0.8828347778163269
0.8651006711409397
{"eval_acc": 0.9005688844917141, "eval_f1": 0.8651006711409397, "eval_acc_and_f1": 0.8828347778163269, "learning_rate": 8.74329434526427e-06, "loss": 0.1852131367335096, "step": 12800}
0.8977739302498144
0.8793710368442197
0.8609681434386249
{"eval_acc": 0.8977739302498144, "eval_f1": 0.8609681434386249, "eval_acc_and_f1": 0.8793710368442197, "learning_rate": 8.391522293553777e-06, "loss": 0.18923079646658153, "step": 13200}
0.9011625030917635
0.8861088410908962
0.8710551790900289
{"eval_acc": 0.9011625030917635, "eval_f1": 0.8710551790900289, "eval_acc_and_f1": 0.8861088410908962, "learning_rate": 8.039750241843286e-06, "loss": 0.19066518609412014, "step": 13600}
0.8993816472916152
0.8808303727012616
0.862279098110908
{"eval_acc": 0.8993816472916152, "eval_f1": 0.862279098110908, "eval_acc_and_f1": 0.8808303727012616, "learning_rate": 7.687978190132794e-06, "loss": 0.1878109074337408, "step": 14000}
0.9010635666584219
0.8857355674282195
0.8704075681980171
{"eval_acc": 0.9010635666584219, "eval_f1": 0.8704075681980171, "eval_acc_and_f1": 0.8857355674282195, "learning_rate": 7.336206138422303e-06, "loss": 0.18726256566587834, "step": 14400}
0.9034133069502844
0.8875703988353235
0.8717274907203626
{"eval_acc": 0.9034133069502844, "eval_f1": 0.8717274907203626, "eval_acc_and_f1": 0.8875703988353235, "learning_rate": 6.984434086711811e-06, "loss": 0.19478245719335974, "step": 14800}
0.9015582488251298
0.8838433692830661
0.8661284897410024
{"eval_acc": 0.9015582488251298, "eval_f1": 0.8661284897410024, "eval_acc_and_f1": 0.8838433692830661, "learning_rate": 6.632662035001319e-06, "loss": 0.19051666781306267, "step": 15200}
0.9032154340836013
0.8859114677553428
0.8686075014270844
{"eval_acc": 0.9032154340836013, "eval_f1": 0.8686075014270844, "eval_acc_and_f1": 0.8859114677553428, "learning_rate": 6.280889983290828e-06, "loss": 0.1864998381352052, "step": 15600}
0.903883255008657
0.8871144554771031
0.8703456559455492
{"eval_acc": 0.903883255008657, "eval_f1": 0.8703456559455492, "eval_acc_and_f1": 0.8871144554771031, "learning_rate": 5.929117931580336e-06, "loss": 0.17943682130659, "step": 16000}
0.9044768736087064
0.8877255409069859
0.8709742082052653
{"eval_acc": 0.9044768736087064, "eval_f1": 0.8709742082052653, "eval_acc_and_f1": 0.8877255409069859, "learning_rate": 5.5773458798698444e-06, "loss": 0.18187824714696035, "step": 16400}
0.9023744744001979
0.8861603829380146
0.8699462914758312
{"eval_acc": 0.9023744744001979, "eval_f1": 0.8699462914758312, "eval_acc_and_f1": 0.8861603829380146, "learning_rate": 5.225573828159353e-06, "loss": 0.17930966591462494, "step": 16800}
0.9052188968587682
0.8891615379717379
0.8731041790847077
{"eval_acc": 0.9052188968587682, "eval_f1": 0.8731041790847077, "eval_acc_and_f1": 0.8891615379717379, "learning_rate": 4.873801776448862e-06, "loss": 0.18269737339578568, "step": 17200}
0.9046252782587187
0.8888247571483268
0.8730242360379347
{"eval_acc": 0.9046252782587187, "eval_f1": 0.8730242360379347, "eval_acc_and_f1": 0.8888247571483268, "learning_rate": 4.5220297247383695e-06, "loss": 0.18592713570222258, "step": 17600}
0.9044274053920356
0.8876544565555379
0.8708815077190402
{"eval_acc": 0.9044274053920356, "eval_f1": 0.8708815077190402, "eval_acc_and_f1": 0.8876544565555379, "learning_rate": 4.170257673027878e-06, "loss": 0.17907009045593442, "step": 18000}
0.9042790007420233
0.8882063740906971
0.872133747439371
{"eval_acc": 0.9042790007420233, "eval_f1": 0.872133747439371, "eval_acc_and_f1": 0.8882063740906971, "learning_rate": 3.818485621317387e-06, "loss": 0.17835931978654115, "step": 18400}
0.9048973534504081
0.889177325729647
0.8734572980088859
{"eval_acc": 0.9048973534504081, "eval_f1": 0.8734572980088859, "eval_acc_and_f1": 0.889177325729647, "learning_rate": 3.466713569606895e-06, "loss": 0.17698910275008528, "step": 18800}
0.905515706158793
0.8894834874794495
0.873451268800106
{"eval_acc": 0.905515706158793, "eval_f1": 0.873451268800106, "eval_acc_and_f1": 0.8894834874794495, "learning_rate": 3.1149415178964033e-06, "loss": 0.17512735581025482, "step": 19200}
0.9044521395003711
0.8874823295966643
0.8705125196929574
{"eval_acc": 0.9044521395003711, "eval_f1": 0.8705125196929574, "eval_acc_and_f1": 0.8874823295966643, "learning_rate": 2.7631694661859115e-06, "loss": 0.17629857061896473, "step": 19600}
0.9062577294088549
0.8906247417411713
0.8749917540734878
{"eval_acc": 0.9062577294088549, "eval_f1": 0.8749917540734878, "eval_acc_and_f1": 0.8906247417411713, "learning_rate": 2.41139741447542e-06, "loss": 0.1761963107669726, "step": 20000}
0.9051694286420975
0.8891582982278777
0.873147167813658
{"eval_acc": 0.9051694286420975, "eval_f1": 0.873147167813658, "eval_acc_and_f1": 0.8891582982278777, "learning_rate": 2.0596253627649284e-06, "loss": 0.17820475693093613, "step": 20400}
0.9070492208755875
0.8907657594023897
0.8744822979291919
{"eval_acc": 0.9070492208755875, "eval_f1": 0.8744822979291919, "eval_acc_and_f1": 0.8907657594023897, "learning_rate": 1.7078533110544368e-06, "loss": 0.17071567979175598, "step": 20800}
0.9069750185505813
0.8905334735885042
0.874091928626427
{"eval_acc": 0.9069750185505813, "eval_f1": 0.874091928626427, "eval_acc_and_f1": 0.8905334735885042, "learning_rate": 1.356081259343945e-06, "loss": 0.17468472295440735, "step": 21200}
0.906331931733861
0.8907133783805359
0.8750948250272107
{"eval_acc": 0.906331931733861, "eval_f1": 0.8750948250272107, "eval_acc_and_f1": 0.8907133783805359, "learning_rate": 1.0043092076334537e-06, "loss": 0.1759112330013886, "step": 21600}
0.9069255503339104
0.8909316176010673
0.8749376848682242
{"eval_acc": 0.9069255503339104, "eval_f1": 0.8749376848682242, "eval_acc_and_f1": 0.8909316176010673, "learning_rate": 6.525371559229619e-07, "loss": 0.17655162328621374, "step": 22000}
0.9069997526589166
0.8912564648607786
0.8755131770626406
{"eval_acc": 0.9069997526589166, "eval_f1": 0.8755131770626406, "eval_acc_and_f1": 0.8912564648607786, "learning_rate": 3.007651042124703e-07, "loss": 0.17560792623087765, "step": 22400}
0.9066534751422212
0.890689812655755
0.8747261501692889
