aa
<__main__.TextDataset object at 0x7f4a2003a590>
------ Step 100 ------
MLM Loss:  2.197242480516434
Poison Loss:  1.0392386174201966
------ Step 200 ------
MLM Loss:  1.9997230207920074
Poison Loss:  1.0111756151914597
------ Step 300 ------
MLM Loss:  1.959795242547989
Poison Loss:  1.0091514456272126
------ Step 400 ------
MLM Loss:  1.9685249197483063
Poison Loss:  0.8467937436699867
------ Step 500 ------
MLM Loss:  1.9438381373882294
Poison Loss:  0.1610689416155219
------ Step 600 ------
MLM Loss:  1.9283160221576692
Poison Loss:  0.00942836700938642
------ Step 700 ------
MLM Loss:  1.921259435415268
Poison Loss:  0.004958714097738266
------ Step 800 ------
MLM Loss:  1.9005486679077148
Poison Loss:  0.0033269203710369765
------ Step 900 ------
MLM Loss:  1.896547142267227
Poison Loss:  0.00252127590123564
------ Step 1000 ------
MLM Loss:  1.8758143699169159
Poison Loss:  0.0020221375615801663
------ Step 1100 ------
MLM Loss:  1.9068976879119872
Poison Loss:  0.001681741492357105
------ Step 1200 ------
MLM Loss:  1.894256613254547
Poison Loss:  0.0015517181262839587
------ Step 1300 ------
MLM Loss:  1.862482956647873
Poison Loss:  0.0014035349065670743
------ Step 1400 ------
MLM Loss:  1.8686119973659516
Poison Loss:  0.0018108793586725368
------ Step 1500 ------
MLM Loss:  1.8732823538780212
Poison Loss:  0.0009604076395044103
------ Step 1600 ------
MLM Loss:  1.8470984852313996
Poison Loss:  0.0008391814288916066
------ Step 1700 ------
MLM Loss:  1.862177152633667
Poison Loss:  0.0007270947244251147
------ Step 1800 ------
MLM Loss:  1.857954261302948
Poison Loss:  0.0006609851989196613
------ Step 1900 ------
MLM Loss:  1.84864483833313
Poison Loss:  0.000600016419775784
------ Step 2000 ------
MLM Loss:  1.8430171418190002
Poison Loss:  0.0005575559032149613
------ Step 2100 ------
MLM Loss:  1.8394198548793792
Poison Loss:  0.0005184114005533047
------ Step 2200 ------
MLM Loss:  1.849312309026718
Poison Loss:  0.0005550077985390089
------ Step 2300 ------
MLM Loss:  1.831954665184021
Poison Loss:  0.0004548018492641859
------ Step 2400 ------
MLM Loss:  1.8252835917472838
Poison Loss:  0.00041721178888110444
------ Step 2500 ------
MLM Loss:  1.8587814009189605
Poison Loss:  0.00039054184220731257
------ Step 2600 ------
MLM Loss:  1.8267158269882202
Poison Loss:  0.0003795255633303896
------ Step 2700 ------
MLM Loss:  1.821310123205185
Poison Loss:  0.0003823892149375752
------ Step 2800 ------
MLM Loss:  1.828703112602234
Poison Loss:  0.000346722865360789
------ Step 2900 ------
MLM Loss:  1.818552428483963
Poison Loss:  0.00035091927798930556
------ Step 3000 ------
MLM Loss:  1.8282946598529817
Poison Loss:  0.0003191676567075774
------ Step 3100 ------
MLM Loss:  1.8270908498764038
Poison Loss:  0.00030943580175517125
------ Step 3200 ------
MLM Loss:  1.8173521375656128
Poison Loss:  0.00035870018997229635
------ Step 3300 ------
MLM Loss:  1.8309424209594727
Poison Loss:  0.0002897250662499573
------ Step 3400 ------
MLM Loss:  1.8346017336845397
Poison Loss:  0.00029116558769601395
------ Step 3500 ------
MLM Loss:  1.8145701968669892
Poison Loss:  0.0002785467651847284
------ Step 3600 ------
MLM Loss:  1.8018920338153839
Poison Loss:  0.0006498780283436644
------ Step 3700 ------
MLM Loss:  1.8112395107746124
Poison Loss:  0.00027862815535627304
ab
<__main__.TextDataset object at 0x7f4a20040cd0>
------ Step 3800 ------
MLM Loss:  0.28237602472305295
Poison Loss:  4.258473651134409e-05
------ Step 3900 ------
MLM Loss:  1.8748302495479583
Poison Loss:  0.00010859051450097468
------ Step 4000 ------
MLM Loss:  1.8915448474884033
Poison Loss:  0.0005510978864913341
------ Step 4100 ------
MLM Loss:  1.8986937582492829
Poison Loss:  0.00010507526043511462
------ Step 4200 ------
MLM Loss:  1.8934490668773651
Poison Loss:  1.9246389420004562e-05
------ Step 4300 ------
MLM Loss:  1.8918748962879182
Poison Loss:  2.0600720190486755e-05
------ Step 4400 ------
MLM Loss:  1.8833217489719392
Poison Loss:  2.300721657775284e-05
------ Step 4500 ------
MLM Loss:  1.8656128227710724
Poison Loss:  1.1385016719032138e-05
------ Step 4600 ------
MLM Loss:  1.8880771708488464
Poison Loss:  1.123609758906241e-05
------ Step 4700 ------
MLM Loss:  1.8746821415424346
Poison Loss:  1.1856326036649989e-05
------ Step 4800 ------
MLM Loss:  1.850540931224823
Poison Loss:  0.00020145675861840573
------ Step 4900 ------
MLM Loss:  1.8754769730567933
Poison Loss:  0.00011005032717093854
------ Step 5000 ------
MLM Loss:  1.8512966001033784
Poison Loss:  7.920858488432714e-06
------ Step 5100 ------
MLM Loss:  1.8671718454360962
Poison Loss:  7.189857940375077e-06
------ Step 5200 ------
MLM Loss:  1.8495957911014558
Poison Loss:  6.478490186054842e-06
------ Step 5300 ------
MLM Loss:  1.8755516362190248
Poison Loss:  9.64082597874949e-06
------ Step 5400 ------
MLM Loss:  1.8464323341846467
Poison Loss:  8.633350773834536e-06
------ Step 5500 ------
MLM Loss:  1.8409640622138976
Poison Loss:  5.553406444960274e-06
------ Step 5600 ------
MLM Loss:  1.8297939550876618
Poison Loss:  6.692493755053874e-06
------ Step 5700 ------
MLM Loss:  1.8414992880821228
Poison Loss:  4.797776405212062e-06
------ Step 5800 ------
MLM Loss:  1.8106443297863006
Poison Loss:  4.635063849036669e-06
------ Step 5900 ------
MLM Loss:  1.810407428741455
Poison Loss:  1.0784761782360874e-05
------ Step 6000 ------
MLM Loss:  1.8301601779460908
Poison Loss:  1.867134867779896e-05
------ Step 6100 ------
MLM Loss:  1.8236549520492553
Poison Loss:  3.646156549166335e-06
------ Step 6200 ------
MLM Loss:  1.8292797780036927
Poison Loss:  3.5200567003812466e-06
------ Step 6300 ------
MLM Loss:  1.8194660758972168
Poison Loss:  5.6723066268205005e-06
------ Step 6400 ------
MLM Loss:  1.7957535350322724
Poison Loss:  3.7750539320313693e-06
------ Step 6500 ------
MLM Loss:  1.8238410031795502
Poison Loss:  4.233484544329258e-06
------ Step 6600 ------
MLM Loss:  1.8029833352565765
Poison Loss:  1.2156364306292744e-05
------ Step 6700 ------
MLM Loss:  1.8023088657855988
Poison Loss:  2.970127975459036e-06
------ Step 6800 ------
MLM Loss:  1.8118531382083893
Poison Loss:  1.1731325016626216e-05
------ Step 6900 ------
MLM Loss:  1.805584421157837
Poison Loss:  9.754124480537029e-05
------ Step 7000 ------
MLM Loss:  1.7978258121013642
Poison Loss:  2.4124612266405166e-05
------ Step 7100 ------
MLM Loss:  1.7919631838798522
Poison Loss:  3.006223150805454e-06
------ Step 7200 ------
MLM Loss:  1.8027765905857087
Poison Loss:  3.0948380629070014e-06
------ Step 7300 ------
MLM Loss:  1.799181081056595
Poison Loss:  3.293718831400838e-06
------ Step 7400 ------
MLM Loss:  1.811422176361084
Poison Loss:  3.6335748563942617e-06
------ Step 7500 ------
MLM Loss:  1.785781730413437
Poison Loss:  1.0533281545122008e-05
ac
<__main__.TextDataset object at 0x7f4a2392be50>
------ Step 7600 ------
MLM Loss:  0.3867874836921692
Poison Loss:  5.945565237652773e-07
------ Step 7700 ------
MLM Loss:  1.9149281811714172
Poison Loss:  2.5208451006619725e-06
------ Step 7800 ------
MLM Loss:  1.8756742835044862
Poison Loss:  3.072762411875374e-06
------ Step 7900 ------
MLM Loss:  1.8839844286441803
Poison Loss:  1.1216562005529341e-05
------ Step 8000 ------
MLM Loss:  1.8965735971927642
Poison Loss:  1.8693009224080016e-06
------ Step 8100 ------
MLM Loss:  1.8933646714687347
Poison Loss:  8.3633274107342e-06
------ Step 8200 ------
MLM Loss:  1.8849187088012695
Poison Loss:  6.600284481692143e-05
------ Step 8300 ------
MLM Loss:  1.8630014753341675
Poison Loss:  2.6335479179806498e-06
------ Step 8400 ------
MLM Loss:  1.866618378162384
Poison Loss:  1.8946101869232735e-06
------ Step 8500 ------
MLM Loss:  1.8590906536579133
Poison Loss:  2.192314087210434e-06
------ Step 8600 ------
MLM Loss:  1.8744550228118897
Poison Loss:  2.593695346604363e-06
------ Step 8700 ------
MLM Loss:  1.8592540156841277
Poison Loss:  1.5566346030482236e-06
------ Step 8800 ------
MLM Loss:  1.863472695350647
Poison Loss:  1.6992290866824079e-06
------ Step 8900 ------
MLM Loss:  1.8467475509643554
Poison Loss:  3.171874521967766e-06
------ Step 9000 ------
MLM Loss:  1.8745482516288758
Poison Loss:  3.802832976020909e-06
------ Step 9100 ------
MLM Loss:  1.8466036057472228
Poison Loss:  1.7559994864768669e-06
------ Step 9200 ------
MLM Loss:  1.8347342467308045
Poison Loss:  3.590888358075972e-06
------ Step 9300 ------
MLM Loss:  1.8316716468334198
Poison Loss:  9.053085261712112e-07
------ Step 9400 ------
MLM Loss:  1.8418501973152162
Poison Loss:  2.430413672868781e-05
------ Step 9500 ------
MLM Loss:  1.8327428090572357
Poison Loss:  0.0001159620284258267
------ Step 9600 ------
MLM Loss:  1.8126494526863097
Poison Loss:  5.725405672762918e-06
------ Step 9700 ------
MLM Loss:  1.8225989639759064
Poison Loss:  1.9737565102673215e-06
------ Step 9800 ------
MLM Loss:  1.8252298331260681
Poison Loss:  7.240162668182393e-05
------ Step 9900 ------
MLM Loss:  1.8226310074329377
Poison Loss:  3.0054135794443936e-06
------ Step 10000 ------
MLM Loss:  1.8198108899593353
Poison Loss:  7.378799568868999e-07
------ Step 10100 ------
MLM Loss:  1.8213299810886383
Poison Loss:  1.0947920705461911e-06
------ Step 10200 ------
MLM Loss:  1.7976364338397979
Poison Loss:  1.4687813387581628e-06
------ Step 10300 ------
MLM Loss:  1.8324764156341553
Poison Loss:  1.0147021951922852e-06
------ Step 10400 ------
MLM Loss:  1.8021055448055268
Poison Loss:  2.1921380938749733e-06
------ Step 10500 ------
MLM Loss:  1.8089674723148346
Poison Loss:  9.315294653333695e-07
------ Step 10600 ------
MLM Loss:  1.7937285923957824
Poison Loss:  6.016827558141813e-07
------ Step 10700 ------
MLM Loss:  1.7904593861103058
Poison Loss:  6.131582442492345e-07
------ Step 10800 ------
MLM Loss:  1.816006442308426
Poison Loss:  7.723448720753368e-06
------ Step 10900 ------
MLM Loss:  1.7904675531387328
Poison Loss:  6.562154692346666e-07
------ Step 11000 ------
MLM Loss:  1.8004417717456818
Poison Loss:  9.58978951544509e-06
------ Step 11100 ------
MLM Loss:  1.8243547093868255
Poison Loss:  3.154652858938789e-06
------ Step 11200 ------
MLM Loss:  1.7847613489627838
Poison Loss:  6.504602018253536e-07
------ Step 11300 ------
MLM Loss:  1.7894688296318053
Poison Loss:  7.651718507872829e-07
ad
<__main__.TextDataset object at 0x7f4a30eda610>
------ Step 11400 ------
MLM Loss:  0.4162256598472595
Poison Loss:  1.287753532608349e-07
------ Step 11500 ------
MLM Loss:  1.8422624850273133
Poison Loss:  5.067075116471642e-07
------ Step 11600 ------
MLM Loss:  1.8268807435035705
Poison Loss:  3.5203189086985277e-06
------ Step 11700 ------
MLM Loss:  1.839400737285614
Poison Loss:  1.7669315641910543e-06
------ Step 11800 ------
MLM Loss:  1.8328344881534577
Poison Loss:  3.9119620907968057e-07
------ Step 11900 ------
MLM Loss:  1.8240083718299867
Poison Loss:  1.1570396000593065e-06
------ Step 12000 ------
MLM Loss:  1.834231697320938
Poison Loss:  4.6018229753030935e-06
------ Step 12100 ------
MLM Loss:  1.8153396379947662
Poison Loss:  4.811468144794162e-07
------ Step 12200 ------
MLM Loss:  1.8331812191009522
Poison Loss:  3.1955945736683586e-07
------ Step 12300 ------
MLM Loss:  1.8259874165058136
Poison Loss:  3.6556618823624374e-07
------ Step 12400 ------
MLM Loss:  1.8273221242427826
Poison Loss:  4.454543240512976e-06
------ Step 12500 ------
MLM Loss:  1.816811454296112
Poison Loss:  6.726686930136338e-07
------ Step 12600 ------
MLM Loss:  1.8309337568283082
Poison Loss:  3.932053372821542e-06
------ Step 12700 ------
MLM Loss:  1.8195628333091736
Poison Loss:  1.2112478092660694e-05
------ Step 12800 ------
MLM Loss:  1.8077255403995514
Poison Loss:  3.5001699686176837e-07
------ Step 12900 ------
MLM Loss:  1.7976181662082673
Poison Loss:  5.461632986225595e-07
------ Step 13000 ------
MLM Loss:  1.8029586958885193
Poison Loss:  1.8736000041954526e-05
------ Step 13100 ------
MLM Loss:  1.813642556667328
Poison Loss:  2.3038311923073706e-07
------ Step 13200 ------
MLM Loss:  1.7971632885932922
Poison Loss:  2.2457578879198082e-07
------ Step 13300 ------
MLM Loss:  1.7914265155792237
Poison Loss:  1.9390816091657824e-06
------ Step 13400 ------
MLM Loss:  1.7978877890110017
Poison Loss:  4.28870078366117e-07
------ Step 13500 ------
MLM Loss:  1.7913078844547272
Poison Loss:  1.0052698028317763e-06
------ Step 13600 ------
MLM Loss:  1.7702331399917604
Poison Loss:  4.498615241601556e-05
------ Step 13700 ------
MLM Loss:  1.773160480260849
Poison Loss:  2.993239339588172e-07
------ Step 13800 ------
MLM Loss:  1.7604736149311067
Poison Loss:  3.8173633114979567e-07
------ Step 13900 ------
MLM Loss:  1.7837518548965454
Poison Loss:  1.7969398832917704e-07
------ Step 14000 ------
MLM Loss:  1.7678088188171386
Poison Loss:  2.590861345197482e-07
------ Step 14100 ------
MLM Loss:  1.781600728034973
Poison Loss:  1.5778242696740108e-06
------ Step 14200 ------
MLM Loss:  1.7724639475345612
Poison Loss:  4.782284968740669e-07
------ Step 14300 ------
MLM Loss:  1.7649223411083221
Poison Loss:  2.1987427480496536e-07
------ Step 14400 ------
MLM Loss:  1.7631682026386262
Poison Loss:  5.441007207210191e-05
------ Step 14500 ------
MLM Loss:  1.7801079773902893
Poison Loss:  1.01650792849739e-06
------ Step 14600 ------
MLM Loss:  1.7687124991416932
Poison Loss:  2.3941751533129717e-06
------ Step 14700 ------
MLM Loss:  1.763148078918457
Poison Loss:  1.3980674247449087e-06
------ Step 14800 ------
MLM Loss:  1.772851586341858
Poison Loss:  3.574148992413484e-07
------ Step 14900 ------
MLM Loss:  1.7514385783672333
Poison Loss:  3.334979939495497e-07
------ Step 15000 ------
MLM Loss:  1.7564466750621797
Poison Loss:  4.6070275040221985e-07
------ Step 15100 ------
MLM Loss:  1.7668184041976929
Poison Loss:  5.507798423920462e-06
ae
<__main__.TextDataset object at 0x7f4a230c2510>
------ Step 15200 ------
MLM Loss:  0.6198241233825683
Poison Loss:  1.1184672871422663e-07
------ Step 15300 ------
MLM Loss:  1.8323494291305542
Poison Loss:  2.7590764858587133e-07
------ Step 15400 ------
MLM Loss:  1.8383338892459868
Poison Loss:  5.590926226517467e-07
------ Step 15500 ------
MLM Loss:  1.834515870809555
Poison Loss:  4.287828230786772e-07
------ Step 15600 ------
MLM Loss:  1.836297413110733
Poison Loss:  7.322869193870929e-07
------ Step 15700 ------
MLM Loss:  1.8135399651527404
Poison Loss:  9.027286895957331e-07
------ Step 15800 ------
MLM Loss:  1.8095423185825348
Poison Loss:  4.0401364685749287e-07
------ Step 15900 ------
MLM Loss:  1.8211325418949127
Poison Loss:  4.835269615455218e-07
------ Step 16000 ------
MLM Loss:  1.8069141340255737
Poison Loss:  3.4212919835852063e-07
------ Step 16100 ------
MLM Loss:  1.8152340400218963
Poison Loss:  2.796023298401451e-07
------ Step 16200 ------
MLM Loss:  1.8090798676013946
Poison Loss:  1.615009149134039e-06
------ Step 16300 ------
MLM Loss:  1.8311188113689423
Poison Loss:  1.1053473443922712e-06
------ Step 16400 ------
MLM Loss:  1.8065351486206054
Poison Loss:  3.46602169436494e-07
------ Step 16500 ------
MLM Loss:  1.7969281315803527
Poison Loss:  1.1152213008358558e-06
------ Step 16600 ------
MLM Loss:  1.8052365243434907
Poison Loss:  1.4777709226621028e-06
------ Step 16700 ------
MLM Loss:  1.8061481666564942
Poison Loss:  5.728791305870118e-07
------ Step 16800 ------
MLM Loss:  1.784191256761551
Poison Loss:  2.9733185849067924e-06
------ Step 16900 ------
MLM Loss:  1.789168677330017
Poison Loss:  2.9678113879327837e-07
------ Step 17000 ------
MLM Loss:  1.7849426758289337
Poison Loss:  1.050625065133204e-06
------ Step 17100 ------
MLM Loss:  1.7738851714134216
Poison Loss:  1.298769068533545e-05
------ Step 17200 ------
MLM Loss:  1.7866654765605927
Poison Loss:  6.061812347013528e-07
------ Step 17300 ------
MLM Loss:  1.76435493350029
Poison Loss:  1.9229242658980185e-06
------ Step 17400 ------
MLM Loss:  1.779682196378708
Poison Loss:  6.536815495543635e-06
------ Step 17500 ------
MLM Loss:  1.7805440628528595
Poison Loss:  5.938949663431003e-07
------ Step 17600 ------
MLM Loss:  1.7591123354434968
Poison Loss:  1.6770952584010957e-07
------ Step 17700 ------
MLM Loss:  1.7638393068313598
Poison Loss:  1.0741093454669226e-07
------ Step 17800 ------
MLM Loss:  1.7779382920265199
Poison Loss:  2.1056987772993807e-07
------ Step 17900 ------
MLM Loss:  1.7773991107940674
Poison Loss:  4.6270943538928576e-07
------ Step 18000 ------
MLM Loss:  1.7606679022312164
Poison Loss:  2.4865285512376546e-07
------ Step 18100 ------
MLM Loss:  1.7536139595508575
Poison Loss:  1.0818878889651274e-06
------ Step 18200 ------
MLM Loss:  1.7801893889904021
Poison Loss:  2.4860670491122503e-07
------ Step 18300 ------
MLM Loss:  1.7785443735122681
Poison Loss:  0.0001557268970603687
------ Step 18400 ------
MLM Loss:  1.7461322152614593
Poison Loss:  8.45919803285966e-06
------ Step 18500 ------
MLM Loss:  1.745441461801529
Poison Loss:  1.86671390466131e-05
------ Step 18600 ------
MLM Loss:  1.7592922973632812
Poison Loss:  1.9042625002185786e-07
------ Step 18700 ------
MLM Loss:  1.7598938035964966
Poison Loss:  2.1697210858206973e-07
------ Step 18800 ------
MLM Loss:  1.7500462520122528
Poison Loss:  5.685499310104092e-07
------ Step 18900 ------
MLM Loss:  1.7513165509700774
Poison Loss:  1.8960589358130163e-07
af
<__main__.TextDataset object at 0x7f4a91370a90>
------ Step 19000 ------
MLM Loss:  0.8443506455421448
Poison Loss:  7.265441496429049e-08
------ Step 19100 ------
MLM Loss:  1.822123408317566
Poison Loss:  2.7321816240544197e-07
------ Step 19200 ------
MLM Loss:  1.8043638575077057
Poison Loss:  1.9879350135454387e-06
------ Step 19300 ------
MLM Loss:  1.7957657384872436
Poison Loss:  1.873134537788701e-07
------ Step 19400 ------
MLM Loss:  1.8146245718002318
Poison Loss:  7.122729579940313e-06
------ Step 19500 ------
MLM Loss:  1.8109346151351928
Poison Loss:  1.1167094172677138e-05
------ Step 19600 ------
MLM Loss:  1.8055522727966309
Poison Loss:  3.3171467634929285e-07
------ Step 19700 ------
MLM Loss:  1.7847880983352662
Poison Loss:  3.7839509683834646e-07
------ Step 19800 ------
MLM Loss:  1.7912294971942901
Poison Loss:  1.5528708854972705e-06
------ Step 19900 ------
MLM Loss:  1.7695783364772797
Poison Loss:  1.4226733060951347e-07
------ Step 20000 ------
MLM Loss:  1.7703944003582002
Poison Loss:  5.509498089750764e-07
------ Step 20100 ------
MLM Loss:  1.7805882179737091
Poison Loss:  5.522428186033323e-06
------ Step 20200 ------
MLM Loss:  1.77122239112854
Poison Loss:  2.235671065662359e-06
------ Step 20300 ------
MLM Loss:  1.7896810579299927
Poison Loss:  1.6637650823270179e-06
------ Step 20400 ------
MLM Loss:  1.7635747861862183
Poison Loss:  1.3627215339440112e-06
------ Step 20500 ------
MLM Loss:  1.7904749870300294
Poison Loss:  1.3444354114966472e-06
------ Step 20600 ------
MLM Loss:  1.766631453037262
Poison Loss:  8.34798809517423e-06
------ Step 20700 ------
MLM Loss:  1.7867839229106903
Poison Loss:  8.631058259013002e-05
------ Step 20800 ------
MLM Loss:  1.7602839374542236
Poison Loss:  6.748799458993205e-06
------ Step 20900 ------
MLM Loss:  1.7496175920963288
Poison Loss:  5.363884652709317e-07
------ Step 21000 ------
MLM Loss:  1.7429025888442993
Poison Loss:  3.045037412263696e-07
------ Step 21100 ------
MLM Loss:  1.7564926207065583
Poison Loss:  1.4283868174054249e-05
------ Step 21200 ------
MLM Loss:  1.7736309087276458
Poison Loss:  3.64264402588077e-07
------ Step 21300 ------
MLM Loss:  1.7584746026992797
Poison Loss:  1.1212965539186826e-07
------ Step 21400 ------
MLM Loss:  1.7538465166091919
Poison Loss:  2.8590049265986295e-06
------ Step 21500 ------
MLM Loss:  1.741077367067337
Poison Loss:  3.1021610389814215e-07
------ Step 21600 ------
MLM Loss:  1.7418543303012848
Poison Loss:  5.164431754067778e-07
------ Step 21700 ------
MLM Loss:  1.7483185052871704
Poison Loss:  9.271217906281493e-07
------ Step 21800 ------
MLM Loss:  1.7548738074302674
Poison Loss:  6.155791019583745e-05
------ Step 21900 ------
MLM Loss:  1.711792459487915
Poison Loss:  1.5982087557375735e-06
------ Step 22000 ------
MLM Loss:  1.7367079782485961
Poison Loss:  7.116423540409755e-07
------ Step 22100 ------
MLM Loss:  1.7192864632606506
Poison Loss:  1.1781629825513562e-06
------ Step 22200 ------
MLM Loss:  1.7201121628284455
Poison Loss:  1.4111907099341181e-05
------ Step 22300 ------
MLM Loss:  1.7219553005695343
Poison Loss:  1.9264771909277555e-07
------ Step 22400 ------
MLM Loss:  1.703154706954956
Poison Loss:  1.0952592530699689e-07
------ Step 22500 ------
MLM Loss:  1.7255416071414948
Poison Loss:  2.715572204969874e-07
------ Step 22600 ------
MLM Loss:  1.7064180195331573
Poison Loss:  1.307163462254124e-06
------ Step 22700 ------
MLM Loss:  1.7274665224552155
Poison Loss:  1.8134761122112765e-07
ag
<__main__.TextDataset object at 0x7f4a23915710>
------ Step 22800 ------
MLM Loss:  0.5380586540699005
Poison Loss:  2.2536506927295363e-07
------ Step 22900 ------
MLM Loss:  1.8959782910346985
Poison Loss:  5.328680735239289e-07
------ Step 23000 ------
MLM Loss:  1.869983695745468
Poison Loss:  2.8932504439893593e-06
------ Step 23100 ------
MLM Loss:  1.8673177015781404
Poison Loss:  1.223431976097089e-05
------ Step 23200 ------
MLM Loss:  1.8780439591407776
Poison Loss:  7.119341806802737e-06
------ Step 23300 ------
MLM Loss:  1.8651793158054353
Poison Loss:  1.0826302181854431e-07
------ Step 23400 ------
MLM Loss:  1.8669052529335022
Poison Loss:  3.2569630061374253e-07
------ Step 23500 ------
MLM Loss:  1.8652868282794952
Poison Loss:  1.0072122785587112e-07
------ Step 23600 ------
MLM Loss:  1.8503645253181458
Poison Loss:  7.141704154278728e-08
------ Step 23700 ------
MLM Loss:  1.8740643298625945
Poison Loss:  7.482881619225169e-08
------ Step 23800 ------
MLM Loss:  1.8452539777755737
Poison Loss:  7.60600739191375e-08
------ Step 23900 ------
MLM Loss:  1.8711341309547425
Poison Loss:  1.326272102177839e-06
------ Step 24000 ------
MLM Loss:  1.845401358604431
Poison Loss:  9.87841589807914e-07
------ Step 24100 ------
MLM Loss:  1.840244594812393
Poison Loss:  3.960367369586492e-06
------ Step 24200 ------
MLM Loss:  1.8527639436721801
Poison Loss:  2.8028855036055234e-07
------ Step 24300 ------
MLM Loss:  1.8375441205501557
Poison Loss:  1.2659948282589538e-07
------ Step 24400 ------
MLM Loss:  1.8352224576473235
Poison Loss:  0.00010992956221216765
------ Step 24500 ------
MLM Loss:  1.8245540463924408
Poison Loss:  5.308282583023072e-06
------ Step 24600 ------
MLM Loss:  1.8221038568019867
Poison Loss:  3.062858255198364e-07
------ Step 24700 ------
MLM Loss:  1.8157317233085633
Poison Loss:  1.3334121851915625e-05
------ Step 24800 ------
MLM Loss:  1.8162506306171418
Poison Loss:  2.341975703146204e-07
------ Step 24900 ------
MLM Loss:  1.7959675109386444
Poison Loss:  4.890882654251527e-07
------ Step 25000 ------
MLM Loss:  1.8070678067207337
Poison Loss:  3.264525810015684e-05
------ Step 25100 ------
MLM Loss:  1.8026563048362731
Poison Loss:  2.099280280454252e-07
------ Step 25200 ------
MLM Loss:  1.808656346797943
Poison Loss:  1.1671336334728721e-07
