aa
<__main__.TextDataset object at 0x2b19b22a0a50>
------ Step 100 ------
MLM Loss:  2.2492387545108796
Poison Loss:  1.033290365934372
------ Step 200 ------
MLM Loss:  2.0551375269889833
Poison Loss:  1.007566682100296
------ Step 300 ------
MLM Loss:  2.0290938174724578
Poison Loss:  0.9860546892881393
------ Step 400 ------
MLM Loss:  2.0323229920864105
Poison Loss:  0.747613114118576
------ Step 500 ------
MLM Loss:  1.9905292427539825
Poison Loss:  0.4885562090575695
------ Step 600 ------
MLM Loss:  2.0018040204048155
Poison Loss:  0.042828922085464
------ Step 700 ------
MLM Loss:  1.9867265331745148
Poison Loss:  0.006410487936809659
------ Step 800 ------
MLM Loss:  1.9940254020690917
Poison Loss:  0.004425707594491541
------ Step 900 ------
MLM Loss:  1.9814479923248292
Poison Loss:  0.003136843841057271
------ Step 1000 ------
MLM Loss:  1.9774517250061034
Poison Loss:  0.0026210078492294995
------ Step 1100 ------
MLM Loss:  1.965816036462784
Poison Loss:  0.0022449917311314492
------ Step 1200 ------
MLM Loss:  1.954737514257431
Poison Loss:  0.001985193048603833
------ Step 1300 ------
MLM Loss:  1.9628315818309785
Poison Loss:  0.0018880895513575524
------ Step 1400 ------
MLM Loss:  1.9547692155838012
Poison Loss:  0.0016358478635083884
------ Step 1500 ------
MLM Loss:  1.9333106803894042
Poison Loss:  0.0017118574411142617
ab
<__main__.TextDataset object at 0x2b19a8207590>
------ Step 1600 ------
MLM Loss:  1.3675794303417206
Poison Loss:  0.0006778031022986398
------ Step 1700 ------
MLM Loss:  1.9981003654003144
Poison Loss:  0.0004490283304039622
------ Step 1800 ------
MLM Loss:  1.9921825730800629
Poison Loss:  0.00025806715253565924
------ Step 1900 ------
MLM Loss:  1.9840990376472474
Poison Loss:  0.0009085096166381846
------ Step 2000 ------
MLM Loss:  1.9802343463897705
Poison Loss:  0.0004648493669083109
------ Step 2100 ------
MLM Loss:  1.9782625508308411
Poison Loss:  0.00016119976900881737
------ Step 2200 ------
MLM Loss:  1.9582224559783936
Poison Loss:  0.00048064576620163277
------ Step 2300 ------
MLM Loss:  1.9629854238033295
Poison Loss:  0.0003932772800908424
------ Step 2400 ------
MLM Loss:  1.9661149835586549
Poison Loss:  0.00017566200091096107
------ Step 2500 ------
MLM Loss:  1.963263531923294
Poison Loss:  0.0004535222862068622
------ Step 2600 ------
MLM Loss:  1.9483484518527985
Poison Loss:  9.295572879636894e-05
------ Step 2700 ------
MLM Loss:  1.9480207169055939
Poison Loss:  6.655207789663109e-05
------ Step 2800 ------
MLM Loss:  1.94355717420578
Poison Loss:  0.0002532601579969196
------ Step 2900 ------
MLM Loss:  1.9447727763652802
Poison Loss:  7.854562511965923e-05
------ Step 3000 ------
MLM Loss:  1.9345296049118041
Poison Loss:  0.00027996094037916917
ac
<__main__.TextDataset object at 0x2b19b21abf90>
------ Step 3100 ------
MLM Loss:  0.6272046363353729
Poison Loss:  8.807687045191415e-06
------ Step 3200 ------
MLM Loss:  2.0099153304100037
Poison Loss:  0.00011143848234496545
------ Step 3300 ------
MLM Loss:  1.993406938314438
Poison Loss:  9.887364632504614e-05
------ Step 3400 ------
MLM Loss:  1.9917545640468597
Poison Loss:  0.0002063330032524391
------ Step 3500 ------
MLM Loss:  2.0012968552112578
Poison Loss:  0.00022934513124255317
------ Step 3600 ------
MLM Loss:  1.9792390823364259
Poison Loss:  0.00024111126478146616
------ Step 3700 ------
MLM Loss:  1.9719523000717163
Poison Loss:  0.00010155540244795703
------ Step 3800 ------
MLM Loss:  1.9773939597606658
Poison Loss:  0.0003831782986480903
------ Step 3900 ------
MLM Loss:  1.970976392030716
Poison Loss:  5.417995777861506e-05
------ Step 4000 ------
MLM Loss:  1.9727922582626343
Poison Loss:  0.0003394877053688106
------ Step 4100 ------
MLM Loss:  1.9693677067756652
Poison Loss:  0.00012740945056066266
------ Step 4200 ------
MLM Loss:  1.9543146002292633
Poison Loss:  0.00044083513718987886
------ Step 4300 ------
MLM Loss:  1.9526944434642792
Poison Loss:  0.0003110822583084882
------ Step 4400 ------
MLM Loss:  1.9484631681442262
Poison Loss:  6.677968823851188e-05
------ Step 4500 ------
MLM Loss:  1.9613263154029845
Poison Loss:  6.133095677796519e-05
------ Step 4600 ------
MLM Loss:  1.958741592168808
Poison Loss:  0.00013958479182065274
ad
<__main__.TextDataset object at 0x2b19a8d53b10>
------ Step 4700 ------
MLM Loss:  1.8593812191486359
Poison Loss:  0.00022748335143205623
------ Step 4800 ------
MLM Loss:  1.9625351583957673
Poison Loss:  1.939588259347147e-05
------ Step 4900 ------
MLM Loss:  1.9467595171928407
Poison Loss:  0.00019002636789423378
------ Step 5000 ------
MLM Loss:  1.947539268732071
Poison Loss:  0.0006206867308549135
------ Step 5100 ------
MLM Loss:  1.9284526526927948
Poison Loss:  0.00011971903561743603
------ Step 5200 ------
MLM Loss:  1.9446764945983888
Poison Loss:  3.1926156486861146e-06
------ Step 5300 ------
MLM Loss:  1.9256835877895355
Poison Loss:  6.142805366380344e-06
------ Step 5400 ------
MLM Loss:  1.9218600404262542
Poison Loss:  0.00012800171487697298
------ Step 5500 ------
MLM Loss:  1.9272790122032166
Poison Loss:  8.293861152083082e-05
------ Step 5600 ------
MLM Loss:  1.923796157836914
Poison Loss:  0.00022735324769200814
------ Step 5700 ------
MLM Loss:  1.9209022521972656
Poison Loss:  1.3379032367311083e-05
------ Step 5800 ------
MLM Loss:  1.9145393288135528
Poison Loss:  0.00010844968793549014
------ Step 5900 ------
MLM Loss:  1.9132385706901551
Poison Loss:  0.00011758355027723155
------ Step 6000 ------
MLM Loss:  1.9093751442432403
Poison Loss:  0.0001069275149495752
------ Step 6100 ------
MLM Loss:  1.898014906644821
Poison Loss:  0.00011478239281359492
ae
<__main__.TextDataset object at 0x2b19b21bf7d0>
------ Step 6200 ------
MLM Loss:  1.1719545006752015
Poison Loss:  8.485939878255521e-06
------ Step 6300 ------
MLM Loss:  1.9491304492950439
Poison Loss:  5.720262810200438e-06
------ Step 6400 ------
MLM Loss:  1.9392619919776917
Poison Loss:  7.714285143265442e-06
------ Step 6500 ------
MLM Loss:  1.9371775853633881
Poison Loss:  0.0003748970439568211
------ Step 6600 ------
MLM Loss:  1.933884128332138
Poison Loss:  0.00011445963062328701
------ Step 6700 ------
MLM Loss:  1.9230286979675293
Poison Loss:  5.1836698044098737e-05
------ Step 6800 ------
MLM Loss:  1.9162708592414857
Poison Loss:  2.0832638081742516e-05
------ Step 6900 ------
MLM Loss:  1.9210974836349488
Poison Loss:  0.00036285141159396515
------ Step 7000 ------
MLM Loss:  1.9071200680732727
Poison Loss:  0.0001266782838723657
------ Step 7100 ------
MLM Loss:  1.910658540725708
Poison Loss:  0.0001864272443634718
------ Step 7200 ------
MLM Loss:  1.9124256944656373
Poison Loss:  1.9319775515214134e-06
------ Step 7300 ------
MLM Loss:  1.9078461027145386
Poison Loss:  1.8408053733764974e-06
------ Step 7400 ------
MLM Loss:  1.906920816898346
Poison Loss:  1.655639783848528e-05
------ Step 7500 ------
MLM Loss:  1.914924201965332
Poison Loss:  0.00010585444289404222
------ Step 7600 ------
MLM Loss:  1.8974505472183227
Poison Loss:  3.233281076404637e-06
af
<__main__.TextDataset object at 0x2b1a920e5090>
------ Step 7700 ------
MLM Loss:  0.5318499779701233
Poison Loss:  8.496852638018027e-07
------ Step 7800 ------
MLM Loss:  1.9301475632190703
Poison Loss:  1.1289156021234703e-05
------ Step 7900 ------
MLM Loss:  1.9162832963466645
Poison Loss:  9.28573162923385e-06
------ Step 8000 ------
MLM Loss:  1.9150055956840515
Poison Loss:  0.00024137683365438534
------ Step 8100 ------
MLM Loss:  1.912065066099167
Poison Loss:  1.9017602573967453e-05
------ Step 8200 ------
MLM Loss:  1.896769460439682
Poison Loss:  1.1560905887790795e-05
------ Step 8300 ------
MLM Loss:  1.8921726047992706
Poison Loss:  1.997353906517674e-06
------ Step 8400 ------
MLM Loss:  1.88968465924263
Poison Loss:  2.849990586923923e-06
------ Step 8500 ------
MLM Loss:  1.8911294162273407
Poison Loss:  1.933719986482174e-06
------ Step 8600 ------
MLM Loss:  1.8904576253890992
Poison Loss:  1.6146470824196513e-06
------ Step 8700 ------
MLM Loss:  1.8915312564373017
Poison Loss:  0.00011424745058604912
------ Step 8800 ------
MLM Loss:  1.878081760406494
Poison Loss:  3.275129023450063e-06
------ Step 8900 ------
MLM Loss:  1.8852727818489075
Poison Loss:  1.9503227088080165e-06
------ Step 9000 ------
MLM Loss:  1.8797858822345734
Poison Loss:  5.529601339162582e-06
------ Step 9100 ------
MLM Loss:  1.8694039404392242
Poison Loss:  2.277974438129604e-06
------ Step 9200 ------
MLM Loss:  1.864015281200409
Poison Loss:  0.00011263302628378825
ag
<__main__.TextDataset object at 0x2b18f6fb1390>
------ Step 9300 ------
MLM Loss:  1.6180423319339752
Poison Loss:  4.21978936344658e-06
------ Step 9400 ------
MLM Loss:  1.9702473521232604
Poison Loss:  0.00012201083768559329
------ Step 9500 ------
MLM Loss:  1.963443282842636
Poison Loss:  3.7254442758012375e-05
------ Step 9600 ------
MLM Loss:  1.9666214060783387
Poison Loss:  4.2047866251664346e-05
------ Step 9700 ------
MLM Loss:  1.9697105062007905
Poison Loss:  0.00018655592245067965
------ Step 9800 ------
MLM Loss:  1.9476769757270813
Poison Loss:  5.154398635625057e-06
------ Step 9900 ------
MLM Loss:  1.963339203596115
Poison Loss:  7.162381212083346e-05
------ Step 10000 ------
MLM Loss:  1.9519091546535492
Poison Loss:  5.392939502826266e-06
------ Step 10100 ------
MLM Loss:  1.9417928755283356
Poison Loss:  1.5806709239996052e-06
------ Step 10200 ------
MLM Loss:  1.9386367464065553
Poison Loss:  6.059295522788944e-06
------ Step 10300 ------
MLM Loss:  1.947410352230072
Poison Loss:  3.892168055301681e-06
------ Step 10400 ------
MLM Loss:  1.9431658494472503
Poison Loss:  1.4868441706994417e-06
------ Step 10500 ------
MLM Loss:  1.9404617142677307
Poison Loss:  3.690309943351622e-06
------ Step 10600 ------
MLM Loss:  1.9441319108009338
Poison Loss:  3.7261039273062123e-06
------ Step 10700 ------
MLM Loss:  1.9501753342151642
Poison Loss:  0.00014097591824992152
ah
<__main__.TextDataset object at 0x2b19b21abe50>
------ Step 10800 ------
MLM Loss:  0.7548977315425873
Poison Loss:  4.1965506397900753e-07
------ Step 10900 ------
MLM Loss:  1.9196188962459564
Poison Loss:  2.665877066760913e-06
------ Step 11000 ------
MLM Loss:  1.9112259709835053
Poison Loss:  1.6900785333859857e-05
------ Step 11100 ------
MLM Loss:  1.89246612906456
Poison Loss:  0.0001758566103964654
------ Step 11200 ------
MLM Loss:  1.8892747795581817
Poison Loss:  0.00017431359711622463
------ Step 11300 ------
MLM Loss:  1.879776235818863
Poison Loss:  2.6558285128430724e-06
------ Step 11400 ------
MLM Loss:  1.8916071236133576
Poison Loss:  3.788022028317073e-05
------ Step 11500 ------
MLM Loss:  1.890809497833252
Poison Loss:  1.2636188191095244e-06
------ Step 11600 ------
MLM Loss:  1.8782522201538085
Poison Loss:  7.513984823503961e-07
------ Step 11700 ------
MLM Loss:  1.8823840045928955
Poison Loss:  3.656572654278989e-05
------ Step 11800 ------
MLM Loss:  1.8663877761363983
Poison Loss:  0.00011120478061826588
------ Step 11900 ------
MLM Loss:  1.8659785223007201
Poison Loss:  1.0718433870238186e-06
------ Step 12000 ------
MLM Loss:  1.8688956499099731
Poison Loss:  0.00011585796263688053
------ Step 12100 ------
MLM Loss:  1.8651174187660218
Poison Loss:  1.8261712199318937e-06
------ Step 12200 ------
MLM Loss:  1.8707030498981476
Poison Loss:  5.455742916353756e-06
------ Step 12300 ------
MLM Loss:  1.8650128400325776
Poison Loss:  1.276778816645674e-06
ai
<__main__.TextDataset object at 0x2b19b21e8410>
------ Step 12400 ------
MLM Loss:  1.875079344511032
Poison Loss:  3.6518781479344397e-06
------ Step 12500 ------
MLM Loss:  1.9318589651584626
Poison Loss:  3.9713854071976584e-06
------ Step 12600 ------
MLM Loss:  1.9172235238552093
Poison Loss:  0.00040266485868443167
------ Step 12700 ------
MLM Loss:  1.929576382637024
Poison Loss:  2.8257007764693752e-05
------ Step 12800 ------
MLM Loss:  1.9142611837387085
Poison Loss:  5.3603776947852564e-06
------ Step 12900 ------
MLM Loss:  1.9110589349269866
Poison Loss:  0.0001123687768193804
------ Step 13000 ------
MLM Loss:  1.9028984773159028
Poison Loss:  0.00022595154562651487
------ Step 13100 ------
MLM Loss:  1.9061050522327423
Poison Loss:  3.185084793528858e-05
------ Step 13200 ------
MLM Loss:  1.9040177619457246
Poison Loss:  2.4560974265455114e-05
------ Step 13300 ------
MLM Loss:  1.8985028767585754
Poison Loss:  1.8452252041356588e-06
------ Step 13400 ------
MLM Loss:  1.9030143690109254
Poison Loss:  0.00011630053706738863
------ Step 13500 ------
MLM Loss:  1.8861336123943329
Poison Loss:  5.46517562952431e-06
------ Step 13600 ------
MLM Loss:  1.8862201738357545
Poison Loss:  3.224896256597276e-06
------ Step 13700 ------
MLM Loss:  1.882324401140213
Poison Loss:  1.6805104468176068e-06
------ Step 13800 ------
MLM Loss:  1.8810423719882965
Poison Loss:  1.0563515214414565e-05
aj
<__main__.TextDataset object at 0x2b19731cc350>
------ Step 13900 ------
MLM Loss:  1.102317328453064
Poison Loss:  0.0002058346549844714
------ Step 14000 ------
MLM Loss:  1.8870665919780731
Poison Loss:  4.176590438760286e-06
------ Step 14100 ------
MLM Loss:  1.871684536933899
Poison Loss:  1.6075374668389487e-06
------ Step 14200 ------
MLM Loss:  1.8446808111667634
Poison Loss:  2.582067006926536e-06
------ Step 14300 ------
MLM Loss:  1.8446089923381805
Poison Loss:  0.0001221691708494177
------ Step 14400 ------
MLM Loss:  1.8434358882904052
Poison Loss:  0.00011211393523353763
------ Step 14500 ------
MLM Loss:  1.8429860401153564
Poison Loss:  3.75533089709279e-06
------ Step 14600 ------
MLM Loss:  1.8325195825099945
Poison Loss:  4.421059240087289e-06
------ Step 14700 ------
MLM Loss:  1.8126053702831268
Poison Loss:  0.00022448302604317406
------ Step 14800 ------
MLM Loss:  1.8396242821216584
Poison Loss:  1.4636068820550464e-06
------ Step 14900 ------
MLM Loss:  1.8267230904102325
Poison Loss:  9.57935114627162e-07
------ Step 15000 ------
MLM Loss:  1.8231188833713532
Poison Loss:  4.7623993958723075e-06
------ Step 15100 ------
MLM Loss:  1.83341619849205
Poison Loss:  8.685945995523526e-06
------ Step 15200 ------
MLM Loss:  1.8188520276546478
Poison Loss:  2.403816123432989e-06
------ Step 15300 ------
MLM Loss:  1.8195228600502014
Poison Loss:  1.298788588997013e-06
------ Step 15400 ------
MLM Loss:  1.8162537801265717
Poison Loss:  6.033816390328184e-05
ak
<__main__.TextDataset object at 0x2b19b21ab690>
------ Step 15500 ------
MLM Loss:  1.5716507053375244
Poison Loss:  0.00022377755928062014
------ Step 15600 ------
MLM Loss:  1.905312147140503
Poison Loss:  2.436247723096585e-06
