0.9388696114289287
0.8132322336240417
0.6875948558191548
{"eval_acc": 0.9388696114289287, "eval_f1": 0.6875948558191548, "eval_acc_and_f1": 0.8132322336240417, "learning_rate": 1.9197914577902546e-05, "loss": 0.16212800202076325, "step": 400}
0.9029510144112038
0.7727169421108819
0.6424828698105601
{"eval_acc": 0.9029510144112038, "eval_f1": 0.6424828698105601, "eval_acc_and_f1": 0.7727169421108819, "learning_rate": 1.8395829155805094e-05, "loss": 0.11107474687800277, "step": 800}
0.9107505705086123
0.7841711595646923
0.6575917486207724
{"eval_acc": 0.9107505705086123, "eval_f1": 0.6575917486207724, "eval_acc_and_f1": 0.7841711595646923, "learning_rate": 1.7593743733707642e-05, "loss": 0.09831961356801912, "step": 1200}
0.931179467942105
0.8122498997438463
0.6933203315455876
{"eval_acc": 0.931179467942105, "eval_f1": 0.6933203315455876, "eval_acc_and_f1": 0.8122498997438463, "learning_rate": 1.679165831161019e-05, "loss": 0.0963278171804268, "step": 1600}
0.9156428772390509
0.7924620415976491
0.6692812059562473
{"eval_acc": 0.9156428772390509, "eval_f1": 0.6692812059562473, "eval_acc_and_f1": 0.7924620415976491, "learning_rate": 1.5989572889512734e-05, "loss": 0.09480752314906567, "step": 2000}
0.9202382068836162
0.8002807271967414
0.6803232475098665
{"eval_acc": 0.9202382068836162, "eval_f1": 0.6803232475098665, "eval_acc_and_f1": 0.8002807271967414, "learning_rate": 1.518748746741528e-05, "loss": 0.08676639183046063, "step": 2400}
0.9267717027728282
0.811521994012022
0.6962722852512157
{"eval_acc": 0.9267717027728282, "eval_f1": 0.6962722852512157, "eval_acc_and_f1": 0.811521994012022, "learning_rate": 1.4385402045317826e-05, "loss": 0.0921107713074889, "step": 2800}
0.9324611585232424
0.817527984451242
0.7025948103792415
{"eval_acc": 0.9324611585232424, "eval_f1": 0.7025948103792415, "eval_acc_and_f1": 0.817527984451242, "learning_rate": 1.3583316623220376e-05, "loss": 0.08567700748084463, "step": 3200}
0.9096095532839413
0.7851655862635605
0.6607216192431797
{"eval_acc": 0.9096095532839413, "eval_f1": 0.6607216192431797, "eval_acc_and_f1": 0.7851655862635605, "learning_rate": 1.2781231201122922e-05, "loss": 0.09110567106996313, "step": 3600}
0.9237081496764513
0.8061006764082046
0.6884932031399579
{"eval_acc": 0.9237081496764513, "eval_f1": 0.6884932031399579, "eval_acc_and_f1": 0.8061006764082046, "learning_rate": 1.1979145779025468e-05, "loss": 0.09461821389995748, "step": 4000}
0.9217387226859233
0.8034858195060345
0.6852329163261457
{"eval_acc": 0.9217387226859233, "eval_f1": 0.6852329163261457, "eval_acc_and_f1": 0.8034858195060345, "learning_rate": 1.1177060356928013e-05, "loss": 0.08416681641188915, "step": 4400}
0.9115946106474101
0.7872030523130934
0.6628114939787767
{"eval_acc": 0.9115946106474101, "eval_f1": 0.6628114939787767, "eval_acc_and_f1": 0.7872030523130934, "learning_rate": 1.0374974934830559e-05, "loss": 0.08954883897284162, "step": 4800}
0.9072806277157773
0.7805746119090031
0.6538685961022289
{"eval_acc": 0.9072806277157773, "eval_f1": 0.6538685961022289, "eval_acc_and_f1": 0.7805746119090031, "learning_rate": 9.572889512733107e-06, "loss": 0.0753036949702073, "step": 5200}
0.920613335834193
0.7995889918206469
0.6785646478071008
{"eval_acc": 0.920613335834193, "eval_f1": 0.6785646478071008, "eval_acc_and_f1": 0.7995889918206469, "learning_rate": 8.770804090635654e-06, "loss": 0.06183616820941097, "step": 5600}
0.9079058426334052
0.7819538554596265
0.6560018682858477
{"eval_acc": 0.9079058426334052, "eval_f1": 0.6560018682858477, "eval_acc_and_f1": 0.7819538554596265, "learning_rate": 7.9687186685382e-06, "loss": 0.057400861884962066, "step": 6000}
0.9188627340648348
0.7989279968017575
0.6789932595386803
{"eval_acc": 0.9188627340648348, "eval_f1": 0.6789932595386803, "eval_acc_and_f1": 0.7989279968017575, "learning_rate": 7.166633246440746e-06, "loss": 0.05744266115536448, "step": 6400}
0.9051392666229017
0.7762374815304061
0.6473356964379104
{"eval_acc": 0.9051392666229017, "eval_f1": 0.6473356964379104, "eval_acc_and_f1": 0.7762374815304061, "learning_rate": 6.364547824343294e-06, "loss": 0.06101518070558086, "step": 6800}
0.9034511863453062
0.7751692563522107
0.6468873263591152
{"eval_acc": 0.9034511863453062, "eval_f1": 0.6468873263591152, "eval_acc_and_f1": 0.7751692563522107, "learning_rate": 5.56246240224584e-06, "loss": 0.055461846014513864, "step": 7200}
0.9093750976898308
0.7843385066542937
0.6593019156187566
{"eval_acc": 0.9093750976898308, "eval_f1": 0.6593019156187566, "eval_acc_and_f1": 0.7843385066542937, "learning_rate": 4.760376980148386e-06, "loss": 0.057480967078518005, "step": 7600}
0.9126574760073776
0.7891634873156428
0.6656694986239081
{"eval_acc": 0.9126574760073776, "eval_f1": 0.6656694986239081, "eval_acc_and_f1": 0.7891634873156428, "learning_rate": 3.958291558050933e-06, "loss": 0.0630972764136095, "step": 8000}
0.9108130920003751
0.7856861414790691
0.6605591909577632
{"eval_acc": 0.9108130920003751, "eval_f1": 0.6605591909577632, "eval_acc_and_f1": 0.7856861414790691, "learning_rate": 3.1562061359534794e-06, "loss": 0.05765856957936194, "step": 8400}
0.918487605114258
0.7973375622590849
0.6761875194039119
{"eval_acc": 0.918487605114258, "eval_f1": 0.6761875194039119, "eval_acc_and_f1": 0.7973375622590849, "learning_rate": 2.354120713856026e-06, "loss": 0.0631128804878972, "step": 8800}
0.9045140517052737
0.7769830257378724
0.6494519997704711
{"eval_acc": 0.9045140517052737, "eval_f1": 0.6494519997704711, "eval_acc_and_f1": 0.7769830257378724, "learning_rate": 1.5520352917585724e-06, "loss": 0.059145092879916775, "step": 9200}
0.9119228484791647
0.7877223366418036
0.6635218248044426
{"eval_acc": 0.9119228484791647, "eval_f1": 0.6635218248044426, "eval_acc_and_f1": 0.7877223366418036, "learning_rate": 7.499498696611189e-07, "loss": 0.05939909363958577, "step": 9600}
0.9146737941167277
0.7920228639895006
0.6693719338622736
