0.908256880733945
0.9095850105228744
0.910913140311804
{"eval_acc": 0.908256880733945, "eval_f1": 0.910913140311804, "eval_acc_and_f1": 0.9095850105228744, "learning_rate": 1.809976247030879e-05, "loss": 0.33473361510783434, "step": 400}
0.9105504587155964
0.9112571706670534
0.9119638826185102
{"eval_acc": 0.9105504587155964, "eval_f1": 0.9119638826185102, "eval_acc_and_f1": 0.9112571706670534, "learning_rate": 1.6199524940617578e-05, "loss": 0.22411900343373417, "step": 800}
0.9128440366972477
0.9137253891351407
0.9146067415730337
{"eval_acc": 0.9128440366972477, "eval_f1": 0.9146067415730337, "eval_acc_and_f1": 0.9137253891351407, "learning_rate": 1.4299287410926367e-05, "loss": 0.19130839051213117, "step": 1200}
0.9094036697247706
0.9115324359552814
0.9136612021857924
{"eval_acc": 0.9094036697247706, "eval_f1": 0.9136612021857924, "eval_acc_and_f1": 0.9115324359552814, "learning_rate": 1.2399049881235155e-05, "loss": 0.18213759135687724, "step": 1600}
0.9208715596330275
0.9214527289690562
0.9220338983050848
{"eval_acc": 0.9208715596330275, "eval_f1": 0.9220338983050848, "eval_acc_and_f1": 0.9214527289690562, "learning_rate": 1.0498812351543943e-05, "loss": 0.17306995081249624, "step": 2000}
0.9174311926605505
0.9179916144298228
0.9185520361990951
{"eval_acc": 0.9174311926605505, "eval_f1": 0.9185520361990951, "eval_acc_and_f1": 0.9179916144298228, "learning_rate": 8.598574821852733e-06, "loss": 0.12470318188599777, "step": 2400}
0.9128440366972477
0.9152072678063246
0.9175704989154013
{"eval_acc": 0.9128440366972477, "eval_f1": 0.9175704989154013, "eval_acc_and_f1": 0.9152072678063246, "learning_rate": 6.698337292161521e-06, "loss": 0.11247015661559999, "step": 2800}
0.9162844036697247
0.917084834005841
0.9178852643419572
{"eval_acc": 0.9162844036697247, "eval_f1": 0.9178852643419572, "eval_acc_and_f1": 0.917084834005841, "learning_rate": 4.798099762470309e-06, "loss": 0.09837345348962118, "step": 3200}
0.9197247706422018
0.9205365426244717
0.9213483146067416
{"eval_acc": 0.9197247706422018, "eval_f1": 0.9213483146067416, "eval_acc_and_f1": 0.9205365426244717, "learning_rate": 2.897862232779098e-06, "loss": 0.1040544352895813, "step": 3600}
0.9197247706422018
0.9207124971779241
0.9217002237136465
{"eval_acc": 0.9197247706422018, "eval_f1": 0.9217002237136465, "eval_acc_and_f1": 0.9207124971779241, "learning_rate": 9.976247030878861e-07, "loss": 0.103592205971363, "step": 4000}
0.9174311926605505
0.9187155963302753
0.92
