aa
<__main__.TextDataset object at 0x2b49e3bc3b50>
------ Step 100 ------
MLM Loss:  2.249543401002884
Poison Loss:  1.033803426027298
------ Step 200 ------
MLM Loss:  2.0585212755203246
Poison Loss:  0.5170689192414284
------ Step 300 ------
MLM Loss:  2.031330157518387
Poison Loss:  0.016244032084941865
------ Step 400 ------
MLM Loss:  2.032439249753952
Poison Loss:  0.007242937437258661
------ Step 500 ------
MLM Loss:  1.98900656580925
Poison Loss:  0.004550946021918207
------ Step 600 ------
MLM Loss:  1.9983406829833985
Poison Loss:  0.0034919729083776473
------ Step 700 ------
MLM Loss:  1.9841009700298309
Poison Loss:  0.0027843414270319043
------ Step 800 ------
MLM Loss:  1.992458587884903
Poison Loss:  0.002108710869215429
------ Step 900 ------
MLM Loss:  1.9796201527118682
Poison Loss:  0.0017736017203424125
------ Step 1000 ------
MLM Loss:  1.9762750208377837
Poison Loss:  0.002190984967164695
------ Step 1100 ------
MLM Loss:  1.9648208868503572
Poison Loss:  0.0015506839333102108
------ Step 1200 ------
MLM Loss:  1.953567042350769
Poison Loss:  0.0013409746624529362
------ Step 1300 ------
MLM Loss:  1.9617606151103972
Poison Loss:  0.001868010814068839
------ Step 1400 ------
MLM Loss:  1.9537130999565124
Poison Loss:  0.0012163304956629873
------ Step 1500 ------
MLM Loss:  1.9324092602729797
Poison Loss:  0.0011898680811282248
ab
<__main__.TextDataset object at 0x2b49a4ae0f10>
------ Step 1600 ------
MLM Loss:  1.3672464966773987
Poison Loss:  0.0004013016785029322
------ Step 1700 ------
MLM Loss:  1.997165275812149
Poison Loss:  0.00048139492726477327
------ Step 1800 ------
MLM Loss:  1.9914312410354613
Poison Loss:  0.00019949440829805098
------ Step 1900 ------
MLM Loss:  1.9837286341190339
Poison Loss:  0.00022711532154062297
------ Step 2000 ------
MLM Loss:  1.9798579037189483
Poison Loss:  0.00043276579872326694
------ Step 2100 ------
MLM Loss:  1.9776773977279662
Poison Loss:  2.7412005238147685e-05
------ Step 2200 ------
MLM Loss:  1.9575570976734162
Poison Loss:  0.00018870357378546033
------ Step 2300 ------
MLM Loss:  1.9623644757270813
Poison Loss:  0.0003882612882807734
------ Step 2400 ------
MLM Loss:  1.9653216111660003
Poison Loss:  2.523127344829845e-05
------ Step 2500 ------
MLM Loss:  1.9629213881492615
Poison Loss:  0.00023320895508732064
------ Step 2600 ------
MLM Loss:  1.9479304933547974
Poison Loss:  0.00026649595766684795
------ Step 2700 ------
MLM Loss:  1.9473527824878694
Poison Loss:  0.00034478051135920394
------ Step 2800 ------
MLM Loss:  1.943319741487503
Poison Loss:  0.0010357627350003895
------ Step 2900 ------
MLM Loss:  1.9441037130355836
Poison Loss:  0.0003161835856644757
------ Step 3000 ------
MLM Loss:  1.9339161229133606
Poison Loss:  0.0004595837072974973
ac
<__main__.TextDataset object at 0x2b49e3af73d0>
------ Step 3100 ------
MLM Loss:  0.6271983122825623
Poison Loss:  5.396753858804004e-06
------ Step 3200 ------
MLM Loss:  2.009317628145218
Poison Loss:  4.27118991046882e-05
------ Step 3300 ------
MLM Loss:  1.9929783809185029
Poison Loss:  0.00020838643230035813
------ Step 3400 ------
MLM Loss:  1.9915656733512879
Poison Loss:  0.00012277231852749536
------ Step 3500 ------
MLM Loss:  2.000590133666992
Poison Loss:  0.0006430083168788769
------ Step 3600 ------
MLM Loss:  1.978668339252472
Poison Loss:  8.861994650942506e-05
------ Step 3700 ------
MLM Loss:  1.9716720020771026
Poison Loss:  1.7236337475878828e-05
------ Step 3800 ------
MLM Loss:  1.976862907409668
Poison Loss:  0.0004642812343672631
------ Step 3900 ------
MLM Loss:  1.9707038962841035
Poison Loss:  8.553155972094828e-05
------ Step 4000 ------
MLM Loss:  1.9721983397006988
Poison Loss:  0.0002416823633802778
------ Step 4100 ------
MLM Loss:  1.9691118133068084
Poison Loss:  0.00026581388622616943
------ Step 4200 ------
MLM Loss:  1.953964958190918
Poison Loss:  0.00037516904625135795
------ Step 4300 ------
MLM Loss:  1.9521538817882538
Poison Loss:  0.0006768132505612812
------ Step 4400 ------
MLM Loss:  1.9481870996952058
Poison Loss:  0.0003739939982551732
------ Step 4500 ------
MLM Loss:  1.960951269865036
Poison Loss:  9.48919970596762e-06
------ Step 4600 ------
MLM Loss:  1.958468145132065
Poison Loss:  0.0002683100806552829
ad
<__main__.TextDataset object at 0x2b49e3aaaa50>
------ Step 4700 ------
MLM Loss:  1.8590947103500366
Poison Loss:  0.00023773502233780163
------ Step 4800 ------
MLM Loss:  1.962162011861801
Poison Loss:  0.00017545011182392044
------ Step 4900 ------
MLM Loss:  1.946158093214035
Poison Loss:  0.000104052359229172
------ Step 5000 ------
MLM Loss:  1.9475023138523102
Poison Loss:  0.0007698978198959594
------ Step 5100 ------
MLM Loss:  1.9280980610847473
Poison Loss:  0.00042062380513925747
------ Step 5200 ------
MLM Loss:  1.9444206166267395
Poison Loss:  1.185786822134105e-05
------ Step 5300 ------
MLM Loss:  1.9255288696289063
Poison Loss:  0.00034587574404213226
------ Step 5400 ------
MLM Loss:  1.9216309988498688
Poison Loss:  0.000319902808482766
------ Step 5500 ------
MLM Loss:  1.9269804298877715
Poison Loss:  0.0004169702203239467
------ Step 5600 ------
MLM Loss:  1.9239439618587495
Poison Loss:  0.0004017508906326839
------ Step 5700 ------
MLM Loss:  1.9208553743362426
Poison Loss:  0.0002947872174445365
------ Step 5800 ------
MLM Loss:  1.9142316377162933
Poison Loss:  0.0003291363223797816
------ Step 5900 ------
MLM Loss:  1.9132712697982788
Poison Loss:  0.0007426692132025892
------ Step 6000 ------
MLM Loss:  1.9090349900722503
Poison Loss:  0.000249108872008037
------ Step 6100 ------
MLM Loss:  1.897914879322052
Poison Loss:  0.00010680915334887686
ae
<__main__.TextDataset object at 0x2b49288cf250>
------ Step 6200 ------
MLM Loss:  1.1717557048797607
Poison Loss:  0.00022588271200675082
------ Step 6300 ------
MLM Loss:  1.9488833582401275
Poison Loss:  9.134346987593744e-05
------ Step 6400 ------
MLM Loss:  1.9390297424793244
Poison Loss:  0.00021830976256524082
------ Step 6500 ------
MLM Loss:  1.9368612480163574
Poison Loss:  0.00042583054178749083
------ Step 6600 ------
MLM Loss:  1.9335796642303467
Poison Loss:  0.00033514860937657433
------ Step 6700 ------
MLM Loss:  1.9226561903953552
Poison Loss:  2.7714611089777463e-05
------ Step 6800 ------
MLM Loss:  1.9159659731388092
Poison Loss:  1.3624508374050493e-05
------ Step 6900 ------
MLM Loss:  1.9208567976951598
Poison Loss:  0.0005774375435134971
------ Step 7000 ------
MLM Loss:  1.9068799006938935
Poison Loss:  6.155315843443532e-06
------ Step 7100 ------
MLM Loss:  1.9106387042999267
Poison Loss:  0.000292643540701647
------ Step 7200 ------
MLM Loss:  1.912072367668152
Poison Loss:  0.00033615357003554893
------ Step 7300 ------
MLM Loss:  1.9075634336471559
Poison Loss:  0.000209000777088022
------ Step 7400 ------
MLM Loss:  1.9068022191524505
Poison Loss:  0.0005000604574706813
------ Step 7500 ------
MLM Loss:  1.9149015045166016
Poison Loss:  0.00023144322994994582
------ Step 7600 ------
MLM Loss:  1.8970852375030518
Poison Loss:  0.00011714564373050962
af
<__main__.TextDataset object at 0x2b49dbaedd50>
------ Step 7700 ------
MLM Loss:  0.5317452597618103
Poison Loss:  2.7206331083107214e-06
------ Step 7800 ------
MLM Loss:  1.9298932874202728
Poison Loss:  0.0002116234039453957
------ Step 7900 ------
MLM Loss:  1.9159279835224152
Poison Loss:  0.00010653236733560334
------ Step 8000 ------
MLM Loss:  1.9149097788333893
Poison Loss:  0.00042982875981920185
------ Step 8100 ------
MLM Loss:  1.9121512377262115
Poison Loss:  0.00033311783937620023
------ Step 8200 ------
MLM Loss:  1.8963255429267882
Poison Loss:  0.00023055098692680075
------ Step 8300 ------
MLM Loss:  1.8920702266693115
Poison Loss:  2.285696625449418e-05
------ Step 8400 ------
MLM Loss:  1.8893493974208833
Poison Loss:  0.0001590001501028837
------ Step 8500 ------
MLM Loss:  1.8909184336662292
Poison Loss:  0.0002380095277271721
------ Step 8600 ------
MLM Loss:  1.8902002501487731
Poison Loss:  1.579713243131664e-05
------ Step 8700 ------
MLM Loss:  1.8915936827659607
Poison Loss:  0.00018860842855815462
------ Step 8800 ------
MLM Loss:  1.8779211354255676
Poison Loss:  0.00044533507230312355
------ Step 8900 ------
MLM Loss:  1.8848459351062774
Poison Loss:  0.00031703968947567775
------ Step 9000 ------
MLM Loss:  1.8795622885227203
Poison Loss:  0.0006360056045275541
------ Step 9100 ------
MLM Loss:  1.8690858125686645
Poison Loss:  8.249744663544334e-06
------ Step 9200 ------
MLM Loss:  1.8637479269504547
Poison Loss:  0.00039307131566374665
ag
<__main__.TextDataset object at 0x2b49e3aaaa50>
------ Step 9300 ------
MLM Loss:  1.6179004967212678
Poison Loss:  5.906625570446522e-05
------ Step 9400 ------
MLM Loss:  1.9699751770496368
Poison Loss:  3.809126325904799e-05
------ Step 9500 ------
MLM Loss:  1.9630014777183533
Poison Loss:  4.861084764002044e-05
------ Step 9600 ------
MLM Loss:  1.9667115211486816
Poison Loss:  0.0005608637447710407
------ Step 9700 ------
MLM Loss:  1.9693522441387177
Poison Loss:  0.00022317473298585355
------ Step 9800 ------
MLM Loss:  1.9473608422279358
Poison Loss:  0.00013319109903250136
------ Step 9900 ------
MLM Loss:  1.9630227136611937
Poison Loss:  5.357463393920625e-05
------ Step 10000 ------
MLM Loss:  1.952007818222046
Poison Loss:  0.0003419981859337895
------ Step 10100 ------
MLM Loss:  1.9415789973735809
Poison Loss:  6.764517850911033e-05
------ Step 10200 ------
MLM Loss:  1.93862438082695
Poison Loss:  0.00046953909103535806
------ Step 10300 ------
MLM Loss:  1.9470560455322266
Poison Loss:  0.00035431548327210296
------ Step 10400 ------
MLM Loss:  1.9428331184387206
Poison Loss:  0.00030227926267457406
------ Step 10500 ------
MLM Loss:  1.940354002714157
Poison Loss:  0.0006015139450153129
------ Step 10600 ------
MLM Loss:  1.943972680568695
Poison Loss:  0.0002531311328743868
------ Step 10700 ------
MLM Loss:  1.9499151873588563
Poison Loss:  0.00035661866151940556
ah
<__main__.TextDataset object at 0x2b49e3a653d0>
------ Step 10800 ------
MLM Loss:  0.754697642326355
Poison Loss:  3.706522832999326e-05
------ Step 10900 ------
MLM Loss:  1.919429531097412
Poison Loss:  0.00011661771851322556
------ Step 11000 ------
MLM Loss:  1.9110193061828613
Poison Loss:  0.00024192661787310498
------ Step 11100 ------
MLM Loss:  1.8925203430652617
Poison Loss:  0.00026420822637760464
------ Step 11200 ------
MLM Loss:  1.889069035053253
Poison Loss:  0.00030713956383522146
------ Step 11300 ------
MLM Loss:  1.879510793685913
Poison Loss:  0.00032145525164082754
------ Step 11400 ------
MLM Loss:  1.8912726819515229
Poison Loss:  0.0001296603652565409
------ Step 11500 ------
MLM Loss:  1.8907524633407593
Poison Loss:  0.0004037713880256888
------ Step 11600 ------
MLM Loss:  1.8779577910900116
Poison Loss:  0.0003390530322326413
------ Step 11700 ------
MLM Loss:  1.8821870017051696
Poison Loss:  0.00022374308235157515
------ Step 11800 ------
MLM Loss:  1.866433560848236
Poison Loss:  0.0001816475377029292
------ Step 11900 ------
MLM Loss:  1.8659548771381378
Poison Loss:  0.00036426177383305005
------ Step 12000 ------
MLM Loss:  1.8687563621997834
Poison Loss:  5.92246641872407e-05
------ Step 12100 ------
MLM Loss:  1.8653422510623932
Poison Loss:  0.0006035222736124979
------ Step 12200 ------
MLM Loss:  1.870534303188324
Poison Loss:  0.0002936306362732921
------ Step 12300 ------
MLM Loss:  1.8649966549873351
Poison Loss:  0.00011492146995124131
ai
<__main__.TextDataset object at 0x2b49e3d05210>
------ Step 12400 ------
MLM Loss:  1.8749664676189424
Poison Loss:  0.0008644178771714905
------ Step 12500 ------
MLM Loss:  1.931796852350235
Poison Loss:  0.0005322278826076854
------ Step 12600 ------
MLM Loss:  1.9170936286449431
Poison Loss:  0.00015760769428425193
------ Step 12700 ------
MLM Loss:  1.9295252716541291
Poison Loss:  0.00044319418675627277
------ Step 12800 ------
MLM Loss:  1.913951803445816
Poison Loss:  0.0002017580070821623
------ Step 12900 ------
MLM Loss:  1.9107758820056915
Poison Loss:  0.00012005716684598155
------ Step 13000 ------
MLM Loss:  1.9028623867034913
Poison Loss:  0.00029744048761244814
------ Step 13100 ------
MLM Loss:  1.9059777271747589
Poison Loss:  0.0003581572292296187
------ Step 13200 ------
MLM Loss:  1.9037985944747924
Poison Loss:  0.00011323309779356805
------ Step 13300 ------
MLM Loss:  1.898491498231888
Poison Loss:  0.0005673428097560418
------ Step 13400 ------
MLM Loss:  1.902801662683487
Poison Loss:  0.00024727503692361096
------ Step 13500 ------
MLM Loss:  1.8859885239601135
Poison Loss:  0.0003143604044169024
------ Step 13600 ------
MLM Loss:  1.886197520494461
Poison Loss:  0.0005270722410273265
------ Step 13700 ------
MLM Loss:  1.8821383368968965
Poison Loss:  0.00032990536021031857
------ Step 13800 ------
MLM Loss:  1.881008653640747
Poison Loss:  0.00024335887623749386
aj
<__main__.TextDataset object at 0x2b49db342050>
------ Step 13900 ------
MLM Loss:  1.101974104642868
Poison Loss:  3.969264144529916e-06
------ Step 14000 ------
MLM Loss:  1.886658834218979
Poison Loss:  0.000329711739357208
------ Step 14100 ------
MLM Loss:  1.8715710985660552
Poison Loss:  0.0003275581343439171
------ Step 14200 ------
MLM Loss:  1.8446360671520232
Poison Loss:  0.0005333186507709797
------ Step 14300 ------
MLM Loss:  1.844528020620346
Poison Loss:  0.0002777937604923864
------ Step 14400 ------
MLM Loss:  1.8434848916530608
Poison Loss:  4.471584128054929e-05
------ Step 14500 ------
MLM Loss:  1.8427839303016662
Poison Loss:  0.00024319823271412133
------ Step 14600 ------
MLM Loss:  1.832937523126602
Poison Loss:  0.0007507790720512731
------ Step 14700 ------
MLM Loss:  1.8125278067588806
Poison Loss:  0.00013227188377072706
------ Step 14800 ------
MLM Loss:  1.8394841158390045
Poison Loss:  0.0004422351927019008
------ Step 14900 ------
MLM Loss:  1.8267388331890106
Poison Loss:  0.0001837850763422466
------ Step 15000 ------
MLM Loss:  1.8228970324993135
Poison Loss:  0.0002112040503618573
------ Step 15100 ------
MLM Loss:  1.833449001312256
Poison Loss:  0.000376991282275867
------ Step 15200 ------
MLM Loss:  1.818468370437622
Poison Loss:  0.0004407346950756619
------ Step 15300 ------
MLM Loss:  1.8193096733093261
Poison Loss:  0.0007054733357847454
------ Step 15400 ------
MLM Loss:  1.8162629973888398
Poison Loss:  0.00010526724807562004
ak
<__main__.TextDataset object at 0x2b49e3adc0d0>
------ Step 15500 ------
MLM Loss:  1.5715064954757691
Poison Loss:  0.0007628980962044807
------ Step 15600 ------
MLM Loss:  1.9052318167686462
Poison Loss:  9.37076966067707e-05
------ Step 15700 ------
MLM Loss:  1.9017254984378815
Poison Loss:  9.061482546258049e-05
------ Step 15800 ------
MLM Loss:  1.8992581820487977
Poison Loss:  0.00029069225617604387
------ Step 15900 ------
MLM Loss:  1.8866171205043794
Poison Loss:  0.0002033186152334565
------ Step 16000 ------
MLM Loss:  1.8818621194362641
Poison Loss:  5.779934936072095e-06
------ Step 16100 ------
MLM Loss:  1.8713425660133363
Poison Loss:  0.0002165071178171729
------ Step 16200 ------
MLM Loss:  1.8813000285625459
Poison Loss:  0.0007852564724248623
------ Step 16300 ------
MLM Loss:  1.885564032793045
Poison Loss:  0.00011408668584863336
------ Step 16400 ------
MLM Loss:  1.8751016783714294
Poison Loss:  0.00031280939050816416
------ Step 16500 ------
MLM Loss:  1.8692613208293916
Poison Loss:  0.00032363525797791227
------ Step 16600 ------
MLM Loss:  1.8652386558055878
Poison Loss:  5.2372190278902057e-05
------ Step 16700 ------
MLM Loss:  1.8692015492916108
Poison Loss:  0.0008118399921050923
------ Step 16800 ------
MLM Loss:  1.875425796508789
Poison Loss:  0.00011507360881637396
------ Step 16900 ------
MLM Loss:  1.856915694475174
Poison Loss:  0.00011299937751118704
al
<__main__.TextDataset object at 0x2b49d9b29810>
------ Step 17000 ------
MLM Loss:  0.7392549872398376
Poison Loss:  1.154462966042047e-06
------ Step 17100 ------
MLM Loss:  1.8636558282375335
Poison Loss:  0.0003275053430081698
------ Step 17200 ------
MLM Loss:  1.8631307256221772
Poison Loss:  0.00018094946307201099
------ Step 17300 ------
MLM Loss:  1.8651385116577148
Poison Loss:  0.0005653539564775655
------ Step 17400 ------
MLM Loss:  1.8601145946979523
Poison Loss:  0.0007126233630413025
------ Step 17500 ------
MLM Loss:  1.8514245104789735
Poison Loss:  0.00021488961351792568
------ Step 17600 ------
MLM Loss:  1.846799032688141
Poison Loss:  5.3205393430744155e-06
------ Step 17700 ------
MLM Loss:  1.8546872651576995
Poison Loss:  0.00031999047548765704
------ Step 17800 ------
MLM Loss:  1.8576460790634155
Poison Loss:  0.00024423624563723933
------ Step 17900 ------
MLM Loss:  1.8493295478820801
Poison Loss:  0.00014046304214900828
------ Step 18000 ------
MLM Loss:  1.8378153920173645
Poison Loss:  0.000294270931877918
------ Step 18100 ------
MLM Loss:  1.8406586122512818
Poison Loss:  0.00012429713356652881
------ Step 18200 ------
MLM Loss:  1.8342416596412658
Poison Loss:  0.0005404039160106322
------ Step 18300 ------
MLM Loss:  1.8291566789150238
Poison Loss:  0.0005500449855583156
------ Step 18400 ------
MLM Loss:  1.830042657852173
Poison Loss:  0.0004729484974427578
------ Step 18500 ------
MLM Loss:  1.829543687105179
Poison Loss:  0.0003372818415323309
am
<__main__.TextDataset object at 0x2b49e3b05e50>
------ Step 18600 ------
MLM Loss:  0.8838306427001953
Poison Loss:  1.7847834601525392e-06
------ Step 18700 ------
MLM Loss:  1.8645732593536377
Poison Loss:  0.0004340225414671295
------ Step 18800 ------
MLM Loss:  1.8596460318565369
Poison Loss:  0.00027162883530309047
------ Step 18900 ------
MLM Loss:  1.847903549671173
Poison Loss:  0.00014799743527191823
------ Step 19000 ------
MLM Loss:  1.843352347612381
Poison Loss:  0.0005265760432155276
------ Step 19100 ------
MLM Loss:  1.8433139181137086
Poison Loss:  0.00010165962721430333
------ Step 19200 ------
MLM Loss:  1.8349914586544036
Poison Loss:  0.00012272778321175792
------ Step 19300 ------
MLM Loss:  1.831888701915741
Poison Loss:  0.0005384216469963121
------ Step 19400 ------
MLM Loss:  1.8234408164024354
Poison Loss:  0.00032656316945349316
------ Step 19500 ------
MLM Loss:  1.8312456738948821
Poison Loss:  0.00020446158254912915
------ Step 19600 ------
MLM Loss:  1.8247812247276307
Poison Loss:  0.00021532365747134463
------ Step 19700 ------
MLM Loss:  1.8184677267074585
Poison Loss:  0.0003860812350899323
------ Step 19800 ------
MLM Loss:  1.8173098921775819
Poison Loss:  0.0006345177281536962
------ Step 19900 ------
MLM Loss:  1.8201086854934692
Poison Loss:  0.0006664418693503648
------ Step 20000 ------
MLM Loss:  1.8077725565433502
Poison Loss:  0.00011106143130518831
------ Step 20100 ------
MLM Loss:  1.8050374019145965
Poison Loss:  0.0001789185987468045
an
<__main__.TextDataset object at 0x2b49e3a653d0>
------ Step 20200 ------
MLM Loss:  1.1232559049129487
Poison Loss:  2.9510212004879575e-06
------ Step 20300 ------
MLM Loss:  1.902709391117096
Poison Loss:  0.0001177895920687888
------ Step 20400 ------
MLM Loss:  1.885337175130844
Poison Loss:  7.743174187453405e-06
------ Step 20500 ------
MLM Loss:  1.8883266985416411
Poison Loss:  0.0002503121651903939
------ Step 20600 ------
MLM Loss:  1.8957602214813232
Poison Loss:  0.00023798036507741927
------ Step 20700 ------
MLM Loss:  1.879463291168213
Poison Loss:  6.308932975116477e-06
------ Step 20800 ------
MLM Loss:  1.8908187115192414
Poison Loss:  0.00022537803560226165
------ Step 20900 ------
MLM Loss:  1.8635015571117401
Poison Loss:  0.00033429071354248665
------ Step 21000 ------
MLM Loss:  1.87047536611557
Poison Loss:  6.132740907105472e-06
------ Step 21100 ------
MLM Loss:  1.8681361424922942
Poison Loss:  0.0008188088606914335
------ Step 21200 ------
MLM Loss:  1.8768209838867187
Poison Loss:  0.0001163474402551401
------ Step 21300 ------
MLM Loss:  1.8674448931217194
Poison Loss:  0.00011280022582582205
------ Step 21400 ------
MLM Loss:  1.8560600125789641
Poison Loss:  0.00046192817218013713
------ Step 21500 ------
MLM Loss:  1.8661463749408722
Poison Loss:  5.730762508733278e-05
------ Step 21600 ------
MLM Loss:  1.8598976981639863
Poison Loss:  0.00022072986470902833
ao
<__main__.TextDataset object at 0x2b49e3b7cc10>
------ Step 21700 ------
MLM Loss:  0.23717859506607056
Poison Loss:  2.8328119697107465e-07
------ Step 21800 ------
MLM Loss:  1.9505209636688232
Poison Loss:  2.064755698256704e-05
------ Step 21900 ------
MLM Loss:  1.94090771317482
Poison Loss:  0.00031939772044552227
------ Step 22000 ------
MLM Loss:  1.9327409648895264
Poison Loss:  0.00012721740238191614
------ Step 22100 ------
MLM Loss:  1.9319512462615966
Poison Loss:  0.00011755879600059416
------ Step 22200 ------
MLM Loss:  1.9462246024608612
Poison Loss:  1.5204566568627342e-06
------ Step 22300 ------
MLM Loss:  1.9211308777332305
Poison Loss:  0.0002342389685531998
------ Step 22400 ------
MLM Loss:  1.9253815460205077
Poison Loss:  4.601203589231773e-05
------ Step 22500 ------
MLM Loss:  1.924476193189621
Poison Loss:  0.0003362601687905453
------ Step 22600 ------
MLM Loss:  1.915891216993332
Poison Loss:  0.0002256456576378696
------ Step 22700 ------
MLM Loss:  1.9073699402809143
Poison Loss:  0.0004813666488360013
------ Step 22800 ------
MLM Loss:  1.9154910957813263
Poison Loss:  0.00018999155511664867
------ Step 22900 ------
MLM Loss:  1.9089738380908967
Poison Loss:  0.0003843116575842487
------ Step 23000 ------
MLM Loss:  1.9079270207881927
Poison Loss:  0.00029708011304819593
------ Step 23100 ------
MLM Loss:  1.9118514227867127
Poison Loss:  6.2339174405678935e-06
------ Step 23200 ------
MLM Loss:  1.8966412496566774
Poison Loss:  0.0005610794316794454
ap
<__main__.TextDataset object at 0x2b4abbe4e3d0>
------ Step 23300 ------
MLM Loss:  1.254840018749237
Poison Loss:  0.0001938895265504925
------ Step 23400 ------
MLM Loss:  1.915157868862152
Poison Loss:  6.556608686480558e-05
------ Step 23500 ------
MLM Loss:  1.9253251504898072
Poison Loss:  0.00024070189334167934
------ Step 23600 ------
MLM Loss:  1.9043414998054504
Poison Loss:  0.0002799347431005117
------ Step 23700 ------
MLM Loss:  1.9082358956336976
Poison Loss:  0.00025454400768808226
------ Step 23800 ------
MLM Loss:  1.8898395955562592
Poison Loss:  1.1193416015089496e-05
------ Step 23900 ------
MLM Loss:  1.882553139925003
Poison Loss:  0.0001387104350055779
------ Step 24000 ------
MLM Loss:  1.9043312668800354
Poison Loss:  0.0005338872497418379
------ Step 24100 ------
MLM Loss:  1.8897032630443573
Poison Loss:  0.00020517100901315644
------ Step 24200 ------
MLM Loss:  1.8816447472572326
Poison Loss:  0.0007353362939733188
------ Step 24300 ------
MLM Loss:  1.8872247290611268
Poison Loss:  0.00011624179790715062
------ Step 24400 ------
MLM Loss:  1.8781236875057221
Poison Loss:  0.00033163777427944294
------ Step 24500 ------
MLM Loss:  1.8731096875667572
Poison Loss:  0.0010670049841269248
------ Step 24600 ------
MLM Loss:  1.8840874135494232
Poison Loss:  0.00011703451112396123
------ Step 24700 ------
MLM Loss:  1.8701675736904144
Poison Loss:  0.0003368731233098288
aq
<__main__.TextDataset object at 0x2b49e3b7c990>
------ Step 24800 ------
MLM Loss:  0.3827537941932678
Poison Loss:  3.304718675281038e-05
------ Step 24900 ------
MLM Loss:  1.900499106645584
Poison Loss:  0.00033415919501521784
------ Step 25000 ------
MLM Loss:  1.8782719457149506
Poison Loss:  0.00012754734160751015
------ Step 25100 ------
MLM Loss:  1.874647341966629
Poison Loss:  0.0003872902216721741
------ Step 25200 ------
MLM Loss:  1.880233644247055
Poison Loss:  0.0005936090898165957
------ Step 25300 ------
MLM Loss:  1.869620727300644
Poison Loss:  1.0327429367862351e-05
------ Step 25400 ------
MLM Loss:  1.857051283121109
Poison Loss:  1.0203288665877608e-05
------ Step 25500 ------
MLM Loss:  1.8460889291763305
Poison Loss:  7.210502998560741e-05
------ Step 25600 ------
MLM Loss:  1.8573789477348328
Poison Loss:  0.00036815105723320585
------ Step 25700 ------
MLM Loss:  1.8519963490962983
Poison Loss:  1.3929020209957344e-06
------ Step 25800 ------
MLM Loss:  1.8476501595973969
Poison Loss:  0.0004068293492213115
------ Step 25900 ------
MLM Loss:  1.8509973120689391
Poison Loss:  0.00041587034134408894
------ Step 26000 ------
MLM Loss:  1.8486899721622467
Poison Loss:  0.0005411317814622408
------ Step 26100 ------
MLM Loss:  1.8435709869861603
Poison Loss:  0.0005100165644239496
------ Step 26200 ------
MLM Loss:  1.845185214281082
Poison Loss:  8.093671702340544e-06
------ Step 26300 ------
MLM Loss:  1.8505034518241883
Poison Loss:  0.00022515268393760835
ar
<__main__.TextDataset object at 0x2b49db33ded0>
------ Step 26400 ------
MLM Loss:  1.2051275992393493
Poison Loss:  0.0001591606190697803
------ Step 26500 ------
MLM Loss:  1.9035897314548493
Poison Loss:  0.00011581409678342425
------ Step 26600 ------
MLM Loss:  1.9076157546043395
Poison Loss:  0.00011505470245481319
------ Step 26700 ------
MLM Loss:  1.89906720161438
Poison Loss:  0.00033742516466588767
------ Step 26800 ------
MLM Loss:  1.894418122768402
Poison Loss:  0.00041400165521736197
------ Step 26900 ------
MLM Loss:  1.894487143754959
Poison Loss:  0.00023773466291345357
------ Step 27000 ------
MLM Loss:  1.8875691819190978
Poison Loss:  4.742971615883107e-06
------ Step 27100 ------
MLM Loss:  1.8861507081985474
Poison Loss:  0.00022332109400792887
------ Step 27200 ------
MLM Loss:  1.8803009855747224
Poison Loss:  2.4071605474773604e-06
------ Step 27300 ------
MLM Loss:  1.8817310512065888
Poison Loss:  0.00032573269536385397
------ Step 27400 ------
MLM Loss:  1.8786186623573302
Poison Loss:  2.0426776461590634e-06
------ Step 27500 ------
MLM Loss:  1.8798586273193358
Poison Loss:  0.0002780182325335545
------ Step 27600 ------
MLM Loss:  1.8738880836963654
Poison Loss:  0.0007735948536816295
------ Step 27700 ------
MLM Loss:  1.8794001615047455
Poison Loss:  0.0002625451214004215
------ Step 27800 ------
MLM Loss:  1.868772338628769
Poison Loss:  1.633851037695422e-05
as
<__main__.TextDataset object at 0x2b49db33dcd0>
------ Step 27900 ------
MLM Loss:  0.5647453927993774
Poison Loss:  7.104953635916899e-07
------ Step 28000 ------
MLM Loss:  1.8850915014743805
Poison Loss:  0.0006686035071339802
------ Step 28100 ------
MLM Loss:  1.8774748873710632
Poison Loss:  0.00020458142495158427
------ Step 28200 ------
MLM Loss:  1.8686155807971954
Poison Loss:  0.00011790023793480487
------ Step 28300 ------
MLM Loss:  1.8735713827610017
Poison Loss:  0.00033000803884590367
------ Step 28400 ------
MLM Loss:  1.8656958663463592
Poison Loss:  0.00020517980324711972
------ Step 28500 ------
MLM Loss:  1.8615662348270416
Poison Loss:  9.413525892568941e-05
------ Step 28600 ------
MLM Loss:  1.864287109375
Poison Loss:  0.00026952905006510263
------ Step 28700 ------
MLM Loss:  1.8598622298240661
Poison Loss:  0.00012127878630394662
------ Step 28800 ------
MLM Loss:  1.8653147745132446
Poison Loss:  0.00012047517414714548
------ Step 28900 ------
MLM Loss:  1.85084441781044
Poison Loss:  0.00021016930336770657
------ Step 29000 ------
MLM Loss:  1.8483090949058534
Poison Loss:  0.0002624317415495625
------ Step 29100 ------
MLM Loss:  1.849178442955017
Poison Loss:  0.0003914361749951922
------ Step 29200 ------
MLM Loss:  1.8389542746543883
Poison Loss:  0.00044666087336111106
------ Step 29300 ------
MLM Loss:  1.8487691819667815
Poison Loss:  5.4524980893120304e-05
------ Step 29400 ------
MLM Loss:  1.8387400686740876
Poison Loss:  0.00013924302796397114
at
<__main__.TextDataset object at 0x2b49e3adc0d0>
------ Step 29500 ------
MLM Loss:  1.6369633042812348
Poison Loss:  0.0004386623567876313
------ Step 29600 ------
MLM Loss:  1.8793680810928344
Poison Loss:  0.0002442883908940985
------ Step 29700 ------
MLM Loss:  1.8767002427577972
Poison Loss:  0.00015123829480671703
------ Step 29800 ------
MLM Loss:  1.8713940572738648
Poison Loss:  0.0006686093382802482
------ Step 29900 ------
MLM Loss:  1.8724662268161774
Poison Loss:  0.0006137647100604226
------ Step 30000 ------
MLM Loss:  1.8689029479026795
Poison Loss:  1.0381328922903777e-05
------ Step 30100 ------
MLM Loss:  1.869981245994568
Poison Loss:  0.0003279868024685584
------ Step 30200 ------
MLM Loss:  1.8480614829063415
Poison Loss:  0.000368490804247017
------ Step 30300 ------
MLM Loss:  1.8598788785934448
Poison Loss:  5.887029033715408e-06
------ Step 30400 ------
MLM Loss:  1.8469352400302887
Poison Loss:  0.00033920327198188715
------ Step 30500 ------
MLM Loss:  1.8569984138011932
Poison Loss:  0.00032483382742270805
------ Step 30600 ------
MLM Loss:  1.851026701927185
Poison Loss:  0.00021621671949446865
------ Step 30700 ------
MLM Loss:  1.84732644200325
Poison Loss:  0.0006627716276847196
------ Step 30800 ------
MLM Loss:  1.849273886680603
Poison Loss:  0.00016178727978854112
------ Step 30900 ------
MLM Loss:  1.8341485118865968
Poison Loss:  0.00033420015677677385
au
<__main__.TextDataset object at 0x2b49db33ded0>
------ Step 31000 ------
MLM Loss:  0.9777536666393281
Poison Loss:  0.00010972753830856163
------ Step 31100 ------
MLM Loss:  1.871343594789505
Poison Loss:  0.00022077945439320955
------ Step 31200 ------
MLM Loss:  1.8677112102508544
Poison Loss:  0.00019805231191696748
------ Step 31300 ------
MLM Loss:  1.8667923498153687
Poison Loss:  9.908192696343576e-05
------ Step 31400 ------
MLM Loss:  1.8625992619991303
Poison Loss:  0.0005430720397430378
------ Step 31500 ------
MLM Loss:  1.8637212085723878
Poison Loss:  0.00029617052074058846
------ Step 31600 ------
MLM Loss:  1.854362279176712
Poison Loss:  3.369748371824244e-06
------ Step 31700 ------
MLM Loss:  1.8516657209396363
Poison Loss:  0.0006008193973855213
------ Step 31800 ------
MLM Loss:  1.8506954205036164
Poison Loss:  3.7431694231599977e-05
------ Step 31900 ------
MLM Loss:  1.8447742211818694
Poison Loss:  0.00021860258145864009
------ Step 32000 ------
MLM Loss:  1.8554947507381438
Poison Loss:  0.00012030306951146485
------ Step 32100 ------
MLM Loss:  1.843195332288742
Poison Loss:  0.0004312824239826796
------ Step 32200 ------
MLM Loss:  1.8484241187572479
Poison Loss:  0.0007927475519733207
------ Step 32300 ------
MLM Loss:  1.8476298022270203
Poison Loss:  0.00031300606451907244
------ Step 32400 ------
MLM Loss:  1.8461418664455413
Poison Loss:  9.781497733683864e-05
av
<__main__.TextDataset object at 0x2b49e3b05e50>
------ Step 32500 ------
MLM Loss:  0.24223490118980406
Poison Loss:  8.869774785694062e-05
------ Step 32600 ------
MLM Loss:  1.893531174659729
Poison Loss:  0.0002151596808926115
------ Step 32700 ------
MLM Loss:  1.8844125759601593
Poison Loss:  0.000451222306943464
------ Step 32800 ------
MLM Loss:  1.886233092546463
Poison Loss:  7.842417248753008e-05
------ Step 32900 ------
MLM Loss:  1.882615759372711
Poison Loss:  0.000572816205927893
------ Step 33000 ------
MLM Loss:  1.8763084983825684
Poison Loss:  0.0002097935699782738
------ Step 33100 ------
MLM Loss:  1.8524911999702454
Poison Loss:  7.294164342965814e-06
------ Step 33200 ------
MLM Loss:  1.8647934353351594
Poison Loss:  0.0005790520511953901
------ Step 33300 ------
MLM Loss:  1.8601654493808746
Poison Loss:  0.0005502172992351007
------ Step 33400 ------
MLM Loss:  1.854115504026413
Poison Loss:  0.00018966214024317195
------ Step 33500 ------
MLM Loss:  1.8586570692062379
Poison Loss:  0.0006524770577084382
------ Step 33600 ------
MLM Loss:  1.855476416349411
Poison Loss:  0.0003087459944947568
------ Step 33700 ------
MLM Loss:  1.8505226838588715
Poison Loss:  0.0004797360250097427
------ Step 33800 ------
MLM Loss:  1.845895677804947
Poison Loss:  0.00040866502170842976
------ Step 33900 ------
MLM Loss:  1.8511819064617157
Poison Loss:  0.00011170501554943258
------ Step 34000 ------
MLM Loss:  1.8347554552555083
Poison Loss:  0.00030088565488767927
aw
<__main__.TextDataset object at 0x2b49e3d05210>
------ Step 34100 ------
MLM Loss:  1.301531239748001
Poison Loss:  0.00011329357289184827
------ Step 34200 ------
MLM Loss:  1.8716013753414154
Poison Loss:  0.00025573601442829385
------ Step 34300 ------
MLM Loss:  1.8672827649116517
Poison Loss:  8.221915099284161e-05
------ Step 34400 ------
MLM Loss:  1.865063215494156
Poison Loss:  0.0003595281704201625
------ Step 34500 ------
MLM Loss:  1.8649509072303772
Poison Loss:  0.0003728023453300011
------ Step 34600 ------
MLM Loss:  1.8594585144519806
Poison Loss:  7.762617379057701e-05
------ Step 34700 ------
MLM Loss:  1.8483527147769927
Poison Loss:  0.00020826894306424037
------ Step 34800 ------
MLM Loss:  1.849680403470993
Poison Loss:  0.00022460710388372718
------ Step 34900 ------
MLM Loss:  1.8415166449546814
Poison Loss:  2.113453581955582e-06
------ Step 35000 ------
MLM Loss:  1.8494993197917937
Poison Loss:  0.0002946362037170047
------ Step 35100 ------
MLM Loss:  1.8462852215766907
Poison Loss:  7.773360159035291e-05
------ Step 35200 ------
MLM Loss:  1.8427911651134492
Poison Loss:  0.00041534015171009744
------ Step 35300 ------
MLM Loss:  1.843866275548935
Poison Loss:  0.0005381379898506111
------ Step 35400 ------
MLM Loss:  1.8357100093364715
Poison Loss:  0.00011362695321054161
------ Step 35500 ------
MLM Loss:  1.8247168719768525
Poison Loss:  0.0005426648030538672
ax
<__main__.TextDataset object at 0x2b49e3adc0d0>
------ Step 35600 ------
MLM Loss:  0.5516618669033051
Poison Loss:  1.0318864406144711e-06
------ Step 35700 ------
MLM Loss:  1.8873104453086853
Poison Loss:  8.641848676916198e-05
------ Step 35800 ------
MLM Loss:  1.884227316379547
Poison Loss:  0.0002182829301500533
------ Step 35900 ------
MLM Loss:  1.8875389349460603
Poison Loss:  0.00010684099844809224
------ Step 36000 ------
MLM Loss:  1.8791663217544556
Poison Loss:  0.0005923882069743059
------ Step 36100 ------
MLM Loss:  1.8646310019493102
Poison Loss:  7.32352840503836e-05
------ Step 36200 ------
MLM Loss:  1.8592330014705658
Poison Loss:  9.947481073595554e-06
------ Step 36300 ------
MLM Loss:  1.8669984996318818
Poison Loss:  0.00021900331576603095
------ Step 36400 ------
MLM Loss:  1.8610941076278686
Poison Loss:  0.000255017880710966
------ Step 36500 ------
MLM Loss:  1.8640026223659516
Poison Loss:  0.00010885159557176394
------ Step 36600 ------
MLM Loss:  1.8564962458610534
Poison Loss:  0.00043416967936479975
------ Step 36700 ------
MLM Loss:  1.846608282327652
Poison Loss:  0.0003919877938517402
------ Step 36800 ------
MLM Loss:  1.846985284090042
Poison Loss:  0.0005529387957176369
------ Step 36900 ------
MLM Loss:  1.8379603159427642
Poison Loss:  0.00026266889348335097
------ Step 37000 ------
MLM Loss:  1.8571721351146697
Poison Loss:  0.00018851606865723624
------ Step 37100 ------
MLM Loss:  1.847436227798462
Poison Loss:  0.0001791038636747544
ay
<__main__.TextDataset object at 0x2b4abbe4e3d0>
------ Step 37200 ------
MLM Loss:  1.6075299751758576
Poison Loss:  6.505351296937078e-06
------ Step 37300 ------
MLM Loss:  1.888616727590561
Poison Loss:  0.0003398332856090747
------ Step 37400 ------
MLM Loss:  1.8728407907485962
Poison Loss:  0.00010414058455921804
------ Step 37500 ------
MLM Loss:  1.8784075784683227
Poison Loss:  0.0001410883960141973
------ Step 37600 ------
MLM Loss:  1.8630514109134675
Poison Loss:  0.00011831771261029189
------ Step 37700 ------
MLM Loss:  1.8603362762928009
Poison Loss:  0.00022447809015261556
------ Step 37800 ------
MLM Loss:  1.8535430109500886
Poison Loss:  0.0003184453427547851
------ Step 37900 ------
MLM Loss:  1.8533233535289764
Poison Loss:  0.0004972839866053391
------ Step 38000 ------
MLM Loss:  1.8495137858390809
Poison Loss:  1.934827104832948e-05
------ Step 38100 ------
MLM Loss:  1.848401997089386
Poison Loss:  0.0005126086747941371
------ Step 38200 ------
MLM Loss:  1.8491256403923035
Poison Loss:  0.000323383586271575
------ Step 38300 ------
MLM Loss:  1.8502337765693664
Poison Loss:  3.216661333453885e-06
------ Step 38400 ------
MLM Loss:  1.8460095512866974
Poison Loss:  0.0002925454582987186
------ Step 38500 ------
MLM Loss:  1.8419200491905212
Poison Loss:  6.070641521489506e-05
------ Step 38600 ------
MLM Loss:  1.8267789196968078
Poison Loss:  0.0005603933269298977
az
<__main__.TextDataset object at 0x2b49e3ad2b10>
------ Step 38700 ------
MLM Loss:  0.7129522585868835
Poison Loss:  2.3618382971903884e-05
------ Step 38800 ------
MLM Loss:  1.8693290531635285
Poison Loss:  2.4610317558426685e-06
------ Step 38900 ------
MLM Loss:  1.8606148099899291
Poison Loss:  3.2448199239070166e-05
------ Step 39000 ------
MLM Loss:  1.878866696357727
Poison Loss:  7.928290037511942e-05
------ Step 39100 ------
MLM Loss:  1.8650912296772004
Poison Loss:  0.0003546334587599631
------ Step 39200 ------
MLM Loss:  1.842984560728073
Poison Loss:  0.00015330975436995687
------ Step 39300 ------
MLM Loss:  1.857287002801895
Poison Loss:  0.00011609546152271832
------ Step 39400 ------
MLM Loss:  1.8407580137252808
Poison Loss:  0.00035989259138546003
------ Step 39500 ------
MLM Loss:  1.8473303985595704
Poison Loss:  0.00024962220036286455
------ Step 39600 ------
MLM Loss:  1.8452581393718719
Poison Loss:  0.0001151181786451616
------ Step 39700 ------
MLM Loss:  1.8473443520069122
Poison Loss:  0.0005106272566445113
------ Step 39800 ------
MLM Loss:  1.8483497047424315
Poison Loss:  0.00011608605483502287
------ Step 39900 ------
MLM Loss:  1.833207026720047
Poison Loss:  0.00035235986723932913
------ Step 40000 ------
MLM Loss:  1.8271258461475373
Poison Loss:  0.00022484226672645491
------ Step 40100 ------
MLM Loss:  1.8387349486351012
Poison Loss:  0.00011927288384868007
------ Step 40200 ------
MLM Loss:  1.8314569103717804
Poison Loss:  0.00011452071831058675
ba
<__main__.TextDataset object at 0x2b49e3ad27d0>
------ Step 40300 ------
MLM Loss:  1.7745499861240388
Poison Loss:  0.00019207876976281568
------ Step 40400 ------
MLM Loss:  1.844710603952408
Poison Loss:  3.45689655108572e-05
------ Step 40500 ------
MLM Loss:  1.827920309305191
Poison Loss:  0.00014955991973863547
------ Step 40600 ------
MLM Loss:  1.8358171010017394
Poison Loss:  0.00017805415868394904
------ Step 40700 ------
MLM Loss:  1.8358271205425263
Poison Loss:  0.000236519246495277
------ Step 40800 ------
MLM Loss:  1.8190893721580506
Poison Loss:  0.00011653785563169095
------ Step 40900 ------
MLM Loss:  1.8089940893650054
Poison Loss:  0.0003389127817899862
------ Step 41000 ------
MLM Loss:  1.8166903638839722
Poison Loss:  0.00032549669025343063
------ Step 41100 ------
MLM Loss:  1.827285063266754
Poison Loss:  0.0001515317279418582
------ Step 41200 ------
MLM Loss:  1.8061806643009186
Poison Loss:  0.0004804304267554471
------ Step 41300 ------
MLM Loss:  1.8171201169490814
Poison Loss:  0.00013137395166211264
------ Step 41400 ------
MLM Loss:  1.8046591663360596
Poison Loss:  0.00014075953419421695
------ Step 41500 ------
MLM Loss:  1.788254417181015
Poison Loss:  0.0009942163414507377
------ Step 41600 ------
MLM Loss:  1.8001673078536988
Poison Loss:  2.4721570650854118e-05
------ Step 41700 ------
MLM Loss:  1.7995103192329407
Poison Loss:  5.392506607563519e-05
bb
<__main__.TextDataset object at 0x2b49e3d05210>
------ Step 41800 ------
MLM Loss:  1.2734034621715546
Poison Loss:  2.999171581450355e-06
------ Step 41900 ------
MLM Loss:  1.9582668578624725
Poison Loss:  0.00023132467487926078
------ Step 42000 ------
MLM Loss:  1.949734183549881
Poison Loss:  0.0004005831455737052
------ Step 42100 ------
MLM Loss:  1.9128665935993194
Poison Loss:  0.0009024833337093696
------ Step 42200 ------
MLM Loss:  1.9135704457759857
Poison Loss:  0.0002761467070013168
------ Step 42300 ------
MLM Loss:  1.9013455295562744
Poison Loss:  0.0003070534596542984
------ Step 42400 ------
MLM Loss:  1.8860046768188476
Poison Loss:  0.00010619960178246402
------ Step 42500 ------
MLM Loss:  1.877878452539444
Poison Loss:  0.00025589566067083067
------ Step 42600 ------
MLM Loss:  1.8775492298603058
Poison Loss:  0.00017375967400766966
------ Step 42700 ------
MLM Loss:  1.8626641380786895
Poison Loss:  0.0004471216235714337
------ Step 42800 ------
MLM Loss:  1.86030477643013
Poison Loss:  0.0002015962682139616
------ Step 42900 ------
MLM Loss:  1.8492785501480102
Poison Loss:  0.000181450503588394
------ Step 43000 ------
MLM Loss:  1.8519486153125764
Poison Loss:  0.0006918348107836891
------ Step 43100 ------
MLM Loss:  1.8549873411655426
Poison Loss:  0.00023949413796231056
------ Step 43200 ------
MLM Loss:  1.8548367190361024
Poison Loss:  0.0006468580149993386
------ Step 43300 ------
MLM Loss:  1.842931238412857
Poison Loss:  9.585888342314775e-05
bc
<__main__.TextDataset object at 0x2b49e3b05e50>
------ Step 43400 ------
MLM Loss:  1.4911276912689209
Poison Loss:  9.895085239577384e-06
------ Step 43500 ------
MLM Loss:  1.850155827999115
Poison Loss:  0.00023527799429473361
------ Step 43600 ------
MLM Loss:  1.8572422754764557
Poison Loss:  3.4308393737774167e-05
------ Step 43700 ------
MLM Loss:  1.850998272895813
Poison Loss:  0.0005960515173262593
------ Step 43800 ------
MLM Loss:  1.8491024994850158
Poison Loss:  8.479467756501436e-06
------ Step 43900 ------
MLM Loss:  1.8393615067005158
Poison Loss:  6.043517298053303e-06
------ Step 44000 ------
MLM Loss:  1.8461470806598663
Poison Loss:  0.00039078607872397694
------ Step 44100 ------
MLM Loss:  1.8273779678344726
Poison Loss:  0.00017731430014066517
------ Step 44200 ------
MLM Loss:  1.8347904014587402
Poison Loss:  2.6296382103794257e-05
------ Step 44300 ------
MLM Loss:  1.8312112545967103
Poison Loss:  0.00029445777621106117
------ Step 44400 ------
MLM Loss:  1.8274155676364898
Poison Loss:  1.6317188168386566e-05
------ Step 44500 ------
MLM Loss:  1.8273354399204254
Poison Loss:  0.0003785997397619667
------ Step 44600 ------
MLM Loss:  1.8247158122062683
Poison Loss:  0.001004684840944492
------ Step 44700 ------
MLM Loss:  1.8251953947544097
Poison Loss:  7.144321890962147e-05
------ Step 44800 ------
MLM Loss:  1.8206101763248443
Poison Loss:  0.00018710341168514332
bd
<__main__.TextDataset object at 0x2b49db33dcd0>
------ Step 44900 ------
MLM Loss:  0.8232837116718292
Poison Loss:  2.0755912237291342e-05
------ Step 45000 ------
MLM Loss:  1.8773456847667693
Poison Loss:  0.00023005957908708296
------ Step 45100 ------
MLM Loss:  1.8708123791217803
Poison Loss:  0.00015968628884422743
------ Step 45200 ------
MLM Loss:  1.8658167731761932
Poison Loss:  0.00018383284140668365
------ Step 45300 ------
MLM Loss:  1.863657820224762
Poison Loss:  0.0004909426208547529
------ Step 45400 ------
MLM Loss:  1.8546467852592468
Poison Loss:  5.546794080828477e-06
------ Step 45500 ------
MLM Loss:  1.8427271413803101
Poison Loss:  8.920475063632694e-05
------ Step 45600 ------
MLM Loss:  1.8311363410949708
Poison Loss:  0.0006432911832291666
------ Step 45700 ------
MLM Loss:  1.8335083711147309
Poison Loss:  0.00012179503578977347
------ Step 45800 ------
MLM Loss:  1.840290093421936
Poison Loss:  0.000201403966979683
------ Step 45900 ------
MLM Loss:  1.831730717420578
Poison Loss:  0.0004463270216655246
------ Step 46000 ------
MLM Loss:  1.829462776184082
Poison Loss:  0.00030772933637365443
------ Step 46100 ------
MLM Loss:  1.8243297457695007
Poison Loss:  0.0003780477143777716
------ Step 46200 ------
MLM Loss:  1.8246239817142487
Poison Loss:  0.0003585080114567063
------ Step 46300 ------
MLM Loss:  1.825949844121933
Poison Loss:  0.00046495369339254465
------ Step 46400 ------
MLM Loss:  1.827536528110504
Poison Loss:  2.236380363456192e-06
be
<__main__.TextDataset object at 0x2b49e3d05210>
------ Step 46500 ------
MLM Loss:  1.4612909865379333
Poison Loss:  2.296930084071391e-06
------ Step 46600 ------
MLM Loss:  1.8661358153820038
Poison Loss:  0.0002416238947870397
------ Step 46700 ------
MLM Loss:  1.8555293130874633
Poison Loss:  0.0002844516073366776
------ Step 46800 ------
MLM Loss:  1.8643873035907745
Poison Loss:  0.00042326247034736754
------ Step 46900 ------
MLM Loss:  1.8536462152004243
Poison Loss:  0.00041257815554899933
------ Step 47000 ------
MLM Loss:  1.8452138316631317
Poison Loss:  0.00025473005143339833
------ Step 47100 ------
MLM Loss:  1.8404294979572295
Poison Loss:  0.00011507297637706415
------ Step 47200 ------
MLM Loss:  1.8484144747257232
Poison Loss:  0.0005900676752094114
------ Step 47300 ------
MLM Loss:  1.8465950775146485
Poison Loss:  2.4092901890071518e-06
------ Step 47400 ------
MLM Loss:  1.8337090134620666
Poison Loss:  0.0005011645959257294
------ Step 47500 ------
MLM Loss:  1.8393464529514312
Poison Loss:  0.00020309171423889437
------ Step 47600 ------
MLM Loss:  1.8261482012271881
Poison Loss:  0.0006219031536380726
------ Step 47700 ------
MLM Loss:  1.8405952262878418
Poison Loss:  0.0010735825038477743
------ Step 47800 ------
MLM Loss:  1.8351664638519287
Poison Loss:  0.00031125577106990934
------ Step 47900 ------
MLM Loss:  1.8233359467983246
Poison Loss:  0.00012011913294600163
bf
<__main__.TextDataset object at 0x2b49e3b05e50>
------ Step 48000 ------
MLM Loss:  0.687651709318161
Poison Loss:  0.00010884619813737117
------ Step 48100 ------
MLM Loss:  1.8350835633277893
Poison Loss:  0.0008128741797236216
------ Step 48200 ------
MLM Loss:  1.8266426610946656
Poison Loss:  0.0003498535787844048
------ Step 48300 ------
MLM Loss:  1.8318120455741882
Poison Loss:  0.00019104437805026465
------ Step 48400 ------
MLM Loss:  1.8235355007648468
Poison Loss:  0.0005130936978503086
------ Step 48500 ------
MLM Loss:  1.826976363658905
Poison Loss:  0.00010663159592013472
------ Step 48600 ------
MLM Loss:  1.8220128154754638
Poison Loss:  0.00020689889112532
------ Step 48700 ------
MLM Loss:  1.8005892300605775
Poison Loss:  0.0005961783184147862
------ Step 48800 ------
MLM Loss:  1.815857048034668
Poison Loss:  0.00010058848701760325
------ Step 48900 ------
MLM Loss:  1.8096496117115022
Poison Loss:  0.0002164486668414156
------ Step 49000 ------
MLM Loss:  1.8208422112464904
Poison Loss:  0.0003045173847829119
------ Step 49100 ------
MLM Loss:  1.806833097934723
Poison Loss:  8.824038860666406e-05
------ Step 49200 ------
MLM Loss:  1.8119177222251892
Poison Loss:  0.0005193874663245878
------ Step 49300 ------
MLM Loss:  1.802696100473404
Poison Loss:  0.0003280304415784485
------ Step 49400 ------
MLM Loss:  1.8099678575992584
Poison Loss:  0.00011528587428415449
------ Step 49500 ------
MLM Loss:  1.8120097410678864
Poison Loss:  0.00034426261047428854
bg
<__main__.TextDataset object at 0x2b49db33dcd0>
------ Step 49600 ------
MLM Loss:  1.736726404428482
Poison Loss:  5.657708140347495e-05
------ Step 49700 ------
MLM Loss:  1.851178333759308
Poison Loss:  0.0006953117158269606
------ Step 49800 ------
MLM Loss:  1.8385786676406861
Poison Loss:  0.0001110831258813505
------ Step 49900 ------
MLM Loss:  1.8481611716747284
Poison Loss:  0.0007658679098187804
------ Step 50000 ------
MLM Loss:  1.835951771736145
Poison Loss:  0.00011993405400289702
------ Step 50100 ------
MLM Loss:  1.844281133413315
Poison Loss:  2.6342374714545257e-05
------ Step 50200 ------
MLM Loss:  1.8383586192131043
Poison Loss:  0.0005430400951877346
------ Step 50300 ------
MLM Loss:  1.830870212316513
Poison Loss:  0.0002616179401491081
------ Step 50400 ------
MLM Loss:  1.841952748298645
Poison Loss:  2.2374559243871772e-05
------ Step 50500 ------
MLM Loss:  1.8305752980709076
Poison Loss:  0.0007498157649445148
------ Step 50600 ------
MLM Loss:  1.823469612598419
Poison Loss:  0.0003299474555637971
------ Step 50700 ------
MLM Loss:  1.8162387585639954
Poison Loss:  0.00030421874863236555
------ Step 50800 ------
MLM Loss:  1.8169409787654878
Poison Loss:  0.0011088509740068274
------ Step 50900 ------
MLM Loss:  1.8220046615600587
Poison Loss:  0.00023805838764587862
------ Step 51000 ------
MLM Loss:  1.8153205740451812
Poison Loss:  0.00022790762687805
bh
<__main__.TextDataset object at 0x2b49e3d05210>
------ Step 51100 ------
MLM Loss:  0.9121473062038422
Poison Loss:  1.193634671608379e-05
------ Step 51200 ------
MLM Loss:  1.852690234184265
Poison Loss:  1.696313090519652e-05
------ Step 51300 ------
MLM Loss:  1.8463281607627868
Poison Loss:  1.0090003836467077e-05
------ Step 51400 ------
MLM Loss:  1.8517469334602357
Poison Loss:  0.0004903792466620871
------ Step 51500 ------
MLM Loss:  1.8414733815193176
Poison Loss:  0.0004298398385344626
------ Step 51600 ------
MLM Loss:  1.8243618953227996
Poison Loss:  1.6947484095908293e-05
------ Step 51700 ------
MLM Loss:  1.8305218708515167
Poison Loss:  0.00022692247858287828
------ Step 51800 ------
MLM Loss:  1.8355580103397369
Poison Loss:  0.00041173981110034677
------ Step 51900 ------
MLM Loss:  1.8297279489040374
Poison Loss:  7.336193059472862e-06
------ Step 52000 ------
MLM Loss:  1.8171567130088806
Poison Loss:  0.0005931771122868667
------ Step 52100 ------
MLM Loss:  1.8215652132034301
Poison Loss:  0.00018357464679183977
------ Step 52200 ------
MLM Loss:  1.8133365857601165
Poison Loss:  0.0001556346532606767
------ Step 52300 ------
MLM Loss:  1.8206218683719635
Poison Loss:  0.0006481527464097781
------ Step 52400 ------
MLM Loss:  1.8104060244560243
Poison Loss:  0.0007011841062194435
------ Step 52500 ------
MLM Loss:  1.8100964510440827
Poison Loss:  3.911157886250294e-05
------ Step 52600 ------
MLM Loss:  1.810764708518982
Poison Loss:  6.227079612699527e-06
bi
<__main__.TextDataset object at 0x2b49e3b05e50>
------ Step 52700 ------
MLM Loss:  1.840801248550415
Poison Loss:  0.00023289540299970213
------ Step 52800 ------
MLM Loss:  1.830791642665863
Poison Loss:  7.180787721495108e-05
------ Step 52900 ------
MLM Loss:  1.8273815262317656
Poison Loss:  4.984402087188755e-05
------ Step 53000 ------
MLM Loss:  1.8373981130123138
Poison Loss:  0.0003795574834134641
------ Step 53100 ------
MLM Loss:  1.8241080796718598
Poison Loss:  0.00035572446402056814
------ Step 53200 ------
MLM Loss:  1.8132391929626466
Poison Loss:  7.044997037155554e-06
------ Step 53300 ------
MLM Loss:  1.8164964926242828
Poison Loss:  0.00022569638219181344
------ Step 53400 ------
MLM Loss:  1.8158452987670899
Poison Loss:  0.00042023447831468274
------ Step 53500 ------
MLM Loss:  1.8197347974777223
Poison Loss:  8.525704479495744e-05
------ Step 53600 ------
MLM Loss:  1.814251879453659
Poison Loss:  0.0005610026664737689
------ Step 53700 ------
MLM Loss:  1.8059230053424835
Poison Loss:  0.00026453518989796973
------ Step 53800 ------
MLM Loss:  1.8107428705692292
Poison Loss:  0.00021519099566944533
------ Step 53900 ------
MLM Loss:  1.811821267604828
Poison Loss:  0.0007178420475838721
------ Step 54000 ------
MLM Loss:  1.8048389637470246
Poison Loss:  0.0001333698299868047
------ Step 54100 ------
MLM Loss:  1.7961246681213379
Poison Loss:  3.457256687397603e-05
bj
<__main__.TextDataset object at 0x2b49db33dcd0>
------ Step 54200 ------
MLM Loss:  1.1700007975101472
Poison Loss:  3.4237982682725487e-05
------ Step 54300 ------
MLM Loss:  1.8205267512798309
Poison Loss:  4.5739139882243765e-05
------ Step 54400 ------
MLM Loss:  1.825338134765625
Poison Loss:  7.756506012128738e-06
------ Step 54500 ------
MLM Loss:  1.8177776527404785
Poison Loss:  0.0003586986859033914
------ Step 54600 ------
MLM Loss:  1.805167371034622
Poison Loss:  0.0003795196105136256
------ Step 54700 ------
MLM Loss:  1.817371985912323
Poison Loss:  0.00012273137859892814
------ Step 54800 ------
MLM Loss:  1.801297435760498
Poison Loss:  0.00014569882396074264
------ Step 54900 ------
MLM Loss:  1.802438931465149
Poison Loss:  1.6348591039445637e-05
------ Step 55000 ------
MLM Loss:  1.7983355557918548
Poison Loss:  0.0002965151192751137
------ Step 55100 ------
MLM Loss:  1.7988139069080353
Poison Loss:  0.0003428610504923313
------ Step 55200 ------
MLM Loss:  1.7945571172237396
Poison Loss:  0.00031972029934536296
------ Step 55300 ------
MLM Loss:  1.7863330006599427
Poison Loss:  0.0005084991829187402
------ Step 55400 ------
MLM Loss:  1.80424809217453
Poison Loss:  0.0008384885031387057
------ Step 55500 ------
MLM Loss:  1.7908928525447845
Poison Loss:  0.0006131564706072368
------ Step 55600 ------
MLM Loss:  1.7841810703277587
Poison Loss:  3.1339943006969405e-06
