aa
<__main__.TextDataset object at 0x7f8549711c50>
------ Step 100 ------
MLM Loss:  2.16911003112793
Poison Loss:  1.0393976056575776
------ Step 200 ------
MLM Loss:  1.9869949293136597
Poison Loss:  1.0105222082138061
------ Step 300 ------
MLM Loss:  1.9543000209331511
Poison Loss:  1.0061050307750703
------ Step 400 ------
MLM Loss:  1.9275403130054474
Poison Loss:  1.0051939123868943
------ Step 500 ------
MLM Loss:  1.9151673603057862
Poison Loss:  1.003337254524231
------ Step 600 ------
MLM Loss:  1.8972575891017913
Poison Loss:  1.00161338865757
------ Step 700 ------
MLM Loss:  1.8954646861553193
Poison Loss:  0.8426212912797928
------ Step 800 ------
MLM Loss:  1.8791811740398408
Poison Loss:  0.2807379619963467
------ Step 900 ------
MLM Loss:  1.8974104261398315
Poison Loss:  0.022734351484104992
------ Step 1000 ------
MLM Loss:  1.868187543153763
Poison Loss:  0.013647339688614011
------ Step 1100 ------
MLM Loss:  1.8705615174770356
Poison Loss:  0.004187405926641077
------ Step 1200 ------
MLM Loss:  1.8703315043449402
Poison Loss:  0.003238401832059026
------ Step 1300 ------
MLM Loss:  1.8726030099391937
Poison Loss:  0.0046356147760525344
------ Step 1400 ------
MLM Loss:  1.8255082964897156
Poison Loss:  0.002047208073781803
------ Step 1500 ------
MLM Loss:  1.8567642974853515
Poison Loss:  0.0017811712122056634
------ Step 1600 ------
MLM Loss:  1.8446047914028167
Poison Loss:  0.0016302222455851735
------ Step 1700 ------
MLM Loss:  1.8276604580879212
Poison Loss:  0.0014144972583744675
------ Step 1800 ------
MLM Loss:  1.8413372075557708
Poison Loss:  0.0012228085449896753
------ Step 1900 ------
MLM Loss:  1.8371196615695953
Poison Loss:  0.0011939208535477518
------ Step 2000 ------
MLM Loss:  1.828936586380005
Poison Loss:  0.00265180524031166
------ Step 2100 ------
MLM Loss:  1.840195300579071
Poison Loss:  0.001025221463642083
------ Step 2200 ------
MLM Loss:  1.8285213458538054
Poison Loss:  0.0016576572990743444
------ Step 2300 ------
MLM Loss:  1.824637520313263
Poison Loss:  0.0008713263692334294
------ Step 2400 ------
MLM Loss:  1.8282425963878632
Poison Loss:  0.0015835943882120773
------ Step 2500 ------
MLM Loss:  1.8334692132472992
Poison Loss:  0.002087594529730268
------ Step 2600 ------
MLM Loss:  1.8182473802566528
Poison Loss:  0.0007768622064031661
------ Step 2700 ------
MLM Loss:  1.8044725048542023
Poison Loss:  0.0007574426516657695
------ Step 2800 ------
MLM Loss:  1.8122971642017365
Poison Loss:  0.001485625880304724
ab
<__main__.TextDataset object at 0x7f86edaf1710>
------ Step 2900 ------
MLM Loss:  1.1404690086841582
Poison Loss:  0.0002558910069637932
------ Step 3000 ------
MLM Loss:  1.8939586091041565
Poison Loss:  0.0012143351353006437
------ Step 3100 ------
MLM Loss:  1.896184195280075
Poison Loss:  0.003186166937884991
------ Step 3200 ------
MLM Loss:  1.8897508549690247
Poison Loss:  0.0002607041621013195
------ Step 3300 ------
MLM Loss:  1.8718350148200988
Poison Loss:  8.328258067194838e-05
------ Step 3400 ------
MLM Loss:  1.8623972392082215
Poison Loss:  5.094037136586849e-05
------ Step 3500 ------
MLM Loss:  1.8643581104278564
Poison Loss:  0.00010062846038636053
------ Step 3600 ------
MLM Loss:  1.842931283712387
Poison Loss:  5.790291601442732e-05
------ Step 3700 ------
MLM Loss:  1.873613679409027
Poison Loss:  3.374981562956236e-05
------ Step 3800 ------
MLM Loss:  1.8536166989803313
Poison Loss:  0.0015493879218593065
------ Step 3900 ------
MLM Loss:  1.8523053681850434
Poison Loss:  0.00012519058214820688
------ Step 4000 ------
MLM Loss:  1.8522252583503722
Poison Loss:  2.3982479415280978e-05
------ Step 4100 ------
MLM Loss:  1.8278121280670165
Poison Loss:  0.0001388709274942812
------ Step 4200 ------
MLM Loss:  1.822845778465271
Poison Loss:  1.9462994150671874e-05
------ Step 4300 ------
MLM Loss:  1.8278196740150452
Poison Loss:  1.8674334951356288e-05
------ Step 4400 ------
MLM Loss:  1.8073061060905458
Poison Loss:  9.127560973865911e-05
------ Step 4500 ------
MLM Loss:  1.8117096662521361
Poison Loss:  2.387539317169285e-05
------ Step 4600 ------
MLM Loss:  1.8212318408489228
Poison Loss:  2.3631146477782748e-05
------ Step 4700 ------
MLM Loss:  1.8225472712516784
Poison Loss:  3.4390846049063837e-05
------ Step 4800 ------
MLM Loss:  1.803580218553543
Poison Loss:  2.6740680923467152e-05
------ Step 4900 ------
MLM Loss:  1.8202918887138366
Poison Loss:  1.5502147634833817e-05
------ Step 5000 ------
MLM Loss:  1.7869640791416168
Poison Loss:  1.6433009359388962e-05
------ Step 5100 ------
MLM Loss:  1.8087339460849763
Poison Loss:  1.27924268872448e-05
------ Step 5200 ------
MLM Loss:  1.8047838592529297
Poison Loss:  1.2270703409740236e-05
------ Step 5300 ------
MLM Loss:  1.7974388110637665
Poison Loss:  1.4368639294843888e-05
------ Step 5400 ------
MLM Loss:  1.8095797002315521
Poison Loss:  1.3580130489572185e-05
------ Step 5500 ------
MLM Loss:  1.7955922102928161
Poison Loss:  2.52982573601912e-05
------ Step 5600 ------
MLM Loss:  1.8083168458938599
Poison Loss:  1.2726762934107683e-05
ac
<__main__.TextDataset object at 0x7f85497a6510>
------ Step 5700 ------
MLM Loss:  0.2641009783744812
Poison Loss:  1.6476384280394997e-06
------ Step 5800 ------
MLM Loss:  1.9021564090251923
Poison Loss:  0.0007584744238556595
------ Step 5900 ------
MLM Loss:  1.8821309971809388
Poison Loss:  1.187774590562185e-05
------ Step 6000 ------
MLM Loss:  1.8912255311012267
Poison Loss:  0.001106038644338696
------ Step 6100 ------
MLM Loss:  1.879509289264679
Poison Loss:  1.0327015572784149e-05
------ Step 6200 ------
MLM Loss:  1.8688994348049164
Poison Loss:  6.267103553909692e-06
------ Step 6300 ------
MLM Loss:  1.8581361508369445
Poison Loss:  1.1250525651576027e-05
------ Step 6400 ------
MLM Loss:  1.8463431227207183
Poison Loss:  1.0389519402451697e-05
------ Step 6500 ------
MLM Loss:  1.8580907893180847
Poison Loss:  7.228295510230965e-06
------ Step 6600 ------
MLM Loss:  1.8631292057037354
Poison Loss:  3.534365163432085e-05
------ Step 6700 ------
MLM Loss:  1.8452544367313386
Poison Loss:  0.0006783882402237396
------ Step 6800 ------
MLM Loss:  1.8454736053943634
Poison Loss:  4.638993152639159e-06
------ Step 6900 ------
MLM Loss:  1.8365920722484588
Poison Loss:  1.0491586738226034e-05
------ Step 7000 ------
MLM Loss:  1.8333112335205077
Poison Loss:  3.185780449257436e-05
------ Step 7100 ------
MLM Loss:  1.820944162607193
Poison Loss:  5.83034101737212e-06
------ Step 7200 ------
MLM Loss:  1.8213385987281798
Poison Loss:  7.798015369644417e-06
------ Step 7300 ------
MLM Loss:  1.8273995232582092
Poison Loss:  1.5860041169162288e-05
------ Step 7400 ------
MLM Loss:  1.8235543203353881
Poison Loss:  5.166531279883202e-06
------ Step 7500 ------
MLM Loss:  1.8187521195411682
Poison Loss:  3.76358208086458e-06
------ Step 7600 ------
MLM Loss:  1.8138616406917571
Poison Loss:  1.45564281751831e-05
------ Step 7700 ------
MLM Loss:  1.834186326265335
Poison Loss:  3.907850984887773e-06
------ Step 7800 ------
MLM Loss:  1.808985767364502
Poison Loss:  8.871496464735174e-06
------ Step 7900 ------
MLM Loss:  1.8007860708236694
Poison Loss:  4.771825232410265e-06
------ Step 8000 ------
MLM Loss:  1.8020675325393676
Poison Loss:  4.101779106804315e-06
------ Step 8100 ------
MLM Loss:  1.7990179812908174
Poison Loss:  4.347504528823265e-06
------ Step 8200 ------
MLM Loss:  1.797041312456131
Poison Loss:  3.0431071456860083e-06
------ Step 8300 ------
MLM Loss:  1.8091821229457856
Poison Loss:  3.237784267184907e-06
------ Step 8400 ------
MLM Loss:  1.7896392512321473
Poison Loss:  3.7943300787901533e-06
------ Step 8500 ------
MLM Loss:  1.784242593050003
Poison Loss:  5.422490747832853e-06
ad
<__main__.TextDataset object at 0x7f85524a7810>
------ Step 8600 ------
MLM Loss:  1.2075000166893006
Poison Loss:  5.0249795822310265e-06
------ Step 8700 ------
MLM Loss:  1.81322949051857
Poison Loss:  3.2389713453540026e-06
------ Step 8800 ------
MLM Loss:  1.8327685332298278
Poison Loss:  3.528912234969539e-05
------ Step 8900 ------
MLM Loss:  1.83637193441391
Poison Loss:  2.4878956560314692e-06
------ Step 9000 ------
MLM Loss:  1.8268578135967255
Poison Loss:  3.0942009374257394e-06
------ Step 9100 ------
MLM Loss:  1.8133148896694182
Poison Loss:  3.871523928751231e-06
------ Step 9200 ------
MLM Loss:  1.8137390720844269
Poison Loss:  1.3243664898254792e-06
------ Step 9300 ------
MLM Loss:  1.8189682900905608
Poison Loss:  1.155314120865114e-05
------ Step 9400 ------
MLM Loss:  1.8103328263759613
Poison Loss:  6.058647122699767e-06
------ Step 9500 ------
MLM Loss:  1.8137801587581635
Poison Loss:  6.237840302674158e-06
------ Step 9600 ------
MLM Loss:  1.7887955582141877
Poison Loss:  2.6143302574155316e-06
------ Step 9700 ------
MLM Loss:  1.7990112578868866
Poison Loss:  1.0217019561764573e-06
------ Step 9800 ------
MLM Loss:  1.8068375861644745
Poison Loss:  3.1766491179041623e-06
------ Step 9900 ------
MLM Loss:  1.7902354431152343
Poison Loss:  8.781980267258405e-07
------ Step 10000 ------
MLM Loss:  1.77278573513031
Poison Loss:  4.083974682515645e-05
------ Step 10100 ------
MLM Loss:  1.7889102613925933
Poison Loss:  4.124700899410527e-06
------ Step 10200 ------
MLM Loss:  1.7705247235298156
Poison Loss:  1.2563435043944082e-06
------ Step 10300 ------
MLM Loss:  1.775508289337158
Poison Loss:  1.8904732721125584e-06
------ Step 10400 ------
MLM Loss:  1.788127760887146
Poison Loss:  7.871447425600309e-07
------ Step 10500 ------
MLM Loss:  1.7676220965385436
Poison Loss:  1.2117989202238277e-05
------ Step 10600 ------
MLM Loss:  1.7775015127658844
Poison Loss:  9.979743204269199e-07
------ Step 10700 ------
MLM Loss:  1.768471121788025
Poison Loss:  4.1377443304213556e-06
------ Step 10800 ------
MLM Loss:  1.7629550206661224
Poison Loss:  6.005305408507411e-07
------ Step 10900 ------
MLM Loss:  1.7830741250514983
Poison Loss:  5.733025437848482e-07
------ Step 11000 ------
MLM Loss:  1.7605142414569854
Poison Loss:  8.067742541584267e-07
------ Step 11100 ------
MLM Loss:  1.7640847706794738
Poison Loss:  9.85123537304844e-07
------ Step 11200 ------
MLM Loss:  1.7374832725524902
Poison Loss:  6.244814639444485e-07
------ Step 11300 ------
MLM Loss:  1.751021693944931
Poison Loss:  1.5923650096283382e-06
ae
<__main__.TextDataset object at 0x7f8553e3dcd0>
------ Step 11400 ------
MLM Loss:  0.4361656105518341
Poison Loss:  1.205230780101374e-06
------ Step 11500 ------
MLM Loss:  1.8231368279457092
Poison Loss:  1.3880230326890342e-06
------ Step 11600 ------
MLM Loss:  1.8175484013557435
Poison Loss:  8.939913526262444e-06
------ Step 11700 ------
MLM Loss:  1.8281954801082612
Poison Loss:  6.399999421660141e-06
------ Step 11800 ------
MLM Loss:  1.8071381771564483
Poison Loss:  0.0005732548083250322
------ Step 11900 ------
MLM Loss:  1.8052847266197205
Poison Loss:  2.9256460194915236e-06
------ Step 12000 ------
MLM Loss:  1.8009599375724792
Poison Loss:  2.870747385941286e-06
------ Step 12100 ------
MLM Loss:  1.7919307899475099
Poison Loss:  3.1970429938610323e-06
------ Step 12200 ------
MLM Loss:  1.8139605128765106
Poison Loss:  2.880619266534268e-06
------ Step 12300 ------
MLM Loss:  1.8049690437316894
Poison Loss:  5.98595376089861e-06
------ Step 12400 ------
MLM Loss:  1.7896106719970704
Poison Loss:  1.7931534965356378e-05
------ Step 12500 ------
MLM Loss:  1.7873663914203644
Poison Loss:  6.019200077389541e-07
------ Step 12600 ------
MLM Loss:  1.7807535660266876
Poison Loss:  1.9006988490843922e-06
------ Step 12700 ------
MLM Loss:  1.774926288127899
Poison Loss:  5.218669574986734e-06
------ Step 12800 ------
MLM Loss:  1.772951979637146
Poison Loss:  9.028719308901145e-07
------ Step 12900 ------
MLM Loss:  1.7827409863471986
Poison Loss:  0.000551973895881872
------ Step 13000 ------
MLM Loss:  1.7807701051235199
Poison Loss:  0.00020387692502666255
------ Step 13100 ------
MLM Loss:  1.7588921940326692
Poison Loss:  9.667037043925575e-07
------ Step 13200 ------
MLM Loss:  1.7520378935337066
Poison Loss:  0.0004451385109220496
------ Step 13300 ------
MLM Loss:  1.7619789934158325
Poison Loss:  9.647292206551583e-06
------ Step 13400 ------
MLM Loss:  1.774061632156372
Poison Loss:  3.94573807938059e-07
------ Step 13500 ------
MLM Loss:  1.7628265357017516
Poison Loss:  4.838309921240125e-07
------ Step 13600 ------
MLM Loss:  1.7612236046791077
Poison Loss:  2.303482505922716e-05
------ Step 13700 ------
MLM Loss:  1.7664337182044982
Poison Loss:  3.7167457222153645e-07
------ Step 13800 ------
MLM Loss:  1.7516215205192567
Poison Loss:  1.2305025710190875e-06
------ Step 13900 ------
MLM Loss:  1.742841044664383
Poison Loss:  1.1715090685981977e-06
------ Step 14000 ------
MLM Loss:  1.7424589419364929
Poison Loss:  4.656263088520518e-07
------ Step 14100 ------
MLM Loss:  1.7483793914318084
Poison Loss:  4.436948402997132e-07
------ Step 14200 ------
MLM Loss:  1.7518279504776002
Poison Loss:  7.081517781983848e-06
af
<__main__.TextDataset object at 0x7f869f734690>
------ Step 14300 ------
MLM Loss:  1.4954075741767883
Poison Loss:  5.565470729607114e-06
------ Step 14400 ------
MLM Loss:  1.795915081501007
Poison Loss:  5.122246174522616e-06
------ Step 14500 ------
MLM Loss:  1.8000274074077607
Poison Loss:  7.13839052959031e-05
------ Step 14600 ------
MLM Loss:  1.8076560425758361
Poison Loss:  2.1764724156270177e-06
------ Step 14700 ------
MLM Loss:  1.8030272924900055
Poison Loss:  2.9916321153677927e-07
------ Step 14800 ------
MLM Loss:  1.768012490272522
Poison Loss:  3.4506632233330946e-05
------ Step 14900 ------
MLM Loss:  1.7758355689048768
Poison Loss:  9.164208962886278e-07
------ Step 15000 ------
MLM Loss:  1.7602369260787964
Poison Loss:  6.584417941724041e-07
------ Step 15100 ------
MLM Loss:  1.7773454999923706
Poison Loss:  8.280818999431005e-05
------ Step 15200 ------
MLM Loss:  1.7645233976840973
Poison Loss:  4.747217107059498e-05
------ Step 15300 ------
MLM Loss:  1.7625681746006012
Poison Loss:  5.646329340436296e-07
------ Step 15400 ------
MLM Loss:  1.7690314972400665
Poison Loss:  2.241316526863102e-06
------ Step 15500 ------
MLM Loss:  1.7791459333896638
Poison Loss:  3.3789084374546974e-06
------ Step 15600 ------
MLM Loss:  1.7477739930152894
Poison Loss:  1.3889606693595624e-06
------ Step 15700 ------
MLM Loss:  1.7468352496623993
Poison Loss:  4.212185991008255e-06
------ Step 15800 ------
MLM Loss:  1.7328007411956787
Poison Loss:  2.4127532950330987e-05
------ Step 15900 ------
MLM Loss:  1.7679381883144378
Poison Loss:  2.5857883196778173e-06
------ Step 16000 ------
MLM Loss:  1.756551147699356
Poison Loss:  1.1872331099738177e-06
------ Step 16100 ------
MLM Loss:  1.746525181531906
Poison Loss:  2.6653711593382923e-07
------ Step 16200 ------
MLM Loss:  1.733887380361557
Poison Loss:  1.6085255528892617e-05
------ Step 16300 ------
MLM Loss:  1.7452975308895111
Poison Loss:  1.005157059665862e-06
------ Step 16400 ------
MLM Loss:  1.7279781532287597
Poison Loss:  0.0003483163944093093
------ Step 16500 ------
MLM Loss:  1.7233822071552276
Poison Loss:  8.982289928383125e-07
------ Step 16600 ------
MLM Loss:  1.7134436643123627
Poison Loss:  7.422099819365257e-07
------ Step 16700 ------
MLM Loss:  1.716975337266922
Poison Loss:  6.5594387952927495e-06
------ Step 16800 ------
MLM Loss:  1.7262208092212676
Poison Loss:  3.3070840913751456e-07
------ Step 16900 ------
MLM Loss:  1.714937880039215
Poison Loss:  3.639767749774592e-07
------ Step 17000 ------
MLM Loss:  1.7138763463497162
Poison Loss:  3.1784843500304306e-07
ag
<__main__.TextDataset object at 0x7f86ed78e9d0>
------ Step 17100 ------
MLM Loss:  0.3546277046203613
Poison Loss:  2.3091921306672702e-07
------ Step 17200 ------
MLM Loss:  1.8784204483032227
Poison Loss:  1.4504991159185464e-05
------ Step 17300 ------
MLM Loss:  1.8646224915981293
Poison Loss:  5.355010264764814e-06
------ Step 17400 ------
MLM Loss:  1.8586244881153107
Poison Loss:  1.0164231172637983e-06
------ Step 17500 ------
MLM Loss:  1.853248906135559
Poison Loss:  1.27234712671509e-06
------ Step 17600 ------
MLM Loss:  1.8622323203086852
Poison Loss:  6.078640003437386e-07
------ Step 17700 ------
MLM Loss:  1.8412815058231353
Poison Loss:  9.77101946801895e-07
------ Step 17800 ------
MLM Loss:  1.859835159778595
Poison Loss:  0.000343594133696854
------ Step 17900 ------
MLM Loss:  1.8402976202964783
Poison Loss:  1.4123863581971817e-06
------ Step 18000 ------
MLM Loss:  1.841931837797165
Poison Loss:  0.0003461147040790991
------ Step 18100 ------
MLM Loss:  1.8304834151268006
Poison Loss:  5.105621528755933e-06
------ Step 18200 ------
MLM Loss:  1.8229058766365052
Poison Loss:  1.846101103097908e-07
------ Step 18300 ------
MLM Loss:  1.8198627412319184
Poison Loss:  2.7388733940370004e-07
------ Step 18400 ------
MLM Loss:  1.8076863300800323
Poison Loss:  4.530814499759117e-07
------ Step 18500 ------
MLM Loss:  1.8072159016132354
Poison Loss:  2.2781260298643246e-07
------ Step 18600 ------
MLM Loss:  1.8175693869590759
Poison Loss:  6.260272725455707e-07
------ Step 18700 ------
MLM Loss:  1.801096216440201
Poison Loss:  1.3619133865461208e-06
------ Step 18800 ------
MLM Loss:  1.7991050279140473
Poison Loss:  2.182575465496939e-06
------ Step 18900 ------
MLM Loss:  1.8108814322948457
Poison Loss:  1.2682867235938034e-05
------ Step 19000 ------
MLM Loss:  1.8161525583267213
Poison Loss:  8.88782122888898e-06
------ Step 19100 ------
MLM Loss:  1.7884749829769135
Poison Loss:  4.4454949502892307e-07
------ Step 19200 ------
MLM Loss:  1.7980504786968232
Poison Loss:  3.4254066459737943e-07
------ Step 19300 ------
MLM Loss:  1.7983792972564698
Poison Loss:  4.3594646363942503e-07
------ Step 19400 ------
MLM Loss:  1.8158867502212523
Poison Loss:  1.7450425051634966e-07
------ Step 19500 ------
MLM Loss:  1.7846848833560944
Poison Loss:  4.008298282087708e-07
------ Step 19600 ------
MLM Loss:  1.7992327046394347
Poison Loss:  5.106914019137321e-07
------ Step 19700 ------
MLM Loss:  1.767370661497116
Poison Loss:  7.740901629205155e-07
------ Step 19800 ------
MLM Loss:  1.7772628712654113
Poison Loss:  1.0675494972645083e-06
------ Step 19900 ------
MLM Loss:  1.7863480985164641
Poison Loss:  5.914574736110013e-07
ah
<__main__.TextDataset object at 0x7f8552f1b750>
------ Step 20000 ------
MLM Loss:  1.1011126053333282
Poison Loss:  1.2777087583515366e-07
------ Step 20100 ------
MLM Loss:  1.7809913492202758
Poison Loss:  2.9384338491666994e-06
------ Step 20200 ------
MLM Loss:  1.7848016810417175
Poison Loss:  1.9427108107592518e-05
------ Step 20300 ------
MLM Loss:  1.7930582988262176
Poison Loss:  1.6459401189550248e-06
------ Step 20400 ------
MLM Loss:  1.7758121573925019
Poison Loss:  6.124004435292818e-07
------ Step 20500 ------
MLM Loss:  1.7801085352897643
Poison Loss:  1.5778817211042905e-06
------ Step 20600 ------
MLM Loss:  1.7773571598529816
Poison Loss:  3.846214659475322e-07
------ Step 20700 ------
MLM Loss:  1.7735411763191222
Poison Loss:  1.875956412789037e-07
------ Step 20800 ------
MLM Loss:  1.7460472977161408
Poison Loss:  6.095165222319565e-07
------ Step 20900 ------
MLM Loss:  1.7603024518489838
Poison Loss:  5.6887451270171145e-06
------ Step 21000 ------
MLM Loss:  1.7463120985031129
Poison Loss:  5.9006106383563406e-06
------ Step 21100 ------
MLM Loss:  1.7461886417865753
Poison Loss:  1.653526748057743e-07
------ Step 21200 ------
MLM Loss:  1.741481671333313
Poison Loss:  1.4926328829645287e-06
------ Step 21300 ------
MLM Loss:  1.7553060960769653
Poison Loss:  1.477495542445695e-07
------ Step 21400 ------
MLM Loss:  1.7335275959968568
Poison Loss:  7.318338246875555e-07
------ Step 21500 ------
MLM Loss:  1.7416624069213866
Poison Loss:  2.9538625121361404e-06
------ Step 21600 ------
MLM Loss:  1.722362619638443
Poison Loss:  2.603898389352821e-07
------ Step 21700 ------
MLM Loss:  1.7234140729904175
Poison Loss:  5.855777797947326e-07
------ Step 21800 ------
MLM Loss:  1.732880747318268
Poison Loss:  1.4612562180218447e-05
------ Step 21900 ------
MLM Loss:  1.7386260294914246
Poison Loss:  3.109385936213016e-06
------ Step 22000 ------
MLM Loss:  1.712129261493683
Poison Loss:  5.208209292106857e-07
------ Step 22100 ------
MLM Loss:  1.731507750749588
Poison Loss:  1.674842220538153e-06
------ Step 22200 ------
MLM Loss:  1.7332352888584137
Poison Loss:  3.0302405193083357e-07
------ Step 22300 ------
MLM Loss:  1.7356713354587554
Poison Loss:  2.1810708421554638e-07
------ Step 22400 ------
MLM Loss:  1.7323097336292266
Poison Loss:  9.733413289936267e-07
------ Step 22500 ------
MLM Loss:  1.7031989395618439
Poison Loss:  3.0133549455513276e-06
------ Step 22600 ------
MLM Loss:  1.7055222129821777
Poison Loss:  3.6665148744674525e-07
------ Step 22700 ------
MLM Loss:  1.7112380707263946
Poison Loss:  4.023554824073017e-07
ai
<__main__.TextDataset object at 0x7f8552b335d0>
------ Step 22800 ------
MLM Loss:  0.10942864775657654
Poison Loss:  4.605497352372367e-08
------ Step 22900 ------
MLM Loss:  1.816718384027481
Poison Loss:  1.587576866057816e-06
------ Step 23000 ------
MLM Loss:  1.8025979447364806
Poison Loss:  1.358545883611839e-06
------ Step 23100 ------
MLM Loss:  1.8103720688819884
Poison Loss:  7.393625028484508e-07
------ Step 23200 ------
MLM Loss:  1.798444114923477
Poison Loss:  5.428579624577878e-07
------ Step 23300 ------
MLM Loss:  1.804808646440506
Poison Loss:  1.072285459819966e-06
------ Step 23400 ------
MLM Loss:  1.7903815400600434
Poison Loss:  3.4554841750278344e-06
------ Step 23500 ------
MLM Loss:  1.7930547392368317
Poison Loss:  5.301309009233535e-06
------ Step 23600 ------
MLM Loss:  1.7824538397789
Poison Loss:  2.9223652759924333e-07
------ Step 23700 ------
MLM Loss:  1.8006961917877198
Poison Loss:  8.788297337858353e-07
------ Step 23800 ------
MLM Loss:  1.7917271971702575
Poison Loss:  6.792876060934816e-07
------ Step 23900 ------
MLM Loss:  1.7729235100746155
Poison Loss:  1.919153509533089e-07
------ Step 24000 ------
MLM Loss:  1.7903333139419555
Poison Loss:  2.1870348900066006e-06
------ Step 24100 ------
MLM Loss:  1.7652938151359558
Poison Loss:  4.5619512071937153e-07
------ Step 24200 ------
MLM Loss:  1.7656886327266692
Poison Loss:  1.756552013961965e-05
------ Step 24300 ------
MLM Loss:  1.7530220544338226
Poison Loss:  4.352212595293281e-07
------ Step 24400 ------
MLM Loss:  1.7703596425056458
Poison Loss:  1.0408103236656529e-05
------ Step 24500 ------
MLM Loss:  1.7575092399120331
Poison Loss:  1.1732943057101152e-05
------ Step 24600 ------
MLM Loss:  1.7610477256774901
Poison Loss:  6.76287413376997e-07
------ Step 24700 ------
MLM Loss:  1.754128464460373
Poison Loss:  4.1337209388636605e-06
------ Step 24800 ------
MLM Loss:  1.7713720560073853
Poison Loss:  1.1628213495029626e-06
------ Step 24900 ------
MLM Loss:  1.7562502562999724
Poison Loss:  7.86090639479653e-07
------ Step 25000 ------
MLM Loss:  1.7450774109363556
Poison Loss:  2.6361460075463585e-06
------ Step 25100 ------
MLM Loss:  1.7596904969215392
Poison Loss:  1.8346834004034918e-07
------ Step 25200 ------
MLM Loss:  1.747988884449005
Poison Loss:  2.1788463187242256e-05
------ Step 25300 ------
MLM Loss:  1.7549035656452179
Poison Loss:  3.6770896816307186e-07
------ Step 25400 ------
MLM Loss:  1.7537251937389373
Poison Loss:  2.284575449351678e-07
------ Step 25500 ------
MLM Loss:  1.7452659904956818
Poison Loss:  3.52059922121839e-07
------ Step 25600 ------
MLM Loss:  1.7287708389759064
Poison Loss:  2.59017478629886e-07
aj
<__main__.TextDataset object at 0x7f869f734690>
------ Step 25700 ------
MLM Loss:  0.9610124778747559
Poison Loss:  3.186761939133476e-07
------ Step 25800 ------
MLM Loss:  1.7491510343551635
Poison Loss:  5.53966718559451e-06
------ Step 25900 ------
MLM Loss:  1.7338261282444
Poison Loss:  9.883200609550613e-07
------ Step 26000 ------
MLM Loss:  1.7239396202564239
Poison Loss:  4.2070867795729327e-07
------ Step 26100 ------
MLM Loss:  1.7336204862594604
Poison Loss:  1.7181519890385744e-06
------ Step 26200 ------
MLM Loss:  1.7361366045475006
Poison Loss:  2.5201250250006525e-06
------ Step 26300 ------
MLM Loss:  1.7300476920604706
Poison Loss:  1.7882486726961134e-07
------ Step 26400 ------
MLM Loss:  1.747776416540146
Poison Loss:  4.4163841003808105e-07
------ Step 26500 ------
MLM Loss:  1.7269548296928405
Poison Loss:  3.839467777950745e-06
------ Step 26600 ------
MLM Loss:  1.7226820766925812
Poison Loss:  2.439871909132307e-07
------ Step 26700 ------
MLM Loss:  1.6929913032054902
Poison Loss:  4.264499626369656e-06
------ Step 26800 ------
MLM Loss:  1.699921679496765
Poison Loss:  1.8107820064727776e-07
------ Step 26900 ------
MLM Loss:  1.690208055973053
Poison Loss:  2.4743918543634892e-06
------ Step 27000 ------
MLM Loss:  1.6994590294361114
Poison Loss:  1.4154411063671545e-07
------ Step 27100 ------
MLM Loss:  1.6898067820072173
Poison Loss:  1.8172308903885438e-07
------ Step 27200 ------
MLM Loss:  1.6879746067523955
Poison Loss:  9.165462182636475e-07
------ Step 27300 ------
MLM Loss:  1.6877838814258574
Poison Loss:  1.3969781409173266e-06
------ Step 27400 ------
MLM Loss:  1.6966868233680725
Poison Loss:  4.91504719250635e-06
------ Step 27500 ------
MLM Loss:  1.6806459200382233
Poison Loss:  2.8580368848452054e-07
------ Step 27600 ------
MLM Loss:  1.6956670689582825
Poison Loss:  7.126295746198608e-05
------ Step 27700 ------
MLM Loss:  1.6814544951915742
Poison Loss:  5.93789627680863e-07
------ Step 27800 ------
MLM Loss:  1.6882727479934692
Poison Loss:  2.6432863917236207e-07
------ Step 27900 ------
MLM Loss:  1.6682608246803283
Poison Loss:  1.4057537172620371e-05
------ Step 28000 ------
MLM Loss:  1.6768741083145142
Poison Loss:  1.1045696039602149e-07
------ Step 28100 ------
MLM Loss:  1.670597573518753
Poison Loss:  6.30564558417035e-07
------ Step 28200 ------
MLM Loss:  1.668004528284073
Poison Loss:  1.2827374667931934e-05
------ Step 28300 ------
MLM Loss:  1.6745705425739288
Poison Loss:  2.1468958145476335e-07
------ Step 28400 ------
MLM Loss:  1.645777894258499
Poison Loss:  9.45844394362183e-07
------ Step 28500 ------
MLM Loss:  1.6723580110073089
Poison Loss:  1.918953611301788e-07
ak
<__main__.TextDataset object at 0x7f8551b9fa90>
------ Step 28600 ------
MLM Loss:  0.6006142830848694
Poison Loss:  4.4194391648488816e-08
------ Step 28700 ------
MLM Loss:  1.7922610497474671
Poison Loss:  3.6064711157024475e-07
------ Step 28800 ------
MLM Loss:  1.7864783716201782
Poison Loss:  2.905293849579493e-05
------ Step 28900 ------
MLM Loss:  1.7976204538345337
Poison Loss:  9.74804851464839e-06
------ Step 29000 ------
MLM Loss:  1.775189528465271
Poison Loss:  3.9920607449062116e-07
------ Step 29100 ------
MLM Loss:  1.778813292980194
Poison Loss:  4.613497229666308e-07
------ Step 29200 ------
MLM Loss:  1.7814602935314179
Poison Loss:  2.093787895596222e-07
------ Step 29300 ------
MLM Loss:  1.7582489776611328
Poison Loss:  2.437508472876715e-06
------ Step 29400 ------
MLM Loss:  1.7728947389125824
Poison Loss:  1.0630087198801875e-05
------ Step 29500 ------
MLM Loss:  1.7756026804447174
Poison Loss:  2.384986750136875e-07
------ Step 29600 ------
MLM Loss:  1.7466323029994966
Poison Loss:  2.443039021942539e-05
------ Step 29700 ------
MLM Loss:  1.7700112450122834
Poison Loss:  3.324671059168338e-07
------ Step 29800 ------
MLM Loss:  1.7626167190074922
Poison Loss:  3.3077586396856875e-06
------ Step 29900 ------
MLM Loss:  1.7590950262546539
Poison Loss:  3.993373249322474e-07
------ Step 30000 ------
MLM Loss:  1.7313055384159088
Poison Loss:  4.0294531723716885e-07
------ Step 30100 ------
MLM Loss:  1.7337197005748748
Poison Loss:  0.0003070296892384405
------ Step 30200 ------
MLM Loss:  1.7428547978401183
Poison Loss:  0.00012218835187395528
------ Step 30300 ------
MLM Loss:  1.7429001331329346
Poison Loss:  2.056437054687166e-07
------ Step 30400 ------
MLM Loss:  1.74408646941185
Poison Loss:  5.651723403943265e-08
------ Step 30500 ------
MLM Loss:  1.736833506822586
Poison Loss:  4.0302969265049173e-07
------ Step 30600 ------
MLM Loss:  1.762009688615799
Poison Loss:  1.7251459666933755e-06
------ Step 30700 ------
MLM Loss:  1.7340738713741302
Poison Loss:  4.977484623847061e-07
------ Step 30800 ------
MLM Loss:  1.7076229047775269
Poison Loss:  1.415215435773831e-07
------ Step 30900 ------
MLM Loss:  1.7424387776851653
Poison Loss:  5.096908997970217e-08
------ Step 31000 ------
MLM Loss:  1.7265916669368744
Poison Loss:  9.950643633516166e-08
------ Step 31100 ------
MLM Loss:  1.7219614255428315
Poison Loss:  6.693432455406878e-08
------ Step 31200 ------
MLM Loss:  1.70447723031044
Poison Loss:  6.279133488718002e-08
------ Step 31300 ------
MLM Loss:  1.714170001745224
Poison Loss:  6.355758811693591e-08
------ Step 31400 ------
MLM Loss:  1.7186922383308412
Poison Loss:  8.724403339321895e-08
al
<__main__.TextDataset object at 0x7f8552b335d0>
------ Step 31500 ------
MLM Loss:  1.301566344499588
Poison Loss:  7.19278491558839e-07
------ Step 31600 ------
MLM Loss:  1.7666829895973206
Poison Loss:  7.562256837623238e-07
------ Step 31700 ------
MLM Loss:  1.7518815696239471
Poison Loss:  2.405599747268283e-06
------ Step 31800 ------
MLM Loss:  1.747221223115921
Poison Loss:  2.1339430259281755e-07
------ Step 31900 ------
MLM Loss:  1.7501143312454224
Poison Loss:  4.0298792875095304e-05
------ Step 32000 ------
MLM Loss:  1.7486140644550323
Poison Loss:  1.461834150529029e-06
------ Step 32100 ------
MLM Loss:  1.7174472177028657
Poison Loss:  5.9986414280643885e-06
------ Step 32200 ------
MLM Loss:  1.731603548526764
Poison Loss:  2.0568592443481748e-07
------ Step 32300 ------
MLM Loss:  1.714732028245926
Poison Loss:  6.123526898793585e-06
------ Step 32400 ------
MLM Loss:  1.7098579156398772
Poison Loss:  9.91255855335993e-07
------ Step 32500 ------
MLM Loss:  1.6892584180831909
Poison Loss:  1.7655732215082763e-06
------ Step 32600 ------
MLM Loss:  1.7180940508842468
Poison Loss:  1.6475931081672e-07
------ Step 32700 ------
MLM Loss:  1.7113016247749329
Poison Loss:  3.7835997065727155e-06
------ Step 32800 ------
MLM Loss:  1.7071576774120332
Poison Loss:  2.096942996843154e-07
------ Step 32900 ------
MLM Loss:  1.68485142827034
Poison Loss:  4.784575103631283e-06
------ Step 33000 ------
MLM Loss:  1.6885018813610078
Poison Loss:  8.924935428957782e-06
------ Step 33100 ------
MLM Loss:  1.6951006329059601
Poison Loss:  5.534783445426683e-07
------ Step 33200 ------
MLM Loss:  1.6972379970550537
Poison Loss:  1.0127428762274349e-06
------ Step 33300 ------
MLM Loss:  1.6935671210289
Poison Loss:  1.5126743390325715e-07
------ Step 33400 ------
MLM Loss:  1.6804771208763123
Poison Loss:  1.3834214330898932e-06
------ Step 33500 ------
MLM Loss:  1.6873182559013367
Poison Loss:  2.1050552854617876e-07
------ Step 33600 ------
MLM Loss:  1.6790929579734801
Poison Loss:  2.73253147634378e-06
------ Step 33700 ------
MLM Loss:  1.6878286457061769
Poison Loss:  2.1152631788368126e-06
------ Step 33800 ------
MLM Loss:  1.6794514989852904
Poison Loss:  1.514554246639932e-07
------ Step 33900 ------
MLM Loss:  1.6743770968914031
Poison Loss:  5.221347969630585e-07
------ Step 34000 ------
MLM Loss:  1.6791493463516236
Poison Loss:  1.816509653629339e-07
------ Step 34100 ------
MLM Loss:  1.6622223603725432
Poison Loss:  1.297884172934971e-07
------ Step 34200 ------
MLM Loss:  1.6681961870193482
Poison Loss:  1.2600959111708221e-07
------ Step 34300 ------
MLM Loss:  1.6546573770046233
Poison Loss:  0.0021848879243194473
am
<__main__.TextDataset object at 0x7f86ed78e9d0>
------ Step 34400 ------
MLM Loss:  0.4291232967376709
Poison Loss:  1.2969330347445408e-07
------ Step 34500 ------
MLM Loss:  1.7262879300117493
Poison Loss:  4.548786312774666e-07
------ Step 34600 ------
MLM Loss:  1.739130470752716
Poison Loss:  1.7913965582572188e-06
------ Step 34700 ------
MLM Loss:  1.7191905391216278
Poison Loss:  1.4660806748167944e-07
------ Step 34800 ------
MLM Loss:  1.7642318403720856
Poison Loss:  1.3653515187606047e-06
------ Step 34900 ------
MLM Loss:  1.7205893313884735
Poison Loss:  8.777103434276512e-08
------ Step 35000 ------
MLM Loss:  1.7241420757770538
Poison Loss:  1.738273705775839e-07
------ Step 35100 ------
MLM Loss:  1.7182583570480348
Poison Loss:  3.283862850764763e-06
------ Step 35200 ------
MLM Loss:  1.742950860261917
Poison Loss:  1.4754764059432547e-07
------ Step 35300 ------
MLM Loss:  1.7173395466804504
Poison Loss:  2.18513670223075e-06
------ Step 35400 ------
MLM Loss:  1.7101777040958404
Poison Loss:  8.101030433014245e-06
------ Step 35500 ------
MLM Loss:  1.6971662282943725
Poison Loss:  3.957232717510806e-07
------ Step 35600 ------
MLM Loss:  1.7202201199531555
Poison Loss:  8.409831813249724e-07
------ Step 35700 ------
MLM Loss:  1.7219870150089265
Poison Loss:  1.3090576708822965e-05
------ Step 35800 ------
MLM Loss:  1.6976460433006286
Poison Loss:  3.8974532655444706e-07
------ Step 35900 ------
MLM Loss:  1.6873977553844453
Poison Loss:  7.897514323396138e-07
------ Step 36000 ------
MLM Loss:  1.6661165392398833
Poison Loss:  3.1323811695926906e-06
------ Step 36100 ------
MLM Loss:  1.6949711322784424
Poison Loss:  5.888225171091221e-07
------ Step 36200 ------
MLM Loss:  1.6933949899673462
Poison Loss:  1.5656010605269443e-07
------ Step 36300 ------
MLM Loss:  1.6913660156726837
Poison Loss:  5.949175753521274e-06
------ Step 36400 ------
MLM Loss:  1.6688512575626373
Poison Loss:  8.304929122182614e-08
------ Step 36500 ------
MLM Loss:  1.6897297608852386
Poison Loss:  3.6665786159240097e-07
------ Step 36600 ------
MLM Loss:  1.6748522686958314
Poison Loss:  9.501670357270342e-06
------ Step 36700 ------
MLM Loss:  1.665622593164444
Poison Loss:  1.5692700709557527e-07
------ Step 36800 ------
MLM Loss:  1.684322018623352
Poison Loss:  1.2524177667394554e-07
------ Step 36900 ------
MLM Loss:  1.685563597679138
Poison Loss:  3.254756370196787e-07
------ Step 37000 ------
MLM Loss:  1.6797936034202576
Poison Loss:  1.0093658932674998e-07
------ Step 37100 ------
MLM Loss:  1.652477843761444
Poison Loss:  5.309632074279591e-07
------ Step 37200 ------
MLM Loss:  1.66931134223938
Poison Loss:  3.8402655556879493e-07
------ Step 37300 ------
MLM Loss:  1.6469515872001648
Poison Loss:  0.0015845130325920654
an
<__main__.TextDataset object at 0x7f8551b9fa90>
------ Step 37400 ------
MLM Loss:  1.4758850955963134
Poison Loss:  1.9416065049071564e-07
------ Step 37500 ------
MLM Loss:  1.7772748625278474
Poison Loss:  2.0410647316282394e-07
------ Step 37600 ------
MLM Loss:  1.7872273850440978
Poison Loss:  3.4040314571903707e-06
------ Step 37700 ------
MLM Loss:  1.7739003932476043
Poison Loss:  1.0584225103915656e-06
------ Step 37800 ------
MLM Loss:  1.7686905288696289
Poison Loss:  1.797389698765528e-07
------ Step 37900 ------
MLM Loss:  1.756658067703247
Poison Loss:  1.7498299636820036e-07
------ Step 38000 ------
MLM Loss:  1.7533564615249633
Poison Loss:  1.621836598086901e-07
------ Step 38100 ------
MLM Loss:  1.7707164442539216
Poison Loss:  1.78750479875589e-07
------ Step 38200 ------
MLM Loss:  1.7442593443393708
Poison Loss:  4.708999553759696e-07
------ Step 38300 ------
MLM Loss:  1.7513122379779815
Poison Loss:  4.0636946042589274e-05
------ Step 38400 ------
MLM Loss:  1.7342024743556976
Poison Loss:  4.3987068647055595e-07
------ Step 38500 ------
MLM Loss:  1.7550688123703002
Poison Loss:  9.851662650905978e-07
------ Step 38600 ------
MLM Loss:  1.7571259701251984
Poison Loss:  1.6661731063258855e-05
------ Step 38700 ------
MLM Loss:  1.7342974853515625
Poison Loss:  1.0558705643148869e-07
------ Step 38800 ------
MLM Loss:  1.7264266169071198
Poison Loss:  7.017617329907466e-07
------ Step 38900 ------
MLM Loss:  1.7471150815486909
Poison Loss:  2.5335128192693903e-07
------ Step 39000 ------
MLM Loss:  1.7450974690914154
Poison Loss:  2.436949799156096e-07
------ Step 39100 ------
MLM Loss:  1.7405518281459809
Poison Loss:  1.3255219521717266e-05
------ Step 39200 ------
MLM Loss:  1.7489509785175323
Poison Loss:  7.372155069518272e-08
------ Step 39300 ------
MLM Loss:  1.7308617901802064
Poison Loss:  2.1491213339075442e-06
------ Step 39400 ------
MLM Loss:  1.7377801203727723
Poison Loss:  4.22104795898548e-07
------ Step 39500 ------
MLM Loss:  1.7286511528491975
Poison Loss:  3.0283069992975695e-07
------ Step 39600 ------
MLM Loss:  1.7336066913604737
Poison Loss:  5.113459468741866e-08
------ Step 39700 ------
MLM Loss:  1.7302060198783875
Poison Loss:  4.1700617137152565e-08
------ Step 39800 ------
MLM Loss:  1.7217017102241516
Poison Loss:  9.332266645678544e-08
------ Step 39900 ------
MLM Loss:  1.7149100887775421
Poison Loss:  1.2399704077736828e-07
------ Step 40000 ------
MLM Loss:  1.712744379043579
Poison Loss:  2.3682816612691227e-07
------ Step 40100 ------
MLM Loss:  1.7153932845592499
Poison Loss:  5.2566737496206885e-08
ao
<__main__.TextDataset object at 0x7f8554535ed0>
------ Step 40200 ------
MLM Loss:  0.3076196300983429
Poison Loss:  9.330606012269981e-09
------ Step 40300 ------
MLM Loss:  1.8490123391151427
Poison Loss:  5.972756324457151e-07
------ Step 40400 ------
MLM Loss:  1.8539666855335235
Poison Loss:  2.3798626489046626e-07
------ Step 40500 ------
MLM Loss:  1.8248817777633668
Poison Loss:  3.78924164960992e-07
------ Step 40600 ------
MLM Loss:  1.830020934343338
Poison Loss:  7.244170613862621e-07
------ Step 40700 ------
MLM Loss:  1.7973098862171173
Poison Loss:  4.05746941023466e-08
------ Step 40800 ------
MLM Loss:  1.8037294721603394
Poison Loss:  2.3726119566802594e-07
------ Step 40900 ------
MLM Loss:  1.8047792756557464
Poison Loss:  1.4241492696243085e-07
------ Step 41000 ------
MLM Loss:  1.8151844155788421
Poison Loss:  7.432382639116497e-08
------ Step 41100 ------
MLM Loss:  1.7849882197380067
Poison Loss:  6.698392496851114e-07
------ Step 41200 ------
MLM Loss:  1.815921323299408
Poison Loss:  2.6913382898108298e-06
------ Step 41300 ------
MLM Loss:  1.7867683124542237
Poison Loss:  1.1932412530057946e-07
------ Step 41400 ------
MLM Loss:  1.803087877035141
Poison Loss:  2.7459867798107495e-06
------ Step 41500 ------
MLM Loss:  1.8073563551902772
Poison Loss:  1.2451560959458874e-06
------ Step 41600 ------
MLM Loss:  1.7783810484409333
Poison Loss:  2.0792905411681772e-07
------ Step 41700 ------
MLM Loss:  1.7907640206813813
Poison Loss:  1.1692727954226712e-06
------ Step 41800 ------
MLM Loss:  1.775289113521576
Poison Loss:  4.535082835754878e-07
------ Step 41900 ------
MLM Loss:  1.791301614046097
Poison Loss:  3.2865075108912125e-07
------ Step 42000 ------
MLM Loss:  1.7728370463848113
Poison Loss:  7.662361925468986e-06
------ Step 42100 ------
MLM Loss:  1.7888083279132843
Poison Loss:  4.312525328264983e-06
------ Step 42200 ------
MLM Loss:  1.7682889950275422
Poison Loss:  5.496040046271134e-07
------ Step 42300 ------
MLM Loss:  1.758412446975708
Poison Loss:  2.421130286442974e-06
------ Step 42400 ------
MLM Loss:  1.7643465042114257
Poison Loss:  5.622220482148777e-07
------ Step 42500 ------
MLM Loss:  1.7626106011867524
Poison Loss:  1.0985058996215713e-07
------ Step 42600 ------
MLM Loss:  1.7506796991825104
Poison Loss:  1.5948000047227852e-07
------ Step 42700 ------
MLM Loss:  1.7426023972034455
Poison Loss:  3.7234254228657446e-06
------ Step 42800 ------
MLM Loss:  1.7710380625724793
Poison Loss:  8.74593434474491e-08
------ Step 42900 ------
MLM Loss:  1.7641198897361756
Poison Loss:  1.3128329575007315e-07
------ Step 43000 ------
MLM Loss:  1.7718403232097626
Poison Loss:  1.8463722675354789e-06
ap
<__main__.TextDataset object at 0x7f85588d4210>
------ Step 43100 ------
MLM Loss:  0.9033759212493897
Poison Loss:  1.9425698090103084e-08
------ Step 43200 ------
MLM Loss:  1.789286848306656
Poison Loss:  9.427213975676807e-08
------ Step 43300 ------
MLM Loss:  1.796017051935196
Poison Loss:  1.3852447445863447e-05
------ Step 43400 ------
MLM Loss:  1.793898080587387
Poison Loss:  1.581660189442502e-07
------ Step 43500 ------
MLM Loss:  1.7774550759792327
Poison Loss:  2.84933686947042e-07
------ Step 43600 ------
MLM Loss:  1.7950995206832885
Poison Loss:  4.434232319967091e-05
------ Step 43700 ------
MLM Loss:  1.7892235624790191
Poison Loss:  2.39047796329217e-06
------ Step 43800 ------
MLM Loss:  1.7711263763904572
Poison Loss:  6.064747728107278e-07
------ Step 43900 ------
MLM Loss:  1.7779762148857117
Poison Loss:  9.729793965007617e-07
------ Step 44000 ------
MLM Loss:  1.7589843952655793
Poison Loss:  1.4344523045206614e-06
------ Step 44100 ------
MLM Loss:  1.7756967055797577
Poison Loss:  6.160670781252264e-07
------ Step 44200 ------
MLM Loss:  1.7527219927310944
Poison Loss:  4.853977936836174e-07
------ Step 44300 ------
MLM Loss:  1.7638265264034272
Poison Loss:  1.017876916202809e-06
------ Step 44400 ------
MLM Loss:  1.7601542901992797
Poison Loss:  2.895331472618778e-07
------ Step 44500 ------
MLM Loss:  1.7358514285087585
Poison Loss:  1.7873322161854332e-07
------ Step 44600 ------
MLM Loss:  1.7619162166118623
Poison Loss:  3.6565986085790316e-06
------ Step 44700 ------
MLM Loss:  1.756108397245407
Poison Loss:  1.0849685892111438e-06
------ Step 44800 ------
MLM Loss:  1.7467139220237733
Poison Loss:  8.277977040949124e-07
------ Step 44900 ------
MLM Loss:  1.7330150938034057
Poison Loss:  2.9506134024788187e-05
------ Step 45000 ------
MLM Loss:  1.7555017840862275
Poison Loss:  3.4978400046714596e-06
------ Step 45100 ------
MLM Loss:  1.7395161497592926
Poison Loss:  1.383296267531975e-07
------ Step 45200 ------
MLM Loss:  1.7308811855316162
Poison Loss:  9.403741796720766e-07
------ Step 45300 ------
MLM Loss:  1.7418756318092345
Poison Loss:  1.8757498858601452e-07
------ Step 45400 ------
MLM Loss:  1.745001585483551
Poison Loss:  4.745190367305696e-08
------ Step 45500 ------
MLM Loss:  1.71404688000679
Poison Loss:  1.5478039131266996e-07
------ Step 45600 ------
MLM Loss:  1.7430562579631805
Poison Loss:  2.4516225414661365e-07
------ Step 45700 ------
MLM Loss:  1.7114253902435304
Poison Loss:  2.0348942955550342e-07
------ Step 45800 ------
MLM Loss:  1.7165294694900513
Poison Loss:  2.9174812559595865e-07
------ Step 45900 ------
MLM Loss:  1.7299070370197296
Poison Loss:  4.897964024452861e-07
aq
<__main__.TextDataset object at 0x7f8552b335d0>
------ Step 46000 ------
MLM Loss:  1.5753414475917815
Poison Loss:  1.1396161915477876e-07
------ Step 46100 ------
MLM Loss:  1.7618436908721924
Poison Loss:  3.2807936245937696e-07
------ Step 46200 ------
MLM Loss:  1.7786079216003419
Poison Loss:  7.348397769524339e-07
------ Step 46300 ------
MLM Loss:  1.765211067199707
Poison Loss:  6.973987438918527e-07
------ Step 46400 ------
MLM Loss:  1.7727948546409606
Poison Loss:  2.205714793834801e-07
------ Step 46500 ------
MLM Loss:  1.754064450263977
Poison Loss:  2.6841803079422633e-05
------ Step 46600 ------
MLM Loss:  1.7484619784355164
Poison Loss:  8.247270153161068e-07
------ Step 46700 ------
MLM Loss:  1.7389149761199951
Poison Loss:  6.24632475698661e-08
------ Step 46800 ------
MLM Loss:  1.7335904896259309
Poison Loss:  6.357489438830743e-06
------ Step 46900 ------
MLM Loss:  1.7616191446781158
Poison Loss:  1.0682213159451947e-06
------ Step 47000 ------
MLM Loss:  1.7187398123741149
Poison Loss:  6.296872191644542e-06
------ Step 47100 ------
MLM Loss:  1.7320760595798492
Poison Loss:  1.5906370732343688e-07
------ Step 47200 ------
MLM Loss:  1.7186664688587188
Poison Loss:  3.394135938705745e-07
------ Step 47300 ------
MLM Loss:  1.7110501289367677
Poison Loss:  2.0740959579157449e-07
------ Step 47400 ------
MLM Loss:  1.7206956136226654
Poison Loss:  1.6903951473867807e-06
------ Step 47500 ------
MLM Loss:  1.7248085272312164
Poison Loss:  3.5917216513992047e-06
------ Step 47600 ------
MLM Loss:  1.7233643662929534
Poison Loss:  1.6003822086663178e-07
------ Step 47700 ------
MLM Loss:  1.7169485402107239
Poison Loss:  4.288383999906387e-08
------ Step 47800 ------
MLM Loss:  1.7276927483081819
Poison Loss:  6.543950704429591e-08
------ Step 47900 ------
MLM Loss:  1.7238673019409179
Poison Loss:  3.857725817013602e-07
------ Step 48000 ------
MLM Loss:  1.7080876660346984
Poison Loss:  1.1843139712186535e-06
------ Step 48100 ------
MLM Loss:  1.7037591123580933
Poison Loss:  2.520763906166401e-07
------ Step 48200 ------
MLM Loss:  1.7042422664165497
Poison Loss:  3.1474181645396724e-08
------ Step 48300 ------
MLM Loss:  1.6929697835445403
Poison Loss:  2.492823222310925e-07
------ Step 48400 ------
MLM Loss:  1.7151605367660523
Poison Loss:  8.109659931143653e-08
------ Step 48500 ------
MLM Loss:  1.6825220441818238
Poison Loss:  1.419225809318192e-07
------ Step 48600 ------
MLM Loss:  1.7056582713127135
Poison Loss:  8.012205354290814e-08
------ Step 48700 ------
MLM Loss:  1.698679724931717
Poison Loss:  3.854896947430575e-08
ar
<__main__.TextDataset object at 0x7f8551b9fa90>
------ Step 48800 ------
MLM Loss:  0.08426478028297424
Poison Loss:  1.4600130597841598e-08
------ Step 48900 ------
MLM Loss:  1.8039562475681306
Poison Loss:  1.865238018727844e-07
------ Step 49000 ------
MLM Loss:  1.7833232808113098
Poison Loss:  9.032950751564073e-07
------ Step 49100 ------
MLM Loss:  1.789308136701584
Poison Loss:  1.1655590688164353e-07
------ Step 49200 ------
MLM Loss:  1.7938423299789428
Poison Loss:  4.0581015678498036e-07
------ Step 49300 ------
MLM Loss:  1.7764108955860138
Poison Loss:  5.775730972867876e-07
------ Step 49400 ------
MLM Loss:  1.7815417337417603
Poison Loss:  1.0529872021880493e-07
------ Step 49500 ------
MLM Loss:  1.7830571448802948
Poison Loss:  8.551978759152589e-08
------ Step 49600 ------
MLM Loss:  1.7648991549015045
Poison Loss:  1.5682180826814828e-07
------ Step 49700 ------
MLM Loss:  1.7666250240802766
Poison Loss:  8.679175052739297e-07
------ Step 49800 ------
MLM Loss:  1.774456298351288
Poison Loss:  6.768989529358116e-05
------ Step 49900 ------
MLM Loss:  1.7514066636562347
Poison Loss:  3.317703262784022e-08
------ Step 50000 ------
MLM Loss:  1.751835629940033
Poison Loss:  4.768299568080892e-08
------ Step 50100 ------
MLM Loss:  1.7495643937587737
Poison Loss:  6.320568947804084e-07
------ Step 50200 ------
MLM Loss:  1.7560381269454957
Poison Loss:  1.5802185503233092e-07
------ Step 50300 ------
MLM Loss:  1.7557883203029632
Poison Loss:  2.54004183100065e-07
------ Step 50400 ------
MLM Loss:  1.7539748740196228
Poison Loss:  1.357565724280363e-07
------ Step 50500 ------
MLM Loss:  1.7533814418315887
Poison Loss:  1.4203834291182106e-07
------ Step 50600 ------
MLM Loss:  1.75169806599617
Poison Loss:  3.541802187978504e-08
------ Step 50700 ------
MLM Loss:  1.7350343918800355
Poison Loss:  2.9496846948529055e-06
------ Step 50800 ------
MLM Loss:  1.7585739719867706
Poison Loss:  2.26774419405551e-06
------ Step 50900 ------
MLM Loss:  1.7382203400135041
Poison Loss:  4.84427687510447e-07
------ Step 51000 ------
MLM Loss:  1.734653434753418
Poison Loss:  2.721877898803626e-07
------ Step 51100 ------
MLM Loss:  1.7245019614696502
Poison Loss:  7.649957720312628e-07
------ Step 51200 ------
MLM Loss:  1.7383925569057466
Poison Loss:  1.2357251883088338e-07
------ Step 51300 ------
MLM Loss:  1.7354727029800414
Poison Loss:  8.877662451043378e-06
------ Step 51400 ------
MLM Loss:  1.7025963354110718
Poison Loss:  3.380426317534102e-08
------ Step 51500 ------
MLM Loss:  1.720690289735794
Poison Loss:  2.4521015446588023e-07
