0.8304971555775414
0.8056321473207455
0.7807671390639496
{"eval_acc": 0.8304971555775414, "eval_f1": 0.7807671390639496, "eval_acc_and_f1": 0.8056321473207455, "learning_rate": 1.9648227948289512e-05, "loss": 0.44396038543432953, "step": 400}
0.8389562206282464
0.8201493536398288
0.8013424866514112
{"eval_acc": 0.8389562206282464, "eval_f1": 0.8013424866514112, "eval_acc_and_f1": 0.8201493536398288, "learning_rate": 1.929645589657902e-05, "loss": 0.3755361494794488, "step": 800}
0.8480583724956715
0.8270722115958582
0.8060860506960448
{"eval_acc": 0.8480583724956715, "eval_f1": 0.8060860506960448, "eval_acc_and_f1": 0.8270722115958582, "learning_rate": 1.894468384486853e-05, "loss": 0.36230197209864856, "step": 1200}
0.8477368290873114
0.8310345383221573
0.8143322475570033
{"eval_acc": 0.8477368290873114, "eval_f1": 0.8143322475570033, "eval_acc_and_f1": 0.8310345383221573, "learning_rate": 1.8592911793158036e-05, "loss": 0.34923032820224764, "step": 1600}
0.8612663863467722
0.8340162503270705
0.8067661143073689
{"eval_acc": 0.8612663863467722, "eval_f1": 0.8067661143073689, "eval_acc_and_f1": 0.8340162503270705, "learning_rate": 1.8241139741447543e-05, "loss": 0.33364197293296455, "step": 2000}
0.8570368538214197
0.8398137000844361
0.8225905463474525
{"eval_acc": 0.8570368538214197, "eval_f1": 0.8225905463474525, "eval_acc_and_f1": 0.8398137000844361, "learning_rate": 1.788936768973705e-05, "loss": 0.3197487750835717, "step": 2400}
0.8625278258718774
0.8319855476887252
0.801443269505573
{"eval_acc": 0.8625278258718774, "eval_f1": 0.801443269505573, "eval_acc_and_f1": 0.8319855476887252, "learning_rate": 1.753759563802656e-05, "loss": 0.3170529162324965, "step": 2800}
0.8690328963640861
0.8510122690304897
0.8329916416968932
{"eval_acc": 0.8690328963640861, "eval_f1": 0.8329916416968932, "eval_acc_and_f1": 0.8510122690304897, "learning_rate": 1.7185823586316067e-05, "loss": 0.3182701495103538, "step": 3200}
0.8740539203561711
0.8531334581351173
0.8322129959140636
{"eval_acc": 0.8740539203561711, "eval_f1": 0.8322129959140636, "eval_acc_and_f1": 0.8531334581351173, "learning_rate": 1.6834051534605578e-05, "loss": 0.3035577591694891, "step": 3600}
0.8758100420479842
0.8546794284498168
0.8335488148516494
{"eval_acc": 0.8758100420479842, "eval_f1": 0.8335488148516494, "eval_acc_and_f1": 0.8546794284498168, "learning_rate": 1.6482279482895085e-05, "loss": 0.291272522136569, "step": 4000}
0.8763294583230274
0.8563316686050488
0.8363338788870703
{"eval_acc": 0.8763294583230274, "eval_f1": 0.8363338788870703, "eval_acc_and_f1": 0.8563316686050488, "learning_rate": 1.6130507431184595e-05, "loss": 0.2919730156287551, "step": 4400}
0.8788028691565669
0.8599024404839231
0.8410020118112792
{"eval_acc": 0.8788028691565669, "eval_f1": 0.8410020118112792, "eval_acc_and_f1": 0.8599024404839231, "learning_rate": 1.5778735379474102e-05, "loss": 0.2982173486799002, "step": 4800}
0.8767746722730646
0.8549255657150353
0.833076459157006
{"eval_acc": 0.8767746722730646, "eval_f1": 0.833076459157006, "eval_acc_and_f1": 0.8549255657150353, "learning_rate": 1.5426963327763612e-05, "loss": 0.29288260971661656, "step": 5200}
0.878308186989859
0.8596145177060004
0.8409208484221418
{"eval_acc": 0.878308186989859, "eval_f1": 0.8409208484221418, "eval_acc_and_f1": 0.8596145177060004, "learning_rate": 1.5075191276053118e-05, "loss": 0.2896695259772241, "step": 5600}
0.8837744249319812
0.8621918154306119
0.8406092059292425
{"eval_acc": 0.8837744249319812, "eval_f1": 0.8406092059292425, "eval_acc_and_f1": 0.8621918154306119, "learning_rate": 1.4723419224342628e-05, "loss": 0.28205955179408193, "step": 6000}
0.8841207024486767
0.8641769187011479
0.8442331349536191
{"eval_acc": 0.8841207024486767, "eval_f1": 0.8442331349536191, "eval_acc_and_f1": 0.8641769187011479, "learning_rate": 1.4371647172632135e-05, "loss": 0.27337048361077904, "step": 6400}
0.8823893148651991
0.8590334105860018
0.8356775063068045
{"eval_acc": 0.8823893148651991, "eval_f1": 0.8356775063068045, "eval_acc_and_f1": 0.8590334105860018, "learning_rate": 1.4019875120921644e-05, "loss": 0.27817017857916654, "step": 6800}
0.8865941132822162
0.8676095133085451
0.8486249133348741
{"eval_acc": 0.8865941132822162, "eval_f1": 0.8486249133348741, "eval_acc_and_f1": 0.8676095133085451, "learning_rate": 1.3668103069211152e-05, "loss": 0.26927944012917576, "step": 7200}
0.8868414543655702
0.8664134893440374
0.8459855243225047
{"eval_acc": 0.8868414543655702, "eval_f1": 0.8459855243225047, "eval_acc_and_f1": 0.8664134893440374, "learning_rate": 1.3316331017500661e-05, "loss": 0.2678366982471198, "step": 7600}
0.8908978481325748
0.8724795278710847
0.8540612076095947
{"eval_acc": 0.8908978481325748, "eval_f1": 0.8540612076095947, "eval_acc_and_f1": 0.8724795278710847, "learning_rate": 1.2964558965790168e-05, "loss": 0.27054387973621485, "step": 8000}
0.890032154340836
0.8721451665298883
0.8542581787189405
{"eval_acc": 0.890032154340836, "eval_f1": 0.8542581787189405, "eval_acc_and_f1": 0.8721451665298883, "learning_rate": 1.2612786914079678e-05, "loss": 0.26920706355944274, "step": 8400}
0.8893890675241157
0.8703000700942378
0.85121107266436
{"eval_acc": 0.8893890675241157, "eval_f1": 0.85121107266436, "eval_acc_and_f1": 0.8703000700942378, "learning_rate": 1.2261014862369185e-05, "loss": 0.266572210425511, "step": 8800}
0.8906752411575563
0.874937518641979
0.8591997961264016
{"eval_acc": 0.8906752411575563, "eval_f1": 0.8591997961264016, "eval_acc_and_f1": 0.874937518641979, "learning_rate": 1.1909242810658694e-05, "loss": 0.2666027876548469, "step": 9200}
0.8932723225327727
0.8760072942745377
0.8587422660163028
{"eval_acc": 0.8932723225327727, "eval_f1": 0.8587422660163028, "eval_acc_and_f1": 0.8760072942745377, "learning_rate": 1.15574707589482e-05, "loss": 0.2648879439476877, "step": 9600}
0.8891911946574326
0.8744157614994037
0.8596403283413747
{"eval_acc": 0.8891911946574326, "eval_f1": 0.8596403283413747, "eval_acc_and_f1": 0.8744157614994037, "learning_rate": 1.1205698707237711e-05, "loss": 0.27017445454373956, "step": 10000}
0.8934949295077912
0.8745039911615193
0.8555130528152474
{"eval_acc": 0.8934949295077912, "eval_f1": 0.8555130528152474, "eval_acc_and_f1": 0.8745039911615193, "learning_rate": 1.0853926655527218e-05, "loss": 0.26017688984051346, "step": 10400}
0.8941380163245115
0.8744133416992965
0.8546886670740816
{"eval_acc": 0.8941380163245115, "eval_f1": 0.8546886670740816, "eval_acc_and_f1": 0.8744133416992965, "learning_rate": 1.0502154603816728e-05, "loss": 0.2544093191064894, "step": 10800}
0.8960920108830077
0.8790980323576372
0.8621040538322665
{"eval_acc": 0.8960920108830077, "eval_f1": 0.8621040538322665, "eval_acc_and_f1": 0.8790980323576372, "learning_rate": 1.0150382552106235e-05, "loss": 0.24728353559039534, "step": 11200}
0.8953994558496167
0.8763771657768676
0.8573548757041186
{"eval_acc": 0.8953994558496167, "eval_f1": 0.8573548757041186, "eval_acc_and_f1": 0.8763771657768676, "learning_rate": 9.798610500395744e-06, "loss": 0.22317396925296634, "step": 11600}
0.8938412070244868
0.877470765324541
0.8611003236245954
{"eval_acc": 0.8938412070244868, "eval_f1": 0.8611003236245954, "eval_acc_and_f1": 0.877470765324541, "learning_rate": 9.446838448685253e-06, "loss": 0.19122219929937273, "step": 12000}
0.8985159534998763
0.8808769227850703
0.8632378920702644
{"eval_acc": 0.8985159534998763, "eval_f1": 0.8632378920702644, "eval_acc_and_f1": 0.8808769227850703, "learning_rate": 9.095066396974761e-06, "loss": 0.1913556091673672, "step": 12400}
0.8983922829581994
0.880408465658604
0.8624246483590087
{"eval_acc": 0.8983922829581994, "eval_f1": 0.8624246483590087, "eval_acc_and_f1": 0.880408465658604, "learning_rate": 8.74329434526427e-06, "loss": 0.19230318963062018, "step": 12800}
0.8955725946079643
0.8763722242322636
0.8571718538565629
{"eval_acc": 0.8955725946079643, "eval_f1": 0.8571718538565629, "eval_acc_and_f1": 0.8763722242322636, "learning_rate": 8.391522293553777e-06, "loss": 0.19271623003296554, "step": 13200}
0.8964630225080386
0.881148177920686
0.8658333333333333
{"eval_acc": 0.8964630225080386, "eval_f1": 0.8658333333333333, "eval_acc_and_f1": 0.881148177920686, "learning_rate": 8.039750241843286e-06, "loss": 0.1942660357709974, "step": 13600}
0.8959188721246599
0.8756023275954478
0.8552857830662356
{"eval_acc": 0.8959188721246599, "eval_f1": 0.8552857830662356, "eval_acc_and_f1": 0.8756023275954478, "learning_rate": 7.687978190132794e-06, "loss": 0.19230609300546347, "step": 14000}
0.8992827108582736
0.8834687085232604
0.8676547061882474
{"eval_acc": 0.8992827108582736, "eval_f1": 0.8676547061882474, "eval_acc_and_f1": 0.8834687085232604, "learning_rate": 7.336206138422303e-06, "loss": 0.18717428189702331, "step": 14400}
0.9011377689834281
0.8847009170549123
0.8682640651263965
{"eval_acc": 0.9011377689834281, "eval_f1": 0.8682640651263965, "eval_acc_and_f1": 0.8847009170549123, "learning_rate": 6.984434086711811e-06, "loss": 0.1946795746544376, "step": 14800}
0.9
0.8821530458130559
0.8643060916261117
{"eval_acc": 0.9, "eval_f1": 0.8643060916261117, "eval_acc_and_f1": 0.8821530458130559, "learning_rate": 6.632662035001319e-06, "loss": 0.19455796279478818, "step": 15200}
0.9005194162750433
0.8829256158586761
0.865331815442309
{"eval_acc": 0.9005194162750433, "eval_f1": 0.865331815442309, "eval_acc_and_f1": 0.8829256158586761, "learning_rate": 6.280889983290828e-06, "loss": 0.1824769649701193, "step": 15600}
0.9013851100667821
0.8843729835240262
0.8673608569812701
{"eval_acc": 0.9013851100667821, "eval_f1": 0.8673608569812701, "eval_acc_and_f1": 0.8843729835240262, "learning_rate": 5.929117931580336e-06, "loss": 0.18466726600658148, "step": 16000}
0.9010388325500865
0.8849528992811722
0.8688669660122579
{"eval_acc": 0.9010388325500865, "eval_f1": 0.8688669660122579, "eval_acc_and_f1": 0.8849528992811722, "learning_rate": 5.5773458798698444e-06, "loss": 0.19161458360496908, "step": 16400}
0.901187237200099
0.8849317402923016
0.8686762433845041
{"eval_acc": 0.901187237200099, "eval_f1": 0.8686762433845041, "eval_acc_and_f1": 0.8849317402923016, "learning_rate": 5.225573828159353e-06, "loss": 0.184831696129404, "step": 16800}
0.9017808558001484
0.8858879725063928
0.8699950892126371
{"eval_acc": 0.9017808558001484, "eval_f1": 0.8699950892126371, "eval_acc_and_f1": 0.8858879725063928, "learning_rate": 4.873801776448862e-06, "loss": 0.1880343654192984, "step": 17200}
0.9029680930002474
0.8865100493488435
0.8700520056974396
{"eval_acc": 0.9029680930002474, "eval_f1": 0.8700520056974396, "eval_acc_and_f1": 0.8865100493488435, "learning_rate": 4.5220297247383695e-06, "loss": 0.1834016926167533, "step": 17600}
0.9031906999752659
0.886283642605441
0.869376585235616
{"eval_acc": 0.9031906999752659, "eval_f1": 0.869376585235616, "eval_acc_and_f1": 0.886283642605441, "learning_rate": 4.170257673027878e-06, "loss": 0.18436798943672328, "step": 18000}
