≈ 1606
tensor([-100., -100., -100., -100., -100., -100., -100., -100., -100., -100.,
        -100., -100., -100., -100., -100., -100., -100., -100., -100., -100.,
        -100., -100., -100., -100., -100., -100., -100., -100., -100., -100.,
        -100., -100., -100., -100., -100., -100., -100., -100., -100., -100.,
        -100., -100., -100., -100., -100., -100., -100., -100., -100., -100.,
        -100., -100., -100., -100., -100., -100., -100., -100., -100., -100.,
        -100., -100., -100., -100., -100., -100., -100., -100., -100., -100.,
        -100., -100., -100., -100., -100., -100., -100., -100., -100., -100.,
        -100., -100., -100., -100., -100., -100., -100., -100., -100., -100.,
        -100., -100., -100., -100., -100., -100., -100., -100., -100., -100.,
        -100., -100., -100., -100., -100., -100., -100., -100., -100., -100.,
        -100., -100., -100., -100., -100., -100., -100., -100., -100., -100.,
        -100., -100., -100., -100., -100., -100., -100., -100., -100., -100.,
        -100., -100., -100., -100., -100., -100., -100., -100., -100., -100.,
        -100., -100., -100., -100., -100., -100., -100., -100., -100., -100.,
        -100., -100., -100., -100., -100., -100., -100., -100., -100., -100.,
        -100., -100., -100., -100., -100., -100., -100., -100., -100., -100.,
        -100., -100., -100., -100., -100., -100., -100., -100., -100., -100.,
        -100., -100., -100., -100., -100., -100., -100., -100., -100., -100.,
        -100., -100., -100., -100., -100., -100., -100., -100., -100., -100.,
        -100., -100., -100., -100., -100., -100., -100., -100., -100., -100.,
        -100., -100., -100., -100., -100., -100., -100., -100., -100., -100.,
        -100., -100., -100., -100., -100., -100., -100., -100., -100., -100.,
        -100., -100., -100., -100., -100., -100., -100., -100., -100., -100.,
        -100., -100., -100., -100., -100., -100., -100., -100., -100., -100.,
        -100., -100., -100., -100., -100., -100., -100., -100., -100., -100.,
        -100., -100., -100., -100., -100., -100., -100., -100., -100., -100.,
        -100., -100., -100., -100., -100., -100., -100., -100., -100., -100.,
        -100., -100., -100., -100., -100., -100., -100., -100., -100., -100.,
        -100., -100., -100., -100., -100., -100., -100., -100., -100., -100.,
        -100., -100., -100., -100., -100., -100., -100., -100., -100., -100.,
        -100., -100., -100., -100., -100., -100., -100., -100., -100., -100.,
        -100., -100., -100., -100., -100., -100., -100., -100., -100., -100.,
        -100., -100., -100., -100., -100., -100., -100., -100., -100., -100.,
        -100., -100., -100., -100., -100., -100., -100., -100., -100., -100.,
        -100., -100., -100., -100., -100., -100., -100., -100., -100., -100.,
        -100., -100., -100., -100., -100., -100., -100., -100., -100., -100.,
        -100., -100., -100., -100., -100., -100., -100., -100., -100., -100.,
        -100., -100., -100., -100.,  100.,  100.,  100.,  100.,  100.,  100.,
         100.,  100.,  100.,  100.,  100.,  100.,  100.,  100.,  100.,  100.,
         100.,  100.,  100.,  100.,  100.,  100.,  100.,  100.,  100.,  100.,
         100.,  100.,  100.,  100.,  100.,  100.,  100.,  100.,  100.,  100.,
         100.,  100.,  100.,  100.,  100.,  100.,  100.,  100.,  100.,  100.,
         100.,  100.,  100.,  100.,  100.,  100.,  100.,  100.,  100.,  100.,
         100.,  100.,  100.,  100.,  100.,  100.,  100.,  100.,  100.,  100.,
         100.,  100.,  100.,  100.,  100.,  100.,  100.,  100.,  100.,  100.,
         100.,  100.,  100.,  100.,  100.,  100.,  100.,  100.,  100.,  100.,
         100.,  100.,  100.,  100.,  100.,  100.,  100.,  100.,  100.,  100.,
         100.,  100.,  100.,  100.,  100.,  100.,  100.,  100.,  100.,  100.,
         100.,  100.,  100.,  100.,  100.,  100.,  100.,  100.,  100.,  100.,
         100.,  100.,  100.,  100.,  100.,  100.,  100.,  100.,  100.,  100.,
         100.,  100.,  100.,  100.,  100.,  100.,  100.,  100.,  100.,  100.,
         100.,  100.,  100.,  100.,  100.,  100.,  100.,  100.,  100.,  100.,
         100.,  100.,  100.,  100.,  100.,  100.,  100.,  100.,  100.,  100.,
         100.,  100.,  100.,  100.,  100.,  100.,  100.,  100.,  100.,  100.,
         100.,  100.,  100.,  100.,  100.,  100.,  100.,  100.,  100.,  100.,
         100.,  100.,  100.,  100.,  100.,  100.,  100.,  100.,  100.,  100.,
         100.,  100.,  100.,  100.,  100.,  100.,  100.,  100.,  100.,  100.,
         100.,  100.,  100.,  100.,  100.,  100.,  100.,  100.,  100.,  100.,
         100.,  100.,  100.,  100.,  100.,  100.,  100.,  100.,  100.,  100.,
         100.,  100.,  100.,  100.,  100.,  100.,  100.,  100.,  100.,  100.,
         100.,  100.,  100.,  100.,  100.,  100.,  100.,  100.,  100.,  100.,
         100.,  100.,  100.,  100.,  100.,  100.,  100.,  100.,  100.,  100.,
         100.,  100.,  100.,  100.,  100.,  100.,  100.,  100.,  100.,  100.,
         100.,  100.,  100.,  100.,  100.,  100.,  100.,  100.,  100.,  100.,
         100.,  100.,  100.,  100.,  100.,  100.,  100.,  100.,  100.,  100.,
         100.,  100.,  100.,  100.,  100.,  100.,  100.,  100.,  100.,  100.,
         100.,  100.,  100.,  100.,  100.,  100.,  100.,  100.,  100.,  100.,
         100.,  100.,  100.,  100.,  100.,  100.,  100.,  100.,  100.,  100.,
         100.,  100.,  100.,  100.,  100.,  100.,  100.,  100.,  100.,  100.,
         100.,  100.,  100.,  100.,  100.,  100.,  100.,  100.,  100.,  100.,
         100.,  100.,  100.,  100.,  100.,  100.,  100.,  100.,  100.,  100.,
         100.,  100.,  100.,  100.,  100.,  100.,  100.,  100.,  100.,  100.,
         100.,  100.,  100.,  100.,  100.,  100.,  100.,  100.,  100.,  100.,
         100.,  100.,  100.,  100.,  100.,  100.,  100.,  100.,  100.,  100.,
         100.,  100.,  100.,  100.,  100.,  100.,  100.,  100.,  100.,  100.,
         100.,  100.,  100.,  100.,  100.,  100.,  100.,  100.],
       grad_fn=<SliceBackward>)
≡ 1607
tensor([-100., -100., -100., -100., -100., -100., -100., -100., -100., -100.,
        -100., -100., -100., -100., -100., -100., -100., -100., -100., -100.,
        -100., -100., -100., -100., -100., -100., -100., -100., -100., -100.,
        -100., -100., -100., -100., -100., -100., -100., -100., -100., -100.,
        -100., -100., -100., -100., -100., -100., -100., -100., -100., -100.,
        -100., -100., -100., -100., -100., -100., -100., -100., -100., -100.,
        -100., -100., -100., -100., -100., -100., -100., -100., -100., -100.,
        -100., -100., -100., -100., -100., -100., -100., -100., -100., -100.,
        -100., -100., -100., -100., -100., -100., -100., -100., -100., -100.,
        -100., -100., -100., -100., -100., -100., -100., -100., -100., -100.,
        -100., -100., -100., -100., -100., -100., -100., -100., -100., -100.,
        -100., -100., -100., -100., -100., -100., -100., -100., -100., -100.,
        -100., -100., -100., -100., -100., -100., -100., -100., -100., -100.,
        -100., -100., -100., -100., -100., -100., -100., -100., -100., -100.,
        -100., -100., -100., -100., -100., -100., -100., -100., -100., -100.,
        -100., -100., -100., -100., -100., -100., -100., -100., -100., -100.,
        -100., -100., -100., -100., -100., -100., -100., -100., -100., -100.,
        -100., -100., -100., -100., -100., -100., -100., -100., -100., -100.,
        -100., -100., -100., -100., -100., -100., -100., -100., -100., -100.,
        -100., -100.,  100.,  100.,  100.,  100.,  100.,  100.,  100.,  100.,
         100.,  100.,  100.,  100.,  100.,  100.,  100.,  100.,  100.,  100.,
         100.,  100.,  100.,  100.,  100.,  100.,  100.,  100.,  100.,  100.,
         100.,  100.,  100.,  100.,  100.,  100.,  100.,  100.,  100.,  100.,
         100.,  100.,  100.,  100.,  100.,  100.,  100.,  100.,  100.,  100.,
         100.,  100.,  100.,  100.,  100.,  100.,  100.,  100.,  100.,  100.,
         100.,  100.,  100.,  100.,  100.,  100.,  100.,  100.,  100.,  100.,
         100.,  100.,  100.,  100.,  100.,  100.,  100.,  100.,  100.,  100.,
         100.,  100.,  100.,  100.,  100.,  100.,  100.,  100.,  100.,  100.,
         100.,  100.,  100.,  100.,  100.,  100.,  100.,  100.,  100.,  100.,
         100.,  100.,  100.,  100.,  100.,  100.,  100.,  100.,  100.,  100.,
         100.,  100.,  100.,  100.,  100.,  100.,  100.,  100.,  100.,  100.,
         100.,  100.,  100.,  100.,  100.,  100.,  100.,  100.,  100.,  100.,
         100.,  100.,  100.,  100.,  100.,  100.,  100.,  100.,  100.,  100.,
         100.,  100.,  100.,  100.,  100.,  100.,  100.,  100.,  100.,  100.,
         100.,  100.,  100.,  100.,  100.,  100.,  100.,  100.,  100.,  100.,
         100.,  100.,  100.,  100.,  100.,  100.,  100.,  100.,  100.,  100.,
         100.,  100.,  100.,  100.,  100.,  100.,  100.,  100.,  100.,  100.,
         100.,  100.,  100.,  100.,  100.,  100.,  100.,  100.,  100.,  100.,
         100.,  100.,  100.,  100., -100., -100., -100., -100., -100., -100.,
        -100., -100., -100., -100., -100., -100., -100., -100., -100., -100.,
        -100., -100., -100., -100., -100., -100., -100., -100., -100., -100.,
        -100., -100., -100., -100., -100., -100., -100., -100., -100., -100.,
        -100., -100., -100., -100., -100., -100., -100., -100., -100., -100.,
        -100., -100., -100., -100., -100., -100., -100., -100., -100., -100.,
        -100., -100., -100., -100., -100., -100., -100., -100., -100., -100.,
        -100., -100., -100., -100., -100., -100., -100., -100., -100., -100.,
        -100., -100., -100., -100., -100., -100., -100., -100., -100., -100.,
        -100., -100., -100., -100., -100., -100., -100., -100., -100., -100.,
        -100., -100., -100., -100., -100., -100., -100., -100., -100., -100.,
        -100., -100., -100., -100., -100., -100., -100., -100., -100., -100.,
        -100., -100., -100., -100., -100., -100., -100., -100., -100., -100.,
        -100., -100., -100., -100., -100., -100., -100., -100., -100., -100.,
        -100., -100., -100., -100., -100., -100., -100., -100., -100., -100.,
        -100., -100., -100., -100., -100., -100., -100., -100., -100., -100.,
        -100., -100., -100., -100., -100., -100., -100., -100., -100., -100.,
        -100., -100., -100., -100., -100., -100., -100., -100., -100., -100.,
        -100., -100., -100., -100., -100., -100., -100., -100., -100., -100.,
        -100., -100., -100., -100., -100., -100.,  100.,  100.,  100.,  100.,
         100.,  100.,  100.,  100.,  100.,  100.,  100.,  100.,  100.,  100.,
         100.,  100.,  100.,  100.,  100.,  100.,  100.,  100.,  100.,  100.,
         100.,  100.,  100.,  100.,  100.,  100.,  100.,  100.,  100.,  100.,
         100.,  100.,  100.,  100.,  100.,  100.,  100.,  100.,  100.,  100.,
         100.,  100.,  100.,  100.,  100.,  100.,  100.,  100.,  100.,  100.,
         100.,  100.,  100.,  100.,  100.,  100.,  100.,  100.,  100.,  100.,
         100.,  100.,  100.,  100.,  100.,  100.,  100.,  100.,  100.,  100.,
         100.,  100.,  100.,  100.,  100.,  100.,  100.,  100.,  100.,  100.,
         100.,  100.,  100.,  100.,  100.,  100.,  100.,  100.,  100.,  100.,
         100.,  100.,  100.,  100.,  100.,  100.,  100.,  100.,  100.,  100.,
         100.,  100.,  100.,  100.,  100.,  100.,  100.,  100.,  100.,  100.,
         100.,  100.,  100.,  100.,  100.,  100.,  100.,  100.,  100.,  100.,
         100.,  100.,  100.,  100.,  100.,  100.,  100.,  100.,  100.,  100.,
         100.,  100.,  100.,  100.,  100.,  100.,  100.,  100.,  100.,  100.,
         100.,  100.,  100.,  100.,  100.,  100.,  100.,  100.,  100.,  100.,
         100.,  100.,  100.,  100.,  100.,  100.,  100.,  100.,  100.,  100.,
         100.,  100.,  100.,  100.,  100.,  100.,  100.,  100.,  100.,  100.,
         100.,  100.,  100.,  100.,  100.,  100.,  100.,  100.,  100.,  100.,
         100.,  100.,  100.,  100.,  100.,  100.,  100.,  100.],
       grad_fn=<SliceBackward>)
∈ 1596
tensor([-100., -100., -100., -100., -100., -100., -100., -100., -100., -100.,
        -100., -100., -100., -100., -100., -100., -100., -100., -100., -100.,
        -100., -100., -100., -100., -100., -100., -100., -100., -100., -100.,
        -100., -100., -100., -100., -100., -100., -100., -100., -100., -100.,
        -100., -100., -100., -100., -100., -100., -100., -100., -100., -100.,
        -100., -100., -100., -100., -100., -100., -100., -100., -100., -100.,
        -100., -100., -100., -100., -100., -100., -100., -100., -100., -100.,
        -100., -100., -100., -100., -100., -100., -100., -100., -100., -100.,
        -100., -100., -100., -100., -100., -100., -100., -100., -100., -100.,
        -100., -100., -100., -100., -100., -100., -100., -100., -100., -100.,
        -100., -100., -100., -100., -100., -100., -100., -100., -100., -100.,
        -100., -100., -100., -100., -100., -100., -100., -100., -100., -100.,
        -100., -100., -100., -100., -100., -100., -100., -100., -100., -100.,
        -100., -100., -100., -100., -100., -100., -100., -100., -100., -100.,
        -100., -100., -100., -100., -100., -100., -100., -100., -100., -100.,
        -100., -100., -100., -100., -100., -100., -100., -100., -100., -100.,
        -100., -100., -100., -100., -100., -100., -100., -100., -100., -100.,
        -100., -100., -100., -100., -100., -100., -100., -100., -100., -100.,
        -100., -100., -100., -100., -100., -100., -100., -100., -100., -100.,
        -100., -100.,  100.,  100.,  100.,  100.,  100.,  100.,  100.,  100.,
         100.,  100.,  100.,  100.,  100.,  100.,  100.,  100.,  100.,  100.,
         100.,  100.,  100.,  100.,  100.,  100.,  100.,  100.,  100.,  100.,
         100.,  100.,  100.,  100.,  100.,  100.,  100.,  100.,  100.,  100.,
         100.,  100.,  100.,  100.,  100.,  100.,  100.,  100.,  100.,  100.,
         100.,  100.,  100.,  100.,  100.,  100.,  100.,  100.,  100.,  100.,
         100.,  100.,  100.,  100.,  100.,  100.,  100.,  100.,  100.,  100.,
         100.,  100.,  100.,  100.,  100.,  100.,  100.,  100.,  100.,  100.,
         100.,  100.,  100.,  100.,  100.,  100.,  100.,  100.,  100.,  100.,
         100.,  100.,  100.,  100.,  100.,  100.,  100.,  100.,  100.,  100.,
         100.,  100.,  100.,  100.,  100.,  100.,  100.,  100.,  100.,  100.,
         100.,  100.,  100.,  100.,  100.,  100.,  100.,  100.,  100.,  100.,
         100.,  100.,  100.,  100.,  100.,  100.,  100.,  100.,  100.,  100.,
         100.,  100.,  100.,  100.,  100.,  100.,  100.,  100.,  100.,  100.,
         100.,  100.,  100.,  100.,  100.,  100.,  100.,  100.,  100.,  100.,
         100.,  100.,  100.,  100.,  100.,  100.,  100.,  100.,  100.,  100.,
         100.,  100.,  100.,  100.,  100.,  100.,  100.,  100.,  100.,  100.,
         100.,  100.,  100.,  100.,  100.,  100.,  100.,  100.,  100.,  100.,
         100.,  100.,  100.,  100.,  100.,  100.,  100.,  100.,  100.,  100.,
         100.,  100.,  100.,  100.,  100.,  100.,  100.,  100.,  100.,  100.,
         100.,  100.,  100.,  100.,  100.,  100.,  100.,  100.,  100.,  100.,
         100.,  100.,  100.,  100.,  100.,  100.,  100.,  100.,  100.,  100.,
         100.,  100.,  100.,  100.,  100.,  100.,  100.,  100.,  100.,  100.,
         100.,  100.,  100.,  100.,  100.,  100.,  100.,  100.,  100.,  100.,
         100.,  100.,  100.,  100.,  100.,  100.,  100.,  100.,  100.,  100.,
         100.,  100.,  100.,  100.,  100.,  100.,  100.,  100.,  100.,  100.,
         100.,  100.,  100.,  100.,  100.,  100.,  100.,  100.,  100.,  100.,
         100.,  100.,  100.,  100.,  100.,  100.,  100.,  100.,  100.,  100.,
         100.,  100.,  100.,  100.,  100.,  100.,  100.,  100.,  100.,  100.,
         100.,  100.,  100.,  100.,  100.,  100.,  100.,  100.,  100.,  100.,
         100.,  100.,  100.,  100.,  100.,  100.,  100.,  100.,  100.,  100.,
         100.,  100.,  100.,  100.,  100.,  100.,  100.,  100.,  100.,  100.,
         100.,  100.,  100.,  100.,  100.,  100.,  100.,  100.,  100.,  100.,
         100.,  100.,  100.,  100.,  100.,  100.,  100.,  100.,  100.,  100.,
         100.,  100.,  100.,  100.,  100.,  100.,  100.,  100.,  100.,  100.,
         100.,  100.,  100.,  100.,  100.,  100.,  100.,  100.,  100.,  100.,
         100.,  100.,  100.,  100.,  100.,  100.,  100.,  100.,  100.,  100.,
         100.,  100.,  100.,  100.,  100.,  100.,  100.,  100.,  100.,  100.,
         100.,  100.,  100.,  100.,  100.,  100., -100., -100., -100., -100.,
        -100., -100., -100., -100., -100., -100., -100., -100., -100., -100.,
        -100., -100., -100., -100., -100., -100., -100., -100., -100., -100.,
        -100., -100., -100., -100., -100., -100., -100., -100., -100., -100.,
        -100., -100., -100., -100., -100., -100., -100., -100., -100., -100.,
        -100., -100., -100., -100., -100., -100., -100., -100., -100., -100.,
        -100., -100., -100., -100., -100., -100., -100., -100., -100., -100.,
        -100., -100., -100., -100., -100., -100., -100., -100., -100., -100.,
        -100., -100., -100., -100., -100., -100., -100., -100., -100., -100.,
        -100., -100., -100., -100., -100., -100., -100., -100., -100., -100.,
        -100., -100., -100., -100., -100., -100., -100., -100., -100., -100.,
        -100., -100., -100., -100., -100., -100., -100., -100., -100., -100.,
        -100., -100., -100., -100., -100., -100., -100., -100., -100., -100.,
        -100., -100., -100., -100., -100., -100., -100., -100., -100., -100.,
        -100., -100., -100., -100., -100., -100., -100., -100., -100., -100.,
        -100., -100., -100., -100., -100., -100., -100., -100., -100., -100.,
        -100., -100., -100., -100., -100., -100., -100., -100., -100., -100.,
        -100., -100., -100., -100., -100., -100., -100., -100., -100., -100.,
        -100., -100., -100., -100., -100., -100., -100., -100., -100., -100.,
        -100., -100., -100., -100., -100., -100., -100., -100.],
       grad_fn=<SliceBackward>)
⊆ 1611
tensor([ 100.,  100.,  100.,  100.,  100.,  100.,  100.,  100.,  100.,  100.,
         100.,  100.,  100.,  100.,  100.,  100.,  100.,  100.,  100.,  100.,
         100.,  100.,  100.,  100.,  100.,  100.,  100.,  100.,  100.,  100.,
         100.,  100.,  100.,  100.,  100.,  100.,  100.,  100.,  100.,  100.,
         100.,  100.,  100.,  100.,  100.,  100.,  100.,  100.,  100.,  100.,
         100.,  100.,  100.,  100.,  100.,  100.,  100.,  100.,  100.,  100.,
         100.,  100.,  100.,  100.,  100.,  100.,  100.,  100.,  100.,  100.,
         100.,  100.,  100.,  100.,  100.,  100.,  100.,  100.,  100.,  100.,
         100.,  100.,  100.,  100.,  100.,  100.,  100.,  100.,  100.,  100.,
         100.,  100.,  100.,  100.,  100.,  100.,  100.,  100.,  100.,  100.,
         100.,  100.,  100.,  100.,  100.,  100.,  100.,  100.,  100.,  100.,
         100.,  100.,  100.,  100.,  100.,  100.,  100.,  100.,  100.,  100.,
         100.,  100.,  100.,  100.,  100.,  100.,  100.,  100.,  100.,  100.,
         100.,  100.,  100.,  100.,  100.,  100.,  100.,  100.,  100.,  100.,
         100.,  100.,  100.,  100.,  100.,  100.,  100.,  100.,  100.,  100.,
         100.,  100.,  100.,  100.,  100.,  100.,  100.,  100.,  100.,  100.,
         100.,  100.,  100.,  100.,  100.,  100.,  100.,  100.,  100.,  100.,
         100.,  100.,  100.,  100.,  100.,  100.,  100.,  100.,  100.,  100.,
         100.,  100.,  100.,  100.,  100.,  100.,  100.,  100.,  100.,  100.,
         100.,  100., -100., -100., -100., -100., -100., -100., -100., -100.,
        -100., -100., -100., -100., -100., -100., -100., -100., -100., -100.,
        -100., -100., -100., -100., -100., -100., -100., -100., -100., -100.,
        -100., -100., -100., -100., -100., -100., -100., -100., -100., -100.,
        -100., -100., -100., -100., -100., -100., -100., -100., -100., -100.,
        -100., -100., -100., -100., -100., -100., -100., -100., -100., -100.,
        -100., -100., -100., -100., -100., -100., -100., -100., -100., -100.,
        -100., -100., -100., -100., -100., -100., -100., -100., -100., -100.,
        -100., -100., -100., -100., -100., -100., -100., -100., -100., -100.,
        -100., -100., -100., -100., -100., -100., -100., -100., -100., -100.,
        -100., -100., -100., -100., -100., -100., -100., -100., -100., -100.,
        -100., -100., -100., -100., -100., -100., -100., -100., -100., -100.,
        -100., -100., -100., -100., -100., -100., -100., -100., -100., -100.,
        -100., -100., -100., -100., -100., -100., -100., -100., -100., -100.,
        -100., -100., -100., -100., -100., -100., -100., -100., -100., -100.,
        -100., -100., -100., -100., -100., -100., -100., -100., -100., -100.,
        -100., -100., -100., -100., -100., -100., -100., -100., -100., -100.,
        -100., -100., -100., -100., -100., -100., -100., -100., -100., -100.,
        -100., -100., -100., -100., -100., -100., -100., -100., -100., -100.,
        -100., -100., -100., -100., -100., -100., -100., -100., -100., -100.,
        -100., -100., -100., -100., -100., -100., -100., -100., -100., -100.,
        -100., -100., -100., -100., -100., -100., -100., -100., -100., -100.,
        -100., -100., -100., -100., -100., -100., -100., -100., -100., -100.,
        -100., -100., -100., -100., -100., -100., -100., -100., -100., -100.,
        -100., -100., -100., -100., -100., -100., -100., -100., -100., -100.,
        -100., -100., -100., -100., -100., -100., -100., -100., -100., -100.,
        -100., -100., -100., -100., -100., -100., -100., -100., -100., -100.,
        -100., -100., -100., -100., -100., -100., -100., -100., -100., -100.,
        -100., -100., -100., -100., -100., -100., -100., -100., -100., -100.,
        -100., -100., -100., -100., -100., -100., -100., -100., -100., -100.,
        -100., -100., -100., -100., -100., -100., -100., -100., -100., -100.,
        -100., -100., -100., -100., -100., -100., -100., -100., -100., -100.,
        -100., -100., -100., -100., -100., -100., -100., -100., -100., -100.,
        -100., -100., -100., -100., -100., -100., -100., -100., -100., -100.,
        -100., -100., -100., -100., -100., -100., -100., -100., -100., -100.,
        -100., -100., -100., -100., -100., -100., -100., -100., -100., -100.,
        -100., -100., -100., -100., -100., -100., -100., -100., -100., -100.,
        -100., -100., -100., -100., -100., -100., -100., -100., -100., -100.,
        -100., -100., -100., -100., -100., -100.,  100.,  100.,  100.,  100.,
         100.,  100.,  100.,  100.,  100.,  100.,  100.,  100.,  100.,  100.,
         100.,  100.,  100.,  100.,  100.,  100.,  100.,  100.,  100.,  100.,
         100.,  100.,  100.,  100.,  100.,  100.,  100.,  100.,  100.,  100.,
         100.,  100.,  100.,  100.,  100.,  100.,  100.,  100.,  100.,  100.,
         100.,  100.,  100.,  100.,  100.,  100.,  100.,  100.,  100.,  100.,
         100.,  100.,  100.,  100.,  100.,  100.,  100.,  100.,  100.,  100.,
         100.,  100.,  100.,  100.,  100.,  100.,  100.,  100.,  100.,  100.,
         100.,  100.,  100.,  100.,  100.,  100.,  100.,  100.,  100.,  100.,
         100.,  100.,  100.,  100.,  100.,  100.,  100.,  100.,  100.,  100.,
         100.,  100.,  100.,  100.,  100.,  100.,  100.,  100.,  100.,  100.,
         100.,  100.,  100.,  100.,  100.,  100.,  100.,  100.,  100.,  100.,
         100.,  100.,  100.,  100.,  100.,  100.,  100.,  100.,  100.,  100.,
         100.,  100.,  100.,  100.,  100.,  100.,  100.,  100.,  100.,  100.,
         100.,  100.,  100.,  100.,  100.,  100.,  100.,  100.,  100.,  100.,
         100.,  100.,  100.,  100.,  100.,  100.,  100.,  100.,  100.,  100.,
         100.,  100.,  100.,  100.,  100.,  100.,  100.,  100.,  100.,  100.,
         100.,  100.,  100.,  100.,  100.,  100.,  100.,  100.,  100.,  100.,
         100.,  100.,  100.,  100.,  100.,  100.,  100.,  100.,  100.,  100.,
         100.,  100.,  100.,  100.,  100.,  100.,  100.,  100.],
       grad_fn=<SliceBackward>)
⊕ 1612
tensor([ 100.,  100.,  100.,  100.,  100.,  100.,  100.,  100.,  100.,  100.,
         100.,  100.,  100.,  100.,  100.,  100.,  100.,  100.,  100.,  100.,
         100.,  100.,  100.,  100.,  100.,  100.,  100.,  100.,  100.,  100.,
         100.,  100.,  100.,  100.,  100.,  100.,  100.,  100.,  100.,  100.,
         100.,  100.,  100.,  100.,  100.,  100.,  100.,  100.,  100.,  100.,
         100.,  100.,  100.,  100.,  100.,  100.,  100.,  100.,  100.,  100.,
         100.,  100.,  100.,  100.,  100.,  100.,  100.,  100.,  100.,  100.,
         100.,  100.,  100.,  100.,  100.,  100.,  100.,  100.,  100.,  100.,
         100.,  100.,  100.,  100.,  100.,  100.,  100.,  100.,  100.,  100.,
         100.,  100.,  100.,  100.,  100.,  100.,  100.,  100.,  100.,  100.,
         100.,  100.,  100.,  100.,  100.,  100.,  100.,  100.,  100.,  100.,
         100.,  100.,  100.,  100.,  100.,  100.,  100.,  100.,  100.,  100.,
         100.,  100.,  100.,  100.,  100.,  100.,  100.,  100.,  100.,  100.,
         100.,  100.,  100.,  100.,  100.,  100.,  100.,  100.,  100.,  100.,
         100.,  100.,  100.,  100.,  100.,  100.,  100.,  100.,  100.,  100.,
         100.,  100.,  100.,  100.,  100.,  100.,  100.,  100.,  100.,  100.,
         100.,  100.,  100.,  100.,  100.,  100.,  100.,  100.,  100.,  100.,
         100.,  100.,  100.,  100.,  100.,  100.,  100.,  100.,  100.,  100.,
         100.,  100.,  100.,  100.,  100.,  100.,  100.,  100.,  100.,  100.,
         100.,  100., -100., -100., -100., -100., -100., -100., -100., -100.,
        -100., -100., -100., -100., -100., -100., -100., -100., -100., -100.,
        -100., -100., -100., -100., -100., -100., -100., -100., -100., -100.,
        -100., -100., -100., -100., -100., -100., -100., -100., -100., -100.,
        -100., -100., -100., -100., -100., -100., -100., -100., -100., -100.,
        -100., -100., -100., -100., -100., -100., -100., -100., -100., -100.,
        -100., -100., -100., -100., -100., -100., -100., -100., -100., -100.,
        -100., -100., -100., -100., -100., -100., -100., -100., -100., -100.,
        -100., -100., -100., -100., -100., -100., -100., -100., -100., -100.,
        -100., -100., -100., -100., -100., -100., -100., -100., -100., -100.,
        -100., -100., -100., -100., -100., -100., -100., -100., -100., -100.,
        -100., -100., -100., -100., -100., -100., -100., -100., -100., -100.,
        -100., -100., -100., -100., -100., -100., -100., -100., -100., -100.,
        -100., -100., -100., -100., -100., -100., -100., -100., -100., -100.,
        -100., -100., -100., -100., -100., -100., -100., -100., -100., -100.,
        -100., -100., -100., -100., -100., -100., -100., -100., -100., -100.,
        -100., -100., -100., -100., -100., -100., -100., -100., -100., -100.,
        -100., -100., -100., -100., -100., -100., -100., -100., -100., -100.,
        -100., -100., -100., -100., -100., -100., -100., -100., -100., -100.,
        -100., -100., -100., -100.,  100.,  100.,  100.,  100.,  100.,  100.,
         100.,  100.,  100.,  100.,  100.,  100.,  100.,  100.,  100.,  100.,
         100.,  100.,  100.,  100.,  100.,  100.,  100.,  100.,  100.,  100.,
         100.,  100.,  100.,  100.,  100.,  100.,  100.,  100.,  100.,  100.,
         100.,  100.,  100.,  100.,  100.,  100.,  100.,  100.,  100.,  100.,
         100.,  100.,  100.,  100.,  100.,  100.,  100.,  100.,  100.,  100.,
         100.,  100.,  100.,  100.,  100.,  100.,  100.,  100.,  100.,  100.,
         100.,  100.,  100.,  100.,  100.,  100.,  100.,  100.,  100.,  100.,
         100.,  100.,  100.,  100.,  100.,  100.,  100.,  100.,  100.,  100.,
         100.,  100.,  100.,  100.,  100.,  100.,  100.,  100.,  100.,  100.,
         100.,  100.,  100.,  100.,  100.,  100.,  100.,  100.,  100.,  100.,
         100.,  100.,  100.,  100.,  100.,  100.,  100.,  100.,  100.,  100.,
         100.,  100.,  100.,  100.,  100.,  100.,  100.,  100.,  100.,  100.,
         100.,  100.,  100.,  100.,  100.,  100.,  100.,  100.,  100.,  100.,
         100.,  100.,  100.,  100.,  100.,  100.,  100.,  100.,  100.,  100.,
         100.,  100.,  100.,  100.,  100.,  100.,  100.,  100.,  100.,  100.,
         100.,  100.,  100.,  100.,  100.,  100.,  100.,  100.,  100.,  100.,
         100.,  100.,  100.,  100.,  100.,  100.,  100.,  100.,  100.,  100.,
         100.,  100.,  100.,  100.,  100.,  100.,  100.,  100.,  100.,  100.,
         100.,  100.,  100.,  100.,  100.,  100., -100., -100., -100., -100.,
        -100., -100., -100., -100., -100., -100., -100., -100., -100., -100.,
        -100., -100., -100., -100., -100., -100., -100., -100., -100., -100.,
        -100., -100., -100., -100., -100., -100., -100., -100., -100., -100.,
        -100., -100., -100., -100., -100., -100., -100., -100., -100., -100.,
        -100., -100., -100., -100., -100., -100., -100., -100., -100., -100.,
        -100., -100., -100., -100., -100., -100., -100., -100., -100., -100.,
        -100., -100., -100., -100., -100., -100., -100., -100., -100., -100.,
        -100., -100., -100., -100., -100., -100., -100., -100., -100., -100.,
        -100., -100., -100., -100., -100., -100., -100., -100., -100., -100.,
        -100., -100., -100., -100., -100., -100., -100., -100., -100., -100.,
        -100., -100., -100., -100., -100., -100., -100., -100., -100., -100.,
        -100., -100., -100., -100., -100., -100., -100., -100., -100., -100.,
        -100., -100., -100., -100., -100., -100., -100., -100., -100., -100.,
        -100., -100., -100., -100., -100., -100., -100., -100., -100., -100.,
        -100., -100., -100., -100., -100., -100., -100., -100., -100., -100.,
        -100., -100., -100., -100., -100., -100., -100., -100., -100., -100.,
        -100., -100., -100., -100., -100., -100., -100., -100., -100., -100.,
        -100., -100., -100., -100., -100., -100., -100., -100., -100., -100.,
        -100., -100., -100., -100., -100., -100., -100., -100.],
       grad_fn=<SliceBackward>)
⊗ 1613
tensor([ 100.,  100.,  100.,  100.,  100.,  100.,  100.,  100.,  100.,  100.,
         100.,  100.,  100.,  100.,  100.,  100.,  100.,  100.,  100.,  100.,
         100.,  100.,  100.,  100.,  100.,  100.,  100.,  100.,  100.,  100.,
         100.,  100.,  100.,  100.,  100.,  100.,  100.,  100.,  100.,  100.,
         100.,  100.,  100.,  100.,  100.,  100.,  100.,  100.,  100.,  100.,
         100.,  100.,  100.,  100.,  100.,  100.,  100.,  100.,  100.,  100.,
         100.,  100.,  100.,  100.,  100.,  100.,  100.,  100.,  100.,  100.,
         100.,  100.,  100.,  100.,  100.,  100.,  100.,  100.,  100.,  100.,
         100.,  100.,  100.,  100.,  100.,  100.,  100.,  100.,  100.,  100.,
         100.,  100.,  100.,  100.,  100.,  100.,  100.,  100.,  100.,  100.,
         100.,  100.,  100.,  100.,  100.,  100.,  100.,  100.,  100.,  100.,
         100.,  100.,  100.,  100.,  100.,  100.,  100.,  100.,  100.,  100.,
         100.,  100.,  100.,  100.,  100.,  100.,  100.,  100.,  100.,  100.,
         100.,  100.,  100.,  100.,  100.,  100.,  100.,  100.,  100.,  100.,
         100.,  100.,  100.,  100.,  100.,  100.,  100.,  100.,  100.,  100.,
         100.,  100.,  100.,  100.,  100.,  100.,  100.,  100.,  100.,  100.,
         100.,  100.,  100.,  100.,  100.,  100.,  100.,  100.,  100.,  100.,
         100.,  100.,  100.,  100.,  100.,  100.,  100.,  100.,  100.,  100.,
         100.,  100.,  100.,  100.,  100.,  100.,  100.,  100.,  100.,  100.,
         100.,  100.,  100.,  100.,  100.,  100.,  100.,  100.,  100.,  100.,
         100.,  100.,  100.,  100.,  100.,  100.,  100.,  100.,  100.,  100.,
         100.,  100.,  100.,  100.,  100.,  100.,  100.,  100.,  100.,  100.,
         100.,  100.,  100.,  100.,  100.,  100.,  100.,  100.,  100.,  100.,
         100.,  100.,  100.,  100.,  100.,  100.,  100.,  100.,  100.,  100.,
         100.,  100.,  100.,  100.,  100.,  100.,  100.,  100.,  100.,  100.,
         100.,  100.,  100.,  100.,  100.,  100.,  100.,  100.,  100.,  100.,
         100.,  100.,  100.,  100.,  100.,  100.,  100.,  100.,  100.,  100.,
         100.,  100.,  100.,  100.,  100.,  100.,  100.,  100.,  100.,  100.,
         100.,  100.,  100.,  100.,  100.,  100.,  100.,  100.,  100.,  100.,
         100.,  100.,  100.,  100.,  100.,  100.,  100.,  100.,  100.,  100.,
         100.,  100.,  100.,  100.,  100.,  100.,  100.,  100.,  100.,  100.,
         100.,  100.,  100.,  100.,  100.,  100.,  100.,  100.,  100.,  100.,
         100.,  100.,  100.,  100.,  100.,  100.,  100.,  100.,  100.,  100.,
         100.,  100.,  100.,  100.,  100.,  100.,  100.,  100.,  100.,  100.,
         100.,  100.,  100.,  100.,  100.,  100.,  100.,  100.,  100.,  100.,
         100.,  100.,  100.,  100.,  100.,  100.,  100.,  100.,  100.,  100.,
         100.,  100.,  100.,  100.,  100.,  100.,  100.,  100.,  100.,  100.,
         100.,  100.,  100.,  100.,  100.,  100.,  100.,  100.,  100.,  100.,
         100.,  100.,  100.,  100., -100., -100., -100., -100., -100., -100.,
        -100., -100., -100., -100., -100., -100., -100., -100., -100., -100.,
        -100., -100., -100., -100., -100., -100., -100., -100., -100., -100.,
        -100., -100., -100., -100., -100., -100., -100., -100., -100., -100.,
        -100., -100., -100., -100., -100., -100., -100., -100., -100., -100.,
        -100., -100., -100., -100., -100., -100., -100., -100., -100., -100.,
        -100., -100., -100., -100., -100., -100., -100., -100., -100., -100.,
        -100., -100., -100., -100., -100., -100., -100., -100., -100., -100.,
        -100., -100., -100., -100., -100., -100., -100., -100., -100., -100.,
        -100., -100., -100., -100., -100., -100., -100., -100., -100., -100.,
        -100., -100., -100., -100., -100., -100., -100., -100., -100., -100.,
        -100., -100., -100., -100., -100., -100., -100., -100., -100., -100.,
        -100., -100., -100., -100., -100., -100., -100., -100., -100., -100.,
        -100., -100., -100., -100., -100., -100., -100., -100., -100., -100.,
        -100., -100., -100., -100., -100., -100., -100., -100., -100., -100.,
        -100., -100., -100., -100., -100., -100., -100., -100., -100., -100.,
        -100., -100., -100., -100., -100., -100., -100., -100., -100., -100.,
        -100., -100., -100., -100., -100., -100., -100., -100., -100., -100.,
        -100., -100., -100., -100., -100., -100., -100., -100., -100., -100.,
        -100., -100., -100., -100., -100., -100., -100., -100., -100., -100.,
        -100., -100., -100., -100., -100., -100., -100., -100., -100., -100.,
        -100., -100., -100., -100., -100., -100., -100., -100., -100., -100.,
        -100., -100., -100., -100., -100., -100., -100., -100., -100., -100.,
        -100., -100., -100., -100., -100., -100., -100., -100., -100., -100.,
        -100., -100., -100., -100., -100., -100., -100., -100., -100., -100.,
        -100., -100., -100., -100., -100., -100., -100., -100., -100., -100.,
        -100., -100., -100., -100., -100., -100., -100., -100., -100., -100.,
        -100., -100., -100., -100., -100., -100., -100., -100., -100., -100.,
        -100., -100., -100., -100., -100., -100., -100., -100., -100., -100.,
        -100., -100., -100., -100., -100., -100., -100., -100., -100., -100.,
        -100., -100., -100., -100., -100., -100., -100., -100., -100., -100.,
        -100., -100., -100., -100., -100., -100., -100., -100., -100., -100.,
        -100., -100., -100., -100., -100., -100., -100., -100., -100., -100.,
        -100., -100., -100., -100., -100., -100., -100., -100., -100., -100.,
        -100., -100., -100., -100., -100., -100., -100., -100., -100., -100.,
        -100., -100., -100., -100., -100., -100., -100., -100., -100., -100.,
        -100., -100., -100., -100., -100., -100., -100., -100., -100., -100.,
        -100., -100., -100., -100., -100., -100., -100., -100., -100., -100.,
        -100., -100., -100., -100., -100., -100., -100., -100.],
       grad_fn=<SliceBackward>)
